#
# There is insufficient memory for the Java Runtime Environment to continue.
# Native memory allocation (malloc) failed to allocate 2129792 bytes. Error detail: Chunk::new
# Possible reasons:
#   The system is out of physical RAM or swap space
#   This process is running with CompressedOops enabled, and the Java Heap may be blocking the growth of the native heap
# Possible solutions:
#   Reduce memory load on the system
#   Increase physical memory or swap space
#   Check if swap backing store is full
#   Decrease Java heap size (-Xmx/-Xms)
#   Decrease number of Java threads
#   Decrease Java thread stack sizes (-Xss)
#   Set larger code cache with -XX:ReservedCodeCacheSize=
#   JVM is running with Unscaled Compressed Oops mode in which the Java heap is
#     placed in the first 4GB address space. The Java Heap base address is the
#     maximum limit for the native heap growth. Please use -XX:HeapBaseMinAddress
#     to set the Java Heap base and to place the Java Heap above 4GB virtual address.
# This output file may be truncated or incomplete.
#
#  Out of Memory Error (arena.cpp:168), pid=34624, tid=6328
#
# JRE version: OpenJDK Runtime Environment (21.0.9) (build 21.0.9+-14787801-b1163.94)
# Java VM: OpenJDK 64-Bit Server VM (21.0.9+-14787801-b1163.94, mixed mode, tiered, compressed oops, compressed class ptrs, g1 gc, windows-amd64)
# No core dump will be written. Minidumps are not enabled by default on client versions of Windows
#

---------------  S U M M A R Y ------------

Command Line: --add-opens=java.base/java.lang=ALL-UNNAMED --add-opens=java.base/java.lang.invoke=ALL-UNNAMED --add-opens=java.base/java.util=ALL-UNNAMED --add-opens=java.prefs/java.util.prefs=ALL-UNNAMED --add-exports=jdk.compiler/com.sun.tools.javac.api=ALL-UNNAMED --add-exports=jdk.compiler/com.sun.tools.javac.util=ALL-UNNAMED --add-opens=java.base/java.util=ALL-UNNAMED --add-opens=java.prefs/java.util.prefs=ALL-UNNAMED --add-opens=java.base/java.nio.charset=ALL-UNNAMED --add-opens=java.base/java.net=ALL-UNNAMED --add-opens=java.base/java.util.concurrent=ALL-UNNAMED --add-opens=java.base/java.util.concurrent.atomic=ALL-UNNAMED --add-opens=java.xml/javax.xml.namespace=ALL-UNNAMED --add-opens=java.base/java.time=ALL-UNNAMED -Xmx2048m -Dfile.encoding=UTF-8 -Duser.country=GB -Duser.language=en -Duser.variant -javaagent:C:\Users\dasun\.gradle\wrapper\dists\gradle-9.3.1-bin\23ovyewtku6u96viwx3xl3oks\gradle-9.3.1\lib\agents\gradle-instrumentation-agent-9.3.1.jar org.gradle.launcher.daemon.bootstrap.GradleDaemon 9.3.1

Host: AMD Ryzen 7 5700U with Radeon Graphics         , 16 cores, 7G,  Windows 11 , 64 bit Build 26100 (10.0.26100.8328)
Time: Wed May 13 00:13:35 2026 Sri Lanka Standard Time elapsed time: 10.868943 seconds (0d 0h 0m 10s)

---------------  T H R E A D  ---------------

Current thread (0x000002d47fba7530):  JavaThread "C2 CompilerThread0" daemon [_thread_in_native, id=6328, stack(0x000000f8b6800000,0x000000f8b6900000) (1024K)]


Current CompileTask:
C2:10869 6356       4       java.lang.invoke.InvokerBytecodeGenerator::addMethod (725 bytes)

Stack: [0x000000f8b6800000,0x000000f8b6900000]
Native frames: (J=compiled Java code, j=interpreted, Vv=VM code, C=native code)
V  [jvm.dll+0x6d6c99]
V  [jvm.dll+0x866b83]
V  [jvm.dll+0x8691ae]
V  [jvm.dll+0x869893]
V  [jvm.dll+0x280776]
V  [jvm.dll+0xc07cd]
V  [jvm.dll+0xc0d03]
V  [jvm.dll+0x3b986b]
V  [jvm.dll+0x3856a7]
V  [jvm.dll+0x384b1a]
V  [jvm.dll+0x249462]
V  [jvm.dll+0x248a31]
V  [jvm.dll+0x1c7344]
V  [jvm.dll+0x2581ae]
V  [jvm.dll+0x2566f6]
V  [jvm.dll+0x3f48a6]
V  [jvm.dll+0x80f118]
V  [jvm.dll+0x6d54ed]
C  [ucrtbase.dll+0x37b0]
C  [KERNEL32.DLL+0x2e957]
C  [ntdll.dll+0x427c]


---------------  P R O C E S S  ---------------

Threads class SMR info:
_java_thread_list=0x000002d4183e9600, length=72, elements={
0x000002d4762d7ff0, 0x000002d47fb80df0, 0x000002d47fb9a860, 0x000002d47fb9b6d0,
0x000002d47fbb8f10, 0x000002d47fbb9970, 0x000002d47fbba3d0, 0x000002d47fba67a0,
0x000002d47fba7530, 0x000002d47fba7fd0, 0x000002d47fd61800, 0x000002d47fe9b170,
0x000002d47fe98a10, 0x000002d47fe990a0, 0x000002d47fe99dc0, 0x000002d47fe9b800,
0x000002d47fe9aae0, 0x000002d47fe9be90, 0x000002d417323260, 0x000002d417323f80,
0x000002d417320b00, 0x000002d4173238f0, 0x000002d417322bd0, 0x000002d417322540,
0x000002d417321eb0, 0x000002d41789f2c0, 0x000002d417321820, 0x000002d417328120,
0x000002d417325330, 0x000002d417326050, 0x000002d4173259c0, 0x000002d4173266e0,
0x000002d417326d70, 0x000002d417327400, 0x000002d417327a90, 0x000002d41a9ee5b0,
0x000002d41a9ef2d0, 0x000002d41a9f0680, 0x000002d41a9efff0, 0x000002d41a9f20c0,
0x000002d41a9f0d10, 0x000002d41a9eec40, 0x000002d41a9f1a30, 0x000002d41a9f2750,
0x000002d41a9f4190, 0x000002d41a9f2de0, 0x000002d41a9f3470, 0x000002d41a9f3b00,
0x000002d41a9f4820, 0x000002d41a9f13a0, 0x000002d41a9f5540, 0x000002d41a9f5bd0,
0x000002d41a9f4eb0, 0x000002d4166f1970, 0x000002d4166f40d0, 0x000002d4166f2690,
0x000002d4166f33b0, 0x000002d4166f4760, 0x000002d4166f2000, 0x000002d4166f4df0,
0x000002d4166f5480, 0x000002d4166f3a40, 0x000002d4166f5b10, 0x000002d4166f2d20,
0x000002d4166f8270, 0x000002d4166f7550, 0x000002d4166f6ec0, 0x000002d4166f8900,
0x000002d4166f61a0, 0x000002d4166f8f90, 0x000002d4166f6830, 0x000002d4166f7be0
}

Java Threads: ( => current thread )
  0x000002d4762d7ff0 JavaThread "main"                              [_thread_blocked, id=37588, stack(0x000000f8b5900000,0x000000f8b5a00000) (1024K)]
  0x000002d47fb80df0 JavaThread "Common-Cleaner"             daemon [_thread_blocked, id=35180, stack(0x000000f8b6100000,0x000000f8b6200000) (1024K)]
  0x000002d47fb9a860 JavaThread "Reference Handler"          daemon [_thread_blocked, id=36968, stack(0x000000f8b6200000,0x000000f8b6300000) (1024K)]
  0x000002d47fb9b6d0 JavaThread "Finalizer"                  daemon [_thread_blocked, id=36688, stack(0x000000f8b6300000,0x000000f8b6400000) (1024K)]
  0x000002d47fbb8f10 JavaThread "Signal Dispatcher"          daemon [_thread_blocked, id=27728, stack(0x000000f8b6400000,0x000000f8b6500000) (1024K)]
  0x000002d47fbb9970 JavaThread "Attach Listener"            daemon [_thread_blocked, id=35152, stack(0x000000f8b6500000,0x000000f8b6600000) (1024K)]
  0x000002d47fbba3d0 JavaThread "Service Thread"             daemon [_thread_blocked, id=13060, stack(0x000000f8b6600000,0x000000f8b6700000) (1024K)]
  0x000002d47fba67a0 JavaThread "Monitor Deflation Thread"   daemon [_thread_blocked, id=26004, stack(0x000000f8b6700000,0x000000f8b6800000) (1024K)]
=>0x000002d47fba7530 JavaThread "C2 CompilerThread0"         daemon [_thread_in_native, id=6328, stack(0x000000f8b6800000,0x000000f8b6900000) (1024K)]
  0x000002d47fba7fd0 JavaThread "C1 CompilerThread0"         daemon [_thread_blocked, id=37004, stack(0x000000f8b6900000,0x000000f8b6a00000) (1024K)]
  0x000002d47fd61800 JavaThread "C1 CompilerThread1"         daemon [_thread_blocked, id=34904, stack(0x000000f8b6a00000,0x000000f8b6b00000) (1024K)]
  0x000002d47fe9b170 JavaThread "Notification Thread"        daemon [_thread_blocked, id=32988, stack(0x000000f8b6d00000,0x000000f8b6e00000) (1024K)]
  0x000002d47fe98a10 JavaThread "Daemon health stats"               [_thread_blocked, id=15252, stack(0x000000f8b7400000,0x000000f8b7500000) (1024K)]
  0x000002d47fe990a0 JavaThread "Incoming local TCP Connector on port 57409"        [_thread_in_native, id=30248, stack(0x000000f8b7500000,0x000000f8b7600000) (1024K)]
  0x000002d47fe99dc0 JavaThread "Daemon periodic checks"            [_thread_blocked, id=32628, stack(0x000000f8b7600000,0x000000f8b7700000) (1024K)]
  0x000002d47fe9b800 JavaThread "Daemon"                            [_thread_blocked, id=32692, stack(0x000000f8b7700000,0x000000f8b7800000) (1024K)]
  0x000002d47fe9aae0 JavaThread "Handler for socket connection from /127.0.0.1:57409 to /127.0.0.1:57410"        [_thread_in_native, id=33176, stack(0x000000f8b7800000,0x000000f8b7900000) (1024K)]
  0x000002d47fe9be90 JavaThread "Cancel handler"                    [_thread_blocked, id=34284, stack(0x000000f8b7900000,0x000000f8b7a00000) (1024K)]
  0x000002d417323260 JavaThread "Daemon worker"                     [_thread_in_vm, id=35356, stack(0x000000f8b8300000,0x000000f8b8400000) (1024K)]
  0x000002d417323f80 JavaThread "Asynchronous log dispatcher for DefaultDaemonConnection: socket connection from /127.0.0.1:57409 to /127.0.0.1:57410"        [_thread_blocked, id=37780, stack(0x000000f8b8400000,0x000000f8b8500000) (1024K)]
  0x000002d417320b00 JavaThread "Stdin handler"                     [_thread_blocked, id=37828, stack(0x000000f8b8500000,0x000000f8b8600000) (1024K)]
  0x000002d4173238f0 JavaThread "Daemon client event forwarder"        [_thread_blocked, id=37784, stack(0x000000f8b8600000,0x000000f8b8700000) (1024K)]
  0x000002d417322bd0 JavaThread "Cache worker for journal cache (C:\Users\dasun\.gradle\caches\journal-1)"        [_thread_blocked, id=37340, stack(0x000000f8b6e00000,0x000000f8b6f00000) (1024K)]
  0x000002d417322540 JavaThread "File lock request listener"        [_thread_in_native, id=10616, stack(0x000000f8b8700000,0x000000f8b8800000) (1024K)]
  0x000002d417321eb0 JavaThread "Cache worker for file hash cache (C:\Users\dasun\.gradle\caches\9.3.1\fileHashes)"        [_thread_blocked, id=37808, stack(0x000000f8b8800000,0x000000f8b8900000) (1024K)]
  0x000002d41789f2c0 JavaThread "C2 CompilerThread1"         daemon [_thread_in_native, id=27148, stack(0x000000f8b8900000,0x000000f8b8a00000) (1024K)]
  0x000002d417321820 JavaThread "Cache worker for file hash cache (D:\EcoCycleConnect\.gradle\9.3.1\fileHashes)"        [_thread_blocked, id=37852, stack(0x000000f8b8a00000,0x000000f8b8b00000) (1024K)]
  0x000002d417328120 JavaThread "Cache worker for Build Output Cleanup Cache (D:\EcoCycleConnect\.gradle\buildOutputCleanup)"        [_thread_blocked, id=36108, stack(0x000000f8b8b00000,0x000000f8b8c00000) (1024K)]
  0x000002d417325330 JavaThread "File watcher server"        daemon [_thread_in_native, id=13428, stack(0x000000f8b8c00000,0x000000f8b8d00000) (1024K)]
  0x000002d417326050 JavaThread "File watcher consumer"      daemon [_thread_blocked, id=37876, stack(0x000000f8b8d00000,0x000000f8b8e00000) (1024K)]
  0x000002d4173259c0 JavaThread "Cache worker for checksums cache (D:\EcoCycleConnect\.gradle\9.3.1\checksums)"        [_thread_blocked, id=10600, stack(0x000000f8b8e00000,0x000000f8b8f00000) (1024K)]
  0x000002d4173266e0 JavaThread "Cache worker for file content cache (C:\Users\dasun\.gradle\caches\9.3.1\fileContent)"        [_thread_blocked, id=36220, stack(0x000000f8b8f00000,0x000000f8b9000000) (1024K)]
  0x000002d417326d70 JavaThread "Cache worker for cache directory md-supplier (C:\Users\dasun\.gradle\caches\9.3.1\md-supplier)"        [_thread_blocked, id=37060, stack(0x000000f8b9000000,0x000000f8b9100000) (1024K)]
  0x000002d417327400 JavaThread "Cache worker for cache directory md-rule (C:\Users\dasun\.gradle\caches\9.3.1\md-rule)"        [_thread_blocked, id=37860, stack(0x000000f8b9100000,0x000000f8b9200000) (1024K)]
  0x000002d417327a90 JavaThread "jar transforms"                    [_thread_blocked, id=34992, stack(0x000000f8b9200000,0x000000f8b9300000) (1024K)]
  0x000002d41a9ee5b0 JavaThread "jar transforms Thread 2"           [_thread_blocked, id=37344, stack(0x000000f8b9300000,0x000000f8b9400000) (1024K)]
  0x000002d41a9ef2d0 JavaThread "jar transforms Thread 3"           [_thread_blocked, id=36204, stack(0x000000f8b9500000,0x000000f8b9600000) (1024K)]
  0x000002d41a9f0680 JavaThread "Unconstrained build operations"        [_thread_blocked, id=15348, stack(0x000000f8b9600000,0x000000f8b9700000) (1024K)]
  0x000002d41a9efff0 JavaThread "Unconstrained build operations Thread 2"        [_thread_blocked, id=18348, stack(0x000000f8b9700000,0x000000f8b9800000) (1024K)]
  0x000002d41a9f20c0 JavaThread "Unconstrained build operations Thread 3"        [_thread_blocked, id=23232, stack(0x000000f8b9800000,0x000000f8b9900000) (1024K)]
  0x000002d41a9f0d10 JavaThread "Unconstrained build operations Thread 4"        [_thread_blocked, id=29924, stack(0x000000f8b9900000,0x000000f8b9a00000) (1024K)]
  0x000002d41a9eec40 JavaThread "Unconstrained build operations Thread 5"        [_thread_blocked, id=35260, stack(0x000000f8b9a00000,0x000000f8b9b00000) (1024K)]
  0x000002d41a9f1a30 JavaThread "Unconstrained build operations Thread 6"        [_thread_blocked, id=35720, stack(0x000000f8b9b00000,0x000000f8b9c00000) (1024K)]
  0x000002d41a9f2750 JavaThread "Unconstrained build operations Thread 7"        [_thread_blocked, id=5868, stack(0x000000f8b9c00000,0x000000f8b9d00000) (1024K)]
  0x000002d41a9f4190 JavaThread "Unconstrained build operations Thread 8"        [_thread_blocked, id=27004, stack(0x000000f8b9d00000,0x000000f8b9e00000) (1024K)]
  0x000002d41a9f2de0 JavaThread "Unconstrained build operations Thread 9"        [_thread_blocked, id=31252, stack(0x000000f8b9e00000,0x000000f8b9f00000) (1024K)]
  0x000002d41a9f3470 JavaThread "Unconstrained build operations Thread 10"        [_thread_blocked, id=33204, stack(0x000000f8b9f00000,0x000000f8ba000000) (1024K)]
  0x000002d41a9f3b00 JavaThread "Unconstrained build operations Thread 11"        [_thread_blocked, id=35940, stack(0x000000f8ba000000,0x000000f8ba100000) (1024K)]
  0x000002d41a9f4820 JavaThread "Unconstrained build operations Thread 12"        [_thread_blocked, id=10040, stack(0x000000f8ba100000,0x000000f8ba200000) (1024K)]
  0x000002d41a9f13a0 JavaThread "Unconstrained build operations Thread 13"        [_thread_blocked, id=28468, stack(0x000000f8ba200000,0x000000f8ba300000) (1024K)]
  0x000002d41a9f5540 JavaThread "Unconstrained build operations Thread 14"        [_thread_blocked, id=27172, stack(0x000000f8ba300000,0x000000f8ba400000) (1024K)]
  0x000002d41a9f5bd0 JavaThread "Unconstrained build operations Thread 15"        [_thread_blocked, id=32132, stack(0x000000f8ba400000,0x000000f8ba500000) (1024K)]
  0x000002d41a9f4eb0 JavaThread "Unconstrained build operations Thread 16"        [_thread_blocked, id=12860, stack(0x000000f8ba500000,0x000000f8ba600000) (1024K)]
  0x000002d4166f1970 JavaThread "Unconstrained build operations Thread 17"        [_thread_blocked, id=20240, stack(0x000000f8ba600000,0x000000f8ba700000) (1024K)]
  0x000002d4166f40d0 JavaThread "Unconstrained build operations Thread 18"        [_thread_blocked, id=35952, stack(0x000000f8ba700000,0x000000f8ba800000) (1024K)]
  0x000002d4166f2690 JavaThread "Unconstrained build operations Thread 19"        [_thread_blocked, id=36016, stack(0x000000f8ba800000,0x000000f8ba900000) (1024K)]
  0x000002d4166f33b0 JavaThread "Unconstrained build operations Thread 20"        [_thread_blocked, id=36912, stack(0x000000f8ba900000,0x000000f8baa00000) (1024K)]
  0x000002d4166f4760 JavaThread "jar transforms Thread 4"           [_thread_blocked, id=37248, stack(0x000000f8baa00000,0x000000f8bab00000) (1024K)]
  0x000002d4166f2000 JavaThread "jar transforms Thread 5"           [_thread_blocked, id=34608, stack(0x000000f8bab00000,0x000000f8bac00000) (1024K)]
  0x000002d4166f4df0 JavaThread "Unconstrained build operations Thread 21"        [_thread_blocked, id=25476, stack(0x000000f8bac00000,0x000000f8bad00000) (1024K)]
  0x000002d4166f5480 JavaThread "Unconstrained build operations Thread 22"        [_thread_blocked, id=35476, stack(0x000000f8bad00000,0x000000f8bae00000) (1024K)]
  0x000002d4166f3a40 JavaThread "Unconstrained build operations Thread 23"        [_thread_blocked, id=36780, stack(0x000000f8bae00000,0x000000f8baf00000) (1024K)]
  0x000002d4166f5b10 JavaThread "Unconstrained build operations Thread 24"        [_thread_blocked, id=4552, stack(0x000000f8baf00000,0x000000f8bb000000) (1024K)]
  0x000002d4166f2d20 JavaThread "Unconstrained build operations Thread 25"        [_thread_blocked, id=34344, stack(0x000000f8bb000000,0x000000f8bb100000) (1024K)]
  0x000002d4166f8270 JavaThread "Unconstrained build operations Thread 26"        [_thread_blocked, id=35472, stack(0x000000f8bb100000,0x000000f8bb200000) (1024K)]
  0x000002d4166f7550 JavaThread "Unconstrained build operations Thread 27"        [_thread_blocked, id=30500, stack(0x000000f8bb200000,0x000000f8bb300000) (1024K)]
  0x000002d4166f6ec0 JavaThread "Unconstrained build operations Thread 28"        [_thread_blocked, id=5208, stack(0x000000f8bb300000,0x000000f8bb400000) (1024K)]
  0x000002d4166f8900 JavaThread "Unconstrained build operations Thread 29"        [_thread_blocked, id=25908, stack(0x000000f8bb400000,0x000000f8bb500000) (1024K)]
  0x000002d4166f61a0 JavaThread "Unconstrained build operations Thread 30"        [_thread_blocked, id=36288, stack(0x000000f8bb500000,0x000000f8bb600000) (1024K)]
  0x000002d4166f8f90 JavaThread "jar transforms Thread 6"           [_thread_blocked, id=33848, stack(0x000000f8bb600000,0x000000f8bb700000) (1024K)]
  0x000002d4166f6830 JavaThread "jar transforms Thread 7"           [_thread_blocked, id=34040, stack(0x000000f8bb700000,0x000000f8bb800000) (1024K)]
  0x000002d4166f7be0 JavaThread "jar transforms Thread 8"           [_thread_blocked, id=36044, stack(0x000000f8bb800000,0x000000f8bb900000) (1024K)]
Total: 72

Other Threads:
  0x000002d47fb05420 VMThread "VM Thread"                           [id=34148, stack(0x000000f8b6000000,0x000000f8b6100000) (1024K)]
  0x000002d47f91d080 WatcherThread "VM Periodic Task Thread"        [id=18344, stack(0x000000f8b5f00000,0x000000f8b6000000) (1024K)]
  0x000002d478756000 WorkerThread "GC Thread#0"                     [id=36360, stack(0x000000f8b5a00000,0x000000f8b5b00000) (1024K)]
  0x000002d41548df50 WorkerThread "GC Thread#1"                     [id=36896, stack(0x000000f8b6f00000,0x000000f8b7000000) (1024K)]
  0x000002d41521ac20 WorkerThread "GC Thread#2"                     [id=36856, stack(0x000000f8b7000000,0x000000f8b7100000) (1024K)]
  0x000002d415efc410 WorkerThread "GC Thread#3"                     [id=37700, stack(0x000000f8b7100000,0x000000f8b7200000) (1024K)]
  0x000002d415ddc460 WorkerThread "GC Thread#4"                     [id=36280, stack(0x000000f8b7200000,0x000000f8b7300000) (1024K)]
  0x000002d416f55040 WorkerThread "GC Thread#5"                     [id=34860, stack(0x000000f8b7300000,0x000000f8b7400000) (1024K)]
  0x000002d417441c10 WorkerThread "GC Thread#6"                     [id=11344, stack(0x000000f8b7a00000,0x000000f8b7b00000) (1024K)]
  0x000002d417422ab0 WorkerThread "GC Thread#7"                     [id=36628, stack(0x000000f8b7b00000,0x000000f8b7c00000) (1024K)]
  0x000002d417449870 WorkerThread "GC Thread#8"                     [id=35868, stack(0x000000f8b7c00000,0x000000f8b7d00000) (1024K)]
  0x000002d41744a6f0 WorkerThread "GC Thread#9"                     [id=35188, stack(0x000000f8b7d00000,0x000000f8b7e00000) (1024K)]
  0x000002d41744aa90 WorkerThread "GC Thread#10"                    [id=27512, stack(0x000000f8b7e00000,0x000000f8b7f00000) (1024K)]
  0x000002d417449130 WorkerThread "GC Thread#11"                    [id=1304, stack(0x000000f8b7f00000,0x000000f8b8000000) (1024K)]
  0x000002d4174494d0 WorkerThread "GC Thread#12"                    [id=3380, stack(0x000000f8b8000000,0x000000f8b8100000) (1024K)]
  0x000002d478767f00 ConcurrentGCThread "G1 Main Marker"            [id=36900, stack(0x000000f8b5b00000,0x000000f8b5c00000) (1024K)]
  0x000002d478769750 WorkerThread "G1 Conc#0"                       [id=35992, stack(0x000000f8b5c00000,0x000000f8b5d00000) (1024K)]
  0x000002d417449c10 WorkerThread "G1 Conc#1"                       [id=18832, stack(0x000000f8b8100000,0x000000f8b8200000) (1024K)]
  0x000002d417449fb0 WorkerThread "G1 Conc#2"                       [id=35600, stack(0x000000f8b8200000,0x000000f8b8300000) (1024K)]
  0x000002d4787be920 ConcurrentGCThread "G1 Refine#0"               [id=12724, stack(0x000000f8b5d00000,0x000000f8b5e00000) (1024K)]
  0x000002d47f7ef9b0 ConcurrentGCThread "G1 Service"                [id=36652, stack(0x000000f8b5e00000,0x000000f8b5f00000) (1024K)]
Total: 21

Threads with active compile tasks:
C2 CompilerThread0  10935 6356       4       java.lang.invoke.InvokerBytecodeGenerator::addMethod (725 bytes)
C2 CompilerThread1  10935 6391       4       java.util.concurrent.ConcurrentHashMap::addCount (280 bytes)
Total: 2

VM state: not at safepoint (normal execution)

VM Mutex/Monitor currently owned by a thread: None

Heap address: 0x0000000080000000, size: 2048 MB, Compressed Oops mode: 32-bit

CDS archive(s) not mapped
Compressed class space mapped at: 0x0000000100000000-0x0000000140000000, reserved size: 1073741824
Narrow klass base: 0x0000000000000000, Narrow klass shift: 3, Narrow klass range: 0x140000000

GC Precious Log:
 CardTable entry size: 512
 Card Set container configuration: InlinePtr #cards 5 size 8 Array Of Cards #cards 12 size 40 Howl #buckets 4 coarsen threshold 1843 Howl Bitmap #cards 512 size 80 coarsen threshold 460 Card regions per heap region 1 cards per card region 2048
 CPUs: 16 total, 16 available
 Memory: 7514M
 Large Page Support: Disabled
 NUMA Support: Disabled
 Compressed Oops: Enabled (32-bit)
 Heap Region Size: 1M
 Heap Min Capacity: 8M
 Heap Initial Capacity: 118M
 Heap Max Capacity: 2G
 Pre-touch: Disabled
 Parallel Workers: 13
 Concurrent Workers: 3
 Concurrent Refinement Workers: 13
 Periodic GC: Disabled

Heap:
 garbage-first heap   total 101376K, used 83688K [0x0000000080000000, 0x0000000100000000)
  region size 1024K, 47 young (48128K), 7 survivors (7168K)
 Metaspace       used 58544K, committed 60224K, reserved 1114112K
  class space    used 8287K, committed 9088K, reserved 1048576K

Heap Regions: E=young(eden), S=young(survivor), O=old, HS=humongous(starts), HC=humongous(continues), CS=collection set, F=free, TAMS=top-at-mark-start, PB=parsable bottom
|   0|0x0000000080000000, 0x0000000080100000, 0x0000000080100000|100%|HS|  |TAMS 0x0000000080000000| PB 0x0000000080000000| Complete 
|   1|0x0000000080100000, 0x0000000080200000, 0x0000000080200000|100%|HC|  |TAMS 0x0000000080100000| PB 0x0000000080100000| Complete 
|   2|0x0000000080200000, 0x0000000080300000, 0x0000000080300000|100%|HC|  |TAMS 0x0000000080200000| PB 0x0000000080200000| Complete 
|   3|0x0000000080300000, 0x0000000080400000, 0x0000000080400000|100%|HC|  |TAMS 0x0000000080300000| PB 0x0000000080300000| Complete 
|   4|0x0000000080400000, 0x0000000080500000, 0x0000000080500000|100%| O|  |TAMS 0x0000000080400000| PB 0x0000000080400000| Untracked 
|   5|0x0000000080500000, 0x0000000080600000, 0x0000000080600000|100%| O|  |TAMS 0x0000000080500000| PB 0x0000000080500000| Untracked 
|   6|0x0000000080600000, 0x0000000080700000, 0x0000000080700000|100%| O|  |TAMS 0x0000000080600000| PB 0x0000000080600000| Untracked 
|   7|0x0000000080700000, 0x0000000080800000, 0x0000000080800000|100%|HS|  |TAMS 0x0000000080700000| PB 0x0000000080700000| Complete 
|   8|0x0000000080800000, 0x0000000080900000, 0x0000000080900000|100%| O|  |TAMS 0x0000000080800000| PB 0x0000000080800000| Untracked 
|   9|0x0000000080900000, 0x0000000080a00000, 0x0000000080a00000|100%| O|  |TAMS 0x0000000080900000| PB 0x0000000080900000| Untracked 
|  10|0x0000000080a00000, 0x0000000080b00000, 0x0000000080b00000|100%| O|  |TAMS 0x0000000080a00000| PB 0x0000000080a00000| Untracked 
|  11|0x0000000080b00000, 0x0000000080c00000, 0x0000000080c00000|100%| O|  |TAMS 0x0000000080b00000| PB 0x0000000080b00000| Untracked 
|  12|0x0000000080c00000, 0x0000000080d00000, 0x0000000080d00000|100%| O|  |TAMS 0x0000000080c00000| PB 0x0000000080c00000| Untracked 
|  13|0x0000000080d00000, 0x0000000080e00000, 0x0000000080e00000|100%| O|  |TAMS 0x0000000080d00000| PB 0x0000000080d00000| Untracked 
|  14|0x0000000080e00000, 0x0000000080f00000, 0x0000000080f00000|100%| O|  |TAMS 0x0000000080e00000| PB 0x0000000080e00000| Untracked 
|  15|0x0000000080f00000, 0x0000000081000000, 0x0000000081000000|100%| O|  |TAMS 0x0000000080f00000| PB 0x0000000080f00000| Untracked 
|  16|0x0000000081000000, 0x0000000081100000, 0x0000000081100000|100%| O|  |TAMS 0x0000000081000000| PB 0x0000000081000000| Untracked 
|  17|0x0000000081100000, 0x0000000081200000, 0x0000000081200000|100%| O|  |TAMS 0x0000000081100000| PB 0x0000000081100000| Untracked 
|  18|0x0000000081200000, 0x0000000081300000, 0x0000000081300000|100%| O|  |TAMS 0x0000000081200000| PB 0x0000000081200000| Untracked 
|  19|0x0000000081300000, 0x0000000081400000, 0x0000000081400000|100%| O|  |TAMS 0x0000000081300000| PB 0x0000000081300000| Untracked 
|  20|0x0000000081400000, 0x0000000081500000, 0x0000000081500000|100%| O|  |TAMS 0x0000000081400000| PB 0x0000000081400000| Untracked 
|  21|0x0000000081500000, 0x0000000081600000, 0x0000000081600000|100%| O|  |TAMS 0x0000000081500000| PB 0x0000000081500000| Untracked 
|  22|0x0000000081600000, 0x0000000081700000, 0x0000000081700000|100%| O|  |TAMS 0x0000000081600000| PB 0x0000000081600000| Untracked 
|  23|0x0000000081700000, 0x0000000081800000, 0x0000000081800000|100%| O|  |TAMS 0x0000000081700000| PB 0x0000000081700000| Untracked 
|  24|0x0000000081800000, 0x0000000081900000, 0x0000000081900000|100%| O|  |TAMS 0x0000000081800000| PB 0x0000000081800000| Untracked 
|  25|0x0000000081900000, 0x0000000081a00000, 0x0000000081a00000|100%| O|  |TAMS 0x0000000081900000| PB 0x0000000081900000| Untracked 
|  26|0x0000000081a00000, 0x0000000081b00000, 0x0000000081b00000|100%| O|  |TAMS 0x0000000081a00000| PB 0x0000000081a00000| Untracked 
|  27|0x0000000081b00000, 0x0000000081c00000, 0x0000000081c00000|100%| O|  |TAMS 0x0000000081b00000| PB 0x0000000081b00000| Untracked 
|  28|0x0000000081c00000, 0x0000000081d00000, 0x0000000081d00000|100%| O|  |TAMS 0x0000000081c00000| PB 0x0000000081c00000| Untracked 
|  29|0x0000000081d00000, 0x0000000081e00000, 0x0000000081e00000|100%| O|  |TAMS 0x0000000081d00000| PB 0x0000000081d00000| Untracked 
|  30|0x0000000081e00000, 0x0000000081f00000, 0x0000000081f00000|100%| O|  |TAMS 0x0000000081e00000| PB 0x0000000081e00000| Untracked 
|  31|0x0000000081f00000, 0x0000000082000000, 0x0000000082000000|100%| O|  |TAMS 0x0000000081f00000| PB 0x0000000081f00000| Untracked 
|  32|0x0000000082000000, 0x0000000082100000, 0x0000000082100000|100%|HS|  |TAMS 0x0000000082000000| PB 0x0000000082000000| Complete 
|  33|0x0000000082100000, 0x0000000082200000, 0x0000000082200000|100%|HC|  |TAMS 0x0000000082100000| PB 0x0000000082100000| Complete 
|  34|0x0000000082200000, 0x00000000822ba180, 0x0000000082300000| 72%| O|  |TAMS 0x0000000082200000| PB 0x0000000082200000| Untracked 
|  35|0x0000000082300000, 0x0000000082400000, 0x0000000082400000|100%| S|CS|TAMS 0x0000000082300000| PB 0x0000000082300000| Complete 
|  36|0x0000000082400000, 0x0000000082500000, 0x0000000082500000|100%| S|CS|TAMS 0x0000000082400000| PB 0x0000000082400000| Complete 
|  37|0x0000000082500000, 0x0000000082500000, 0x0000000082600000|  0%| F|  |TAMS 0x0000000082500000| PB 0x0000000082500000| Untracked 
|  38|0x0000000082600000, 0x0000000082600000, 0x0000000082700000|  0%| F|  |TAMS 0x0000000082600000| PB 0x0000000082600000| Untracked 
|  39|0x0000000082700000, 0x0000000082700000, 0x0000000082800000|  0%| F|  |TAMS 0x0000000082700000| PB 0x0000000082700000| Untracked 
|  40|0x0000000082800000, 0x0000000082900000, 0x0000000082900000|100%| S|CS|TAMS 0x0000000082800000| PB 0x0000000082800000| Complete 
|  41|0x0000000082900000, 0x0000000082a00000, 0x0000000082a00000|100%| S|CS|TAMS 0x0000000082900000| PB 0x0000000082900000| Complete 
|  42|0x0000000082a00000, 0x0000000082b00000, 0x0000000082b00000|100%| S|CS|TAMS 0x0000000082a00000| PB 0x0000000082a00000| Complete 
|  43|0x0000000082b00000, 0x0000000082c00000, 0x0000000082c00000|100%| S|CS|TAMS 0x0000000082b00000| PB 0x0000000082b00000| Complete 
|  44|0x0000000082c00000, 0x0000000082d00000, 0x0000000082d00000|100%| S|CS|TAMS 0x0000000082c00000| PB 0x0000000082c00000| Complete 
|  45|0x0000000082d00000, 0x0000000082d00000, 0x0000000082e00000|  0%| F|  |TAMS 0x0000000082d00000| PB 0x0000000082d00000| Untracked 
|  46|0x0000000082e00000, 0x0000000082e00000, 0x0000000082f00000|  0%| F|  |TAMS 0x0000000082e00000| PB 0x0000000082e00000| Untracked 
|  47|0x0000000082f00000, 0x0000000082f00000, 0x0000000083000000|  0%| F|  |TAMS 0x0000000082f00000| PB 0x0000000082f00000| Untracked 
|  48|0x0000000083000000, 0x0000000083000000, 0x0000000083100000|  0%| F|  |TAMS 0x0000000083000000| PB 0x0000000083000000| Untracked 
|  49|0x0000000083100000, 0x0000000083100000, 0x0000000083200000|  0%| F|  |TAMS 0x0000000083100000| PB 0x0000000083100000| Untracked 
|  50|0x0000000083200000, 0x0000000083200000, 0x0000000083300000|  0%| F|  |TAMS 0x0000000083200000| PB 0x0000000083200000| Untracked 
|  51|0x0000000083300000, 0x0000000083300000, 0x0000000083400000|  0%| F|  |TAMS 0x0000000083300000| PB 0x0000000083300000| Untracked 
|  52|0x0000000083400000, 0x0000000083400000, 0x0000000083500000|  0%| F|  |TAMS 0x0000000083400000| PB 0x0000000083400000| Untracked 
|  53|0x0000000083500000, 0x0000000083500000, 0x0000000083600000|  0%| F|  |TAMS 0x0000000083500000| PB 0x0000000083500000| Untracked 
|  54|0x0000000083600000, 0x0000000083600000, 0x0000000083700000|  0%| F|  |TAMS 0x0000000083600000| PB 0x0000000083600000| Untracked 
|  55|0x0000000083700000, 0x0000000083700000, 0x0000000083800000|  0%| F|  |TAMS 0x0000000083700000| PB 0x0000000083700000| Untracked 
|  56|0x0000000083800000, 0x0000000083800000, 0x0000000083900000|  0%| F|  |TAMS 0x0000000083800000| PB 0x0000000083800000| Untracked 
|  57|0x0000000083900000, 0x0000000083900000, 0x0000000083a00000|  0%| F|  |TAMS 0x0000000083900000| PB 0x0000000083900000| Untracked 
|  58|0x0000000083a00000, 0x0000000083b00000, 0x0000000083b00000|100%| E|  |TAMS 0x0000000083a00000| PB 0x0000000083a00000| Complete 
|  59|0x0000000083b00000, 0x0000000083c00000, 0x0000000083c00000|100%| E|CS|TAMS 0x0000000083b00000| PB 0x0000000083b00000| Complete 
|  60|0x0000000083c00000, 0x0000000083d00000, 0x0000000083d00000|100%| E|CS|TAMS 0x0000000083c00000| PB 0x0000000083c00000| Complete 
|  61|0x0000000083d00000, 0x0000000083e00000, 0x0000000083e00000|100%| E|CS|TAMS 0x0000000083d00000| PB 0x0000000083d00000| Complete 
|  62|0x0000000083e00000, 0x0000000083f00000, 0x0000000083f00000|100%| E|CS|TAMS 0x0000000083e00000| PB 0x0000000083e00000| Complete 
|  63|0x0000000083f00000, 0x0000000084000000, 0x0000000084000000|100%| E|CS|TAMS 0x0000000083f00000| PB 0x0000000083f00000| Complete 
|  64|0x0000000084000000, 0x0000000084100000, 0x0000000084100000|100%| E|CS|TAMS 0x0000000084000000| PB 0x0000000084000000| Complete 
|  65|0x0000000084100000, 0x0000000084200000, 0x0000000084200000|100%| E|CS|TAMS 0x0000000084100000| PB 0x0000000084100000| Complete 
|  66|0x0000000084200000, 0x0000000084300000, 0x0000000084300000|100%| E|CS|TAMS 0x0000000084200000| PB 0x0000000084200000| Complete 
|  67|0x0000000084300000, 0x0000000084400000, 0x0000000084400000|100%| E|CS|TAMS 0x0000000084300000| PB 0x0000000084300000| Complete 
|  68|0x0000000084400000, 0x0000000084500000, 0x0000000084500000|100%| E|CS|TAMS 0x0000000084400000| PB 0x0000000084400000| Complete 
|  69|0x0000000084500000, 0x0000000084600000, 0x0000000084600000|100%| E|CS|TAMS 0x0000000084500000| PB 0x0000000084500000| Complete 
|  70|0x0000000084600000, 0x0000000084700000, 0x0000000084700000|100%| E|CS|TAMS 0x0000000084600000| PB 0x0000000084600000| Complete 
|  71|0x0000000084700000, 0x0000000084800000, 0x0000000084800000|100%| E|CS|TAMS 0x0000000084700000| PB 0x0000000084700000| Complete 
|  72|0x0000000084800000, 0x0000000084900000, 0x0000000084900000|100%| E|CS|TAMS 0x0000000084800000| PB 0x0000000084800000| Complete 
|  73|0x0000000084900000, 0x0000000084a00000, 0x0000000084a00000|100%| E|CS|TAMS 0x0000000084900000| PB 0x0000000084900000| Complete 
|  74|0x0000000084a00000, 0x0000000084b00000, 0x0000000084b00000|100%| E|CS|TAMS 0x0000000084a00000| PB 0x0000000084a00000| Complete 
|  75|0x0000000084b00000, 0x0000000084c00000, 0x0000000084c00000|100%| E|CS|TAMS 0x0000000084b00000| PB 0x0000000084b00000| Complete 
|  76|0x0000000084c00000, 0x0000000084d00000, 0x0000000084d00000|100%| E|CS|TAMS 0x0000000084c00000| PB 0x0000000084c00000| Complete 
|  77|0x0000000084d00000, 0x0000000084e00000, 0x0000000084e00000|100%| E|CS|TAMS 0x0000000084d00000| PB 0x0000000084d00000| Complete 
|  78|0x0000000084e00000, 0x0000000084f00000, 0x0000000084f00000|100%| E|CS|TAMS 0x0000000084e00000| PB 0x0000000084e00000| Complete 
|  79|0x0000000084f00000, 0x0000000085000000, 0x0000000085000000|100%| E|CS|TAMS 0x0000000084f00000| PB 0x0000000084f00000| Complete 
|  80|0x0000000085000000, 0x0000000085100000, 0x0000000085100000|100%| E|CS|TAMS 0x0000000085000000| PB 0x0000000085000000| Complete 
|  81|0x0000000085100000, 0x0000000085200000, 0x0000000085200000|100%| E|CS|TAMS 0x0000000085100000| PB 0x0000000085100000| Complete 
|  82|0x0000000085200000, 0x0000000085300000, 0x0000000085300000|100%| E|CS|TAMS 0x0000000085200000| PB 0x0000000085200000| Complete 
|  83|0x0000000085300000, 0x0000000085400000, 0x0000000085400000|100%| E|CS|TAMS 0x0000000085300000| PB 0x0000000085300000| Complete 
|  84|0x0000000085400000, 0x0000000085500000, 0x0000000085500000|100%| E|CS|TAMS 0x0000000085400000| PB 0x0000000085400000| Complete 
|  85|0x0000000085500000, 0x0000000085600000, 0x0000000085600000|100%| E|CS|TAMS 0x0000000085500000| PB 0x0000000085500000| Complete 
|  86|0x0000000085600000, 0x0000000085700000, 0x0000000085700000|100%| E|CS|TAMS 0x0000000085600000| PB 0x0000000085600000| Complete 
|  87|0x0000000085700000, 0x0000000085800000, 0x0000000085800000|100%| E|CS|TAMS 0x0000000085700000| PB 0x0000000085700000| Complete 
|  88|0x0000000085800000, 0x0000000085900000, 0x0000000085900000|100%| E|CS|TAMS 0x0000000085800000| PB 0x0000000085800000| Complete 
|  89|0x0000000085900000, 0x0000000085a00000, 0x0000000085a00000|100%| E|CS|TAMS 0x0000000085900000| PB 0x0000000085900000| Complete 
|  90|0x0000000085a00000, 0x0000000085b00000, 0x0000000085b00000|100%| E|CS|TAMS 0x0000000085a00000| PB 0x0000000085a00000| Complete 
|  91|0x0000000085b00000, 0x0000000085c00000, 0x0000000085c00000|100%| E|CS|TAMS 0x0000000085b00000| PB 0x0000000085b00000| Complete 
|  92|0x0000000085c00000, 0x0000000085d00000, 0x0000000085d00000|100%| E|CS|TAMS 0x0000000085c00000| PB 0x0000000085c00000| Complete 
|  93|0x0000000085d00000, 0x0000000085e00000, 0x0000000085e00000|100%| E|CS|TAMS 0x0000000085d00000| PB 0x0000000085d00000| Complete 
|  94|0x0000000085e00000, 0x0000000085f00000, 0x0000000085f00000|100%| E|CS|TAMS 0x0000000085e00000| PB 0x0000000085e00000| Complete 
|  95|0x0000000085f00000, 0x0000000086000000, 0x0000000086000000|100%| E|CS|TAMS 0x0000000085f00000| PB 0x0000000085f00000| Complete 
|  96|0x0000000086000000, 0x0000000086100000, 0x0000000086100000|100%| E|CS|TAMS 0x0000000086000000| PB 0x0000000086000000| Complete 
| 141|0x0000000088d00000, 0x0000000088e00000, 0x0000000088e00000|100%| E|CS|TAMS 0x0000000088d00000| PB 0x0000000088d00000| Complete 
|2047|0x00000000fff00000, 0x0000000100000000, 0x0000000100000000|100%| O|  |TAMS 0x00000000fff00000| PB 0x00000000fff00000| Untracked 

Card table byte_map: [0x000002d47c4e0000,0x000002d47c8e0000] _byte_map_base: 0x000002d47c0e0000

Marking Bits: (CMBitMap*) 0x000002d478757620
 Bits: [0x000002d47c8e0000, 0x000002d47e8e0000)

Polling page: 0x000002d476900000

Metaspace:

Usage:
  Non-class:     49.10 MB used.
      Class:      8.10 MB used.
       Both:     57.19 MB used.

Virtual space:
  Non-class space:       64.00 MB reserved,      50.00 MB ( 78%) committed,  1 nodes.
      Class space:        1.00 GB reserved,       8.88 MB ( <1%) committed,  1 nodes.
             Both:        1.06 GB reserved,      58.88 MB (  5%) committed. 

Chunk freelists:
   Non-Class:  13.78 MB
       Class:  7.17 MB
        Both:  20.95 MB

MaxMetaspaceSize: unlimited
CompressedClassSpaceSize: 1.00 GB
Initial GC threshold: 21.00 MB
Current GC threshold: 59.31 MB
CDS: off
 - commit_granule_bytes: 65536.
 - commit_granule_words: 8192.
 - virtual_space_node_default_size: 8388608.
 - enlarge_chunks_in_place: 1.
 - use_allocation_guard: 0.


Internal statistics:

num_allocs_failed_limit: 9.
num_arena_births: 3176.
num_arena_deaths: 0.
num_vsnodes_births: 2.
num_vsnodes_deaths: 0.
num_space_committed: 942.
num_space_uncommitted: 0.
num_chunks_returned_to_freelist: 9.
num_chunks_taken_from_freelist: 5650.
num_chunk_merges: 3.
num_chunk_splits: 3610.
num_chunks_enlarged: 2166.
num_inconsistent_stats: 0.

CodeHeap 'non-profiled nmethods': size=119168Kb used=3711Kb max_used=3711Kb free=115456Kb
 bounds [0x000002d407ba0000, 0x000002d407f40000, 0x000002d40f000000]
CodeHeap 'profiled nmethods': size=119104Kb used=11553Kb max_used=11553Kb free=107550Kb
 bounds [0x000002d400000000, 0x000002d400b50000, 0x000002d407450000]
CodeHeap 'non-nmethods': size=7488Kb used=2424Kb max_used=3598Kb free=5063Kb
 bounds [0x000002d407450000, 0x000002d4077e0000, 0x000002d407ba0000]
CodeCache: size=245760Kb, used=17688Kb, max_used=18862Kb, free=228069Kb
 total_blobs=6642, nmethods=5889, adapters=656, full_count=0
Compilation: enabled, stopped_count=0, restarted_count=0

Compilation events (20 events):
Event: 9.759 Thread 0x000002d47fdbe940 nmethod 6380 0x000002d400b40490 code [0x000002d400b406c0, 0x000002d400b40e00]
Event: 9.759 Thread 0x000002d47fdbe940 6381       3       org.gradle.internal.model.InMemoryCacheFactory$DefaultLoadingCache::get (32 bytes)
Event: 9.759 Thread 0x000002d47fd61800 6382       3       com.google.common.collect.ImmutableMap::keySet (23 bytes)
Event: 9.759 Thread 0x000002d47fdbe940 nmethod 6381 0x000002d400b41190 code [0x000002d400b41360, 0x000002d400b41668]
Event: 9.759 Thread 0x000002d47fdbe940 6383       3       java.util.ArrayList$ArrayListSpliterator::forEachRemaining (127 bytes)
Event: 9.760 Thread 0x000002d47fd61800 nmethod 6382 0x000002d400b41790 code [0x000002d400b41940, 0x000002d400b41bd8]
Event: 9.760 Thread 0x000002d47fdbe940 nmethod 6383 0x000002d400b41c90 code [0x000002d400b41ea0, 0x000002d400b42460]
Event: 9.793 Thread 0x000002d41789f2c0 nmethod 6322 0x000002d407f32390 code [0x000002d407f32960, 0x000002d407f37490]
Event: 9.793 Thread 0x000002d41789f2c0 6357       4       java.util.jar.JarFile::getVersionedEntry (133 bytes)
Event: 9.794 Thread 0x000002d47fdbe940 6384   !   3       sun.nio.fs.WindowsPath::initOffsets (153 bytes)
Event: 9.796 Thread 0x000002d47fdbe940 nmethod 6384 0x000002d400b42690 code [0x000002d400b42a80, 0x000002d400b44b10]
Event: 9.820 Thread 0x000002d41789f2c0 nmethod 6357 0x000002d407f3a190 code [0x000002d407f3a460, 0x000002d407f3bec0]
Event: 9.820 Thread 0x000002d41789f2c0 6358       4       sun.instrument.InstrumentationImpl::transform (73 bytes)
Event: 9.826 Thread 0x000002d41789f2c0 nmethod 6358 0x000002d407f3cd10 code [0x000002d407f3cf00, 0x000002d407f3d528]
Event: 9.827 Thread 0x000002d41789f2c0 6352       4       org.gradle.internal.instantiation.generator.AbstractClassGenerator$InjectionAnnotationValidator::validateMethod (166 bytes)
Event: 9.831 Thread 0x000002d41789f2c0 nmethod 6352 0x000002d407f3da90 code [0x000002d407f3dc80, 0x000002d407f3e140]
Event: 9.831 Thread 0x000002d41789f2c0 6353       4       jdk.internal.util.StrongReferenceKey::<init> (10 bytes)
Event: 9.832 Thread 0x000002d41789f2c0 nmethod 6353 0x000002d407f3e590 code [0x000002d407f3e720, 0x000002d407f3e878]
Event: 9.854 Thread 0x000002d41789f2c0 6385       4       jdk.internal.org.objectweb.asm.MethodWriter::endCurrentBasicBlockWithNoSuccessor (94 bytes)
Event: 10.570 Thread 0x000002d47fd61800 6386       3       java.util.stream.Sink$ChainedReference::cancellationRequested (10 bytes)

GC Heap History (20 events):
Event: 1.697 GC heap before
{Heap before GC invocations=2 (full 0):
 garbage-first heap   total 120832K, used 77663K [0x0000000080000000, 0x0000000100000000)
  region size 1024K, 70 young (71680K), 5 survivors (5120K)
 Metaspace       used 12878K, committed 13056K, reserved 1114112K
  class space    used 1399K, committed 1472K, reserved 1048576K
}
Event: 1.703 GC heap after
{Heap after GC invocations=3 (full 0):
 garbage-first heap   total 120832K, used 11848K [0x0000000080000000, 0x0000000100000000)
  region size 1024K, 6 young (6144K), 6 survivors (6144K)
 Metaspace       used 12878K, committed 13056K, reserved 1114112K
  class space    used 1399K, committed 1472K, reserved 1048576K
}
Event: 2.402 GC heap before
{Heap before GC invocations=3 (full 0):
 garbage-first heap   total 120832K, used 79432K [0x0000000080000000, 0x0000000100000000)
  region size 1024K, 70 young (71680K), 6 survivors (6144K)
 Metaspace       used 13912K, committed 14144K, reserved 1114112K
  class space    used 1581K, committed 1664K, reserved 1048576K
}
Event: 2.410 GC heap after
{Heap after GC invocations=4 (full 0):
 garbage-first heap   total 120832K, used 17957K [0x0000000080000000, 0x0000000100000000)
  region size 1024K, 6 young (6144K), 6 survivors (6144K)
 Metaspace       used 13912K, committed 14144K, reserved 1114112K
  class space    used 1581K, committed 1664K, reserved 1048576K
}
Event: 3.039 GC heap before
{Heap before GC invocations=4 (full 0):
 garbage-first heap   total 120832K, used 39461K [0x0000000080000000, 0x0000000100000000)
  region size 1024K, 28 young (28672K), 6 survivors (6144K)
 Metaspace       used 21187K, committed 21504K, reserved 1114112K
  class space    used 2471K, committed 2624K, reserved 1048576K
}
Event: 3.046 GC heap after
{Heap after GC invocations=5 (full 0):
 garbage-first heap   total 145408K, used 21217K [0x0000000080000000, 0x0000000100000000)
  region size 1024K, 4 young (4096K), 4 survivors (4096K)
 Metaspace       used 21187K, committed 21504K, reserved 1114112K
  class space    used 2471K, committed 2624K, reserved 1048576K
}
Event: 4.085 GC heap before
{Heap before GC invocations=6 (full 0):
 garbage-first heap   total 75776K, used 73441K [0x0000000080000000, 0x0000000100000000)
  region size 1024K, 54 young (55296K), 4 survivors (4096K)
 Metaspace       used 29982K, committed 30528K, reserved 1114112K
  class space    used 3726K, committed 3968K, reserved 1048576K
}
Event: 4.092 GC heap after
{Heap after GC invocations=7 (full 0):
 garbage-first heap   total 81920K, used 23697K [0x0000000080000000, 0x0000000100000000)
  region size 1024K, 6 young (6144K), 6 survivors (6144K)
 Metaspace       used 29982K, committed 30528K, reserved 1114112K
  class space    used 3726K, committed 3968K, reserved 1048576K
}
Event: 4.818 GC heap before
{Heap before GC invocations=7 (full 0):
 garbage-first heap   total 81920K, used 61585K [0x0000000080000000, 0x0000000100000000)
  region size 1024K, 44 young (45056K), 6 survivors (6144K)
 Metaspace       used 35311K, committed 35968K, reserved 1114112K
  class space    used 4607K, committed 4928K, reserved 1048576K
}
Event: 4.828 GC heap after
{Heap after GC invocations=8 (full 0):
 garbage-first heap   total 81920K, used 26227K [0x0000000080000000, 0x0000000100000000)
  region size 1024K, 6 young (6144K), 6 survivors (6144K)
 Metaspace       used 35311K, committed 35968K, reserved 1114112K
  class space    used 4607K, committed 4928K, reserved 1048576K
}
Event: 4.865 GC heap before
{Heap before GC invocations=8 (full 0):
 garbage-first heap   total 81920K, used 28275K [0x0000000080000000, 0x0000000100000000)
  region size 1024K, 9 young (9216K), 6 survivors (6144K)
 Metaspace       used 35613K, committed 36288K, reserved 1114112K
  class space    used 4659K, committed 4992K, reserved 1048576K
}
Event: 4.871 GC heap after
{Heap after GC invocations=9 (full 0):
 garbage-first heap   total 81920K, used 26603K [0x0000000080000000, 0x0000000100000000)
  region size 1024K, 4 young (4096K), 4 survivors (4096K)
 Metaspace       used 35613K, committed 36288K, reserved 1114112K
  class space    used 4659K, committed 4992K, reserved 1048576K
}
Event: 5.688 GC heap before
{Heap before GC invocations=10 (full 0):
 garbage-first heap   total 81920K, used 71659K [0x0000000080000000, 0x0000000100000000)
  region size 1024K, 48 young (49152K), 4 survivors (4096K)
 Metaspace       used 41541K, committed 42624K, reserved 1114112K
  class space    used 5693K, committed 6208K, reserved 1048576K
}
Event: 5.694 GC heap after
{Heap after GC invocations=11 (full 0):
 garbage-first heap   total 81920K, used 28577K [0x0000000080000000, 0x0000000100000000)
  region size 1024K, 5 young (5120K), 5 survivors (5120K)
 Metaspace       used 41541K, committed 42624K, reserved 1114112K
  class space    used 5693K, committed 6208K, reserved 1048576K
}
Event: 6.509 GC heap before
{Heap before GC invocations=11 (full 0):
 garbage-first heap   total 81920K, used 71585K [0x0000000080000000, 0x0000000100000000)
  region size 1024K, 48 young (49152K), 5 survivors (5120K)
 Metaspace       used 48508K, committed 49792K, reserved 1114112K
  class space    used 6678K, committed 7296K, reserved 1048576K
}
Event: 6.520 GC heap after
{Heap after GC invocations=12 (full 0):
 garbage-first heap   total 82944K, used 32329K [0x0000000080000000, 0x0000000100000000)
  region size 1024K, 6 young (6144K), 6 survivors (6144K)
 Metaspace       used 48508K, committed 49792K, reserved 1114112K
  class space    used 6678K, committed 7296K, reserved 1048576K
}
Event: 7.167 GC heap before
{Heap before GC invocations=12 (full 0):
 garbage-first heap   total 82944K, used 73289K [0x0000000080000000, 0x0000000100000000)
  region size 1024K, 46 young (47104K), 6 survivors (6144K)
 Metaspace       used 53720K, committed 55168K, reserved 1114112K
  class space    used 7511K, committed 8192K, reserved 1048576K
}
Event: 7.176 GC heap after
{Heap after GC invocations=13 (full 0):
 garbage-first heap   total 101376K, used 36113K [0x0000000080000000, 0x0000000100000000)
  region size 1024K, 4 young (4096K), 4 survivors (4096K)
 Metaspace       used 53720K, committed 55168K, reserved 1114112K
  class space    used 7511K, committed 8192K, reserved 1048576K
}
Event: 8.447 GC heap before
{Heap before GC invocations=13 (full 0):
 garbage-first heap   total 101376K, used 90385K [0x0000000080000000, 0x0000000100000000)
  region size 1024K, 56 young (57344K), 4 survivors (4096K)
 Metaspace       used 56734K, committed 58432K, reserved 1114112K
  class space    used 7986K, committed 8768K, reserved 1048576K
}
Event: 8.458 GC heap after
{Heap after GC invocations=14 (full 0):
 garbage-first heap   total 101376K, used 43752K [0x0000000080000000, 0x0000000100000000)
  region size 1024K, 7 young (7168K), 7 survivors (7168K)
 Metaspace       used 56734K, committed 58432K, reserved 1114112K
  class space    used 7986K, committed 8768K, reserved 1048576K
}

Dll operation events (3 events):
Event: 0.009 Loaded shared library C:\Program Files\Android\Android Studio1\jbr\bin\java.dll
Event: 0.015 Loaded shared library C:\Program Files\Android\Android Studio1\jbr\bin\zip.dll
Event: 1.102 Loaded shared library C:\Program Files\Android\Android Studio1\jbr\bin\verify.dll

Deoptimization events (20 events):
Event: 8.727 Thread 0x000002d417323260 Uncommon trap: trap_request=0xffffffc6 fr.pc=0x000002d407d195dc relative=0x00000000000002fc
Event: 8.727 Thread 0x000002d417323260 Uncommon trap: reason=bimorphic_or_optimized_type_check action=maybe_recompile pc=0x000002d407d195dc method=com.google.common.base.CharMatcher.indexIn(Ljava/lang/CharSequence;I)I @ 31 c2
Event: 8.727 Thread 0x000002d417323260 DEOPT PACKING pc=0x000002d407d195dc sp=0x000000f8b83f8fd0
Event: 8.727 Thread 0x000002d417323260 DEOPT UNPACKING pc=0x000002d4074a43a2 sp=0x000000f8b83f8f78 mode 2
Event: 9.753 Thread 0x000002d417323260 Uncommon trap: trap_request=0xffffff45 fr.pc=0x000002d407c8dcfc relative=0x000000000000033c
Event: 9.753 Thread 0x000002d417323260 Uncommon trap: reason=unstable_if action=reinterpret pc=0x000002d407c8dcfc method=java.net.URI$Parser.scan(IILjava/lang/String;)I @ 26 c2
Event: 9.753 Thread 0x000002d417323260 DEOPT PACKING pc=0x000002d407c8dcfc sp=0x000000f8b83f8310
Event: 9.754 Thread 0x000002d417323260 DEOPT UNPACKING pc=0x000002d4074a43a2 sp=0x000000f8b83f82a0 mode 2
Event: 9.754 Thread 0x000002d417323260 Uncommon trap: trap_request=0xffffff45 fr.pc=0x000002d407c550ac relative=0x000000000000016c
Event: 9.754 Thread 0x000002d417323260 Uncommon trap: reason=unstable_if action=reinterpret pc=0x000002d407c550ac method=java.net.URI.match(CJJ)Z @ 45 c2
Event: 9.754 Thread 0x000002d417323260 DEOPT PACKING pc=0x000002d407c550ac sp=0x000000f8b83f8080
Event: 9.754 Thread 0x000002d417323260 DEOPT UNPACKING pc=0x000002d4074a43a2 sp=0x000000f8b83f7fa8 mode 2
Event: 9.754 Thread 0x000002d417323260 Uncommon trap: trap_request=0xffffff45 fr.pc=0x000002d407bff278 relative=0x0000000000000058
Event: 9.754 Thread 0x000002d417323260 Uncommon trap: reason=unstable_if action=reinterpret pc=0x000002d407bff278 method=java.net.URI.match(CJJ)Z @ 19 c2
Event: 9.754 Thread 0x000002d417323260 DEOPT PACKING pc=0x000002d407bff278 sp=0x000000f8b83f8090
Event: 9.754 Thread 0x000002d417323260 DEOPT UNPACKING pc=0x000002d4074a43a2 sp=0x000000f8b83f8020 mode 2
Event: 9.759 Thread 0x000002d417323260 Uncommon trap: trap_request=0xffffff45 fr.pc=0x000002d407c8d1fc relative=0x000000000000021c
Event: 9.759 Thread 0x000002d417323260 Uncommon trap: reason=unstable_if action=reinterpret pc=0x000002d407c8d1fc method=java.net.URI$Parser.scan(IILjava/lang/String;)I @ 26 c2
Event: 9.759 Thread 0x000002d417323260 DEOPT PACKING pc=0x000002d407c8d1fc sp=0x000000f8b83f82f0
Event: 9.759 Thread 0x000002d417323260 DEOPT UNPACKING pc=0x000002d4074a43a2 sp=0x000000f8b83f82a0 mode 2

Classes loaded (20 events):
Event: 8.708 Loading class java/util/DualPivotQuicksort
Event: 8.708 Loading class java/util/DualPivotQuicksort done
Event: 9.786 Loading class javax/net/ssl/HostnameVerifier
Event: 9.786 Loading class javax/net/ssl/HostnameVerifier done
Event: 9.790 Loading class javax/net/ssl/TrustManager
Event: 9.790 Loading class javax/net/ssl/TrustManager done
Event: 9.791 Loading class javax/net/ssl/X509TrustManager
Event: 9.791 Loading class javax/net/ssl/X509TrustManager done
Event: 9.795 Loading class javax/net/ssl/SSLPeerUnverifiedException
Event: 9.795 Loading class javax/net/ssl/SSLException
Event: 9.795 Loading class javax/net/ssl/SSLException done
Event: 9.795 Loading class javax/net/ssl/SSLPeerUnverifiedException done
Event: 9.796 Loading class java/security/cert/CertificateParsingException
Event: 9.796 Loading class java/security/cert/CertificateException
Event: 9.796 Loading class java/security/cert/CertificateException done
Event: 9.796 Loading class java/security/cert/CertificateParsingException done
Event: 9.796 Loading class javax/naming/NamingException
Event: 9.797 Loading class javax/naming/NamingException done
Event: 9.797 Loading class javax/naming/InvalidNameException
Event: 9.797 Loading class javax/naming/InvalidNameException done

Classes unloaded (0 events):
No events

Classes redefined (0 events):
No events

Internal exceptions (20 events):
Event: 8.240 Thread 0x000002d417323260 Exception <a 'sun/nio/fs/WindowsException'{0x000000008380d990}> (0x000000008380d990) 
thrown [s\src\hotspot\share\prims\jni.cpp, line 537]
Event: 8.244 Thread 0x000002d417323260 Exception <a 'sun/nio/fs/WindowsException'{0x000000008380eee8}> (0x000000008380eee8) 
thrown [s\src\hotspot\share\prims\jni.cpp, line 537]
Event: 8.250 Thread 0x000002d417323260 Exception <a 'java/lang/NoSuchMethodError'{0x00000000838294a8}: 'java.lang.Object java.lang.invoke.Invokers$Holder.invoker(java.lang.Object, java.lang.Object, java.lang.Object, java.lang.Object, java.lang.Object, java.lang.Object)'> (0x00000000838294a8) 
thrown [s\src\hotspot\share\interpreter\linkResolver.cpp, line 784]
Event: 8.284 Thread 0x000002d417323260 Exception <a 'java/lang/NoSuchMethodError'{0x00000000838c5450}: 'java.lang.Object java.lang.invoke.DirectMethodHandle$Holder.invokeSpecial(java.lang.Object, java.lang.Object, java.lang.Object, java.lang.Object, java.lang.Object, java.lang.Object, java.lang.Object, java.lang.Object, java.lang.Object, java.lang.Object, java.lang.Object, java.lang.Object, java.lang.Object, java.lang.Object, java.lang.Object, java.lang.Object, java.lang.Object, java.lang.Object, java.lang.Object, java.lang.Object, java.lang.Ob
Event: 8.284 Thread 0x000002d417323260 Exception <a 'java/lang/NoSuchMethodError'{0x00000000838cb4b8}: 'java.lang.Object java.lang.invoke.DelegatingMethodHandle$Holder.reinvoke_L(java.lang.Object, java.lang.Object, java.lang.Object, java.lang.Object, java.lang.Object, java.lang.Object, java.lang.Object, java.lang.Object, java.lang.Object, java.lang.Object, java.lang.Object, java.lang.Object, java.lang.Object, java.lang.Object, java.lang.Object, java.lang.Object, java.lang.Object, java.lang.Object, java.lang.Object, java.lang.Object, java.lang.O
Event: 8.286 Thread 0x000002d417323260 Exception <a 'java/lang/NoSuchMethodError'{0x00000000838d65c0}: 'java.lang.Object java.lang.invoke.Invokers$Holder.invoker(java.lang.Object, java.lang.Object, java.lang.Object, java.lang.Object, java.lang.Object, java.lang.Object, java.lang.Object, java.lang.Object, java.lang.Object, java.lang.Object, java.lang.Object, java.lang.Object, java.lang.Object, java.lang.Object, java.lang.Object, java.lang.Object, java.lang.Object, java.lang.Object, java.lang.Object, java.lang.Object, java.lang.Object, java.lang.
Event: 8.287 Thread 0x000002d417323260 Exception <a 'java/lang/NoSuchMethodError'{0x00000000838dced8}: 'java.lang.Object java.lang.invoke.DelegatingMethodHandle$Holder.delegate(java.lang.Object, java.lang.Object, java.lang.Object, java.lang.Object, java.lang.Object, java.lang.Object, java.lang.Object, java.lang.Object, java.lang.Object, java.lang.Object, java.lang.Object, java.lang.Object, java.lang.Object, java.lang.Object, java.lang.Object, java.lang.Object, java.lang.Object, java.lang.Object, java.lang.Object, java.lang.Object, java.lang.Obj
Event: 8.314 Thread 0x000002d417323260 Exception <a 'sun/nio/fs/WindowsException'{0x000000008361b380}> (0x000000008361b380) 
thrown [s\src\hotspot\share\prims\jni.cpp, line 537]
Event: 8.373 Thread 0x000002d417323260 Exception <a 'java/lang/NoSuchMethodError'{0x00000000835671f0}: 'java.lang.Object java.lang.invoke.DirectMethodHandle$Holder.newInvokeSpecial(java.lang.Object, java.lang.Object, java.lang.Object, java.lang.Object, java.lang.Object, java.lang.Object, int)'> (0x00000000835671f0) 
thrown [s\src\hotspot\share\interpreter\linkResolver.cpp, line 784]
Event: 8.374 Thread 0x000002d417323260 Exception <a 'java/lang/NoSuchMethodError'{0x000000008356be58}: 'java.lang.Object java.lang.invoke.DirectMethodHandle$Holder.invokeSpecial(java.lang.Object, java.lang.Object, java.lang.Object, java.lang.Object, java.lang.Object, java.lang.Object, java.lang.Object, int)'> (0x000000008356be58) 
thrown [s\src\hotspot\share\interpreter\linkResolver.cpp, line 784]
Event: 8.375 Thread 0x000002d417323260 Exception <a 'java/lang/NoSuchMethodError'{0x0000000083570018}: 'java.lang.Object java.lang.invoke.Invokers$Holder.linkToTargetMethod(java.lang.Object, java.lang.Object, java.lang.Object, java.lang.Object, java.lang.Object, int, java.lang.Object)'> (0x0000000083570018) 
thrown [s\src\hotspot\share\interpreter\linkResolver.cpp, line 784]
Event: 8.525 Thread 0x000002d417323260 Exception <a 'sun/nio/fs/WindowsException'{0x0000000084cb4f98}> (0x0000000084cb4f98) 
thrown [s\src\hotspot\share\prims\jni.cpp, line 537]
Event: 8.575 Thread 0x000002d417323260 Exception <a 'java/lang/NoSuchMethodError'{0x0000000084a65a38}: 'java.lang.Object java.lang.invoke.DirectMethodHandle$Holder.newInvokeSpecial(java.lang.Object, java.lang.Object, int, java.lang.Object, java.lang.Object, java.lang.Object, java.lang.Object)'> (0x0000000084a65a38) 
thrown [s\src\hotspot\share\interpreter\linkResolver.cpp, line 784]
Event: 8.576 Thread 0x000002d417323260 Exception <a 'java/lang/NoSuchMethodError'{0x0000000084a6e268}: 'java.lang.Object java.lang.invoke.Invokers$Holder.linkToTargetMethod(java.lang.Object, int, java.lang.Object, java.lang.Object, java.lang.Object, java.lang.Object, java.lang.Object)'> (0x0000000084a6e268) 
thrown [s\src\hotspot\share\interpreter\linkResolver.cpp, line 784]
Event: 8.591 Thread 0x000002d417323260 Exception <a 'sun/nio/fs/WindowsException'{0x000000008494b478}> (0x000000008494b478) 
thrown [s\src\hotspot\share\prims\jni.cpp, line 537]
Event: 8.610 Thread 0x000002d417323260 Exception <a 'sun/nio/fs/WindowsException'{0x00000000849655e8}> (0x00000000849655e8) 
thrown [s\src\hotspot\share\prims\jni.cpp, line 537]
Event: 8.691 Thread 0x000002d417323260 Exception <a 'java/lang/NoSuchMethodError'{0x0000000084448118}: 'java.lang.Object java.lang.invoke.DirectMethodHandle$Holder.newInvokeSpecial(java.lang.Object, java.lang.Object, java.lang.Object, java.lang.Object, java.lang.Object, java.lang.Object, java.lang.Object, java.lang.Object, java.lang.Object, java.lang.Object, java.lang.Object, java.lang.Object, java.lang.Object, java.lang.Object, java.lang.Object, java.lang.Object, java.lang.Object, java.lang.Object, java.lang.Object)'> (0x0000000084448118) 
thr
Event: 8.692 Thread 0x000002d417323260 Exception <a 'java/lang/NoSuchMethodError'{0x000000008444ed98}: 'java.lang.Object java.lang.invoke.DirectMethodHandle$Holder.invokeSpecial(java.lang.Object, java.lang.Object, java.lang.Object, java.lang.Object, java.lang.Object, java.lang.Object, java.lang.Object, java.lang.Object, java.lang.Object, java.lang.Object, java.lang.Object, java.lang.Object, java.lang.Object, java.lang.Object, java.lang.Object, java.lang.Object, java.lang.Object, java.lang.Object, java.lang.Object, java.lang.Object)'> (0x0000000
Event: 8.692 Thread 0x000002d417323260 Exception <a 'java/lang/NoSuchMethodError'{0x00000000844545e8}: 'java.lang.Object java.lang.invoke.DelegatingMethodHandle$Holder.reinvoke_L(java.lang.Object, java.lang.Object, java.lang.Object, java.lang.Object, java.lang.Object, java.lang.Object, java.lang.Object, java.lang.Object, java.lang.Object, java.lang.Object, java.lang.Object, java.lang.Object, java.lang.Object, java.lang.Object, java.lang.Object, java.lang.Object, java.lang.Object, java.lang.Object, java.lang.Object)'> (0x00000000844545e8) 
throw
Event: 8.712 Thread 0x000002d417323260 Exception <a 'java/lang/IncompatibleClassChangeError'{0x00000000843800e8}: Found class java.lang.Object, but interface was expected> (0x00000000843800e8) 
thrown [s\src\hotspot\share\interpreter\linkResolver.cpp, line 851]

ZGC Phase Switch (0 events):
No events

VM Operations (20 events):
Event: 6.829 Executing VM operation: HandshakeAllThreads (Deoptimize)
Event: 6.829 Executing VM operation: HandshakeAllThreads (Deoptimize) done
Event: 6.892 Executing VM operation: HandshakeAllThreads (Deoptimize)
Event: 6.892 Executing VM operation: HandshakeAllThreads (Deoptimize) done
Event: 6.897 Executing VM operation: HandshakeAllThreads (Deoptimize)
Event: 6.897 Executing VM operation: HandshakeAllThreads (Deoptimize) done
Event: 7.167 Executing VM operation: G1CollectForAllocation (G1 Evacuation Pause)
Event: 7.176 Executing VM operation: G1CollectForAllocation (G1 Evacuation Pause) done
Event: 7.496 Executing VM operation: ICBufferFull
Event: 7.497 Executing VM operation: ICBufferFull done
Event: 7.881 Executing VM operation: ICBufferFull
Event: 7.881 Executing VM operation: ICBufferFull done
Event: 7.912 Executing VM operation: HandshakeAllThreads (Deoptimize)
Event: 7.912 Executing VM operation: HandshakeAllThreads (Deoptimize) done
Event: 8.447 Executing VM operation: G1CollectForAllocation (G1 Evacuation Pause)
Event: 8.459 Executing VM operation: G1CollectForAllocation (G1 Evacuation Pause) done
Event: 9.469 Executing VM operation: Cleanup
Event: 9.469 Executing VM operation: Cleanup done
Event: 10.474 Executing VM operation: Cleanup
Event: 10.474 Executing VM operation: Cleanup done

Memory protections (0 events):
No events

Nmethod flushes (20 events):
Event: 4.884 Thread 0x000002d47fb05420 flushing  nmethod 0x000002d40007e890
Event: 4.884 Thread 0x000002d47fb05420 flushing  nmethod 0x000002d40007ee10
Event: 4.884 Thread 0x000002d47fb05420 flushing  nmethod 0x000002d40007f810
Event: 4.884 Thread 0x000002d47fb05420 flushing  nmethod 0x000002d40007fd10
Event: 4.884 Thread 0x000002d47fb05420 flushing  nmethod 0x000002d400080590
Event: 4.884 Thread 0x000002d47fb05420 flushing  nmethod 0x000002d400082a90
Event: 4.884 Thread 0x000002d47fb05420 flushing  nmethod 0x000002d400106390
Event: 4.884 Thread 0x000002d47fb05420 flushing  nmethod 0x000002d400107210
Event: 4.884 Thread 0x000002d47fb05420 flushing  nmethod 0x000002d400108090
Event: 4.884 Thread 0x000002d47fb05420 flushing  nmethod 0x000002d400109090
Event: 4.884 Thread 0x000002d47fb05420 flushing  nmethod 0x000002d400109d90
Event: 4.884 Thread 0x000002d47fb05420 flushing  nmethod 0x000002d400145910
Event: 4.884 Thread 0x000002d47fb05420 flushing  nmethod 0x000002d400145f10
Event: 4.884 Thread 0x000002d47fb05420 flushing  nmethod 0x000002d400146c10
Event: 4.884 Thread 0x000002d47fb05420 flushing  nmethod 0x000002d400151110
Event: 4.884 Thread 0x000002d47fb05420 flushing  nmethod 0x000002d40032c490
Event: 4.884 Thread 0x000002d47fb05420 flushing  nmethod 0x000002d4003b4c90
Event: 4.884 Thread 0x000002d47fb05420 flushing  nmethod 0x000002d4003eaa10
Event: 4.884 Thread 0x000002d47fb05420 flushing  nmethod 0x000002d4003ecd10
Event: 4.884 Thread 0x000002d47fb05420 flushing  nmethod 0x000002d4003ed390

Events (20 events):
Event: 7.409 Thread 0x000002d417323260 Thread added: 0x000002d4166f40d0
Event: 7.411 Thread 0x000002d417323260 Thread added: 0x000002d4166f2690
Event: 7.412 Thread 0x000002d417323260 Thread added: 0x000002d4166f33b0
Event: 7.740 Thread 0x000002d417323260 Thread added: 0x000002d4166f4760
Event: 7.843 Thread 0x000002d417323260 Thread added: 0x000002d4166f2000
Event: 7.896 Thread 0x000002d417323260 Thread added: 0x000002d4166f4df0
Event: 7.897 Thread 0x000002d417323260 Thread added: 0x000002d4166f5480
Event: 7.898 Thread 0x000002d417323260 Thread added: 0x000002d4166f3a40
Event: 7.899 Thread 0x000002d417323260 Thread added: 0x000002d4166f5b10
Event: 7.901 Thread 0x000002d417323260 Thread added: 0x000002d4166f2d20
Event: 7.903 Thread 0x000002d417323260 Thread added: 0x000002d4166f8270
Event: 7.904 Thread 0x000002d417323260 Thread added: 0x000002d4166f7550
Event: 7.905 Thread 0x000002d417323260 Thread added: 0x000002d4166f6ec0
Event: 7.905 Thread 0x000002d417323260 Thread added: 0x000002d4166f8900
Event: 7.906 Thread 0x000002d417323260 Thread added: 0x000002d4166f61a0
Event: 7.927 Thread 0x000002d417323260 Thread added: 0x000002d4166f8f90
Event: 7.990 Thread 0x000002d417323260 Thread added: 0x000002d4166f6830
Event: 8.034 Thread 0x000002d417323260 Thread added: 0x000002d4166f7be0
Event: 8.547 Thread 0x000002d418066920 Thread exited: 0x000002d418066920
Event: 10.867 Thread 0x000002d47fdbe940 Thread exited: 0x000002d47fdbe940


Dynamic libraries:
0x00007ff79e6b0000 - 0x00007ff79e6ba000 	C:\Program Files\Android\Android Studio1\jbr\bin\java.exe
0x00007ff80b220000 - 0x00007ff80b487000 	C:\WINDOWS\SYSTEM32\ntdll.dll
0x00007ff808fa0000 - 0x00007ff809069000 	C:\WINDOWS\System32\KERNEL32.DLL
0x00007ff808ba0000 - 0x00007ff808f97000 	C:\WINDOWS\System32\KERNELBASE.dll
0x00007ff807dc0000 - 0x00007ff807f0b000 	C:\WINDOWS\System32\ucrtbase.dll
0x00007fffffdd0000 - 0x00007fffffdeb000 	C:\Program Files\Android\Android Studio1\jbr\bin\VCRUNTIME140.dll
0x00007fff84940000 - 0x00007fff84958000 	C:\Program Files\Android\Android Studio1\jbr\bin\jli.dll
0x00007ff80b000000 - 0x00007ff80b1c6000 	C:\WINDOWS\System32\USER32.dll
0x00007ffff3a80000 - 0x00007ffff3d12000 	C:\WINDOWS\WinSxS\amd64_microsoft.windows.common-controls_6595b64144ccf1df_6.0.26100.8328_none_3e08182ce334b678\COMCTL32.dll
0x00007ff807d00000 - 0x00007ff807d27000 	C:\WINDOWS\System32\win32u.dll
0x00007ff80a6c0000 - 0x00007ff80a769000 	C:\WINDOWS\System32\msvcrt.dll
0x00007ff80af00000 - 0x00007ff80af2b000 	C:\WINDOWS\System32\GDI32.dll
0x00007ff808a70000 - 0x00007ff808b9c000 	C:\WINDOWS\System32\gdi32full.dll
0x00007ff8089c0000 - 0x00007ff808a63000 	C:\WINDOWS\System32\msvcp_win.dll
0x00007ff80af30000 - 0x00007ff80af62000 	C:\WINDOWS\System32\IMM32.DLL
0x00007ff805560000 - 0x00007ff80556c000 	C:\Program Files\Android\Android Studio1\jbr\bin\vcruntime140_1.dll
0x00007fffba480000 - 0x00007fffba50d000 	C:\Program Files\Android\Android Studio1\jbr\bin\msvcp140.dll
0x00007fff7e600000 - 0x00007fff7f296000 	C:\Program Files\Android\Android Studio1\jbr\bin\server\jvm.dll
0x00007ff80a600000 - 0x00007ff80a6b6000 	C:\WINDOWS\System32\ADVAPI32.dll
0x00007ff80a9c0000 - 0x00007ff80aa67000 	C:\WINDOWS\System32\sechost.dll
0x00007ff809c10000 - 0x00007ff809d28000 	C:\WINDOWS\System32\RPCRT4.dll
0x00007ff80af70000 - 0x00007ff80aff0000 	C:\WINDOWS\System32\WS2_32.dll
0x00007ff807900000 - 0x00007ff80795e000 	C:\WINDOWS\SYSTEM32\POWRPROF.dll
0x00007ffffff60000 - 0x00007ffffff96000 	C:\WINDOWS\SYSTEM32\WINMM.dll
0x00007ff800010000 - 0x00007ff80001b000 	C:\WINDOWS\SYSTEM32\VERSION.dll
0x00007ff8078e0000 - 0x00007ff8078f4000 	C:\WINDOWS\SYSTEM32\UMPDC.dll
0x00007ff8069e0000 - 0x00007ff8069fb000 	C:\WINDOWS\SYSTEM32\kernel.appcore.dll
0x00007fffffdc0000 - 0x00007fffffdca000 	C:\Program Files\Android\Android Studio1\jbr\bin\jimage.dll
0x00007ffffa040000 - 0x00007ffffa282000 	C:\WINDOWS\SYSTEM32\DBGHELP.DLL
0x00007ff80aac0000 - 0x00007ff80ae43000 	C:\WINDOWS\System32\combase.dll
0x00007ff80a770000 - 0x00007ff80a849000 	C:\WINDOWS\System32\OLEAUT32.dll
0x00007fffecc20000 - 0x00007fffecc5b000 	C:\WINDOWS\SYSTEM32\dbgcore.DLL
0x00007ff807c50000 - 0x00007ff807cf8000 	C:\WINDOWS\System32\bcryptPrimitives.dll
0x00007ffff37f0000 - 0x00007ffff37fe000 	C:\Program Files\Android\Android Studio1\jbr\bin\instrument.dll
0x00007ffffcfc0000 - 0x00007ffffcfe0000 	C:\Program Files\Android\Android Studio1\jbr\bin\java.dll
0x00007ffff37c0000 - 0x00007ffff37d8000 	C:\Program Files\Android\Android Studio1\jbr\bin\zip.dll
0x00007ff8092e0000 - 0x00007ff809a4e000 	C:\WINDOWS\System32\SHELL32.dll
0x00007ff807fd0000 - 0x00007ff80883c000 	C:\WINDOWS\System32\windows.storage.dll
0x00007ff80a850000 - 0x00007ff80a946000 	C:\WINDOWS\System32\SHCORE.dll
0x00007ff80a950000 - 0x00007ff80a9b6000 	C:\WINDOWS\System32\shlwapi.dll
0x00007ff807b70000 - 0x00007ff807b99000 	C:\WINDOWS\SYSTEM32\profapi.dll
0x00007ffff55a0000 - 0x00007ffff55b0000 	C:\Program Files\Android\Android Studio1\jbr\bin\net.dll
0x00007ff801920000 - 0x00007ff801a49000 	C:\WINDOWS\SYSTEM32\WINHTTP.dll
0x00007ff806f50000 - 0x00007ff806fbc000 	C:\WINDOWS\system32\mswsock.dll
0x00007fffe3e40000 - 0x00007fffe3e56000 	C:\Program Files\Android\Android Studio1\jbr\bin\nio.dll
0x00007fffde530000 - 0x00007fffde540000 	C:\Program Files\Android\Android Studio1\jbr\bin\verify.dll
0x00007fffa09e0000 - 0x00007fffa0a07000 	C:\Users\dasun\.gradle\native\660c5614fbf4a5f2a75b1949f50a0caf5cd603558e7d8a26e50b933a0cfb79d1\windows-amd64\native-platform.dll
0x00007fffe0560000 - 0x00007fffe05d7000 	C:\Users\dasun\.gradle\native\0.2.8\x86_64-windows-gnu\gradle-fileevents.dll
0x00007ffff2ac0000 - 0x00007ffff2ac9000 	C:\Program Files\Android\Android Studio1\jbr\bin\management.dll
0x00007fffe3e90000 - 0x00007fffe3e9b000 	C:\Program Files\Android\Android Studio1\jbr\bin\management_ext.dll
0x00007ff809a70000 - 0x00007ff809a78000 	C:\WINDOWS\System32\PSAPI.DLL
0x00007ff806420000 - 0x00007ff806452000 	C:\WINDOWS\SYSTEM32\IPHLPAPI.DLL
0x00007ff809070000 - 0x00007ff80907a000 	C:\WINDOWS\System32\NSI.dll
0x00007ffff37b0000 - 0x00007ffff37b9000 	C:\Program Files\Android\Android Studio1\jbr\bin\extnet.dll
0x00007ff807240000 - 0x00007ff80725b000 	C:\WINDOWS\SYSTEM32\CRYPTSP.dll
0x00007ff806940000 - 0x00007ff806979000 	C:\WINDOWS\system32\rsaenh.dll
0x00007ff807000000 - 0x00007ff807033000 	C:\WINDOWS\SYSTEM32\USERENV.dll
0x00007ff807b40000 - 0x00007ff807b6a000 	C:\WINDOWS\SYSTEM32\bcrypt.dll
0x00007ff807230000 - 0x00007ff80723c000 	C:\WINDOWS\SYSTEM32\CRYPTBASE.dll
0x00007fffc3d30000 - 0x00007fffc3d38000 	C:\WINDOWS\system32\wshunix.dll

JVMTI agents:
C:\Users\dasun\.gradle\wrapper\dists\gradle-9.3.1-bin\23ovyewtku6u96viwx3xl3oks\gradle-9.3.1\lib\agents\gradle-instrumentation-agent-9.3.1.jar path:C:\Program Files\Android\Android Studio1\jbr\bin\instrument.dll, loaded, initialized, instrumentlib options:none

dbghelp: loaded successfully - version: 4.0.5 - missing functions: none
symbol engine: initialized successfully - sym options: 0x614 - pdb path: .;C:\Program Files\Android\Android Studio1\jbr\bin;C:\WINDOWS\SYSTEM32;C:\WINDOWS\WinSxS\amd64_microsoft.windows.common-controls_6595b64144ccf1df_6.0.26100.8328_none_3e08182ce334b678;C:\Program Files\Android\Android Studio1\jbr\bin\server;C:\Users\dasun\.gradle\native\660c5614fbf4a5f2a75b1949f50a0caf5cd603558e7d8a26e50b933a0cfb79d1\windows-amd64;C:\Users\dasun\.gradle\native\0.2.8\x86_64-windows-gnu

VM Arguments:
jvm_args: --add-opens=java.base/java.lang=ALL-UNNAMED --add-opens=java.base/java.lang.invoke=ALL-UNNAMED --add-opens=java.base/java.util=ALL-UNNAMED --add-opens=java.prefs/java.util.prefs=ALL-UNNAMED --add-exports=jdk.compiler/com.sun.tools.javac.api=ALL-UNNAMED --add-exports=jdk.compiler/com.sun.tools.javac.util=ALL-UNNAMED --add-opens=java.base/java.util=ALL-UNNAMED --add-opens=java.prefs/java.util.prefs=ALL-UNNAMED --add-opens=java.base/java.nio.charset=ALL-UNNAMED --add-opens=java.base/java.net=ALL-UNNAMED --add-opens=java.base/java.util.concurrent=ALL-UNNAMED --add-opens=java.base/java.util.concurrent.atomic=ALL-UNNAMED --add-opens=java.xml/javax.xml.namespace=ALL-UNNAMED --add-opens=java.base/java.time=ALL-UNNAMED -Xmx2048m -Dfile.encoding=UTF-8 -Duser.country=GB -Duser.language=en -Duser.variant -javaagent:C:\Users\dasun\.gradle\wrapper\dists\gradle-9.3.1-bin\23ovyewtku6u96viwx3xl3oks\gradle-9.3.1\lib\agents\gradle-instrumentation-agent-9.3.1.jar 
java_command: org.gradle.launcher.daemon.bootstrap.GradleDaemon 9.3.1
java_class_path (initial): C:\Users\dasun\.gradle\wrapper\dists\gradle-9.3.1-bin\23ovyewtku6u96viwx3xl3oks\gradle-9.3.1\lib\gradle-daemon-main-9.3.1.jar
Launcher Type: SUN_STANDARD

[Global flags]
     intx CICompilerCount                          = 12                                        {product} {ergonomic}
     uint ConcGCThreads                            = 3                                         {product} {ergonomic}
     uint G1ConcRefinementThreads                  = 13                                        {product} {ergonomic}
   size_t G1HeapRegionSize                         = 1048576                                   {product} {ergonomic}
    uintx GCDrainStackTargetSize                   = 64                                        {product} {ergonomic}
   size_t InitialHeapSize                          = 123731968                                 {product} {ergonomic}
   size_t MarkStackSize                            = 4194304                                   {product} {ergonomic}
   size_t MaxHeapSize                              = 2147483648                                {product} {command line}
   size_t MaxNewSize                               = 1287651328                                {product} {ergonomic}
   size_t MinHeapDeltaBytes                        = 1048576                                   {product} {ergonomic}
   size_t MinHeapSize                              = 8388608                                   {product} {ergonomic}
    uintx NonNMethodCodeHeapSize                   = 7602480                                {pd product} {ergonomic}
    uintx NonProfiledCodeHeapSize                  = 122027880                              {pd product} {ergonomic}
    uintx ProfiledCodeHeapSize                     = 122027880                              {pd product} {ergonomic}
    uintx ReservedCodeCacheSize                    = 251658240                              {pd product} {ergonomic}
     bool SegmentedCodeCache                       = true                                      {product} {ergonomic}
   size_t SoftMaxHeapSize                          = 2147483648                             {manageable} {ergonomic}
     bool UseCompressedOops                        = true                           {product lp64_product} {ergonomic}
     bool UseG1GC                                  = true                                      {product} {ergonomic}
     bool UseLargePagesIndividualAllocation        = false                                  {pd product} {ergonomic}

Logging:
Log output configuration:
 #0: stdout all=warning uptime,level,tags foldmultilines=false
 #1: stderr all=off uptime,level,tags foldmultilines=false

Release file:
JAVA_VERSION="21.0.9" 
MODULES="java.base java.compiler java.datatransfer java.xml java.prefs java.desktop java.instrument java.logging java.management java.security.sasl java.naming java.rmi java.management.rmi java.net.http java.scripting java.security.jgss java.transaction.xa java.sql java.sql.rowset java.xml.crypto java.se java.smartcardio jdk.accessibility jdk.internal.jvmstat jdk.attach jdk.charsets jdk.internal.opt jdk.zipfs jdk.compiler jdk.crypto.ec jdk.crypto.cryptoki jdk.dynalink jdk.hotspot.agent jdk.httpserver jdk.internal.ed jdk.internal.le jdk.internal.vm.ci jdk.jartool jdk.javadoc jdk.jcmd jdk.jdeps jdk.jdwp.agent jdk.jdi jdk.jfr jdk.jlink jdk.jsobject jdk.localedata jdk.management jdk.management.agent jdk.management.jfr jdk.naming.dns jdk.naming.rmi jdk.net jdk.sctp jdk.security.auth jdk.security.jgss jdk.unsupported jdk.unsupported.desktop jdk.xml.dom" 
IMPLEMENTOR="JetBrains s.r.o." 
JAVA_RUNTIME_VERSION="21.0.9+-14787801-b1163.94" 
LIBC="default" 
OS_ARCH="x86_64" 
OS_NAME="Windows" 
SOURCE=".:git:0c757ddc9f2f" 

Environment Variables:
PATH=C:\Program Files\Common Files\Oracle\Java\javapath;C:\Program Files (x86)\NVIDIA Corporation\PhysX\Common;C:\Program Files\OpenLogic\jdk-11.0.23.9-hotspot\bin;C:\WINDOWS\system32;C:\WINDOWS;C:\WINDOWS\System32\Wbem;C:\WINDOWS\System32\WindowsPowerShell\v1.0\;C:\WINDOWS\System32\OpenSSH\;C:\Program Files\Git\cmd;D:\dev\flutter\bin;C:\Program Files (x86)\Windows Kits\10\Windows Performance Toolkit\;C:\Program Files\Microsoft SQL Server\150\Tools\Binn\;C:\Program Files\Microsoft SQL Server\Client SDK\ODBC\170\Tools\Binn\;C:\Program Files\dotnet\;C:\Program Files (x86)\Microsoft SQL Server\160\Tools\Binn\;C:\Program Files\Microsoft SQL Server\160\Tools\Binn\;C:\Program Files\Microsoft SQL Server\160\DTS\Binn\;C:\Program Files (x86)\Microsoft SQL Server\160\DTS\Binn\;c:\Users\dasun\AppData\Local\Programs\cursor\resources\app\bin;C:\WINDOWS\system32;C:\WINDOWS;C:\WINDOWS\System32\Wbem;C:\WINDOWS\System32\WindowsPowerShell\v1.0\;C:\WINDOWS\System32\OpenSSH\;C:\Users\dasun\AppData\Local\nvm;C:\nvm4w\nodejs;C:\Program Files\Docker\Docker\resources\bin;C:\Program Files\GitHub CLI\;C:\Users\dasun\AppData\Local\Programs\Python\Python313\Scripts\;C:\Users\dasun\AppData\Local\Programs\Python\Python313\;C:\Users\dasun\AppData\Local\Programs\Python\Launcher\;C:\Users\dasun\AppData\Local\Microsoft\WindowsApps;C:\Users\dasun\AppData\Roaming\npm;C:\Program Files\OpenLogic\jdk-11.0.23.9-hotspot\bin;D:\dev\flutter\bin;C:\Users\dasun\.dotnet\tools;C:\Users\dasun\AppData\Local\Microsoft\WinGet\Packages\Schniz.fnm_Microsoft.Winget.Source_8wekyb3d8bbwe;C:\Users\dasun\AppData\Local\Programs\Microsoft VS Code\bin;C:\Users\dasun\AppData\Local\GitHubDesktop\bin;C:\Users\dasun\AppData\Local\Programs\Antigravity\bin;C:\Users\dasun\AppData\Local\nvm;C:\nvm4w\nodejs
USERNAME=dasun
OS=Windows_NT
PROCESSOR_IDENTIFIER=AMD64 Family 23 Model 104 Stepping 1, AuthenticAMD
TMP=C:\Users\dasun\AppData\Local\Temp
TEMP=C:\Users\dasun\AppData\Local\Temp




Periodic native trim disabled

JNI global refs:
JNI global refs: 33, weak refs: 0

JNI global refs memory usage: 835, weak refs: 833

Process memory usage:
Resident Set Size: 284876K (3% of 7694920K total physical memory with 619096K free physical memory)

OOME stack traces (most recent first):
Classloader memory used:
Loader org.gradle.internal.classloader.VisitableURLClassLoader                         : 28958K
Loader bootstrap                                                                       : 21611K
Loader org.gradle.initialization.MixInLegacyTypesClassLoader                           : 7493K
Loader jdk.internal.loader.ClassLoaders$AppClassLoader                                 : 229K
Loader jdk.internal.loader.ClassLoaders$PlatformClassLoader                            : 145K
Loader org.gradle.groovy.scripts.internal.DefaultScriptCompilationHandler$ScriptClassLoader: 104K
Loader org.gradle.internal.classloader.VisitableURLClassLoader                         : 21928B
Loader org.gradle.internal.classloader.VisitableURLClassLoader$InstrumentingVisitableURLClassLoader: 16184B
Loader jdk.internal.reflect.DelegatingClassLoader                                      : 10608B

Classes loaded by more than one classloader:
Class org.gradle.internal.classloader.FilteringClassLoader                            : loaded 2 times (x 105B)
Class org.gradle.internal.classloader.ClassLoaderHierarchy                            : loaded 2 times (x 70B)
Class org.gradle.api.internal.classpath.ManifestUtil                                  : loaded 2 times (x 71B)
Class org.gradle.internal.classloader.DefaultClassLoaderFactory                       : loaded 2 times (x 82B)
Class org.gradle.internal.classloader.ClassLoaderVisitor                              : loaded 2 times (x 76B)
Class org.gradle.api.internal.classpath.EffectiveClassPath                            : loaded 2 times (x 90B)
Class org.gradle.api.internal.DefaultClassPathProvider                                : loaded 2 times (x 76B)
Class [Lorg.gradle.api.internal.ClassPathProvider;                                    : loaded 2 times (x 69B)
Class org.gradle.api.internal.ClassPathProvider                                       : loaded 2 times (x 70B)
Class org.gradle.internal.service.UnknownServiceException                             : loaded 2 times (x 83B)
Class ijJvmDebugger1_3fgixnx5hl6y326d3mq1aqs2s$_run_closure1                          : loaded 2 times (x 139B)
Class org.gradle.internal.classpath.TransformedClassPath                              : loaded 2 times (x 96B)
Class org.gradle.internal.classloader.InstrumentingClassLoader                        : loaded 2 times (x 70B)
Class org.gradle.internal.service.ServiceLocator                                      : loaded 2 times (x 70B)
Class ijKotlinCoroutineJvmDebugInit1_esovh0iv1dx0vlgpe4p6ut3ug                        : loaded 2 times (x 171B)
Class ijJvmDebugger1_3fgixnx5hl6y326d3mq1aqs2s$_run_closure1$_closure2                : loaded 2 times (x 140B)
Class ijJvmDebugger1_3fgixnx5hl6y326d3mq1aqs2s                                        : loaded 2 times (x 171B)
Class org.gradle.internal.classloader.ClasspathUtil$1                                 : loaded 2 times (x 76B)
Class org.gradle.api.internal.classpath.DefaultModuleRegistry$DefaultModule           : loaded 2 times (x 86B)
Class org.gradle.api.internal.classpath.Module                                        : loaded 2 times (x 70B)
Class org.gradle.api.internal.classpath.UnknownModuleException                        : loaded 2 times (x 82B)
Class org.gradle.api.internal.DefaultClassPathRegistry                                : loaded 2 times (x 76B)
Class org.gradle.api.internal.ClassPathRegistry                                       : loaded 2 times (x 70B)
Class org.gradle.internal.classpath.DefaultClassPath$ImmutableUniqueList              : loaded 2 times (x 199B)
Class org.gradle.internal.classpath.ClassPath                                         : loaded 2 times (x 70B)
Class org.gradle.api.internal.classpath.ModuleRegistry                                : loaded 2 times (x 70B)
Class org.gradle.internal.installation.GradleInstallation$1                           : loaded 2 times (x 75B)
Class org.gradle.api.internal.classpath.DefaultModuleRegistry                         : loaded 2 times (x 86B)
Class org.gradle.internal.service.ServiceLookupException                              : loaded 2 times (x 82B)
Class ijKotlinCoroutineJvmDebugInit1_esovh0iv1dx0vlgpe4p6ut3ug$_run_closure1$_closure2: loaded 2 times (x 139B)
Class org.gradle.internal.classloader.ClassLoaderFactory                              : loaded 2 times (x 70B)
Class org.gradle.internal.service.CachingServiceLocator                               : loaded 2 times (x 82B)
Class ijKotlinCoroutineJvmDebugInit1_esovh0iv1dx0vlgpe4p6ut3ug$_run_closure1          : loaded 2 times (x 139B)
Class org.gradle.internal.classloader.ClasspathUtil                                   : loaded 2 times (x 71B)
Class org.gradle.api.specs.Spec                                                       : loaded 2 times (x 70B)
Class org.gradle.internal.classloader.VisitableURLClassLoader$InstrumentingVisitableURLClassLoader: loaded 2 times (x 123B)
Class org.gradle.internal.classloader.VisitableURLClassLoader$Spec                    : loaded 2 times (x 74B)
Class org.gradle.internal.classpath.DefaultClassPath                                  : loaded 2 times (x 90B)
Class org.gradle.internal.classloader.ClassLoaderSpec                                 : loaded 2 times (x 71B)
Class org.gradle.internal.classloader.VisitableURLClassLoader                         : loaded 2 times (x 117B)
Class org.gradle.internal.Cast                                                        : loaded 2 times (x 71B)
Class org.gradle.api.Action                                                           : loaded 2 times (x 70B)
Class org.gradle.internal.classpath.DefaultClassPath$ImmutableUniqueList$Builder      : loaded 2 times (x 75B)
Class org.gradle.api.GradleException                                                  : loaded 2 times (x 82B)
Class org.gradle.internal.IoActions                                                   : loaded 2 times (x 71B)
Class org.gradle.internal.classloader.SystemClassLoaderSpec                           : loaded 2 times (x 71B)
Class org.gradle.api.internal.classpath.GlobalCacheRootsProvider                      : loaded 2 times (x 70B)
Class org.gradle.internal.installation.CurrentGradleInstallationLocator               : loaded 2 times (x 71B)
Class org.gradle.internal.service.DefaultServiceLocator                               : loaded 2 times (x 83B)
Class org.gradle.internal.installation.CurrentGradleInstallation                      : loaded 2 times (x 73B)
Class org.gradle.util.internal.GUtil                                                  : loaded 2 times (x 71B)
Class org.gradle.internal.installation.GradleInstallation                             : loaded 2 times (x 75B)

---------------  S Y S T E M  ---------------

OS:
 Windows 11 , 64 bit Build 26100 (10.0.26100.8328)
OS uptime: 6 days 15:47 hours
Hyper-V role detected

CPU: total 16 (initial active 16) (16 cores per cpu, 2 threads per core) family 23 model 104 stepping 1 microcode 0x8608108, cx8, cmov, fxsr, ht, mmx, 3dnowpref, sse, sse2, sse3, ssse3, sse4a, sse4.1, sse4.2, popcnt, lzcnt, tsc, tscinvbit, avx, avx2, aes, clmul, bmi1, bmi2, adx, sha, fma, vzeroupper, clflush, clflushopt, hv, rdtscp, rdpid, f16c
Processor Information for the first 16 processors :
  Max Mhz: 1801, Current Mhz: 1801, Mhz Limit: 1801

Memory: 4k page, system-wide physical 7514M (603M free)
TotalPageFile size 19562M (AvailPageFile size 30M)
current process WorkingSet (physical memory assigned to process): 281M, peak: 315M
current process commit charge ("private bytes"): 336M, peak: 366M

vm_info: OpenJDK 64-Bit Server VM (21.0.9+-14787801-b1163.94) for windows-amd64 JRE (21.0.9+-14787801-b1163.94), built on 2026-01-27T21:15:44Z by "builder" with MS VC++ 16.10 / 16.11 (VS2019)

END.
