#
# There is insufficient memory for the Java Runtime Environment to continue.
# Native memory allocation (mmap) failed to map 14680064 bytes. Error detail: G1 virtual space
# Possible reasons:
#   The system is out of physical RAM or swap space
#   This process is running with CompressedOops enabled, and the Java Heap may be blocking the growth of the native heap
# Possible solutions:
#   Reduce memory load on the system
#   Increase physical memory or swap space
#   Check if swap backing store is full
#   Decrease Java heap size (-Xmx/-Xms)
#   Decrease number of Java threads
#   Decrease Java thread stack sizes (-Xss)
#   Set larger code cache with -XX:ReservedCodeCacheSize=
#   JVM is running with Unscaled Compressed Oops mode in which the Java heap is
#     placed in the first 4GB address space. The Java Heap base address is the
#     maximum limit for the native heap growth. Please use -XX:HeapBaseMinAddress
#     to set the Java Heap base and to place the Java Heap above 4GB virtual address.
# This output file may be truncated or incomplete.
#
#  Out of Memory Error (os_windows.cpp:3925), pid=9988, tid=28148
#
# JRE version: OpenJDK Runtime Environment (21.0.9) (build 21.0.9+-14787801-b1163.94)
# Java VM: OpenJDK 64-Bit Server VM (21.0.9+-14787801-b1163.94, mixed mode, tiered, compressed oops, compressed class ptrs, g1 gc, windows-amd64)
# No core dump will be written. Minidumps are not enabled by default on client versions of Windows
#

---------------  S U M M A R Y ------------

Command Line: --add-opens=java.base/java.lang=ALL-UNNAMED --add-opens=java.base/java.lang.invoke=ALL-UNNAMED --add-opens=java.base/java.util=ALL-UNNAMED --add-opens=java.prefs/java.util.prefs=ALL-UNNAMED --add-exports=jdk.compiler/com.sun.tools.javac.api=ALL-UNNAMED --add-exports=jdk.compiler/com.sun.tools.javac.util=ALL-UNNAMED --add-opens=java.base/java.util=ALL-UNNAMED --add-opens=java.prefs/java.util.prefs=ALL-UNNAMED --add-opens=java.base/java.nio.charset=ALL-UNNAMED --add-opens=java.base/java.net=ALL-UNNAMED --add-opens=java.base/java.util.concurrent=ALL-UNNAMED --add-opens=java.base/java.util.concurrent.atomic=ALL-UNNAMED --add-opens=java.xml/javax.xml.namespace=ALL-UNNAMED --add-opens=java.base/java.time=ALL-UNNAMED -Xmx2048m -Dfile.encoding=UTF-8 -Duser.country=GB -Duser.language=en -Duser.variant -javaagent:C:\Users\dasun\.gradle\wrapper\dists\gradle-9.3.1-bin\23ovyewtku6u96viwx3xl3oks\gradle-9.3.1\lib\agents\gradle-instrumentation-agent-9.3.1.jar org.gradle.launcher.daemon.bootstrap.GradleDaemon 9.3.1

Host: AMD Ryzen 7 5700U with Radeon Graphics         , 16 cores, 7G,  Windows 11 , 64 bit Build 26100 (10.0.26100.8328)
Time: Fri May 22 22:25:35 2026 Sri Lanka Standard Time elapsed time: 24.980498 seconds (0d 0h 0m 24s)

---------------  T H R E A D  ---------------

Current thread (0x00000282ff295450):  VMThread "VM Thread"          [id=28148, stack(0x000000e5feb00000,0x000000e5fec00000) (1024K)]

Stack: [0x000000e5feb00000,0x000000e5fec00000]
Native frames: (J=compiled Java code, j=interpreted, Vv=VM code, C=native code)
V  [jvm.dll+0x6d6c99]
V  [jvm.dll+0x866b83]
V  [jvm.dll+0x8691ae]
V  [jvm.dll+0x869893]
V  [jvm.dll+0x280776]
V  [jvm.dll+0x6d3555]
V  [jvm.dll+0x6c6bea]
V  [jvm.dll+0x3587fb]
V  [jvm.dll+0x360476]
V  [jvm.dll+0x3b2646]
V  [jvm.dll+0x3b2918]
V  [jvm.dll+0x32af0c]
V  [jvm.dll+0x32d916]
V  [jvm.dll+0x3377ed]
V  [jvm.dll+0x36ef55]
V  [jvm.dll+0x86f618]
V  [jvm.dll+0x870994]
V  [jvm.dll+0x870ed0]
V  [jvm.dll+0x871163]
V  [jvm.dll+0x80f118]
V  [jvm.dll+0x6d54ed]
C  [ucrtbase.dll+0x37b0]
C  [KERNEL32.DLL+0x2e957]
C  [ntdll.dll+0x427c]

VM_Operation (0x000000e5fe6ff890): G1PauseRemark, mode: safepoint, requested by thread 0x00000282e6f1a980


---------------  P R O C E S S  ---------------

Threads class SMR info:
_java_thread_list=0x0000028286bfce80, length=78, elements={
0x00000282e6eae590, 0x00000282ff31be80, 0x00000282ff3200b0, 0x00000282ff346c50,
0x00000282ff35ecc0, 0x00000282ff35ff30, 0x00000282ff360990, 0x00000282ff369400,
0x00000282ff34a790, 0x00000282ff39cd00, 0x00000282ff54e1c0, 0x00000282ff556860,
0x00000282ff780d70, 0x0000028284f04070, 0x0000028284b1cee0, 0x000002828633ec80,
0x00000282863874a0, 0x0000028286387ee0, 0x0000028286454d30, 0x0000028286352030,
0x0000028286354790, 0x0000028286351310, 0x0000028286353a70, 0x00000282863533e0,
0x00000282863519a0, 0x00000282863526c0, 0x0000028287ad9520, 0x0000028287ada8d0,
0x0000028287adaf60, 0x0000028287adb5f0, 0x0000028287ad8e90, 0x0000028287adc310,
0x0000028287add6c0, 0x0000028287ada240, 0x0000028287add030, 0x0000028287ade3e0,
0x0000028287addd50, 0x0000028287adf100, 0x0000028287adea70, 0x0000028287adbc80,
0x0000028287adf790, 0x0000028287adfe20, 0x0000028287adc9a0, 0x0000028287ae04b0,
0x0000028285761520, 0x000002828575f450, 0x000002828575e730, 0x000002828575e0a0,
0x000002828575fae0, 0x0000028285760800, 0x0000028285760e90, 0x0000028285761bb0,
0x000002828575edc0, 0x00000282857628d0, 0x0000028285762f60, 0x00000282857635f0,
0x0000028285760170, 0x0000028285763c80, 0x0000028285764310, 0x00000282857656c0,
0x00000282857649a0, 0x0000028285765030, 0x00000282ff82caa0, 0x00000282ff82b6f0,
0x00000282ff82b060, 0x00000282ff82eb70, 0x00000282ff82bd80, 0x00000282ff82c410,
0x00000282ff8305b0, 0x00000282ff82d130, 0x00000282ff82e4e0, 0x00000282ff82d7c0,
0x00000282ff82de50, 0x00000282ff82f890, 0x00000282ff82ff20, 0x00000282ff82f200,
0x00000282ff832680, 0x00000282ff830c40
}

Java Threads: ( => current thread )
  0x00000282e6eae590 JavaThread "main"                              [_thread_blocked, id=25372, stack(0x000000e5fe400000,0x000000e5fe500000) (1024K)]
  0x00000282ff31be80 JavaThread "Common-Cleaner"             daemon [_thread_blocked, id=23616, stack(0x000000e5fec00000,0x000000e5fed00000) (1024K)]
  0x00000282ff3200b0 JavaThread "Reference Handler"          daemon [_thread_blocked, id=10204, stack(0x000000e5fed00000,0x000000e5fee00000) (1024K)]
  0x00000282ff346c50 JavaThread "Finalizer"                  daemon [_thread_blocked, id=8620, stack(0x000000e5fee00000,0x000000e5fef00000) (1024K)]
  0x00000282ff35ecc0 JavaThread "Signal Dispatcher"          daemon [_thread_blocked, id=26980, stack(0x000000e5fef00000,0x000000e5ff000000) (1024K)]
  0x00000282ff35ff30 JavaThread "Attach Listener"            daemon [_thread_blocked, id=19892, stack(0x000000e5ff000000,0x000000e5ff100000) (1024K)]
  0x00000282ff360990 JavaThread "Service Thread"             daemon [_thread_blocked, id=19644, stack(0x000000e5ff100000,0x000000e5ff200000) (1024K)]
  0x00000282ff369400 JavaThread "Monitor Deflation Thread"   daemon [_thread_blocked, id=13728, stack(0x000000e5ff200000,0x000000e5ff300000) (1024K)]
  0x00000282ff34a790 JavaThread "C2 CompilerThread0"         daemon [_thread_blocked, id=16244, stack(0x000000e5ff300000,0x000000e5ff400000) (1024K)]
  0x00000282ff39cd00 JavaThread "C1 CompilerThread0"         daemon [_thread_blocked, id=25712, stack(0x000000e5ff400000,0x000000e5ff500000) (1024K)]
  0x00000282ff54e1c0 JavaThread "C1 CompilerThread1"         daemon [_thread_blocked, id=12700, stack(0x000000e5ff500000,0x000000e5ff600000) (1024K)]
  0x00000282ff556860 JavaThread "C1 CompilerThread2"         daemon [_thread_blocked, id=29136, stack(0x000000e5ff600000,0x000000e5ff700000) (1024K)]
  0x00000282ff780d70 JavaThread "Notification Thread"        daemon [_thread_blocked, id=16036, stack(0x000000e5ff800000,0x000000e5ff900000) (1024K)]
  0x0000028284f04070 JavaThread "Daemon health stats"               [_thread_blocked, id=20872, stack(0x000000e5fff00000,0x000000e600000000) (1024K)]
  0x0000028284b1cee0 JavaThread "Incoming local TCP Connector on port 59552"        [_thread_in_native, id=16568, stack(0x000000e580000000,0x000000e580100000) (1024K)]
  0x000002828633ec80 JavaThread "Daemon periodic checks"            [_thread_blocked, id=20576, stack(0x000000e580100000,0x000000e580200000) (1024K)]
  0x00000282863874a0 JavaThread "Daemon"                            [_thread_blocked, id=15456, stack(0x000000e580200000,0x000000e580300000) (1024K)]
  0x0000028286387ee0 JavaThread "Handler for socket connection from /127.0.0.1:59552 to /127.0.0.1:59553"        [_thread_in_native, id=3404, stack(0x000000e580300000,0x000000e580400000) (1024K)]
  0x0000028286454d30 JavaThread "Cancel handler"                    [_thread_blocked, id=17212, stack(0x000000e580d00000,0x000000e580e00000) (1024K)]
  0x0000028286352030 JavaThread "Daemon worker"                     [_thread_blocked, id=24232, stack(0x000000e580e00000,0x000000e580f00000) (1024K)]
  0x0000028286354790 JavaThread "Asynchronous log dispatcher for DefaultDaemonConnection: socket connection from /127.0.0.1:59552 to /127.0.0.1:59553"        [_thread_blocked, id=7136, stack(0x000000e580f00000,0x000000e581000000) (1024K)]
  0x0000028286351310 JavaThread "Stdin handler"                     [_thread_blocked, id=1836, stack(0x000000e581000000,0x000000e581100000) (1024K)]
  0x0000028286353a70 JavaThread "Daemon client event forwarder"        [_thread_blocked, id=2616, stack(0x000000e581100000,0x000000e581200000) (1024K)]
  0x00000282863533e0 JavaThread "Cache worker for journal cache (C:\Users\dasun\.gradle\caches\journal-1)"        [_thread_blocked, id=5116, stack(0x000000e581200000,0x000000e581300000) (1024K)]
  0x00000282863519a0 JavaThread "File lock request listener"        [_thread_in_native, id=14424, stack(0x000000e581300000,0x000000e581400000) (1024K)]
  0x00000282863526c0 JavaThread "Cache worker for file hash cache (C:\Users\dasun\.gradle\caches\9.3.1\fileHashes)"        [_thread_blocked, id=22376, stack(0x000000e581400000,0x000000e581500000) (1024K)]
  0x0000028287ad9520 JavaThread "Cache worker for file hash cache (D:\EcoCycleConnect\.gradle\9.3.1\fileHashes)"        [_thread_blocked, id=28268, stack(0x000000e581600000,0x000000e581700000) (1024K)]
  0x0000028287ada8d0 JavaThread "Cache worker for Build Output Cleanup Cache (D:\EcoCycleConnect\.gradle\buildOutputCleanup)"        [_thread_blocked, id=21944, stack(0x000000e581700000,0x000000e581800000) (1024K)]
  0x0000028287adaf60 JavaThread "File watcher server"        daemon [_thread_in_native, id=23324, stack(0x000000e581500000,0x000000e581600000) (1024K)]
  0x0000028287adb5f0 JavaThread "File watcher consumer"      daemon [_thread_blocked, id=6796, stack(0x000000e581800000,0x000000e581900000) (1024K)]
  0x0000028287ad8e90 JavaThread "File lock release action executor"        [_thread_blocked, id=19348, stack(0x000000e581a00000,0x000000e581b00000) (1024K)]
  0x0000028287adc310 JavaThread "jar transforms"                    [_thread_blocked, id=16120, stack(0x000000e581b00000,0x000000e581c00000) (1024K)]
  0x0000028287add6c0 JavaThread "jar transforms Thread 2"           [_thread_blocked, id=24808, stack(0x000000e581c00000,0x000000e581d00000) (1024K)]
  0x0000028287ada240 JavaThread "jar transforms Thread 3"           [_thread_blocked, id=28064, stack(0x000000e581d00000,0x000000e581e00000) (1024K)]
  0x0000028287add030 JavaThread "jar transforms Thread 4"           [_thread_blocked, id=400, stack(0x000000e581e00000,0x000000e581f00000) (1024K)]
  0x0000028287ade3e0 JavaThread "jar transforms Thread 5"           [_thread_blocked, id=12692, stack(0x000000e581f00000,0x000000e582000000) (1024K)]
  0x0000028287addd50 JavaThread "jar transforms Thread 6"           [_thread_blocked, id=21052, stack(0x000000e582000000,0x000000e582100000) (1024K)]
  0x0000028287adf100 JavaThread "jar transforms Thread 7"           [_thread_blocked, id=22668, stack(0x000000e582100000,0x000000e582200000) (1024K)]
  0x0000028287adea70 JavaThread "jar transforms Thread 8"           [_thread_blocked, id=27100, stack(0x000000e582200000,0x000000e582300000) (1024K)]
  0x0000028287adbc80 JavaThread "jar transforms Thread 9"           [_thread_blocked, id=23296, stack(0x000000e582300000,0x000000e582400000) (1024K)]
  0x0000028287adf790 JavaThread "jar transforms Thread 10"          [_thread_blocked, id=25780, stack(0x000000e582400000,0x000000e582500000) (1024K)]
  0x0000028287adfe20 JavaThread "jar transforms Thread 11"          [_thread_blocked, id=22792, stack(0x000000e582500000,0x000000e582600000) (1024K)]
  0x0000028287adc9a0 JavaThread "jar transforms Thread 12"          [_thread_blocked, id=5032, stack(0x000000e582600000,0x000000e582700000) (1024K)]
  0x0000028287ae04b0 JavaThread "jar transforms Thread 13"          [_thread_blocked, id=9824, stack(0x000000e582700000,0x000000e582800000) (1024K)]
  0x0000028285761520 JavaThread "jar transforms Thread 14"          [_thread_blocked, id=24260, stack(0x000000e582800000,0x000000e582900000) (1024K)]
  0x000002828575f450 JavaThread "jar transforms Thread 15"          [_thread_blocked, id=9700, stack(0x000000e582900000,0x000000e582a00000) (1024K)]
  0x000002828575e730 JavaThread "jar transforms Thread 16"          [_thread_blocked, id=7612, stack(0x000000e582a00000,0x000000e582b00000) (1024K)]
  0x000002828575e0a0 JavaThread "Cache worker for checksums cache (D:\EcoCycleConnect\.gradle\9.3.1\checksums)"        [_thread_blocked, id=18524, stack(0x000000e582b00000,0x000000e582c00000) (1024K)]
  0x000002828575fae0 JavaThread "Cache worker for file content cache (C:\Users\dasun\.gradle\caches\9.3.1\fileContent)"        [_thread_blocked, id=15036, stack(0x000000e582c00000,0x000000e582d00000) (1024K)]
  0x0000028285760800 JavaThread "Cache worker for cache directory md-supplier (C:\Users\dasun\.gradle\caches\9.3.1\md-supplier)"        [_thread_blocked, id=23440, stack(0x000000e581900000,0x000000e581a00000) (1024K)]
  0x0000028285760e90 JavaThread "Cache worker for cache directory md-rule (C:\Users\dasun\.gradle\caches\9.3.1\md-rule)"        [_thread_blocked, id=24072, stack(0x000000e582d00000,0x000000e582e00000) (1024K)]
  0x0000028285761bb0 JavaThread "Unconstrained build operations"        [_thread_blocked, id=19252, stack(0x000000e582f00000,0x000000e583000000) (1024K)]
  0x000002828575edc0 JavaThread "Unconstrained build operations Thread 2"        [_thread_blocked, id=5568, stack(0x000000e583000000,0x000000e583100000) (1024K)]
  0x00000282857628d0 JavaThread "Unconstrained build operations Thread 3"        [_thread_blocked, id=25012, stack(0x000000e583100000,0x000000e583200000) (1024K)]
  0x0000028285762f60 JavaThread "Unconstrained build operations Thread 4"        [_thread_blocked, id=25328, stack(0x000000e583200000,0x000000e583300000) (1024K)]
  0x00000282857635f0 JavaThread "Unconstrained build operations Thread 5"        [_thread_blocked, id=20404, stack(0x000000e583300000,0x000000e583400000) (1024K)]
  0x0000028285760170 JavaThread "Unconstrained build operations Thread 6"        [_thread_blocked, id=4940, stack(0x000000e583400000,0x000000e583500000) (1024K)]
  0x0000028285763c80 JavaThread "Unconstrained build operations Thread 7"        [_thread_blocked, id=19096, stack(0x000000e583500000,0x000000e583600000) (1024K)]
  0x0000028285764310 JavaThread "Unconstrained build operations Thread 8"        [_thread_blocked, id=7972, stack(0x000000e583600000,0x000000e583700000) (1024K)]
  0x00000282857656c0 JavaThread "Unconstrained build operations Thread 9"        [_thread_blocked, id=11424, stack(0x000000e583700000,0x000000e583800000) (1024K)]
  0x00000282857649a0 JavaThread "Unconstrained build operations Thread 10"        [_thread_blocked, id=26848, stack(0x000000e583800000,0x000000e583900000) (1024K)]
  0x0000028285765030 JavaThread "Unconstrained build operations Thread 11"        [_thread_blocked, id=3828, stack(0x000000e583900000,0x000000e583a00000) (1024K)]
  0x00000282ff82caa0 JavaThread "Unconstrained build operations Thread 12"        [_thread_blocked, id=14084, stack(0x000000e583a00000,0x000000e583b00000) (1024K)]
  0x00000282ff82b6f0 JavaThread "Unconstrained build operations Thread 13"        [_thread_blocked, id=28544, stack(0x000000e583b00000,0x000000e583c00000) (1024K)]
  0x00000282ff82b060 JavaThread "Unconstrained build operations Thread 14"        [_thread_blocked, id=27764, stack(0x000000e583c00000,0x000000e583d00000) (1024K)]
  0x00000282ff82eb70 JavaThread "Unconstrained build operations Thread 15"        [_thread_blocked, id=12640, stack(0x000000e583d00000,0x000000e583e00000) (1024K)]
  0x00000282ff82bd80 JavaThread "Unconstrained build operations Thread 16"        [_thread_blocked, id=28004, stack(0x000000e583e00000,0x000000e583f00000) (1024K)]
  0x00000282ff82c410 JavaThread "Unconstrained build operations Thread 17"        [_thread_blocked, id=10268, stack(0x000000e583f00000,0x000000e584000000) (1024K)]
  0x00000282ff8305b0 JavaThread "Unconstrained build operations Thread 18"        [_thread_blocked, id=6316, stack(0x000000e584000000,0x000000e584100000) (1024K)]
  0x00000282ff82d130 JavaThread "Unconstrained build operations Thread 19"        [_thread_blocked, id=5848, stack(0x000000e584100000,0x000000e584200000) (1024K)]
  0x00000282ff82e4e0 JavaThread "Unconstrained build operations Thread 20"        [_thread_blocked, id=13180, stack(0x000000e584200000,0x000000e584300000) (1024K)]
  0x00000282ff82d7c0 JavaThread "Unconstrained build operations Thread 21"        [_thread_blocked, id=16224, stack(0x000000e584300000,0x000000e584400000) (1024K)]
  0x00000282ff82de50 JavaThread "Unconstrained build operations Thread 22"        [_thread_blocked, id=28892, stack(0x000000e584400000,0x000000e584500000) (1024K)]
  0x00000282ff82f890 JavaThread "Unconstrained build operations Thread 23"        [_thread_blocked, id=15936, stack(0x000000e584500000,0x000000e584600000) (1024K)]
  0x00000282ff82ff20 JavaThread "Unconstrained build operations Thread 24"        [_thread_blocked, id=20996, stack(0x000000e584600000,0x000000e584700000) (1024K)]
  0x00000282ff82f200 JavaThread "Unconstrained build operations Thread 25"        [_thread_blocked, id=24756, stack(0x000000e584700000,0x000000e584800000) (1024K)]
  0x00000282ff832680 JavaThread "Unconstrained build operations Thread 26"        [_thread_blocked, id=23280, stack(0x000000e584800000,0x000000e584900000) (1024K)]
  0x00000282ff830c40 JavaThread "Unconstrained build operations Thread 27"        [_thread_blocked, id=8896, stack(0x000000e584900000,0x000000e584a00000) (1024K)]
Total: 78

Other Threads:
=>0x00000282ff295450 VMThread "VM Thread"                           [id=28148, stack(0x000000e5feb00000,0x000000e5fec00000) (1024K)]
  0x00000282ff0c4c00 WatcherThread "VM Periodic Task Thread"        [id=29084, stack(0x000000e5fea00000,0x000000e5feb00000) (1024K)]
  0x00000282e6f08c50 WorkerThread "GC Thread#0"                     [id=4652, stack(0x000000e5fe500000,0x000000e5fe600000) (1024K)]
  0x0000028284020440 WorkerThread "GC Thread#1"                     [id=29552, stack(0x000000e5ffb00000,0x000000e5ffc00000) (1024K)]
  0x00000282ffc9c0c0 WorkerThread "GC Thread#2"                     [id=14712, stack(0x000000e5ffc00000,0x000000e5ffd00000) (1024K)]
  0x0000028284690460 WorkerThread "GC Thread#3"                     [id=13120, stack(0x000000e5ff900000,0x000000e5ffa00000) (1024K)]
  0x0000028284690c10 WorkerThread "GC Thread#4"                     [id=27408, stack(0x000000e5ffa00000,0x000000e5ffb00000) (1024K)]
  0x00000282847b9d00 WorkerThread "GC Thread#5"                     [id=26472, stack(0x000000e5ffe00000,0x000000e5fff00000) (1024K)]
  0x0000028286541850 WorkerThread "GC Thread#6"                     [id=29508, stack(0x000000e580400000,0x000000e580500000) (1024K)]
  0x00000282865414b0 WorkerThread "GC Thread#7"                     [id=2824, stack(0x000000e580500000,0x000000e580600000) (1024K)]
  0x0000028286541bf0 WorkerThread "GC Thread#8"                     [id=19380, stack(0x000000e580600000,0x000000e580700000) (1024K)]
  0x0000028286541f90 WorkerThread "GC Thread#9"                     [id=8368, stack(0x000000e580700000,0x000000e580800000) (1024K)]
  0x0000028286588570 WorkerThread "GC Thread#10"                    [id=8248, stack(0x000000e580800000,0x000000e580900000) (1024K)]
  0x0000028286589790 WorkerThread "GC Thread#11"                    [id=19604, stack(0x000000e580900000,0x000000e580a00000) (1024K)]
  0x000002828658a9b0 WorkerThread "GC Thread#12"                    [id=15396, stack(0x000000e580a00000,0x000000e580b00000) (1024K)]
  0x00000282e6f1a980 ConcurrentGCThread "G1 Main Marker"            [id=23472, stack(0x000000e5fe600000,0x000000e5fe700000) (1024K)]
  0x00000282e6f1b390 WorkerThread "G1 Conc#0"                       [id=1696, stack(0x000000e5fe700000,0x000000e5fe800000) (1024K)]
  0x0000028286589b30 WorkerThread "G1 Conc#1"                       [id=20764, stack(0x000000e580b00000,0x000000e580c00000) (1024K)]
  0x0000028286587a90 WorkerThread "G1 Conc#2"                       [id=23568, stack(0x000000e580c00000,0x000000e580d00000) (1024K)]
  0x00000282fef929f0 ConcurrentGCThread "G1 Refine#0"               [id=15892, stack(0x000000e5fe800000,0x000000e5fe900000) (1024K)]
  0x00000282fef93210 ConcurrentGCThread "G1 Service"                [id=26528, stack(0x000000e5fe900000,0x000000e5fea00000) (1024K)]
Total: 21

Threads with active compile tasks:
Total: 0

VM state: at safepoint (normal execution)

VM Mutex/Monitor currently owned by a thread:  ([mutex/lock_event])
[0x00007ff994358690] Threads_lock - owner thread: 0x00000282ff295450
[0x00007ff994358790] Heap_lock - owner thread: 0x00000282e6f1a980

Heap address: 0x0000000080000000, size: 2048 MB, Compressed Oops mode: 32-bit

CDS archive(s) not mapped
Compressed class space mapped at: 0x0000000100000000-0x0000000140000000, reserved size: 1073741824
Narrow klass base: 0x0000000000000000, Narrow klass shift: 3, Narrow klass range: 0x140000000

GC Precious Log:
 CardTable entry size: 512
 Card Set container configuration: InlinePtr #cards 5 size 8 Array Of Cards #cards 12 size 40 Howl #buckets 4 coarsen threshold 1843 Howl Bitmap #cards 512 size 80 coarsen threshold 460 Card regions per heap region 1 cards per card region 2048
 CPUs: 16 total, 16 available
 Memory: 7514M
 Large Page Support: Disabled
 NUMA Support: Disabled
 Compressed Oops: Enabled (32-bit)
 Heap Region Size: 1M
 Heap Min Capacity: 8M
 Heap Initial Capacity: 118M
 Heap Max Capacity: 2G
 Pre-touch: Disabled
 Parallel Workers: 13
 Concurrent Workers: 3
 Concurrent Refinement Workers: 13
 Periodic GC: Disabled

Heap:
 garbage-first heap   total 105472K, used 71120K [0x0000000080000000, 0x0000000100000000)
  region size 1024K, 5 young (5120K), 4 survivors (4096K)
 Metaspace       used 57895K, committed 59456K, reserved 1114112K
  class space    used 8180K, committed 8896K, reserved 1048576K

Heap Regions: E=young(eden), S=young(survivor), O=old, HS=humongous(starts), HC=humongous(continues), CS=collection set, F=free, TAMS=top-at-mark-start, PB=parsable bottom
|   0|0x0000000080000000, 0x0000000080100000, 0x0000000080100000|100%|HS|  |TAMS 0x0000000080100000| PB 0x0000000080000000| Complete 
|   1|0x0000000080100000, 0x0000000080200000, 0x0000000080200000|100%|HC|  |TAMS 0x0000000080200000| PB 0x0000000080100000| Complete 
|   2|0x0000000080200000, 0x0000000080300000, 0x0000000080300000|100%|HC|  |TAMS 0x0000000080300000| PB 0x0000000080200000| Complete 
|   3|0x0000000080300000, 0x0000000080400000, 0x0000000080400000|100%|HC|  |TAMS 0x0000000080400000| PB 0x0000000080300000| Complete 
|   4|0x0000000080400000, 0x0000000080500000, 0x0000000080500000|100%| O|  |TAMS 0x0000000080500000| PB 0x0000000080500000| Untracked 
|   5|0x0000000080500000, 0x0000000080600000, 0x0000000080600000|100%| O|  |TAMS 0x0000000080600000| PB 0x0000000080600000| Untracked 
|   6|0x0000000080600000, 0x0000000080700000, 0x0000000080700000|100%| O|  |TAMS 0x0000000080700000| PB 0x0000000080700000| Updating 
|   7|0x0000000080700000, 0x0000000080800000, 0x0000000080800000|100%|HS|  |TAMS 0x0000000080800000| PB 0x0000000080700000| Complete 
|   8|0x0000000080800000, 0x0000000080900000, 0x0000000080900000|100%| O|  |TAMS 0x0000000080900000| PB 0x0000000080900000| Untracked 
|   9|0x0000000080900000, 0x0000000080a00000, 0x0000000080a00000|100%| O|  |TAMS 0x0000000080a00000| PB 0x0000000080a00000| Untracked 
|  10|0x0000000080a00000, 0x0000000080b00000, 0x0000000080b00000|100%| O|  |TAMS 0x0000000080b00000| PB 0x0000000080b00000| Untracked 
|  11|0x0000000080b00000, 0x0000000080c00000, 0x0000000080c00000|100%| O|  |TAMS 0x0000000080c00000| PB 0x0000000080c00000| Untracked 
|  12|0x0000000080c00000, 0x0000000080d00000, 0x0000000080d00000|100%| O|  |TAMS 0x0000000080d00000| PB 0x0000000080d00000| Updating 
|  13|0x0000000080d00000, 0x0000000080e00000, 0x0000000080e00000|100%| O|  |TAMS 0x0000000080e00000| PB 0x0000000080e00000| Untracked 
|  14|0x0000000080e00000, 0x0000000080f00000, 0x0000000080f00000|100%| O|  |TAMS 0x0000000080f00000| PB 0x0000000080f00000| Untracked 
|  15|0x0000000080f00000, 0x0000000081000000, 0x0000000081000000|100%| O|  |TAMS 0x0000000081000000| PB 0x0000000081000000| Untracked 
|  16|0x0000000081000000, 0x0000000081100000, 0x0000000081100000|100%| O|  |TAMS 0x0000000081100000| PB 0x0000000081100000| Untracked 
|  17|0x0000000081100000, 0x0000000081200000, 0x0000000081200000|100%| O|  |TAMS 0x0000000081200000| PB 0x0000000081200000| Untracked 
|  18|0x0000000081200000, 0x0000000081300000, 0x0000000081300000|100%| O|  |TAMS 0x0000000081300000| PB 0x0000000081300000| Untracked 
|  19|0x0000000081300000, 0x0000000081400000, 0x0000000081400000|100%| O|  |TAMS 0x0000000081400000| PB 0x0000000081400000| Untracked 
|  20|0x0000000081400000, 0x0000000081500000, 0x0000000081500000|100%| O|  |TAMS 0x0000000081500000| PB 0x0000000081500000| Untracked 
|  21|0x0000000081500000, 0x0000000081600000, 0x0000000081600000|100%| O|  |TAMS 0x0000000081600000| PB 0x0000000081600000| Updating 
|  22|0x0000000081600000, 0x0000000081700000, 0x0000000081700000|100%| O|  |TAMS 0x0000000081700000| PB 0x0000000081700000| Updating 
|  23|0x0000000081700000, 0x0000000081800000, 0x0000000081800000|100%| O|  |TAMS 0x0000000081800000| PB 0x0000000081800000| Untracked 
|  24|0x0000000081800000, 0x0000000081900000, 0x0000000081900000|100%|HS|  |TAMS 0x0000000081900000| PB 0x0000000081800000| Complete 
|  25|0x0000000081900000, 0x0000000081a00000, 0x0000000081a00000|100%|HC|  |TAMS 0x0000000081a00000| PB 0x0000000081900000| Complete 
|  26|0x0000000081a00000, 0x0000000081b00000, 0x0000000081b00000|100%|HC|  |TAMS 0x0000000081b00000| PB 0x0000000081a00000| Complete 
|  27|0x0000000081b00000, 0x0000000081c00000, 0x0000000081c00000|100%|HC|  |TAMS 0x0000000081c00000| PB 0x0000000081b00000| Complete 
|  28|0x0000000081c00000, 0x0000000081d00000, 0x0000000081d00000|100%|HC|  |TAMS 0x0000000081d00000| PB 0x0000000081c00000| Complete 
|  29|0x0000000081d00000, 0x0000000081e00000, 0x0000000081e00000|100%|HC|  |TAMS 0x0000000081e00000| PB 0x0000000081d00000| Complete 
|  30|0x0000000081e00000, 0x0000000081f00000, 0x0000000081f00000|100%|HS|  |TAMS 0x0000000081f00000| PB 0x0000000081e00000| Complete 
|  31|0x0000000081f00000, 0x0000000082000000, 0x0000000082000000|100%|HC|  |TAMS 0x0000000082000000| PB 0x0000000081f00000| Complete 
|  32|0x0000000082000000, 0x0000000082100000, 0x0000000082100000|100%|HS|  |TAMS 0x0000000082100000| PB 0x0000000082000000| Complete 
|  33|0x0000000082100000, 0x0000000082200000, 0x0000000082200000|100%|HS|  |TAMS 0x0000000082200000| PB 0x0000000082100000| Complete 
|  34|0x0000000082200000, 0x0000000082300000, 0x0000000082300000|100%|HC|  |TAMS 0x0000000082300000| PB 0x0000000082200000| Complete 
|  35|0x0000000082300000, 0x0000000082400000, 0x0000000082400000|100%|HC|  |TAMS 0x0000000082400000| PB 0x0000000082300000| Complete 
|  36|0x0000000082400000, 0x0000000082500000, 0x0000000082500000|100%|HC|  |TAMS 0x0000000082500000| PB 0x0000000082400000| Complete 
|  37|0x0000000082500000, 0x0000000082600000, 0x0000000082600000|100%|HC|  |TAMS 0x0000000082600000| PB 0x0000000082500000| Complete 
|  38|0x0000000082600000, 0x0000000082700000, 0x0000000082700000|100%|HC|  |TAMS 0x0000000082700000| PB 0x0000000082600000| Complete 
|  39|0x0000000082700000, 0x0000000082800000, 0x0000000082800000|100%|HS|  |TAMS 0x0000000082800000| PB 0x0000000082700000| Complete 
|  40|0x0000000082800000, 0x0000000082900000, 0x0000000082900000|100%|HC|  |TAMS 0x0000000082900000| PB 0x0000000082800000| Complete 
|  41|0x0000000082900000, 0x0000000082a00000, 0x0000000082a00000|100%|HS|  |TAMS 0x0000000082a00000| PB 0x0000000082900000| Complete 
|  42|0x0000000082a00000, 0x0000000082b00000, 0x0000000082b00000|100%| O|  |TAMS 0x0000000082b00000| PB 0x0000000082b00000| Untracked 
|  43|0x0000000082b00000, 0x0000000082c00000, 0x0000000082c00000|100%| O|  |TAMS 0x0000000082b00000| PB 0x0000000082b00000| Untracked 
|  44|0x0000000082c00000, 0x0000000082d00000, 0x0000000082d00000|100%| O|  |TAMS 0x0000000082d00000| PB 0x0000000082d00000| Untracked 
|  45|0x0000000082d00000, 0x0000000082e00000, 0x0000000082e00000|100%| O|  |TAMS 0x0000000082e00000| PB 0x0000000082e00000| Untracked 
|  46|0x0000000082e00000, 0x0000000082f00000, 0x0000000082f00000|100%| O|  |TAMS 0x0000000082f00000| PB 0x0000000082f00000| Untracked 
|  47|0x0000000082f00000, 0x0000000083000000, 0x0000000083000000|100%| O|  |TAMS 0x0000000083000000| PB 0x0000000083000000| Untracked 
|  48|0x0000000083000000, 0x0000000083100000, 0x0000000083100000|100%| O|  |TAMS 0x0000000083100000| PB 0x0000000083100000| Untracked 
|  49|0x0000000083100000, 0x0000000083200000, 0x0000000083200000|100%| O|  |TAMS 0x0000000083200000| PB 0x0000000083200000| Updating 
|  50|0x0000000083200000, 0x0000000083300000, 0x0000000083300000|100%| O|  |TAMS 0x0000000083300000| PB 0x0000000083300000| Untracked 
|  51|0x0000000083300000, 0x0000000083400000, 0x0000000083400000|100%| O|  |TAMS 0x0000000083400000| PB 0x0000000083400000| Untracked 
|  52|0x0000000083400000, 0x0000000083500000, 0x0000000083500000|100%| O|  |TAMS 0x0000000083500000| PB 0x0000000083500000| Updating 
|  53|0x0000000083500000, 0x0000000083600000, 0x0000000083600000|100%|HS|  |TAMS 0x0000000083600000| PB 0x0000000083500000| Complete 
|  54|0x0000000083600000, 0x0000000083700000, 0x0000000083700000|100%|HC|  |TAMS 0x0000000083700000| PB 0x0000000083600000| Complete 
|  55|0x0000000083700000, 0x0000000083800000, 0x0000000083800000|100%| O|  |TAMS 0x0000000083800000| PB 0x0000000083800000| Untracked 
|  56|0x0000000083800000, 0x0000000083900000, 0x0000000083900000|100%| O|  |TAMS 0x0000000083800000| PB 0x0000000083800000| Untracked 
|  57|0x0000000083900000, 0x00000000839742c0, 0x0000000083a00000| 45%| O|  |TAMS 0x0000000083900000| PB 0x0000000083900000| Updating 
|  58|0x0000000083a00000, 0x0000000083b00000, 0x0000000083b00000|100%| O|  |TAMS 0x0000000083b00000| PB 0x0000000083b00000| Untracked 
|  59|0x0000000083b00000, 0x0000000083c00000, 0x0000000083c00000|100%| O|  |TAMS 0x0000000083c00000| PB 0x0000000083c00000| Untracked 
|  60|0x0000000083c00000, 0x0000000083d00000, 0x0000000083d00000|100%| O|  |TAMS 0x0000000083c803e0| PB 0x0000000083c803e0| Updating 
|  61|0x0000000083d00000, 0x0000000083d00000, 0x0000000083e00000|  0%| F|  |TAMS 0x0000000083d00000| PB 0x0000000083d00000| Untracked 
|  62|0x0000000083e00000, 0x0000000083e00000, 0x0000000083f00000|  0%| F|  |TAMS 0x0000000083e00000| PB 0x0000000083e00000| Untracked 
|  63|0x0000000083f00000, 0x0000000083f00000, 0x0000000084000000|  0%| F|  |TAMS 0x0000000083f00000| PB 0x0000000083f00000| Untracked 
|  64|0x0000000084000000, 0x0000000084100000, 0x0000000084100000|100%| S|CS|TAMS 0x0000000084000000| PB 0x0000000084000000| Complete 
|  65|0x0000000084100000, 0x0000000084100000, 0x0000000084200000|  0%| F|  |TAMS 0x0000000084100000| PB 0x0000000084100000| Untracked 
|  66|0x0000000084200000, 0x0000000084200000, 0x0000000084300000|  0%| F|  |TAMS 0x0000000084200000| PB 0x0000000084200000| Untracked 
|  67|0x0000000084300000, 0x0000000084400000, 0x0000000084400000|100%| S|CS|TAMS 0x0000000084300000| PB 0x0000000084300000| Complete 
|  68|0x0000000084400000, 0x0000000084500000, 0x0000000084500000|100%| S|CS|TAMS 0x0000000084400000| PB 0x0000000084400000| Complete 
|  69|0x0000000084500000, 0x0000000084600000, 0x0000000084600000|100%| S|CS|TAMS 0x0000000084500000| PB 0x0000000084500000| Complete 
|  70|0x0000000084600000, 0x0000000084600000, 0x0000000084700000|  0%| F|  |TAMS 0x0000000084600000| PB 0x0000000084600000| Untracked 
|  71|0x0000000084700000, 0x0000000084700000, 0x0000000084800000|  0%| F|  |TAMS 0x0000000084700000| PB 0x0000000084700000| Untracked 
|  72|0x0000000084800000, 0x0000000084800000, 0x0000000084900000|  0%| F|  |TAMS 0x0000000084800000| PB 0x0000000084800000| Untracked 
|  73|0x0000000084900000, 0x0000000084900000, 0x0000000084a00000|  0%| F|  |TAMS 0x0000000084900000| PB 0x0000000084900000| Untracked 
|  74|0x0000000084a00000, 0x0000000084a00000, 0x0000000084b00000|  0%| F|  |TAMS 0x0000000084a00000| PB 0x0000000084a00000| Untracked 
|  75|0x0000000084b00000, 0x0000000084b00000, 0x0000000084c00000|  0%| F|  |TAMS 0x0000000084b00000| PB 0x0000000084b00000| Untracked 
|  76|0x0000000084c00000, 0x0000000084c00000, 0x0000000084d00000|  0%| F|  |TAMS 0x0000000084c00000| PB 0x0000000084c00000| Untracked 
|  77|0x0000000084d00000, 0x0000000084d00000, 0x0000000084e00000|  0%| F|  |TAMS 0x0000000084d00000| PB 0x0000000084d00000| Untracked 
|  78|0x0000000084e00000, 0x0000000084e00000, 0x0000000084f00000|  0%| F|  |TAMS 0x0000000084e00000| PB 0x0000000084e00000| Untracked 
|  79|0x0000000084f00000, 0x0000000084f00000, 0x0000000085000000|  0%| F|  |TAMS 0x0000000084f00000| PB 0x0000000084f00000| Untracked 
|  80|0x0000000085000000, 0x0000000085000000, 0x0000000085100000|  0%| F|  |TAMS 0x0000000085000000| PB 0x0000000085000000| Untracked 
|  81|0x0000000085100000, 0x0000000085100000, 0x0000000085200000|  0%| F|  |TAMS 0x0000000085100000| PB 0x0000000085100000| Untracked 
|  82|0x0000000085200000, 0x0000000085200000, 0x0000000085300000|  0%| F|  |TAMS 0x0000000085200000| PB 0x0000000085200000| Untracked 
|  83|0x0000000085300000, 0x0000000085300000, 0x0000000085400000|  0%| F|  |TAMS 0x0000000085300000| PB 0x0000000085300000| Untracked 
|  84|0x0000000085400000, 0x0000000085400000, 0x0000000085500000|  0%| F|  |TAMS 0x0000000085400000| PB 0x0000000085400000| Untracked 
|  85|0x0000000085500000, 0x0000000085500000, 0x0000000085600000|  0%| F|  |TAMS 0x0000000085500000| PB 0x0000000085500000| Untracked 
|  86|0x0000000085600000, 0x0000000085600000, 0x0000000085700000|  0%| F|  |TAMS 0x0000000085600000| PB 0x0000000085600000| Untracked 
|  87|0x0000000085700000, 0x0000000085700000, 0x0000000085800000|  0%| F|  |TAMS 0x0000000085700000| PB 0x0000000085700000| Untracked 
|  88|0x0000000085800000, 0x0000000085800000, 0x0000000085900000|  0%| F|  |TAMS 0x0000000085800000| PB 0x0000000085800000| Untracked 
|  89|0x0000000085900000, 0x0000000085900000, 0x0000000085a00000|  0%| F|  |TAMS 0x0000000085900000| PB 0x0000000085900000| Untracked 
|  90|0x0000000085a00000, 0x0000000085a00000, 0x0000000085b00000|  0%| F|  |TAMS 0x0000000085a00000| PB 0x0000000085a00000| Untracked 
|  91|0x0000000085b00000, 0x0000000085b00000, 0x0000000085c00000|  0%| F|  |TAMS 0x0000000085b00000| PB 0x0000000085b00000| Untracked 
|  92|0x0000000085c00000, 0x0000000085c00000, 0x0000000085d00000|  0%| F|  |TAMS 0x0000000085c00000| PB 0x0000000085c00000| Untracked 
|  93|0x0000000085d00000, 0x0000000085d00000, 0x0000000085e00000|  0%| F|  |TAMS 0x0000000085d00000| PB 0x0000000085d00000| Untracked 
|  94|0x0000000085e00000, 0x0000000085e00000, 0x0000000085f00000|  0%| F|  |TAMS 0x0000000085e00000| PB 0x0000000085e00000| Untracked 
|  95|0x0000000085f00000, 0x0000000085f00000, 0x0000000086000000|  0%| F|  |TAMS 0x0000000085f00000| PB 0x0000000085f00000| Untracked 
|  96|0x0000000086000000, 0x0000000086000000, 0x0000000086100000|  0%| F|  |TAMS 0x0000000086000000| PB 0x0000000086000000| Untracked 
| 117|0x0000000087500000, 0x0000000087600000, 0x0000000087600000|100%| E|  |TAMS 0x0000000087500000| PB 0x0000000087500000| Complete 
|2043|0x00000000ffb00000, 0x00000000ffc00000, 0x00000000ffc00000|100%| O|  |TAMS 0x00000000ffc00000| PB 0x00000000ffc00000| Updating 
|2044|0x00000000ffc00000, 0x00000000ffd00000, 0x00000000ffd00000|100%| O|  |TAMS 0x00000000ffd00000| PB 0x00000000ffd00000| Updating 
|2045|0x00000000ffd00000, 0x00000000ffe00000, 0x00000000ffe00000|100%| O|  |TAMS 0x00000000ffe00000| PB 0x00000000ffe00000| Untracked 
|2046|0x00000000ffe00000, 0x00000000fff00000, 0x00000000fff00000|100%| O|  |TAMS 0x00000000fff00000| PB 0x00000000fff00000| Untracked 
|2047|0x00000000fff00000, 0x0000000100000000, 0x0000000100000000|100%| O|  |TAMS 0x0000000100000000| PB 0x0000000100000000| Updating 

Card table byte_map: [0x00000282f9c90000,0x00000282fa090000] _byte_map_base: 0x00000282f9890000

Marking Bits: (CMBitMap*) 0x00000282e6f09260
 Bits: [0x00000282fa090000, 0x00000282fc090000)

Polling page: 0x00000282e4d00000

Metaspace:

Usage:
  Non-class:     48.55 MB used.
      Class:      7.99 MB used.
       Both:     56.54 MB used.

Virtual space:
  Non-class space:       64.00 MB reserved,      49.38 MB ( 77%) committed,  1 nodes.
      Class space:        1.00 GB reserved,       8.69 MB ( <1%) committed,  1 nodes.
             Both:        1.06 GB reserved,      58.06 MB (  5%) committed. 

Chunk freelists:
   Non-Class:  14.38 MB
       Class:  7.32 MB
        Both:  21.70 MB

MaxMetaspaceSize: unlimited
CompressedClassSpaceSize: 1.00 GB
Initial GC threshold: 21.00 MB
Current GC threshold: 83.56 MB
CDS: off
 - commit_granule_bytes: 65536.
 - commit_granule_words: 8192.
 - virtual_space_node_default_size: 8388608.
 - enlarge_chunks_in_place: 1.
 - use_allocation_guard: 0.


Internal statistics:

num_allocs_failed_limit: 9.
num_arena_births: 3072.
num_arena_deaths: 0.
num_vsnodes_births: 2.
num_vsnodes_deaths: 0.
num_space_committed: 929.
num_space_uncommitted: 0.
num_chunks_returned_to_freelist: 9.
num_chunks_taken_from_freelist: 5503.
num_chunk_merges: 6.
num_chunk_splits: 3505.
num_chunks_enlarged: 2070.
num_inconsistent_stats: 0.

CodeHeap 'non-profiled nmethods': size=119168Kb used=2798Kb max_used=3502Kb free=116369Kb
 bounds [0x00000282f1bb0000, 0x00000282f1f20000, 0x00000282f9010000]
CodeHeap 'profiled nmethods': size=119104Kb used=10988Kb max_used=11568Kb free=108115Kb
 bounds [0x00000282ea010000, 0x00000282eab60000, 0x00000282f1460000]
CodeHeap 'non-nmethods': size=7488Kb used=2971Kb max_used=3167Kb free=4516Kb
 bounds [0x00000282f1460000, 0x00000282f1780000, 0x00000282f1bb0000]
CodeCache: size=245760Kb, used=16757Kb, max_used=18237Kb, free=229000Kb
 total_blobs=6350, nmethods=5612, adapters=640, full_count=0
Compilation: enabled, stopped_count=0, restarted_count=0

Compilation events (20 events):
Event: 22.927 Thread 0x00000282ff54e1c0 nmethod 6468 0x00000282eab56e10 code [0x00000282eab56fc0, 0x00000282eab571a8]
Event: 22.927 Thread 0x00000282ff54e1c0 6470       3       java.lang.ref.ReferenceQueue::remove0 (64 bytes)
Event: 22.927 Thread 0x00000282ff39cd00 6471   !   3       java.io.NioChannelCleanable::performCleanup (24 bytes)
Event: 22.927 Thread 0x00000282ff39cd00 nmethod 6471 0x00000282eab57210 code [0x00000282eab573e0, 0x00000282eab57740]
Event: 22.928 Thread 0x00000282ff54e1c0 nmethod 6470 0x00000282eab57890 code [0x00000282eab57aa0, 0x00000282eab57f10]
Event: 22.931 Thread 0x00000282ff556860 nmethod 6469 0x00000282eab58090 code [0x00000282eab58320, 0x00000282eab58e60]
Event: 22.939 Thread 0x00000282ff39cd00 6472       3       java.util.HashSet::<init> (29 bytes)
Event: 22.940 Thread 0x00000282ff39cd00 nmethod 6472 0x00000282eab59210 code [0x00000282eab59400, 0x00000282eab598e0]
Event: 22.940 Thread 0x00000282ff39cd00 6473       3       java.lang.invoke.MethodType::equals (31 bytes)
Event: 22.941 Thread 0x00000282ff39cd00 nmethod 6473 0x00000282eab59a90 code [0x00000282eab59c40, 0x00000282eab59e10]
Event: 22.942 Thread 0x00000282ff556860 6474       3       java.lang.invoke.MethodType::insertParameterTypes (121 bytes)
Event: 22.943 Thread 0x00000282ff39cd00 6475       1       com.google.common.collect.MapMakerInternalMap$AbstractStrongKeyEntry::getNext (2 bytes)
Event: 22.943 Thread 0x00000282ff556860 nmethod 6474 0x00000282eab59f10 code [0x00000282eab5a200, 0x00000282eab5b0c0]
Event: 22.943 Thread 0x00000282ff39cd00 nmethod 6475 0x00000282f1f1b390 code [0x00000282f1f1b520, 0x00000282f1f1b5f0]
Event: 22.944 Thread 0x00000282ff54e1c0 6476       1       groovy.lang.MetaClassImpl::getTheClass (5 bytes)
Event: 22.944 Thread 0x00000282ff54e1c0 nmethod 6476 0x00000282f1f1b690 code [0x00000282f1f1b820, 0x00000282f1f1b8e8]
Event: 22.948 Thread 0x00000282ff54e1c0 6477       3       java.lang.invoke.BoundMethodHandle::copyWith (7 bytes)
Event: 22.949 Thread 0x00000282ff54e1c0 nmethod 6477 0x00000282eab5b690 code [0x00000282eab5b840, 0x00000282eab5ba00]
Event: 22.950 Thread 0x00000282ff54e1c0 6478       3       java.lang.invoke.MethodType::equals (25 bytes)
Event: 22.950 Thread 0x00000282ff54e1c0 nmethod 6478 0x00000282eab5ba90 code [0x00000282eab5bc80, 0x00000282eab5c128]

GC Heap History (20 events):
Event: 8.583 GC heap before
{Heap before GC invocations=4 (full 0):
 garbage-first heap   total 120832K, used 38912K [0x0000000080000000, 0x0000000100000000)
  region size 1024K, 27 young (27648K), 6 survivors (6144K)
 Metaspace       used 21206K, committed 21504K, reserved 1114112K
  class space    used 2475K, committed 2624K, reserved 1048576K
}
Event: 8.594 GC heap after
{Heap after GC invocations=5 (full 0):
 garbage-first heap   total 120832K, used 21374K [0x0000000080000000, 0x0000000100000000)
  region size 1024K, 4 young (4096K), 4 survivors (4096K)
 Metaspace       used 21206K, committed 21504K, reserved 1114112K
  class space    used 2475K, committed 2624K, reserved 1048576K
}
Event: 10.601 GC heap before
{Heap before GC invocations=6 (full 0):
 garbage-first heap   total 75776K, used 73598K [0x0000000080000000, 0x0000000100000000)
  region size 1024K, 54 young (55296K), 4 survivors (4096K)
 Metaspace       used 30332K, committed 30848K, reserved 1114112K
  class space    used 3768K, committed 3968K, reserved 1048576K
}
Event: 10.613 GC heap after
{Heap after GC invocations=7 (full 0):
 garbage-first heap   total 98304K, used 23950K [0x0000000080000000, 0x0000000100000000)
  region size 1024K, 6 young (6144K), 6 survivors (6144K)
 Metaspace       used 30332K, committed 30848K, reserved 1114112K
  class space    used 3768K, committed 3968K, reserved 1048576K
}
Event: 12.598 GC heap before
{Heap before GC invocations=7 (full 0):
 garbage-first heap   total 98304K, used 59790K [0x0000000080000000, 0x0000000100000000)
  region size 1024K, 42 young (43008K), 6 survivors (6144K)
 Metaspace       used 35267K, committed 35968K, reserved 1114112K
  class space    used 4599K, committed 4928K, reserved 1048576K
}
Event: 12.611 GC heap after
{Heap after GC invocations=8 (full 0):
 garbage-first heap   total 98304K, used 26166K [0x0000000080000000, 0x0000000100000000)
  region size 1024K, 6 young (6144K), 6 survivors (6144K)
 Metaspace       used 35267K, committed 35968K, reserved 1114112K
  class space    used 4599K, committed 4928K, reserved 1048576K
}
Event: 12.759 GC heap before
{Heap before GC invocations=8 (full 0):
 garbage-first heap   total 98304K, used 28214K [0x0000000080000000, 0x0000000100000000)
  region size 1024K, 9 young (9216K), 6 survivors (6144K)
 Metaspace       used 35587K, committed 36288K, reserved 1114112K
  class space    used 4655K, committed 4992K, reserved 1048576K
}
Event: 12.768 GC heap after
{Heap after GC invocations=9 (full 0):
 garbage-first heap   total 98304K, used 26446K [0x0000000080000000, 0x0000000100000000)
  region size 1024K, 3 young (3072K), 3 survivors (3072K)
 Metaspace       used 35587K, committed 36288K, reserved 1114112K
  class space    used 4655K, committed 4992K, reserved 1048576K
}
Event: 14.354 GC heap before
{Heap before GC invocations=10 (full 0):
 garbage-first heap   total 92160K, used 89934K [0x0000000080000000, 0x0000000100000000)
  region size 1024K, 48 young (49152K), 3 survivors (3072K)
 Metaspace       used 40132K, committed 41024K, reserved 1114112K
  class space    used 5478K, committed 5888K, reserved 1048576K
}
Event: 14.367 GC heap after
{Heap after GC invocations=11 (full 0):
 garbage-first heap   total 105472K, used 55104K [0x0000000080000000, 0x0000000100000000)
  region size 1024K, 8 young (8192K), 8 survivors (8192K)
 Metaspace       used 40132K, committed 41024K, reserved 1114112K
  class space    used 5478K, committed 5888K, reserved 1048576K
}
Event: 16.496 GC heap before
{Heap before GC invocations=11 (full 0):
 garbage-first heap   total 105472K, used 89920K [0x0000000080000000, 0x0000000100000000)
  region size 1024K, 42 young (43008K), 8 survivors (8192K)
 Metaspace       used 44344K, committed 45440K, reserved 1114112K
  class space    used 6155K, committed 6656K, reserved 1048576K
}
Event: 16.508 GC heap after
{Heap after GC invocations=12 (full 0):
 garbage-first heap   total 105472K, used 56385K [0x0000000080000000, 0x0000000100000000)
  region size 1024K, 2 young (2048K), 2 survivors (2048K)
 Metaspace       used 44344K, committed 45440K, reserved 1114112K
  class space    used 6155K, committed 6656K, reserved 1048576K
}
Event: 18.245 GC heap before
{Heap before GC invocations=12 (full 0):
 garbage-first heap   total 105472K, used 91201K [0x0000000080000000, 0x0000000100000000)
  region size 1024K, 37 young (37888K), 2 survivors (2048K)
 Metaspace       used 49867K, committed 51136K, reserved 1114112K
  class space    used 6896K, committed 7488K, reserved 1048576K
}
Event: 18.254 GC heap after
{Heap after GC invocations=13 (full 0):
 garbage-first heap   total 105472K, used 59452K [0x0000000080000000, 0x0000000100000000)
  region size 1024K, 5 young (5120K), 5 survivors (5120K)
 Metaspace       used 49867K, committed 51136K, reserved 1114112K
  class space    used 6896K, committed 7488K, reserved 1048576K
}
Event: 20.058 GC heap before
{Heap before GC invocations=14 (full 0):
 garbage-first heap   total 105472K, used 93244K [0x0000000080000000, 0x0000000100000000)
  region size 1024K, 38 young (38912K), 5 survivors (5120K)
 Metaspace       used 53942K, committed 55424K, reserved 1114112K
  class space    used 7556K, committed 8256K, reserved 1048576K
}
Event: 20.068 GC heap after
{Heap after GC invocations=15 (full 0):
 garbage-first heap   total 105472K, used 62625K [0x0000000080000000, 0x0000000100000000)
  region size 1024K, 4 young (4096K), 4 survivors (4096K)
 Metaspace       used 53942K, committed 55424K, reserved 1114112K
  class space    used 7556K, committed 8256K, reserved 1048576K
}
Event: 21.713 GC heap before
{Heap before GC invocations=15 (full 0):
 garbage-first heap   total 105472K, used 96417K [0x0000000080000000, 0x0000000100000000)
  region size 1024K, 35 young (35840K), 4 survivors (4096K)
 Metaspace       used 57235K, committed 58816K, reserved 1114112K
  class space    used 8125K, committed 8832K, reserved 1048576K
}
Event: 21.721 GC heap after
{Heap after GC invocations=16 (full 0):
 garbage-first heap   total 105472K, used 66823K [0x0000000080000000, 0x0000000100000000)
  region size 1024K, 3 young (3072K), 3 survivors (3072K)
 Metaspace       used 57235K, committed 58816K, reserved 1114112K
  class space    used 8125K, committed 8832K, reserved 1048576K
}
Event: 22.917 GC heap before
{Heap before GC invocations=16 (full 0):
 garbage-first heap   total 105472K, used 94471K [0x0000000080000000, 0x0000000100000000)
  region size 1024K, 31 young (31744K), 3 survivors (3072K)
 Metaspace       used 57880K, committed 59456K, reserved 1114112K
  class space    used 8177K, committed 8896K, reserved 1048576K
}
Event: 22.926 GC heap after
{Heap after GC invocations=17 (full 0):
 garbage-first heap   total 105472K, used 71120K [0x0000000080000000, 0x0000000100000000)
  region size 1024K, 4 young (4096K), 4 survivors (4096K)
 Metaspace       used 57880K, committed 59456K, reserved 1114112K
  class space    used 8177K, committed 8896K, reserved 1048576K
}

Dll operation events (3 events):
Event: 0.030 Loaded shared library C:\Program Files\Android\Android Studio1\jbr\bin\java.dll
Event: 0.045 Loaded shared library C:\Program Files\Android\Android Studio1\jbr\bin\zip.dll
Event: 2.834 Loaded shared library C:\Program Files\Android\Android Studio1\jbr\bin\verify.dll

Deoptimization events (20 events):
Event: 22.247 Thread 0x00000282ff82bd80 DEOPT PACKING pc=0x00000282ea966be3 sp=0x000000e583efb7a0
Event: 22.247 Thread 0x00000282ff82bd80 DEOPT UNPACKING pc=0x00000282f14b4b42 sp=0x000000e583efac40 mode 3
Event: 22.520 Thread 0x0000028286352030 DEOPT PACKING pc=0x00000282ea5d78a1 sp=0x000000e580ef7030
Event: 22.520 Thread 0x0000028286352030 DEOPT UNPACKING pc=0x00000282f14b4b42 sp=0x000000e580ef6530 mode 0
Event: 22.873 Thread 0x0000028286352030 Uncommon trap: trap_request=0xfffffff4 fr.pc=0x00000282f1ea7dac relative=0x000000000000046c
Event: 22.873 Thread 0x0000028286352030 Uncommon trap: reason=null_check action=make_not_entrant pc=0x00000282f1ea7dac method=sun.invoke.util.VerifyType.isNullConversion(Ljava/lang/Class;Ljava/lang/Class;Z)Z @ 22 c2
Event: 22.873 Thread 0x0000028286352030 DEOPT PACKING pc=0x00000282f1ea7dac sp=0x000000e580ef6a30
Event: 22.873 Thread 0x0000028286352030 DEOPT UNPACKING pc=0x00000282f14b43a2 sp=0x000000e580ef69d8 mode 2
Event: 22.939 Thread 0x0000028286352030 Uncommon trap: trap_request=0xffffff45 fr.pc=0x00000282f1dbbe20 relative=0x0000000000000160
Event: 22.939 Thread 0x0000028286352030 Uncommon trap: reason=unstable_if action=reinterpret pc=0x00000282f1dbbe20 method=java.lang.invoke.MethodType.equals(Ljava/lang/invoke/MethodType;)Z @ 8 c2
Event: 22.939 Thread 0x0000028286352030 DEOPT PACKING pc=0x00000282f1dbbe20 sp=0x000000e580ef5f80
Event: 22.939 Thread 0x0000028286352030 DEOPT UNPACKING pc=0x00000282f14b43a2 sp=0x000000e580ef5eb0 mode 2
Event: 22.939 Thread 0x0000028286352030 Uncommon trap: trap_request=0xffffff45 fr.pc=0x00000282f1f1ab5c relative=0x000000000000039c
Event: 22.939 Thread 0x0000028286352030 Uncommon trap: reason=unstable_if action=reinterpret pc=0x00000282f1f1ab5c method=sun.invoke.util.VerifyType.isNullConversion(Ljava/lang/Class;Ljava/lang/Class;Z)Z @ 15 c2
Event: 22.939 Thread 0x0000028286352030 DEOPT PACKING pc=0x00000282f1f1ab5c sp=0x000000e580ef5b00
Event: 22.939 Thread 0x0000028286352030 DEOPT UNPACKING pc=0x00000282f14b43a2 sp=0x000000e580ef5aa8 mode 2
Event: 22.939 Thread 0x0000028286352030 Uncommon trap: trap_request=0xffffff45 fr.pc=0x00000282f1dd8538 relative=0x0000000000000538
Event: 22.939 Thread 0x0000028286352030 Uncommon trap: reason=unstable_if action=reinterpret pc=0x00000282f1dd8538 method=java.lang.invoke.MethodType.insertParameterTypes(I[Ljava/lang/Class;)Ljava/lang/invoke/MethodType; @ 48 c2
Event: 22.939 Thread 0x0000028286352030 DEOPT PACKING pc=0x00000282f1dd8538 sp=0x000000e580ef5d00
Event: 22.939 Thread 0x0000028286352030 DEOPT UNPACKING pc=0x00000282f14b43a2 sp=0x000000e580ef5cd0 mode 2

Classes loaded (20 events):
Event: 21.535 Loading class java/util/stream/SortedOps$AbstractRefSortingSink done
Event: 21.535 Loading class java/util/stream/SortedOps$SizedRefSortingSink done
Event: 21.726 Loading class java/lang/ThreadDeath
Event: 21.727 Loading class java/lang/ThreadDeath done
Event: 21.727 Loading class sun/misc/SharedSecrets
Event: 21.727 Loading class sun/misc/SharedSecrets done
Event: 22.228 Loading class java/util/concurrent/atomic/Striped64$Cell
Event: 22.229 Loading class java/util/concurrent/atomic/Striped64$Cell done
Event: 22.893 Loading class java/lang/ClassBeanInfo
Event: 22.893 Loading class java/lang/ClassBeanInfo done
Event: 22.894 Loading class java/lang/ClassBeanInfo
Event: 22.894 Loading class java/lang/ClassBeanInfo done
Event: 22.894 Loading class java/lang/ClassCustomizer
Event: 22.894 Loading class java/lang/ClassCustomizer done
Event: 22.895 Loading class java/lang/ClassCustomizer
Event: 22.895 Loading class java/lang/ClassCustomizer done
Event: 22.899 Loading class jdk/internal/vm/annotation/ForceInline
Event: 22.899 Loading class jdk/internal/vm/annotation/ForceInline done
Event: 22.903 Loading class java/lang/reflect/Executable$ParameterData
Event: 22.904 Loading class java/lang/reflect/Executable$ParameterData done

Classes unloaded (0 events):
No events

Classes redefined (0 events):
No events

Internal exceptions (20 events):
Event: 22.887 Thread 0x0000028286352030 Exception <a 'java/lang/ClassNotFoundException'{0x00000000847b0f90}: com/intellij/gradle/toolingExtension/impl/model/utilDummyModel/DummyModelBeanInfo> (0x00000000847b0f90) 
thrown [s\src\hotspot\share\classfile\systemDictionary.cpp, line 312]
Event: 22.888 Thread 0x0000028286352030 Exception <a 'sun/nio/fs/WindowsException'{0x00000000847bb998}> (0x00000000847bb998) 
thrown [s\src\hotspot\share\prims\jni.cpp, line 537]
Event: 22.888 Thread 0x0000028286352030 Exception <a 'java/lang/ClassNotFoundException'{0x00000000847be8d0}: com/intellij/gradle/toolingExtension/impl/model/utilDummyModel/DummyModelCustomizer> (0x00000000847be8d0) 
thrown [s\src\hotspot\share\classfile\systemDictionary.cpp, line 312]
Event: 22.894 Thread 0x0000028286352030 Exception <a 'sun/nio/fs/WindowsException'{0x00000000847f6108}> (0x00000000847f6108) 
thrown [s\src\hotspot\share\prims\jni.cpp, line 537]
Event: 22.894 Thread 0x0000028286352030 Exception <a 'java/lang/ClassNotFoundException'{0x00000000847f92b0}: java/lang/ClassBeanInfo> (0x00000000847f92b0) 
thrown [s\src\hotspot\share\classfile\systemDictionary.cpp, line 312]
Event: 22.895 Thread 0x0000028286352030 Exception <a 'sun/nio/fs/WindowsException'{0x00000000846017a8}> (0x00000000846017a8) 
thrown [s\src\hotspot\share\prims\jni.cpp, line 537]
Event: 22.895 Thread 0x0000028286352030 Exception <a 'java/lang/ClassNotFoundException'{0x00000000846046a8}: java/lang/ClassCustomizer> (0x00000000846046a8) 
thrown [s\src\hotspot\share\classfile\systemDictionary.cpp, line 312]
Event: 22.913 Thread 0x0000028286352030 Exception <a 'sun/nio/fs/WindowsException'{0x00000000846d5d18}> (0x00000000846d5d18) 
thrown [s\src\hotspot\share\prims\jni.cpp, line 537]
Event: 22.913 Thread 0x0000028286352030 Exception <a 'java/lang/ClassNotFoundException'{0x00000000846d8f00}: org/gradle/tooling/provider/model/internal/DefaultToolingModelBuilderRegistryBeanInfo> (0x00000000846d8f00) 
thrown [s\src\hotspot\share\classfile\systemDictionary.cpp, line 312]
Event: 22.914 Thread 0x0000028286352030 Exception <a 'sun/nio/fs/WindowsException'{0x00000000846eeea0}> (0x00000000846eeea0) 
thrown [s\src\hotspot\share\prims\jni.cpp, line 537]
Event: 22.914 Thread 0x0000028286352030 Exception <a 'java/lang/ClassNotFoundException'{0x00000000846f1dd8}: org/gradle/tooling/provider/model/internal/DefaultToolingModelBuilderRegistryCustomizer> (0x00000000846f1dd8) 
thrown [s\src\hotspot\share\classfile\systemDictionary.cpp, line 312]
Event: 22.934 Thread 0x0000028286352030 Exception <a 'sun/nio/fs/WindowsException'{0x0000000087522038}> (0x0000000087522038) 
thrown [s\src\hotspot\share\prims\jni.cpp, line 537]
Event: 22.934 Thread 0x0000028286352030 Exception <a 'java/lang/ClassNotFoundException'{0x0000000087524f48}: org/codehaus/groovy/runtime/NullObjectBeanInfo> (0x0000000087524f48) 
thrown [s\src\hotspot\share\classfile\systemDictionary.cpp, line 312]
Event: 22.936 Thread 0x0000028286352030 Exception <a 'sun/nio/fs/WindowsException'{0x00000000875393b0}> (0x00000000875393b0) 
thrown [s\src\hotspot\share\prims\jni.cpp, line 537]
Event: 22.936 Thread 0x0000028286352030 Exception <a 'java/lang/ClassNotFoundException'{0x000000008753c2c0}: org/codehaus/groovy/runtime/NullObjectCustomizer> (0x000000008753c2c0) 
thrown [s\src\hotspot\share\classfile\systemDictionary.cpp, line 312]
Event: 22.953 Thread 0x0000028286352030 Exception <a 'sun/nio/fs/WindowsException'{0x00000000875b8b20}> (0x00000000875b8b20) 
thrown [s\src\hotspot\share\prims\jni.cpp, line 537]
Event: 22.953 Thread 0x0000028286352030 Exception <a 'java/lang/ClassNotFoundException'{0x00000000875bba40}: org/gradle/internal/service/ScopedServiceRegistryBeanInfo> (0x00000000875bba40) 
thrown [s\src\hotspot\share\classfile\systemDictionary.cpp, line 312]
Event: 22.954 Thread 0x0000028286352030 Exception <a 'sun/nio/fs/WindowsException'{0x00000000875d1298}> (0x00000000875d1298) 
thrown [s\src\hotspot\share\prims\jni.cpp, line 537]
Event: 22.955 Thread 0x0000028286352030 Exception <a 'java/lang/ClassNotFoundException'{0x00000000875d4468}: org/gradle/internal/service/DefaultServiceRegistryBeanInfo> (0x00000000875d4468) 
thrown [s\src\hotspot\share\classfile\systemDictionary.cpp, line 312]
Event: 22.956 Thread 0x0000028286352030 Exception <a 'sun/nio/fs/WindowsException'{0x00000000875e9a38}> (0x00000000875e9a38) 
thrown [s\src\hotspot\share\prims\jni.cpp, line 537]

ZGC Phase Switch (0 events):
No events

VM Operations (20 events):
Event: 18.755 Executing VM operation: HandshakeAllThreads (Deoptimize) done
Event: 19.551 Executing VM operation: ICBufferFull
Event: 19.551 Executing VM operation: ICBufferFull done
Event: 19.626 Executing VM operation: HandshakeAllThreads (Deoptimize)
Event: 19.626 Executing VM operation: HandshakeAllThreads (Deoptimize) done
Event: 19.820 Executing VM operation: HandshakeAllThreads (Deoptimize)
Event: 19.820 Executing VM operation: HandshakeAllThreads (Deoptimize) done
Event: 19.837 Executing VM operation: HandshakeAllThreads (Deoptimize)
Event: 19.838 Executing VM operation: HandshakeAllThreads (Deoptimize) done
Event: 20.058 Executing VM operation: G1CollectForAllocation (G1 Evacuation Pause)
Event: 20.068 Executing VM operation: G1CollectForAllocation (G1 Evacuation Pause) done
Event: 21.071 Executing VM operation: Cleanup
Event: 21.071 Executing VM operation: Cleanup done
Event: 21.713 Executing VM operation: G1CollectForAllocation (G1 Evacuation Pause)
Event: 21.721 Executing VM operation: G1CollectForAllocation (G1 Evacuation Pause) done
Event: 22.368 Executing VM operation: ICBufferFull
Event: 22.369 Executing VM operation: ICBufferFull done
Event: 22.916 Executing VM operation: G1CollectForAllocation (G1 Evacuation Pause)
Event: 22.926 Executing VM operation: G1CollectForAllocation (G1 Evacuation Pause) done
Event: 22.956 Executing VM operation: G1PauseRemark

Memory protections (0 events):
No events

Nmethod flushes (20 events):
Event: 22.959 Thread 0x00000282ff295450 flushing  nmethod 0x00000282ea273f10
Event: 22.959 Thread 0x00000282ff295450 flushing  nmethod 0x00000282ea274310
Event: 22.959 Thread 0x00000282ff295450 flushing  nmethod 0x00000282ea478190
Event: 22.959 Thread 0x00000282ff295450 flushing  nmethod 0x00000282ea47a610
Event: 22.959 Thread 0x00000282ff295450 flushing  nmethod 0x00000282ea592e90
Event: 22.959 Thread 0x00000282ff295450 flushing  nmethod 0x00000282ea594710
Event: 22.959 Thread 0x00000282ff295450 flushing  nmethod 0x00000282ea594a10
Event: 22.959 Thread 0x00000282ff295450 flushing  nmethod 0x00000282ea71be90
Event: 22.959 Thread 0x00000282ff295450 flushing  nmethod 0x00000282ea71ca90
Event: 22.959 Thread 0x00000282ff295450 flushing  nmethod 0x00000282f1c9d790
Event: 22.959 Thread 0x00000282ff295450 flushing  nmethod 0x00000282f1ca4390
Event: 22.959 Thread 0x00000282ff295450 flushing  nmethod 0x00000282f1da4510
Event: 22.959 Thread 0x00000282ff295450 flushing  nmethod 0x00000282f1db5910
Event: 22.959 Thread 0x00000282ff295450 flushing  nmethod 0x00000282ea119710
Event: 22.959 Thread 0x00000282ff295450 flushing  nmethod 0x00000282ea11a490
Event: 22.959 Thread 0x00000282ff295450 flushing  nmethod 0x00000282ea19c090
Event: 22.959 Thread 0x00000282ff295450 flushing  nmethod 0x00000282ea1a0110
Event: 22.959 Thread 0x00000282ff295450 flushing  nmethod 0x00000282ea22eb90
Event: 22.959 Thread 0x00000282ff295450 flushing  nmethod 0x00000282ea2a4b90
Event: 22.959 Thread 0x00000282ff295450 flushing  nmethod 0x00000282ea2a6010

Events (20 events):
Event: 21.968 Thread 0x0000028286352030 Thread added: 0x00000282857656c0
Event: 21.971 Thread 0x0000028286352030 Thread added: 0x00000282857649a0
Event: 21.973 Thread 0x0000028286352030 Thread added: 0x0000028285765030
Event: 21.975 Thread 0x0000028286352030 Thread added: 0x00000282ff82caa0
Event: 21.979 Thread 0x0000028286352030 Thread added: 0x00000282ff82b6f0
Event: 21.983 Thread 0x0000028286352030 Thread added: 0x00000282ff82b060
Event: 21.987 Thread 0x0000028286352030 Thread added: 0x00000282ff82eb70
Event: 22.061 Thread 0x0000028286352030 Thread added: 0x00000282ff82bd80
Event: 22.062 Thread 0x0000028286352030 Thread added: 0x00000282ff82c410
Event: 22.064 Thread 0x0000028286352030 Thread added: 0x00000282ff8305b0
Event: 22.067 Thread 0x0000028286352030 Thread added: 0x00000282ff82d130
Event: 22.070 Thread 0x0000028286352030 Thread added: 0x00000282ff82e4e0
Event: 22.073 Thread 0x0000028286352030 Thread added: 0x00000282ff82d7c0
Event: 22.075 Thread 0x0000028286352030 Thread added: 0x00000282ff82de50
Event: 22.077 Thread 0x0000028286352030 Thread added: 0x00000282ff82f890
Event: 22.079 Thread 0x0000028286352030 Thread added: 0x00000282ff82ff20
Event: 22.083 Thread 0x0000028286352030 Thread added: 0x00000282ff82f200
Event: 22.087 Thread 0x0000028286352030 Thread added: 0x00000282ff832680
Event: 22.093 Thread 0x0000028286352030 Thread added: 0x00000282ff830c40
Event: 22.568 Thread 0x00000282848988b0 Thread exited: 0x00000282848988b0


Dynamic libraries:
0x00007ff669db0000 - 0x00007ff669dba000 	C:\Program Files\Android\Android Studio1\jbr\bin\java.exe
0x00007ffa2d240000 - 0x00007ffa2d4a7000 	C:\WINDOWS\SYSTEM32\ntdll.dll
0x00007ffa2bc20000 - 0x00007ffa2bce9000 	C:\WINDOWS\System32\KERNEL32.DLL
0x00007ffa29c70000 - 0x00007ffa2a067000 	C:\WINDOWS\System32\KERNELBASE.dll
0x00007ffa2abd0000 - 0x00007ffa2ad1b000 	C:\WINDOWS\System32\ucrtbase.dll
0x00007ffa26d90000 - 0x00007ffa26dab000 	C:\Program Files\Android\Android Studio1\jbr\bin\VCRUNTIME140.dll
0x00007ffa19800000 - 0x00007ffa19818000 	C:\Program Files\Android\Android Studio1\jbr\bin\jli.dll
0x00007ffa2cef0000 - 0x00007ffa2d0b6000 	C:\WINDOWS\System32\USER32.dll
0x00007ffa14970000 - 0x00007ffa14c02000 	C:\WINDOWS\WinSxS\amd64_microsoft.windows.common-controls_6595b64144ccf1df_6.0.26100.8457_none_3e0b2faee331e92d\COMCTL32.dll
0x00007ffa2a070000 - 0x00007ffa2a097000 	C:\WINDOWS\System32\win32u.dll
0x00007ffa2bb70000 - 0x00007ffa2bc19000 	C:\WINDOWS\System32\msvcrt.dll
0x00007ffa2b7a0000 - 0x00007ffa2b7cb000 	C:\WINDOWS\System32\GDI32.dll
0x00007ffa2add0000 - 0x00007ffa2aefc000 	C:\WINDOWS\System32\gdi32full.dll
0x00007ffa2a2b0000 - 0x00007ffa2a353000 	C:\WINDOWS\System32\msvcp_win.dll
0x00007ffa2c210000 - 0x00007ffa2c242000 	C:\WINDOWS\System32\IMM32.DLL
0x00007ffa27520000 - 0x00007ffa2752c000 	C:\Program Files\Android\Android Studio1\jbr\bin\vcruntime140_1.dll
0x00007ffa06970000 - 0x00007ffa069fd000 	C:\Program Files\Android\Android Studio1\jbr\bin\msvcp140.dll
0x00007ff9937a0000 - 0x00007ff994436000 	C:\Program Files\Android\Android Studio1\jbr\bin\server\jvm.dll
0x00007ffa2b1a0000 - 0x00007ffa2b256000 	C:\WINDOWS\System32\ADVAPI32.dll
0x00007ffa2bac0000 - 0x00007ffa2bb67000 	C:\WINDOWS\System32\sechost.dll
0x00007ffa2b5b0000 - 0x00007ffa2b6c8000 	C:\WINDOWS\System32\RPCRT4.dll
0x00007ffa2cd60000 - 0x00007ffa2cde0000 	C:\WINDOWS\System32\WS2_32.dll
0x00007ffa29ad0000 - 0x00007ffa29b2e000 	C:\WINDOWS\SYSTEM32\POWRPROF.dll
0x00007ffa218d0000 - 0x00007ffa218db000 	C:\WINDOWS\SYSTEM32\VERSION.dll
0x00007ffa21890000 - 0x00007ffa218c6000 	C:\WINDOWS\SYSTEM32\WINMM.dll
0x00007ffa29ab0000 - 0x00007ffa29ac4000 	C:\WINDOWS\SYSTEM32\UMPDC.dll
0x00007ffa28a00000 - 0x00007ffa28a1b000 	C:\WINDOWS\SYSTEM32\kernel.appcore.dll
0x00007ffa274e0000 - 0x00007ffa274ea000 	C:\Program Files\Android\Android Studio1\jbr\bin\jimage.dll
0x00007ffa1afc0000 - 0x00007ffa1b202000 	C:\WINDOWS\SYSTEM32\DBGHELP.DLL
0x00007ffa2c9d0000 - 0x00007ffa2cd53000 	C:\WINDOWS\System32\combase.dll
0x00007ffa2b880000 - 0x00007ffa2b959000 	C:\WINDOWS\System32\OLEAUT32.dll
0x00007ffa24340000 - 0x00007ffa2437b000 	C:\WINDOWS\SYSTEM32\dbgcore.DLL
0x00007ffa2ad20000 - 0x00007ffa2adc8000 	C:\WINDOWS\System32\bcryptPrimitives.dll
0x00007ffa24980000 - 0x00007ffa2498e000 	C:\Program Files\Android\Android Studio1\jbr\bin\instrument.dll
0x00007ffa26cf0000 - 0x00007ffa26d10000 	C:\Program Files\Android\Android Studio1\jbr\bin\java.dll
0x00007ffa24ae0000 - 0x00007ffa24af8000 	C:\Program Files\Android\Android Studio1\jbr\bin\zip.dll
0x00007ffa2c250000 - 0x00007ffa2c9be000 	C:\WINDOWS\System32\SHELL32.dll
0x00007ffa2a360000 - 0x00007ffa2abcc000 	C:\WINDOWS\System32\windows.storage.dll
0x00007ffa2b9c0000 - 0x00007ffa2bab6000 	C:\WINDOWS\System32\SHCORE.dll
0x00007ffa2d190000 - 0x00007ffa2d1f6000 	C:\WINDOWS\System32\shlwapi.dll
0x00007ffa29b90000 - 0x00007ffa29bb9000 	C:\WINDOWS\SYSTEM32\profapi.dll
0x00007ffa27460000 - 0x00007ffa27470000 	C:\Program Files\Android\Android Studio1\jbr\bin\net.dll
0x00007ffa22200000 - 0x00007ffa22329000 	C:\WINDOWS\SYSTEM32\WINHTTP.dll
0x00007ffa28f70000 - 0x00007ffa28fdc000 	C:\WINDOWS\system32\mswsock.dll
0x00007ffa24950000 - 0x00007ffa24966000 	C:\Program Files\Android\Android Studio1\jbr\bin\nio.dll
0x00007ffa246c0000 - 0x00007ffa246d0000 	C:\Program Files\Android\Android Studio1\jbr\bin\verify.dll
0x00007ffa1ca40000 - 0x00007ffa1ca67000 	C:\Users\dasun\.gradle\native\660c5614fbf4a5f2a75b1949f50a0caf5cd603558e7d8a26e50b933a0cfb79d1\windows-amd64\native-platform.dll
0x00007ffa23340000 - 0x00007ffa233b7000 	C:\Users\dasun\.gradle\native\0.2.8\x86_64-windows-gnu\gradle-fileevents.dll
0x00007ffa26db0000 - 0x00007ffa26db9000 	C:\Program Files\Android\Android Studio1\jbr\bin\management.dll
0x00007ffa246e0000 - 0x00007ffa246eb000 	C:\Program Files\Android\Android Studio1\jbr\bin\management_ext.dll
0x00007ffa2b260000 - 0x00007ffa2b268000 	C:\WINDOWS\System32\PSAPI.DLL
0x00007ffa28440000 - 0x00007ffa28472000 	C:\WINDOWS\SYSTEM32\IPHLPAPI.DLL
0x00007ffa2b400000 - 0x00007ffa2b40a000 	C:\WINDOWS\System32\NSI.dll
0x00007ffa26dc0000 - 0x00007ffa26dc9000 	C:\Program Files\Android\Android Studio1\jbr\bin\extnet.dll
0x00007ffa29260000 - 0x00007ffa2927b000 	C:\WINDOWS\SYSTEM32\CRYPTSP.dll
0x00007ffa28960000 - 0x00007ffa28999000 	C:\WINDOWS\system32\rsaenh.dll
0x00007ffa29020000 - 0x00007ffa29053000 	C:\WINDOWS\SYSTEM32\USERENV.dll
0x00007ffa29b60000 - 0x00007ffa29b8a000 	C:\WINDOWS\SYSTEM32\bcrypt.dll
0x00007ffa29250000 - 0x00007ffa2925c000 	C:\WINDOWS\SYSTEM32\CRYPTBASE.dll
0x00007ff9eade0000 - 0x00007ff9eade8000 	C:\WINDOWS\system32\wshunix.dll

JVMTI agents:
C:\Users\dasun\.gradle\wrapper\dists\gradle-9.3.1-bin\23ovyewtku6u96viwx3xl3oks\gradle-9.3.1\lib\agents\gradle-instrumentation-agent-9.3.1.jar path:C:\Program Files\Android\Android Studio1\jbr\bin\instrument.dll, loaded, initialized, instrumentlib options:none

dbghelp: loaded successfully - version: 4.0.5 - missing functions: none
symbol engine: initialized successfully - sym options: 0x614 - pdb path: .;C:\Program Files\Android\Android Studio1\jbr\bin;C:\WINDOWS\SYSTEM32;C:\WINDOWS\WinSxS\amd64_microsoft.windows.common-controls_6595b64144ccf1df_6.0.26100.8457_none_3e0b2faee331e92d;C:\Program Files\Android\Android Studio1\jbr\bin\server;C:\Users\dasun\.gradle\native\660c5614fbf4a5f2a75b1949f50a0caf5cd603558e7d8a26e50b933a0cfb79d1\windows-amd64;C:\Users\dasun\.gradle\native\0.2.8\x86_64-windows-gnu

VM Arguments:
jvm_args: --add-opens=java.base/java.lang=ALL-UNNAMED --add-opens=java.base/java.lang.invoke=ALL-UNNAMED --add-opens=java.base/java.util=ALL-UNNAMED --add-opens=java.prefs/java.util.prefs=ALL-UNNAMED --add-exports=jdk.compiler/com.sun.tools.javac.api=ALL-UNNAMED --add-exports=jdk.compiler/com.sun.tools.javac.util=ALL-UNNAMED --add-opens=java.base/java.util=ALL-UNNAMED --add-opens=java.prefs/java.util.prefs=ALL-UNNAMED --add-opens=java.base/java.nio.charset=ALL-UNNAMED --add-opens=java.base/java.net=ALL-UNNAMED --add-opens=java.base/java.util.concurrent=ALL-UNNAMED --add-opens=java.base/java.util.concurrent.atomic=ALL-UNNAMED --add-opens=java.xml/javax.xml.namespace=ALL-UNNAMED --add-opens=java.base/java.time=ALL-UNNAMED -Xmx2048m -Dfile.encoding=UTF-8 -Duser.country=GB -Duser.language=en -Duser.variant -javaagent:C:\Users\dasun\.gradle\wrapper\dists\gradle-9.3.1-bin\23ovyewtku6u96viwx3xl3oks\gradle-9.3.1\lib\agents\gradle-instrumentation-agent-9.3.1.jar 
java_command: org.gradle.launcher.daemon.bootstrap.GradleDaemon 9.3.1
java_class_path (initial): C:\Users\dasun\.gradle\wrapper\dists\gradle-9.3.1-bin\23ovyewtku6u96viwx3xl3oks\gradle-9.3.1\lib\gradle-daemon-main-9.3.1.jar
Launcher Type: SUN_STANDARD

[Global flags]
     intx CICompilerCount                          = 12                                        {product} {ergonomic}
     uint ConcGCThreads                            = 3                                         {product} {ergonomic}
     uint G1ConcRefinementThreads                  = 13                                        {product} {ergonomic}
   size_t G1HeapRegionSize                         = 1048576                                   {product} {ergonomic}
    uintx GCDrainStackTargetSize                   = 64                                        {product} {ergonomic}
   size_t InitialHeapSize                          = 123731968                                 {product} {ergonomic}
   size_t MarkStackSize                            = 4194304                                   {product} {ergonomic}
   size_t MaxHeapSize                              = 2147483648                                {product} {command line}
   size_t MaxNewSize                               = 1287651328                                {product} {ergonomic}
   size_t MinHeapDeltaBytes                        = 1048576                                   {product} {ergonomic}
   size_t MinHeapSize                              = 8388608                                   {product} {ergonomic}
    uintx NonNMethodCodeHeapSize                   = 7602480                                {pd product} {ergonomic}
    uintx NonProfiledCodeHeapSize                  = 122027880                              {pd product} {ergonomic}
    uintx ProfiledCodeHeapSize                     = 122027880                              {pd product} {ergonomic}
    uintx ReservedCodeCacheSize                    = 251658240                              {pd product} {ergonomic}
     bool SegmentedCodeCache                       = true                                      {product} {ergonomic}
   size_t SoftMaxHeapSize                          = 2147483648                             {manageable} {ergonomic}
     bool UseCompressedOops                        = true                           {product lp64_product} {ergonomic}
     bool UseG1GC                                  = true                                      {product} {ergonomic}
     bool UseLargePagesIndividualAllocation        = false                                  {pd product} {ergonomic}

Logging:
Log output configuration:
 #0: stdout all=warning uptime,level,tags foldmultilines=false
 #1: stderr all=off uptime,level,tags foldmultilines=false

Release file:
JAVA_VERSION="21.0.9" 
MODULES="java.base java.compiler java.datatransfer java.xml java.prefs java.desktop java.instrument java.logging java.management java.security.sasl java.naming java.rmi java.management.rmi java.net.http java.scripting java.security.jgss java.transaction.xa java.sql java.sql.rowset java.xml.crypto java.se java.smartcardio jdk.accessibility jdk.internal.jvmstat jdk.attach jdk.charsets jdk.internal.opt jdk.zipfs jdk.compiler jdk.crypto.ec jdk.crypto.cryptoki jdk.dynalink jdk.hotspot.agent jdk.httpserver jdk.internal.ed jdk.internal.le jdk.internal.vm.ci jdk.jartool jdk.javadoc jdk.jcmd jdk.jdeps jdk.jdwp.agent jdk.jdi jdk.jfr jdk.jlink jdk.jsobject jdk.localedata jdk.management jdk.management.agent jdk.management.jfr jdk.naming.dns jdk.naming.rmi jdk.net jdk.sctp jdk.security.auth jdk.security.jgss jdk.unsupported jdk.unsupported.desktop jdk.xml.dom" 
IMPLEMENTOR="JetBrains s.r.o." 
JAVA_RUNTIME_VERSION="21.0.9+-14787801-b1163.94" 
LIBC="default" 
OS_ARCH="x86_64" 
OS_NAME="Windows" 
SOURCE=".:git:0c757ddc9f2f" 

Environment Variables:
PATH=C:\Program Files\Common Files\Oracle\Java\javapath;C:\Program Files (x86)\NVIDIA Corporation\PhysX\Common;C:\Program Files\OpenLogic\jdk-11.0.23.9-hotspot\bin;C:\WINDOWS\system32;C:\WINDOWS;C:\WINDOWS\System32\Wbem;C:\WINDOWS\System32\WindowsPowerShell\v1.0\;C:\WINDOWS\System32\OpenSSH\;C:\Program Files\Git\cmd;D:\dev\flutter\bin;C:\Program Files (x86)\Windows Kits\10\Windows Performance Toolkit\;C:\Program Files\Microsoft SQL Server\150\Tools\Binn\;C:\Program Files\Microsoft SQL Server\Client SDK\ODBC\170\Tools\Binn\;C:\Program Files\dotnet\;C:\Program Files (x86)\Microsoft SQL Server\160\Tools\Binn\;C:\Program Files\Microsoft SQL Server\160\Tools\Binn\;C:\Program Files\Microsoft SQL Server\160\DTS\Binn\;C:\Program Files (x86)\Microsoft SQL Server\160\DTS\Binn\;c:\Users\dasun\AppData\Local\Programs\cursor\resources\app\bin;C:\WINDOWS\system32;C:\WINDOWS;C:\WINDOWS\System32\Wbem;C:\WINDOWS\System32\WindowsPowerShell\v1.0\;C:\WINDOWS\System32\OpenSSH\;C:\Users\dasun\AppData\Local\nvm;C:\nvm4w\nodejs;C:\Program Files\Docker\Docker\resources\bin;C:\Program Files\GitHub CLI\;C:\Users\dasun\AppData\Local\Programs\Python\Python313\Scripts\;C:\Users\dasun\AppData\Local\Programs\Python\Python313\;C:\Users\dasun\AppData\Local\Programs\Python\Launcher\;C:\Users\dasun\AppData\Local\Microsoft\WindowsApps;C:\Users\dasun\AppData\Roaming\npm;C:\Program Files\OpenLogic\jdk-11.0.23.9-hotspot\bin;D:\dev\flutter\bin;C:\Users\dasun\.dotnet\tools;C:\Users\dasun\AppData\Local\Microsoft\WinGet\Packages\Schniz.fnm_Microsoft.Winget.Source_8wekyb3d8bbwe;C:\Users\dasun\AppData\Local\Programs\Microsoft VS Code\bin;C:\Users\dasun\AppData\Local\GitHubDesktop\bin;C:\Users\dasun\AppData\Local\Programs\Antigravity\bin;C:\Users\dasun\AppData\Local\nvm;C:\nvm4w\nodejs
USERNAME=dasun
OS=Windows_NT
PROCESSOR_IDENTIFIER=AMD64 Family 23 Model 104 Stepping 1, AuthenticAMD
TMP=C:\Users\dasun\AppData\Local\Temp
TEMP=C:\Users\dasun\AppData\Local\Temp




Periodic native trim disabled

JNI global refs:
JNI global refs: 34, weak refs: 0

JNI global refs memory usage: 835, weak refs: 833

Process memory usage:
Resident Set Size: 244604K (3% of 7694920K total physical memory with 1002968K free physical memory)

OOME stack traces (most recent first):
Classloader memory used:
Loader org.gradle.internal.classloader.VisitableURLClassLoader                         : 28158K
Loader bootstrap                                                                       : 21664K
Loader org.gradle.initialization.MixInLegacyTypesClassLoader                           : 6641K
Loader org.gradle.internal.classloader.VisitableURLClassLoader                         : 765K
Loader jdk.internal.loader.ClassLoaders$AppClassLoader                                 : 229K
Loader jdk.internal.reflect.DelegatingClassLoader                                      : 199K
Loader jdk.internal.loader.ClassLoaders$PlatformClassLoader                            : 145K
Loader org.gradle.groovy.scripts.internal.DefaultScriptCompilationHandler$ScriptClassLoader: 92496B
Loader org.gradle.internal.classloader.VisitableURLClassLoader$InstrumentingVisitableURLClassLoader: 856B

Classes loaded by more than one classloader:
Class org.gradle.internal.IoActions                                                   : loaded 3 times (x 71B)
Class org.gradle.api.Action                                                           : loaded 3 times (x 70B)
Class org.gradle.api.GradleException                                                  : loaded 3 times (x 82B)
Class org.gradle.api.internal.classpath.ManifestUtil                                  : loaded 2 times (x 71B)
Class org.gradle.internal.operations.MultipleBuildOperationFailures                   : loaded 2 times (x 95B)
Class org.gradle.internal.classloader.DefaultClassLoaderFactory                       : loaded 2 times (x 82B)
Class ijInit1_8kwl1rrjxc6r5rjpgj89t98k3$_run_closure1                                 : loaded 2 times (x 140B)
Class kotlin.collections.AbstractList$Companion                                       : loaded 2 times (x 71B)
Class org.gradle.internal.classloader.ClassLoaderVisitor                              : loaded 2 times (x 76B)
Class org.gradle.api.internal.classpath.EffectiveClassPath                            : loaded 2 times (x 90B)
Class org.gradle.api.internal.DefaultClassPathProvider                                : loaded 2 times (x 76B)
Class [Lorg.gradle.api.internal.ClassPathProvider;                                    : loaded 2 times (x 69B)
Class org.gradle.api.internal.ClassPathProvider                                       : loaded 2 times (x 70B)
Class org.gradle.internal.service.UnknownServiceException                             : loaded 2 times (x 83B)
Class org.gradle.internal.classpath.TransformedClassPath                              : loaded 2 times (x 96B)
Class org.gradle.internal.classloader.InstrumentingClassLoader                        : loaded 2 times (x 70B)
Class kotlin.enums.EnumEntriesList                                                    : loaded 2 times (x 223B)
Class org.gradle.internal.service.ServiceLocator                                      : loaded 2 times (x 70B)
Class org.gradle.internal.time.DefaultTimer                                           : loaded 2 times (x 80B)
Class org.gradle.internal.classloader.ClasspathUtil$1                                 : loaded 2 times (x 76B)
Class org.gradle.api.internal.classpath.DefaultModuleRegistry$DefaultModule           : loaded 2 times (x 86B)
Class org.gradle.internal.time.DefaultCountdownTimer                                  : loaded 2 times (x 88B)
Class org.gradle.api.internal.classpath.Module                                        : loaded 2 times (x 70B)
Class org.gradle.api.internal.classpath.UnknownModuleException                        : loaded 2 times (x 82B)
Class org.gradle.api.internal.DefaultClassPathRegistry                                : loaded 2 times (x 76B)
Class org.gradle.api.internal.ClassPathRegistry                                       : loaded 2 times (x 70B)
Class org.gradle.internal.classpath.DefaultClassPath$ImmutableUniqueList              : loaded 2 times (x 199B)
Class org.gradle.internal.classpath.ClassPath                                         : loaded 2 times (x 70B)
Class kotlin.UninitializedPropertyAccessException                                     : loaded 2 times (x 82B)
Class org.gradle.internal.classloader.ClassLoaderHierarchy                            : loaded 2 times (x 70B)
Class org.gradle.internal.installation.GradleInstallation$1                           : loaded 2 times (x 75B)
Class org.gradle.api.internal.classpath.DefaultModuleRegistry                         : loaded 2 times (x 86B)
Class ijInit1_8kwl1rrjxc6r5rjpgj89t98k3                                               : loaded 2 times (x 171B)
Class org.gradle.internal.time.MonotonicClock                                         : loaded 2 times (x 77B)
Class org.gradle.internal.service.ServiceLookupException                              : loaded 2 times (x 82B)
Class org.gradle.internal.classloader.ClassLoaderFactory                              : loaded 2 times (x 70B)
Class org.gradle.internal.service.CachingServiceLocator                               : loaded 2 times (x 82B)
Class org.gradle.internal.time.TimeSource                                             : loaded 2 times (x 70B)
Class kotlin.enums.EnumEntries                                                        : loaded 2 times (x 70B)
Class org.gradle.internal.exceptions.ResolutionProvider                               : loaded 2 times (x 70B)
Class org.gradle.internal.classloader.ClasspathUtil                                   : loaded 2 times (x 71B)
Class org.gradle.internal.time.TimeSource$1                                           : loaded 2 times (x 77B)
Class kotlin.jvm.internal.DefaultConstructorMarker                                    : loaded 2 times (x 71B)
Class org.gradle.api.specs.Spec                                                       : loaded 2 times (x 70B)
Class sync_studio_tooling10_7uq3vvxqdgxg10bsx4g4tvsfo$_run_closure1                   : loaded 2 times (x 139B)
Class org.gradle.internal.time.Clock                                                  : loaded 2 times (x 70B)
Class kotlin.collections.AbstractList                                                 : loaded 2 times (x 197B)
Class kotlin.collections.AbstractCollection                                           : loaded 2 times (x 117B)
Class org.gradle.internal.classloader.VisitableURLClassLoader$InstrumentingVisitableURLClassLoader: loaded 2 times (x 123B)
Class org.gradle.internal.classloader.VisitableURLClassLoader$Spec                    : loaded 2 times (x 74B)
Class org.gradle.internal.classpath.DefaultClassPath                                  : loaded 2 times (x 90B)
Class org.gradle.util.internal.DefaultGradleVersion                                   : loaded 2 times (x 82B)
Class org.gradle.internal.classloader.ClassLoaderSpec                                 : loaded 2 times (x 71B)
Class org.gradle.internal.classloader.VisitableURLClassLoader                         : loaded 2 times (x 117B)
Class org.gradle.internal.classloader.FilteringClassLoader                            : loaded 2 times (x 105B)
Class org.gradle.internal.Cast                                                        : loaded 2 times (x 71B)
Class org.gradle.internal.classpath.DefaultClassPath$ImmutableUniqueList$Builder      : loaded 2 times (x 75B)
Class org.gradle.api.internal.classpath.ModuleRegistry                                : loaded 2 times (x 70B)
Class org.gradle.internal.exceptions.NonGradleCauseExceptionsHolder                   : loaded 2 times (x 70B)
Class sync_studio_tooling10_7uq3vvxqdgxg10bsx4g4tvsfo                                 : loaded 2 times (x 171B)
Class kotlin.NotImplementedError                                                      : loaded 2 times (x 82B)
Class kotlin.enums.EnumEntriesKt                                                      : loaded 2 times (x 71B)
Class org.gradle.internal.classloader.SystemClassLoaderSpec                           : loaded 2 times (x 71B)
Class org.gradle.internal.exceptions.MultiCauseException                              : loaded 2 times (x 70B)
Class org.gradle.internal.time.CountdownTimer                                         : loaded 2 times (x 70B)
Class kotlin.jvm.internal.Intrinsics                                                  : loaded 2 times (x 71B)
Class org.gradle.tooling.model.ProjectModel                                           : loaded 2 times (x 70B)
Class kotlin.KotlinNullPointerException                                               : loaded 2 times (x 83B)
Class org.gradle.internal.exceptions.DefaultMultiCauseException                       : loaded 2 times (x 95B)
Class org.gradle.internal.time.Time                                                   : loaded 2 times (x 71B)
Class org.gradle.api.internal.classpath.GlobalCacheRootsProvider                      : loaded 2 times (x 70B)
Class kotlin.NoWhenBranchMatchedException                                             : loaded 2 times (x 82B)
Class org.gradle.internal.time.Timer                                                  : loaded 2 times (x 70B)
Class kotlin.jvm.internal.markers.KMappedMarker                                       : loaded 2 times (x 70B)
Class org.gradle.internal.installation.CurrentGradleInstallationLocator               : loaded 2 times (x 71B)
Class org.gradle.internal.service.DefaultServiceLocator                               : loaded 2 times (x 83B)
Class org.gradle.util.GradleVersion                                                   : loaded 2 times (x 81B)
Class org.gradle.internal.installation.CurrentGradleInstallation                      : loaded 2 times (x 73B)
Class org.gradle.util.internal.GUtil                                                  : loaded 2 times (x 71B)
Class org.gradle.internal.installation.GradleInstallation                             : loaded 2 times (x 75B)

---------------  S Y S T E M  ---------------

OS:
 Windows 11 , 64 bit Build 26100 (10.0.26100.8328)
OS uptime: 4 days 4:40 hours
Hyper-V role detected

CPU: total 16 (initial active 16) (16 cores per cpu, 2 threads per core) family 23 model 104 stepping 1 microcode 0x8608108, cx8, cmov, fxsr, ht, mmx, 3dnowpref, sse, sse2, sse3, ssse3, sse4a, sse4.1, sse4.2, popcnt, lzcnt, tsc, tscinvbit, avx, avx2, aes, clmul, bmi1, bmi2, adx, sha, fma, vzeroupper, clflush, clflushopt, hv, rdtscp, rdpid, f16c
Processor Information for the first 16 processors :
  Max Mhz: 1801, Current Mhz: 1801, Mhz Limit: 1801

Memory: 4k page, system-wide physical 7514M (979M free)
TotalPageFile size 19562M (AvailPageFile size 4M)
current process WorkingSet (physical memory assigned to process): 238M, peak: 268M
current process commit charge ("private bytes"): 319M, peak: 334M

vm_info: OpenJDK 64-Bit Server VM (21.0.9+-14787801-b1163.94) for windows-amd64 JRE (21.0.9+-14787801-b1163.94), built on 2026-01-27T21:15:44Z by "builder" with MS VC++ 16.10 / 16.11 (VS2019)

END.
