#
# There is insufficient memory for the Java Runtime Environment to continue.
# Native memory allocation (mmap) failed to map 139460608 bytes. Error detail: G1 virtual space
# Possible reasons:
#   The system is out of physical RAM or swap space
#   This process is running with CompressedOops enabled, and the Java Heap may be blocking the growth of the native heap
# Possible solutions:
#   Reduce memory load on the system
#   Increase physical memory or swap space
#   Check if swap backing store is full
#   Decrease Java heap size (-Xmx/-Xms)
#   Decrease number of Java threads
#   Decrease Java thread stack sizes (-Xss)
#   Set larger code cache with -XX:ReservedCodeCacheSize=
#   JVM is running with Unscaled Compressed Oops mode in which the Java heap is
#     placed in the first 4GB address space. The Java Heap base address is the
#     maximum limit for the native heap growth. Please use -XX:HeapBaseMinAddress
#     to set the Java Heap base and to place the Java Heap above 4GB virtual address.
# This output file may be truncated or incomplete.
#
#  Out of Memory Error (os_windows.cpp:3925), pid=13952, tid=28380
#
# JRE version: OpenJDK Runtime Environment (21.0.9) (build 21.0.9+-14787801-b1163.94)
# Java VM: OpenJDK 64-Bit Server VM (21.0.9+-14787801-b1163.94, mixed mode, tiered, compressed oops, compressed class ptrs, g1 gc, windows-amd64)
# No core dump will be written. Minidumps are not enabled by default on client versions of Windows
#

---------------  S U M M A R Y ------------

Command Line: org.jetbrains.kotlin.cli.jvm.K2JVMCompiler @D:\EcoCycleConnect\app\build\20260521_13441247702983033522.compiler.options

Host: AMD Ryzen 7 5700U with Radeon Graphics         , 16 cores, 7G,  Windows 11 , 64 bit Build 26100 (10.0.26100.8328)
Time: Thu May 21 22:47:24 2026 Sri Lanka Standard Time elapsed time: 13.906643 seconds (0d 0h 0m 13s)

---------------  T H R E A D  ---------------

Current thread (0x000001dfa06f6d10):  VMThread "VM Thread"          [id=28380, stack(0x00000016aab00000,0x00000016aac00000) (1024K)]

Stack: [0x00000016aab00000,0x00000016aac00000]
Native frames: (J=compiled Java code, j=interpreted, Vv=VM code, C=native code)
V  [jvm.dll+0x6d6c99]
V  [jvm.dll+0x866b83]
V  [jvm.dll+0x8691ae]
V  [jvm.dll+0x869893]
V  [jvm.dll+0x280776]
V  [jvm.dll+0x6d3555]
V  [jvm.dll+0x6c6bea]
V  [jvm.dll+0x3587fb]
V  [jvm.dll+0x360476]
V  [jvm.dll+0x3b2646]
V  [jvm.dll+0x3b2918]
V  [jvm.dll+0x32af0c]
V  [jvm.dll+0x32af97]
V  [jvm.dll+0x370e7c]
V  [jvm.dll+0x36f62e]
V  [jvm.dll+0x32a661]
V  [jvm.dll+0x36ed30]
V  [jvm.dll+0x86f618]
V  [jvm.dll+0x870994]
V  [jvm.dll+0x870ed0]
V  [jvm.dll+0x871163]
V  [jvm.dll+0x80f118]
V  [jvm.dll+0x6d54ed]
C  [ucrtbase.dll+0x37b0]
C  [KERNEL32.DLL+0x2e957]
C  [ntdll.dll+0x427c]

VM_Operation (0x00000016aa4f9120): G1CollectForAllocation, mode: safepoint, requested by thread 0x000001df864b40b0


---------------  P R O C E S S  ---------------

Threads class SMR info:
_java_thread_list=0x000001dfabc46af0, length=15, elements={
0x000001df864b40b0, 0x000001dfa08a7190, 0x000001dfa08aab80, 0x000001dfa08ab5e0,
0x000001dfa08c7370, 0x000001dfa08dd660, 0x000001dfa08de0c0, 0x000001dfa08deb20,
0x000001dfa08e0050, 0x000001dfa08e3500, 0x000001dfa09d69b0, 0x000001dfa0a743c0,
0x000001dfa518baa0, 0x000001dfa549e510, 0x000001dfa627f010
}

Java Threads: ( => current thread )
  0x000001df864b40b0 JavaThread "main"                              [_thread_blocked, id=12780, stack(0x00000016aa400000,0x00000016aa500000) (1024K)]
  0x000001dfa08a7190 JavaThread "Common-Cleaner"             daemon [_thread_blocked, id=29616, stack(0x00000016aac00000,0x00000016aad00000) (1024K)]
  0x000001dfa08aab80 JavaThread "Reference Handler"          daemon [_thread_blocked, id=22532, stack(0x00000016aad00000,0x00000016aae00000) (1024K)]
  0x000001dfa08ab5e0 JavaThread "Finalizer"                  daemon [_thread_blocked, id=15292, stack(0x00000016aae00000,0x00000016aaf00000) (1024K)]
  0x000001dfa08c7370 JavaThread "Signal Dispatcher"          daemon [_thread_blocked, id=26460, stack(0x00000016aaf00000,0x00000016ab000000) (1024K)]
  0x000001dfa08dd660 JavaThread "Attach Listener"            daemon [_thread_blocked, id=18336, stack(0x00000016ab000000,0x00000016ab100000) (1024K)]
  0x000001dfa08de0c0 JavaThread "Service Thread"             daemon [_thread_blocked, id=4344, stack(0x00000016ab100000,0x00000016ab200000) (1024K)]
  0x000001dfa08deb20 JavaThread "Monitor Deflation Thread"   daemon [_thread_blocked, id=15912, stack(0x00000016ab200000,0x00000016ab300000) (1024K)]
  0x000001dfa08e0050 JavaThread "C2 CompilerThread0"         daemon [_thread_blocked, id=21000, stack(0x00000016ab300000,0x00000016ab400000) (1024K)]
  0x000001dfa08e3500 JavaThread "C1 CompilerThread0"         daemon [_thread_blocked, id=23476, stack(0x00000016ab400000,0x00000016ab500000) (1024K)]
  0x000001dfa09d69b0 JavaThread "C1 CompilerThread1"         daemon [_thread_blocked, id=15428, stack(0x00000016ab500000,0x00000016ab600000) (1024K)]
  0x000001dfa0a743c0 JavaThread "Notification Thread"        daemon [_thread_blocked, id=4496, stack(0x00000016ab600000,0x00000016ab700000) (1024K)]
  0x000001dfa518baa0 JavaThread "C1 CompilerThread2"         daemon [_thread_blocked, id=28576, stack(0x00000016ab800000,0x00000016ab900000) (1024K)]
  0x000001dfa549e510 JavaThread "C1 CompilerThread3"         daemon [_thread_blocked, id=15628, stack(0x00000016aba00000,0x00000016abb00000) (1024K)]
  0x000001dfa627f010 JavaThread "C2 CompilerThread1"         daemon [_thread_blocked, id=14084, stack(0x00000016ac200000,0x00000016ac300000) (1024K)]
Total: 15

Other Threads:
=>0x000001dfa06f6d10 VMThread "VM Thread"                           [id=28380, stack(0x00000016aab00000,0x00000016aac00000) (1024K)]
  0x000001dfa0693240 WatcherThread "VM Periodic Task Thread"        [id=28720, stack(0x00000016aaa00000,0x00000016aab00000) (1024K)]
  0x000001df888da200 WorkerThread "GC Thread#0"                     [id=29580, stack(0x00000016aa500000,0x00000016aa600000) (1024K)]
  0x000001dfa568b960 WorkerThread "GC Thread#1"                     [id=29408, stack(0x00000016ab900000,0x00000016aba00000) (1024K)]
  0x000001dfa56ac040 WorkerThread "GC Thread#2"                     [id=28188, stack(0x00000016abb00000,0x00000016abc00000) (1024K)]
  0x000001dfa56ac3e0 WorkerThread "GC Thread#3"                     [id=24736, stack(0x00000016abc00000,0x00000016abd00000) (1024K)]
  0x000001dfa56ac780 WorkerThread "GC Thread#4"                     [id=14212, stack(0x00000016abd00000,0x00000016abe00000) (1024K)]
  0x000001dfa56acf20 WorkerThread "GC Thread#5"                     [id=2912, stack(0x00000016abe00000,0x00000016abf00000) (1024K)]
  0x000001dfa5794060 WorkerThread "GC Thread#6"                     [id=25860, stack(0x00000016ab700000,0x00000016ab800000) (1024K)]
  0x000001dfa5794400 WorkerThread "GC Thread#7"                     [id=9044, stack(0x00000016abf00000,0x00000016ac000000) (1024K)]
  0x000001dfa5c15800 WorkerThread "GC Thread#8"                     [id=27672, stack(0x00000016ac400000,0x00000016ac500000) (1024K)]
  0x000001dfa5c15f40 WorkerThread "GC Thread#9"                     [id=14484, stack(0x00000016ac500000,0x00000016ac600000) (1024K)]
  0x000001dfa5c15ba0 WorkerThread "GC Thread#10"                    [id=26412, stack(0x00000016ac600000,0x00000016ac700000) (1024K)]
  0x000001dfa5c13b00 WorkerThread "GC Thread#11"                    [id=21340, stack(0x00000016ac300000,0x00000016ac400000) (1024K)]
  0x000001dfa5c14240 WorkerThread "GC Thread#12"                    [id=11404, stack(0x00000016ac800000,0x00000016ac900000) (1024K)]
  0x000001df888e9ce0 ConcurrentGCThread "G1 Main Marker"            [id=28728, stack(0x00000016aa600000,0x00000016aa700000) (1024K)]
  0x000001df888eebf0 WorkerThread "G1 Conc#0"                       [id=28512, stack(0x00000016aa700000,0x00000016aa800000) (1024K)]
  0x000001dfa57947a0 WorkerThread "G1 Conc#1"                       [id=2640, stack(0x00000016ac000000,0x00000016ac100000) (1024K)]
  0x000001dfa5792e40 WorkerThread "G1 Conc#2"                       [id=9516, stack(0x00000016ac100000,0x00000016ac200000) (1024K)]
  0x000001df8894e960 ConcurrentGCThread "G1 Refine#0"               [id=5876, stack(0x00000016aa800000,0x00000016aa900000) (1024K)]
  0x000001dfa0555590 ConcurrentGCThread "G1 Service"                [id=28196, stack(0x00000016aa900000,0x00000016aaa00000) (1024K)]
Total: 21

Threads with active compile tasks:
C2 CompilerThread0  13923 12110       4       org.jetbrains.kotlin.ir.overrides.FakeOverrideCopier::copySimpleFunction (607 bytes)
C2 CompilerThread1  13923 12043       4       org.jetbrains.kotlin.ir.util.IrDeepCopyBase::transformValueArguments (135 bytes)
Total: 2

VM state: at safepoint (normal execution)

VM Mutex/Monitor currently owned by a thread:  ([mutex/lock_event])
[0x00007ff9bb938690] Threads_lock - owner thread: 0x000001dfa06f6d10
[0x00007ff9bb938790] Heap_lock - owner thread: 0x000001df864b40b0

Heap address: 0x000000008a800000, size: 1880 MB, Compressed Oops mode: 32-bit

CDS archive(s) not mapped
Compressed class space mapped at: 0x0000000100000000-0x0000000140000000, reserved size: 1073741824
Narrow klass base: 0x0000000000000000, Narrow klass shift: 3, Narrow klass range: 0x140000000

GC Precious Log:
 CardTable entry size: 512
 Card Set container configuration: InlinePtr #cards 5 size 8 Array Of Cards #cards 12 size 40 Howl #buckets 4 coarsen threshold 1843 Howl Bitmap #cards 512 size 80 coarsen threshold 460 Card regions per heap region 1 cards per card region 2048
 CPUs: 16 total, 16 available
 Memory: 7514M
 Large Page Support: Disabled
 NUMA Support: Disabled
 Compressed Oops: Enabled (32-bit)
 Heap Region Size: 1M
 Heap Min Capacity: 8M
 Heap Initial Capacity: 118M
 Heap Max Capacity: 1880M
 Pre-touch: Disabled
 Parallel Workers: 13
 Concurrent Workers: 3
 Concurrent Refinement Workers: 13
 Periodic GC: Disabled

Heap:
 garbage-first heap   total 167936K, used 115706K [0x000000008a800000, 0x0000000100000000)
  region size 1024K, 6 young (6144K), 6 survivors (6144K)
 Metaspace       used 72493K, committed 72832K, reserved 1114112K
  class space    used 7793K, committed 7936K, reserved 1048576K

Heap Regions: E=young(eden), S=young(survivor), O=old, HS=humongous(starts), HC=humongous(continues), CS=collection set, F=free, TAMS=top-at-mark-start, PB=parsable bottom
|   0|0x000000008a800000, 0x000000008a900000, 0x000000008a900000|100%|HS|  |TAMS 0x000000008a800000| PB 0x000000008a800000| Complete 
|   1|0x000000008a900000, 0x000000008aa00000, 0x000000008aa00000|100%|HC|  |TAMS 0x000000008a900000| PB 0x000000008a900000| Complete 
|   2|0x000000008aa00000, 0x000000008ab00000, 0x000000008ab00000|100%|HC|  |TAMS 0x000000008aa00000| PB 0x000000008aa00000| Complete 
|   3|0x000000008ab00000, 0x000000008ac00000, 0x000000008ac00000|100%| O|  |TAMS 0x000000008ab00000| PB 0x000000008ab00000| Untracked 
|   4|0x000000008ac00000, 0x000000008ad00000, 0x000000008ad00000|100%| O|  |TAMS 0x000000008ac00000| PB 0x000000008ac00000| Untracked 
|   5|0x000000008ad00000, 0x000000008ae00000, 0x000000008ae00000|100%| O|  |TAMS 0x000000008ad00000| PB 0x000000008ad00000| Untracked 
|   6|0x000000008ae00000, 0x000000008af00000, 0x000000008af00000|100%| O|  |TAMS 0x000000008ae00000| PB 0x000000008ae00000| Untracked 
|   7|0x000000008af00000, 0x000000008b000000, 0x000000008b000000|100%| O|  |TAMS 0x000000008af00000| PB 0x000000008af00000| Untracked 
|   8|0x000000008b000000, 0x000000008b100000, 0x000000008b100000|100%| O|  |TAMS 0x000000008b000000| PB 0x000000008b000000| Untracked 
|   9|0x000000008b100000, 0x000000008b200000, 0x000000008b200000|100%| O|  |TAMS 0x000000008b100000| PB 0x000000008b100000| Untracked 
|  10|0x000000008b200000, 0x000000008b300000, 0x000000008b300000|100%| O|  |TAMS 0x000000008b200000| PB 0x000000008b200000| Untracked 
|  11|0x000000008b300000, 0x000000008b400000, 0x000000008b400000|100%| O|  |TAMS 0x000000008b300000| PB 0x000000008b300000| Untracked 
|  12|0x000000008b400000, 0x000000008b500000, 0x000000008b500000|100%| O|  |TAMS 0x000000008b400000| PB 0x000000008b400000| Untracked 
|  13|0x000000008b500000, 0x000000008b600000, 0x000000008b600000|100%| O|  |TAMS 0x000000008b500000| PB 0x000000008b500000| Untracked 
|  14|0x000000008b600000, 0x000000008b700000, 0x000000008b700000|100%| O|  |TAMS 0x000000008b600000| PB 0x000000008b600000| Untracked 
|  15|0x000000008b700000, 0x000000008b800000, 0x000000008b800000|100%| O|  |TAMS 0x000000008b700000| PB 0x000000008b700000| Untracked 
|  16|0x000000008b800000, 0x000000008b900000, 0x000000008b900000|100%| O|  |TAMS 0x000000008b800000| PB 0x000000008b800000| Untracked 
|  17|0x000000008b900000, 0x000000008ba00000, 0x000000008ba00000|100%| O|  |TAMS 0x000000008b900000| PB 0x000000008b900000| Untracked 
|  18|0x000000008ba00000, 0x000000008bb00000, 0x000000008bb00000|100%| O|  |TAMS 0x000000008ba00000| PB 0x000000008ba00000| Untracked 
|  19|0x000000008bb00000, 0x000000008bc00000, 0x000000008bc00000|100%| O|  |TAMS 0x000000008bb00000| PB 0x000000008bb00000| Untracked 
|  20|0x000000008bc00000, 0x000000008bd00000, 0x000000008bd00000|100%| O|  |TAMS 0x000000008bc00000| PB 0x000000008bc00000| Untracked 
|  21|0x000000008bd00000, 0x000000008be00000, 0x000000008be00000|100%| O|  |TAMS 0x000000008bd00000| PB 0x000000008bd00000| Untracked 
|  22|0x000000008be00000, 0x000000008bf00000, 0x000000008bf00000|100%| O|  |TAMS 0x000000008be00000| PB 0x000000008be00000| Untracked 
|  23|0x000000008bf00000, 0x000000008c000000, 0x000000008c000000|100%| O|  |TAMS 0x000000008bf00000| PB 0x000000008bf00000| Untracked 
|  24|0x000000008c000000, 0x000000008c100000, 0x000000008c100000|100%| O|  |TAMS 0x000000008c000000| PB 0x000000008c000000| Untracked 
|  25|0x000000008c100000, 0x000000008c200000, 0x000000008c200000|100%|HS|  |TAMS 0x000000008c100000| PB 0x000000008c100000| Complete 
|  26|0x000000008c200000, 0x000000008c300000, 0x000000008c300000|100%| O|  |TAMS 0x000000008c200000| PB 0x000000008c200000| Untracked 
|  27|0x000000008c300000, 0x000000008c400000, 0x000000008c400000|100%| O|  |TAMS 0x000000008c300000| PB 0x000000008c300000| Untracked 
|  28|0x000000008c400000, 0x000000008c500000, 0x000000008c500000|100%| O|  |TAMS 0x000000008c400000| PB 0x000000008c400000| Untracked 
|  29|0x000000008c500000, 0x000000008c600000, 0x000000008c600000|100%| O|  |TAMS 0x000000008c500000| PB 0x000000008c500000| Untracked 
|  30|0x000000008c600000, 0x000000008c700000, 0x000000008c700000|100%| O|  |TAMS 0x000000008c600000| PB 0x000000008c600000| Untracked 
|  31|0x000000008c700000, 0x000000008c800000, 0x000000008c800000|100%| O|  |TAMS 0x000000008c700000| PB 0x000000008c700000| Untracked 
|  32|0x000000008c800000, 0x000000008c900000, 0x000000008c900000|100%| O|  |TAMS 0x000000008c800000| PB 0x000000008c800000| Untracked 
|  33|0x000000008c900000, 0x000000008ca00000, 0x000000008ca00000|100%| O|  |TAMS 0x000000008c900000| PB 0x000000008c900000| Untracked 
|  34|0x000000008ca00000, 0x000000008cb00000, 0x000000008cb00000|100%| O|  |TAMS 0x000000008ca00000| PB 0x000000008ca00000| Untracked 
|  35|0x000000008cb00000, 0x000000008cc00000, 0x000000008cc00000|100%| O|  |TAMS 0x000000008cb00000| PB 0x000000008cb00000| Untracked 
|  36|0x000000008cc00000, 0x000000008cd00000, 0x000000008cd00000|100%| O|  |TAMS 0x000000008cc00000| PB 0x000000008cc00000| Untracked 
|  37|0x000000008cd00000, 0x000000008ce00000, 0x000000008ce00000|100%| O|  |TAMS 0x000000008cd00000| PB 0x000000008cd00000| Untracked 
|  38|0x000000008ce00000, 0x000000008cf00000, 0x000000008cf00000|100%| O|  |TAMS 0x000000008ce00000| PB 0x000000008ce00000| Untracked 
|  39|0x000000008cf00000, 0x000000008d000000, 0x000000008d000000|100%| O|  |TAMS 0x000000008cf00000| PB 0x000000008cf00000| Untracked 
|  40|0x000000008d000000, 0x000000008d100000, 0x000000008d100000|100%| O|  |TAMS 0x000000008d000000| PB 0x000000008d000000| Untracked 
|  41|0x000000008d100000, 0x000000008d200000, 0x000000008d200000|100%| O|  |TAMS 0x000000008d100000| PB 0x000000008d100000| Untracked 
|  42|0x000000008d200000, 0x000000008d300000, 0x000000008d300000|100%| O|  |TAMS 0x000000008d200000| PB 0x000000008d200000| Untracked 
|  43|0x000000008d300000, 0x000000008d400000, 0x000000008d400000|100%| O|  |TAMS 0x000000008d300000| PB 0x000000008d300000| Untracked 
|  44|0x000000008d400000, 0x000000008d500000, 0x000000008d500000|100%| O|  |TAMS 0x000000008d400000| PB 0x000000008d400000| Untracked 
|  45|0x000000008d500000, 0x000000008d600000, 0x000000008d600000|100%| O|  |TAMS 0x000000008d500000| PB 0x000000008d500000| Untracked 
|  46|0x000000008d600000, 0x000000008d700000, 0x000000008d700000|100%| O|  |TAMS 0x000000008d600000| PB 0x000000008d600000| Untracked 
|  47|0x000000008d700000, 0x000000008d800000, 0x000000008d800000|100%| O|  |TAMS 0x000000008d700000| PB 0x000000008d700000| Untracked 
|  48|0x000000008d800000, 0x000000008d900000, 0x000000008d900000|100%| O|  |TAMS 0x000000008d800000| PB 0x000000008d800000| Untracked 
|  49|0x000000008d900000, 0x000000008da00000, 0x000000008da00000|100%| O|  |TAMS 0x000000008d900000| PB 0x000000008d900000| Untracked 
|  50|0x000000008da00000, 0x000000008db00000, 0x000000008db00000|100%| O|  |TAMS 0x000000008da00000| PB 0x000000008da00000| Untracked 
|  51|0x000000008db00000, 0x000000008dc00000, 0x000000008dc00000|100%| O|  |TAMS 0x000000008db00000| PB 0x000000008db00000| Untracked 
|  52|0x000000008dc00000, 0x000000008dd00000, 0x000000008dd00000|100%| O|  |TAMS 0x000000008dc00000| PB 0x000000008dc00000| Untracked 
|  53|0x000000008dd00000, 0x000000008de00000, 0x000000008de00000|100%| O|  |TAMS 0x000000008dd00000| PB 0x000000008dd00000| Untracked 
|  54|0x000000008de00000, 0x000000008df00000, 0x000000008df00000|100%| O|  |TAMS 0x000000008de00000| PB 0x000000008de00000| Untracked 
|  55|0x000000008df00000, 0x000000008e000000, 0x000000008e000000|100%| O|  |TAMS 0x000000008df00000| PB 0x000000008df00000| Untracked 
|  56|0x000000008e000000, 0x000000008e100000, 0x000000008e100000|100%| O|  |TAMS 0x000000008e000000| PB 0x000000008e000000| Untracked 
|  57|0x000000008e100000, 0x000000008e200000, 0x000000008e200000|100%| O|  |TAMS 0x000000008e100000| PB 0x000000008e100000| Untracked 
|  58|0x000000008e200000, 0x000000008e300000, 0x000000008e300000|100%| O|  |TAMS 0x000000008e200000| PB 0x000000008e200000| Untracked 
|  59|0x000000008e300000, 0x000000008e400000, 0x000000008e400000|100%| O|  |TAMS 0x000000008e300000| PB 0x000000008e300000| Untracked 
|  60|0x000000008e400000, 0x000000008e500000, 0x000000008e500000|100%| O|  |TAMS 0x000000008e400000| PB 0x000000008e400000| Untracked 
|  61|0x000000008e500000, 0x000000008e600000, 0x000000008e600000|100%| O|  |TAMS 0x000000008e500000| PB 0x000000008e500000| Untracked 
|  62|0x000000008e600000, 0x000000008e700000, 0x000000008e700000|100%| O|  |TAMS 0x000000008e600000| PB 0x000000008e600000| Untracked 
|  63|0x000000008e700000, 0x000000008e800000, 0x000000008e800000|100%| O|  |TAMS 0x000000008e700000| PB 0x000000008e700000| Untracked 
|  64|0x000000008e800000, 0x000000008e900000, 0x000000008e900000|100%| O|  |TAMS 0x000000008e800000| PB 0x000000008e800000| Untracked 
|  65|0x000000008e900000, 0x000000008e900000, 0x000000008ea00000|  0%| F|  |TAMS 0x000000008e900000| PB 0x000000008e900000| Untracked 
|  66|0x000000008ea00000, 0x000000008eb00000, 0x000000008eb00000|100%| O|  |TAMS 0x000000008ea00000| PB 0x000000008ea00000| Untracked 
|  67|0x000000008eb00000, 0x000000008ec00000, 0x000000008ec00000|100%| O|  |TAMS 0x000000008eb00000| PB 0x000000008eb00000| Untracked 
|  68|0x000000008ec00000, 0x000000008ed00000, 0x000000008ed00000|100%| O|  |TAMS 0x000000008ec00000| PB 0x000000008ec00000| Untracked 
|  69|0x000000008ed00000, 0x000000008ee00000, 0x000000008ee00000|100%| O|  |TAMS 0x000000008ed00000| PB 0x000000008ed00000| Untracked 
|  70|0x000000008ee00000, 0x000000008ef00000, 0x000000008ef00000|100%| O|  |TAMS 0x000000008ee00000| PB 0x000000008ee00000| Untracked 
|  71|0x000000008ef00000, 0x000000008ef00000, 0x000000008f000000|  0%| F|  |TAMS 0x000000008ef00000| PB 0x000000008ef00000| Untracked 
|  72|0x000000008f000000, 0x000000008f100000, 0x000000008f100000|100%| O|  |TAMS 0x000000008f000000| PB 0x000000008f000000| Untracked 
|  73|0x000000008f100000, 0x000000008f200000, 0x000000008f200000|100%| O|  |TAMS 0x000000008f100000| PB 0x000000008f100000| Untracked 
|  74|0x000000008f200000, 0x000000008f300000, 0x000000008f300000|100%| O|  |TAMS 0x000000008f200000| PB 0x000000008f200000| Untracked 
|  75|0x000000008f300000, 0x000000008f400000, 0x000000008f400000|100%| O|  |TAMS 0x000000008f300000| PB 0x000000008f300000| Untracked 
|  76|0x000000008f400000, 0x000000008f500000, 0x000000008f500000|100%| O|  |TAMS 0x000000008f400000| PB 0x000000008f400000| Untracked 
|  77|0x000000008f500000, 0x000000008f600000, 0x000000008f600000|100%| O|  |TAMS 0x000000008f500000| PB 0x000000008f500000| Untracked 
|  78|0x000000008f600000, 0x000000008f600000, 0x000000008f700000|  0%| F|  |TAMS 0x000000008f600000| PB 0x000000008f600000| Untracked 
|  79|0x000000008f700000, 0x000000008f800000, 0x000000008f800000|100%| O|  |TAMS 0x000000008f700000| PB 0x000000008f700000| Untracked 
|  80|0x000000008f800000, 0x000000008f900000, 0x000000008f900000|100%| O|  |TAMS 0x000000008f800000| PB 0x000000008f800000| Untracked 
|  81|0x000000008f900000, 0x000000008fa00000, 0x000000008fa00000|100%| O|  |TAMS 0x000000008f900000| PB 0x000000008f900000| Untracked 
|  82|0x000000008fa00000, 0x000000008fb00000, 0x000000008fb00000|100%| O|  |TAMS 0x000000008fa00000| PB 0x000000008fa00000| Untracked 
|  83|0x000000008fb00000, 0x000000008fc00000, 0x000000008fc00000|100%| O|  |TAMS 0x000000008fb00000| PB 0x000000008fb00000| Untracked 
|  84|0x000000008fc00000, 0x000000008fd00000, 0x000000008fd00000|100%| O|  |TAMS 0x000000008fc00000| PB 0x000000008fc00000| Untracked 
|  85|0x000000008fd00000, 0x000000008fe00000, 0x000000008fe00000|100%| O|  |TAMS 0x000000008fd00000| PB 0x000000008fd00000| Untracked 
|  86|0x000000008fe00000, 0x000000008ff00000, 0x000000008ff00000|100%| O|  |TAMS 0x000000008fe00000| PB 0x000000008fe00000| Untracked 
|  87|0x000000008ff00000, 0x0000000090000000, 0x0000000090000000|100%| O|  |TAMS 0x000000008ff00000| PB 0x000000008ff00000| Untracked 
|  88|0x0000000090000000, 0x0000000090100000, 0x0000000090100000|100%| O|  |TAMS 0x0000000090000000| PB 0x0000000090000000| Untracked 
|  89|0x0000000090100000, 0x0000000090200000, 0x0000000090200000|100%| O|  |TAMS 0x0000000090100000| PB 0x0000000090100000| Untracked 
|  90|0x0000000090200000, 0x0000000090300000, 0x0000000090300000|100%| O|  |TAMS 0x0000000090200000| PB 0x0000000090200000| Untracked 
|  91|0x0000000090300000, 0x0000000090400000, 0x0000000090400000|100%| O|  |TAMS 0x0000000090300000| PB 0x0000000090300000| Untracked 
|  92|0x0000000090400000, 0x0000000090500000, 0x0000000090500000|100%| O|  |TAMS 0x0000000090400000| PB 0x0000000090400000| Untracked 
|  93|0x0000000090500000, 0x0000000090600000, 0x0000000090600000|100%| O|  |TAMS 0x0000000090500000| PB 0x0000000090500000| Untracked 
|  94|0x0000000090600000, 0x0000000090700000, 0x0000000090700000|100%| O|  |TAMS 0x0000000090600000| PB 0x0000000090600000| Untracked 
|  95|0x0000000090700000, 0x0000000090800000, 0x0000000090800000|100%| O|  |TAMS 0x0000000090700000| PB 0x0000000090700000| Untracked 
|  96|0x0000000090800000, 0x0000000090900000, 0x0000000090900000|100%| O|  |TAMS 0x0000000090800000| PB 0x0000000090800000| Untracked 
|  97|0x0000000090900000, 0x0000000090a00000, 0x0000000090a00000|100%| O|  |TAMS 0x0000000090900000| PB 0x0000000090900000| Untracked 
|  98|0x0000000090a00000, 0x0000000090b00000, 0x0000000090b00000|100%| O|  |TAMS 0x0000000090a00000| PB 0x0000000090a00000| Untracked 
|  99|0x0000000090b00000, 0x0000000090c00000, 0x0000000090c00000|100%| O|  |TAMS 0x0000000090b00000| PB 0x0000000090b00000| Untracked 
| 100|0x0000000090c00000, 0x0000000090d00000, 0x0000000090d00000|100%| O|  |TAMS 0x0000000090c00000| PB 0x0000000090c00000| Untracked 
| 101|0x0000000090d00000, 0x0000000090e00000, 0x0000000090e00000|100%| O|  |TAMS 0x0000000090d00000| PB 0x0000000090d00000| Untracked 
| 102|0x0000000090e00000, 0x0000000090f00000, 0x0000000090f00000|100%| O|  |TAMS 0x0000000090e00000| PB 0x0000000090e00000| Untracked 
| 103|0x0000000090f00000, 0x0000000091000000, 0x0000000091000000|100%| O|  |TAMS 0x0000000090f00000| PB 0x0000000090f00000| Untracked 
| 104|0x0000000091000000, 0x0000000091100000, 0x0000000091100000|100%| O|  |TAMS 0x0000000091000000| PB 0x0000000091000000| Untracked 
| 105|0x0000000091100000, 0x0000000091200000, 0x0000000091200000|100%| O|  |TAMS 0x0000000091100000| PB 0x0000000091100000| Untracked 
| 106|0x0000000091200000, 0x0000000091300000, 0x0000000091300000|100%| O|  |TAMS 0x0000000091200000| PB 0x0000000091200000| Untracked 
| 107|0x0000000091300000, 0x0000000091400000, 0x0000000091400000|100%| O|  |TAMS 0x0000000091300000| PB 0x0000000091300000| Untracked 
| 108|0x0000000091400000, 0x00000000914fea88, 0x0000000091500000| 99%| O|  |TAMS 0x0000000091400000| PB 0x0000000091400000| Untracked 
| 109|0x0000000091500000, 0x0000000091500000, 0x0000000091600000|  0%| F|  |TAMS 0x0000000091500000| PB 0x0000000091500000| Untracked 
| 110|0x0000000091600000, 0x0000000091600000, 0x0000000091700000|  0%| F|  |TAMS 0x0000000091600000| PB 0x0000000091600000| Untracked 
| 111|0x0000000091700000, 0x0000000091700000, 0x0000000091800000|  0%| F|  |TAMS 0x0000000091700000| PB 0x0000000091700000| Untracked 
| 112|0x0000000091800000, 0x0000000091800000, 0x0000000091900000|  0%| F|  |TAMS 0x0000000091800000| PB 0x0000000091800000| Untracked 
| 113|0x0000000091900000, 0x0000000091900000, 0x0000000091a00000|  0%| F|  |TAMS 0x0000000091900000| PB 0x0000000091900000| Untracked 
| 114|0x0000000091a00000, 0x0000000091a00000, 0x0000000091b00000|  0%| F|  |TAMS 0x0000000091a00000| PB 0x0000000091a00000| Untracked 
| 115|0x0000000091b00000, 0x0000000091c00000, 0x0000000091c00000|100%| S|CS|TAMS 0x0000000091b00000| PB 0x0000000091b00000| Complete 
| 116|0x0000000091c00000, 0x0000000091d00000, 0x0000000091d00000|100%| S|CS|TAMS 0x0000000091c00000| PB 0x0000000091c00000| Complete 
| 117|0x0000000091d00000, 0x0000000091e00000, 0x0000000091e00000|100%| S|CS|TAMS 0x0000000091d00000| PB 0x0000000091d00000| Complete 
| 118|0x0000000091e00000, 0x0000000091f00000, 0x0000000091f00000|100%| S|CS|TAMS 0x0000000091e00000| PB 0x0000000091e00000| Complete 
| 119|0x0000000091f00000, 0x0000000092000000, 0x0000000092000000|100%| S|CS|TAMS 0x0000000091f00000| PB 0x0000000091f00000| Complete 
| 120|0x0000000092000000, 0x0000000092100000, 0x0000000092100000|100%| S|CS|TAMS 0x0000000092000000| PB 0x0000000092000000| Complete 
| 121|0x0000000092100000, 0x0000000092100000, 0x0000000092200000|  0%| F|  |TAMS 0x0000000092100000| PB 0x0000000092100000| Untracked 
| 122|0x0000000092200000, 0x0000000092200000, 0x0000000092300000|  0%| F|  |TAMS 0x0000000092200000| PB 0x0000000092200000| Untracked 
| 123|0x0000000092300000, 0x0000000092300000, 0x0000000092400000|  0%| F|  |TAMS 0x0000000092300000| PB 0x0000000092300000| Untracked 
| 124|0x0000000092400000, 0x0000000092400000, 0x0000000092500000|  0%| F|  |TAMS 0x0000000092400000| PB 0x0000000092400000| Untracked 
| 125|0x0000000092500000, 0x0000000092500000, 0x0000000092600000|  0%| F|  |TAMS 0x0000000092500000| PB 0x0000000092500000| Untracked 
| 126|0x0000000092600000, 0x0000000092600000, 0x0000000092700000|  0%| F|  |TAMS 0x0000000092600000| PB 0x0000000092600000| Untracked 
| 127|0x0000000092700000, 0x0000000092700000, 0x0000000092800000|  0%| F|  |TAMS 0x0000000092700000| PB 0x0000000092700000| Untracked 
| 128|0x0000000092800000, 0x0000000092800000, 0x0000000092900000|  0%| F|  |TAMS 0x0000000092800000| PB 0x0000000092800000| Untracked 
| 129|0x0000000092900000, 0x0000000092900000, 0x0000000092a00000|  0%| F|  |TAMS 0x0000000092900000| PB 0x0000000092900000| Untracked 
| 130|0x0000000092a00000, 0x0000000092a00000, 0x0000000092b00000|  0%| F|  |TAMS 0x0000000092a00000| PB 0x0000000092a00000| Untracked 
| 131|0x0000000092b00000, 0x0000000092b00000, 0x0000000092c00000|  0%| F|  |TAMS 0x0000000092b00000| PB 0x0000000092b00000| Untracked 
| 132|0x0000000092c00000, 0x0000000092c00000, 0x0000000092d00000|  0%| F|  |TAMS 0x0000000092c00000| PB 0x0000000092c00000| Untracked 
| 133|0x0000000092d00000, 0x0000000092d00000, 0x0000000092e00000|  0%| F|  |TAMS 0x0000000092d00000| PB 0x0000000092d00000| Untracked 
| 134|0x0000000092e00000, 0x0000000092e00000, 0x0000000092f00000|  0%| F|  |TAMS 0x0000000092e00000| PB 0x0000000092e00000| Untracked 
| 135|0x0000000092f00000, 0x0000000092f00000, 0x0000000093000000|  0%| F|  |TAMS 0x0000000092f00000| PB 0x0000000092f00000| Untracked 
| 136|0x0000000093000000, 0x0000000093000000, 0x0000000093100000|  0%| F|  |TAMS 0x0000000093000000| PB 0x0000000093000000| Untracked 
| 137|0x0000000093100000, 0x0000000093100000, 0x0000000093200000|  0%| F|  |TAMS 0x0000000093100000| PB 0x0000000093100000| Untracked 
| 138|0x0000000093200000, 0x0000000093200000, 0x0000000093300000|  0%| F|  |TAMS 0x0000000093200000| PB 0x0000000093200000| Untracked 
| 139|0x0000000093300000, 0x0000000093300000, 0x0000000093400000|  0%| F|  |TAMS 0x0000000093300000| PB 0x0000000093300000| Untracked 
| 140|0x0000000093400000, 0x0000000093400000, 0x0000000093500000|  0%| F|  |TAMS 0x0000000093400000| PB 0x0000000093400000| Untracked 
| 141|0x0000000093500000, 0x0000000093500000, 0x0000000093600000|  0%| F|  |TAMS 0x0000000093500000| PB 0x0000000093500000| Untracked 
| 142|0x0000000093600000, 0x0000000093600000, 0x0000000093700000|  0%| F|  |TAMS 0x0000000093600000| PB 0x0000000093600000| Untracked 
| 143|0x0000000093700000, 0x0000000093700000, 0x0000000093800000|  0%| F|  |TAMS 0x0000000093700000| PB 0x0000000093700000| Untracked 
| 144|0x0000000093800000, 0x0000000093800000, 0x0000000093900000|  0%| F|  |TAMS 0x0000000093800000| PB 0x0000000093800000| Untracked 
| 145|0x0000000093900000, 0x0000000093900000, 0x0000000093a00000|  0%| F|  |TAMS 0x0000000093900000| PB 0x0000000093900000| Untracked 
| 146|0x0000000093a00000, 0x0000000093a00000, 0x0000000093b00000|  0%| F|  |TAMS 0x0000000093a00000| PB 0x0000000093a00000| Untracked 
| 147|0x0000000093b00000, 0x0000000093b00000, 0x0000000093c00000|  0%| F|  |TAMS 0x0000000093b00000| PB 0x0000000093b00000| Untracked 
| 148|0x0000000093c00000, 0x0000000093c00000, 0x0000000093d00000|  0%| F|  |TAMS 0x0000000093c00000| PB 0x0000000093c00000| Untracked 
| 149|0x0000000093d00000, 0x0000000093d00000, 0x0000000093e00000|  0%| F|  |TAMS 0x0000000093d00000| PB 0x0000000093d00000| Untracked 
| 150|0x0000000093e00000, 0x0000000093e00000, 0x0000000093f00000|  0%| F|  |TAMS 0x0000000093e00000| PB 0x0000000093e00000| Untracked 
| 151|0x0000000093f00000, 0x0000000093f00000, 0x0000000094000000|  0%| F|  |TAMS 0x0000000093f00000| PB 0x0000000093f00000| Untracked 
| 152|0x0000000094000000, 0x0000000094000000, 0x0000000094100000|  0%| F|  |TAMS 0x0000000094000000| PB 0x0000000094000000| Untracked 
| 153|0x0000000094100000, 0x0000000094100000, 0x0000000094200000|  0%| F|  |TAMS 0x0000000094100000| PB 0x0000000094100000| Untracked 
| 154|0x0000000094200000, 0x0000000094200000, 0x0000000094300000|  0%| F|  |TAMS 0x0000000094200000| PB 0x0000000094200000| Untracked 
| 155|0x0000000094300000, 0x0000000094300000, 0x0000000094400000|  0%| F|  |TAMS 0x0000000094300000| PB 0x0000000094300000| Untracked 
| 156|0x0000000094400000, 0x0000000094400000, 0x0000000094500000|  0%| F|  |TAMS 0x0000000094400000| PB 0x0000000094400000| Untracked 
| 157|0x0000000094500000, 0x0000000094500000, 0x0000000094600000|  0%| F|  |TAMS 0x0000000094500000| PB 0x0000000094500000| Untracked 
| 158|0x0000000094600000, 0x0000000094600000, 0x0000000094700000|  0%| F|  |TAMS 0x0000000094600000| PB 0x0000000094600000| Untracked 
| 159|0x0000000094700000, 0x0000000094700000, 0x0000000094800000|  0%| F|  |TAMS 0x0000000094700000| PB 0x0000000094700000| Untracked 
| 160|0x0000000094800000, 0x0000000094800000, 0x0000000094900000|  0%| F|  |TAMS 0x0000000094800000| PB 0x0000000094800000| Untracked 
| 161|0x0000000094900000, 0x0000000094900000, 0x0000000094a00000|  0%| F|  |TAMS 0x0000000094900000| PB 0x0000000094900000| Untracked 
|1878|0x00000000ffe00000, 0x00000000fff00000, 0x00000000fff00000|100%| O|  |TAMS 0x00000000ffe00000| PB 0x00000000ffe00000| Untracked 
|1879|0x00000000fff00000, 0x00000000fff00000, 0x0000000100000000|  0%| F|  |TAMS 0x00000000fff00000| PB 0x00000000fff00000| Untracked 

Card table byte_map: [0x000001df9b620000,0x000001df9b9d0000] _byte_map_base: 0x000001df9b1cc000

Marking Bits: (CMBitMap*) 0x000001df888da900
 Bits: [0x000001df9b9d0000, 0x000001df9d730000)

Polling page: 0x000001df866e0000

Metaspace:

Usage:
  Non-class:     63.18 MB used.
      Class:      7.61 MB used.
       Both:     70.79 MB used.

Virtual space:
  Non-class space:       64.00 MB reserved,      63.38 MB (>99%) committed,  1 nodes.
      Class space:        1.00 GB reserved,       7.75 MB ( <1%) committed,  1 nodes.
             Both:        1.06 GB reserved,      71.12 MB (  7%) committed. 

Chunk freelists:
   Non-Class:  624.00 KB
       Class:  8.28 MB
        Both:  8.89 MB

MaxMetaspaceSize: unlimited
CompressedClassSpaceSize: 1.00 GB
Initial GC threshold: 21.00 MB
Current GC threshold: 118.25 MB
CDS: off
 - commit_granule_bytes: 65536.
 - commit_granule_words: 8192.
 - virtual_space_node_default_size: 8388608.
 - enlarge_chunks_in_place: 1.
 - use_allocation_guard: 0.


Internal statistics:

num_allocs_failed_limit: 6.
num_arena_births: 294.
num_arena_deaths: 0.
num_vsnodes_births: 2.
num_vsnodes_deaths: 0.
num_space_committed: 1136.
num_space_uncommitted: 0.
num_chunks_returned_to_freelist: 6.
num_chunks_taken_from_freelist: 2450.
num_chunk_merges: 6.
num_chunk_splits: 2082.
num_chunks_enlarged: 1909.
num_inconsistent_stats: 0.

CodeHeap 'non-profiled nmethods': size=119168Kb used=5904Kb max_used=6150Kb free=113263Kb
 bounds [0x000001df93590000, 0x000001df93bb0000, 0x000001df9a9f0000]
CodeHeap 'profiled nmethods': size=119104Kb used=37429Kb max_used=41388Kb free=81674Kb
 bounds [0x000001df8b9f0000, 0x000001df8e260000, 0x000001df92e40000]
CodeHeap 'non-nmethods': size=7488Kb used=3342Kb max_used=3424Kb free=4145Kb
 bounds [0x000001df92e40000, 0x000001df931a0000, 0x000001df93590000]
CodeCache: size=245760Kb, used=46675Kb, max_used=50962Kb, free=199082Kb
 total_blobs=11362, nmethods=10560, adapters=698, full_count=0
Compilation: enabled, stopped_count=0, restarted_count=0

Compilation events (20 events):
Event: 12.822 Thread 0x000001dfa549e510 nmethod 12173 0x000001df8bab3a90 code [0x000001df8bab3ce0, 0x000001df8bab4008]
Event: 12.822 Thread 0x000001dfa09d69b0 nmethod 12170 0x000001df8c4e6f10 code [0x000001df8c4e7140, 0x000001df8c4e76c0]
Event: 12.832 Thread 0x000001dfa549e510 12175       2       org.jetbrains.kotlin.ir.expressions.IrBlockBody::accept (13 bytes)
Event: 12.832 Thread 0x000001dfa08e3500 12176       2       org.jetbrains.kotlin.ir.visitors.IrVisitorVoid::visitBlockBody (13 bytes)
Event: 12.832 Thread 0x000001dfa09d69b0 12179       2       org.jetbrains.kotlin.ir.expressions.IrBlockBody::acceptChildren (70 bytes)
Event: 12.832 Thread 0x000001dfa518baa0 12177       2       org.jetbrains.kotlin.ir.visitors.IrVisitorVoid::visitBlockBody (13 bytes)
Event: 12.833 Thread 0x000001dfa549e510 nmethod 12175 0x000001df8be1eb10 code [0x000001df8be1ed00, 0x000001df8be1f008]
Event: 12.833 Thread 0x000001dfa09d69b0 nmethod 12179 0x000001df8bc72d90 code [0x000001df8bc72fc0, 0x000001df8bc73470]
Event: 12.833 Thread 0x000001dfa08e3500 nmethod 12176 0x000001df8c057790 code [0x000001df8c057a00, 0x000001df8c057fb0]
Event: 12.833 Thread 0x000001dfa08e3500 12184       2       org.jetbrains.kotlin.ir.visitors.IrVisitorVoid::visitExpression (16 bytes)
Event: 12.833 Thread 0x000001dfa549e510 12183       2       org.jetbrains.kotlin.ir.visitors.IrVisitorVoid::visitDeclarationReference (16 bytes)
Event: 12.833 Thread 0x000001dfa518baa0 nmethod 12177 0x000001df8ba75590 code [0x000001df8ba75800, 0x000001df8ba75da0]
Event: 12.833 Thread 0x000001dfa09d69b0 12182       2       org.jetbrains.kotlin.backend.common.actualizer.SpecialFakeOverrideSymbolsResolverVisitor::visitElement (70 bytes)
Event: 12.833 Thread 0x000001dfa518baa0 12178       2       org.jetbrains.kotlin.ir.visitors.IrVisitorVoid::visitBlockBody (16 bytes)
Event: 12.834 Thread 0x000001dfa08e3500 nmethod 12184 0x000001df8bff4d90 code [0x000001df8bff4f80, 0x000001df8bff5268]
Event: 12.834 Thread 0x000001dfa08e3500 12181       1       org.jetbrains.kotlin.ir.expressions.impl.IrReturnImpl::getValue (5 bytes)
Event: 12.834 Thread 0x000001dfa08e3500 nmethod 12181 0x000001df936bb290 code [0x000001df936bb420, 0x000001df936bb4e8]
Event: 12.834 Thread 0x000001dfa549e510 nmethod 12183 0x000001df8c2d3410 code [0x000001df8c2d3640, 0x000001df8c2d3a88]
Event: 12.834 Thread 0x000001dfa518baa0 nmethod 12178 0x000001df8bf09a10 code [0x000001df8bf09c40, 0x000001df8bf0a088]
Event: 12.834 Thread 0x000001dfa09d69b0 nmethod 12182 0x000001df8c2d1f10 code [0x000001df8c2d21e0, 0x000001df8c2d29e8]

GC Heap History (20 events):
Event: 4.743 GC heap after
{Heap after GC invocations=21 (full 0):
 garbage-first heap   total 71680K, used 50176K [0x000000008a800000, 0x0000000100000000)
  region size 1024K, 2 young (2048K), 2 survivors (2048K)
 Metaspace       used 56385K, committed 56640K, reserved 1114112K
  class space    used 6541K, committed 6656K, reserved 1048576K
}
Event: 4.909 GC heap before
{Heap before GC invocations=21 (full 0):
 garbage-first heap   total 71680K, used 62464K [0x000000008a800000, 0x0000000100000000)
  region size 1024K, 14 young (14336K), 2 survivors (2048K)
 Metaspace       used 56736K, committed 57024K, reserved 1114112K
  class space    used 6575K, committed 6656K, reserved 1048576K
}
Event: 4.918 GC heap after
{Heap after GC invocations=22 (full 0):
 garbage-first heap   total 143360K, used 54144K [0x000000008a800000, 0x0000000100000000)
  region size 1024K, 2 young (2048K), 2 survivors (2048K)
 Metaspace       used 56736K, committed 57024K, reserved 1114112K
  class space    used 6575K, committed 6656K, reserved 1048576K
}
Event: 6.506 GC heap before
{Heap before GC invocations=23 (full 0):
 garbage-first heap   total 143360K, used 103296K [0x000000008a800000, 0x0000000100000000)
  region size 1024K, 51 young (52224K), 2 survivors (2048K)
 Metaspace       used 59554K, committed 59840K, reserved 1114112K
  class space    used 6718K, committed 6848K, reserved 1048576K
}
Event: 6.525 GC heap after
{Heap after GC invocations=24 (full 0):
 garbage-first heap   total 143360K, used 63952K [0x000000008a800000, 0x0000000100000000)
  region size 1024K, 7 young (7168K), 7 survivors (7168K)
 Metaspace       used 59554K, committed 59840K, reserved 1114112K
  class space    used 6718K, committed 6848K, reserved 1048576K
}
Event: 8.086 GC heap before
{Heap before GC invocations=24 (full 0):
 garbage-first heap   total 143360K, used 106960K [0x000000008a800000, 0x0000000100000000)
  region size 1024K, 49 young (50176K), 7 survivors (7168K)
 Metaspace       used 60837K, committed 61056K, reserved 1114112K
  class space    used 6810K, committed 6912K, reserved 1048576K
}
Event: 8.101 GC heap after
{Heap after GC invocations=25 (full 0):
 garbage-first heap   total 143360K, used 68352K [0x000000008a800000, 0x0000000100000000)
  region size 1024K, 4 young (4096K), 4 survivors (4096K)
 Metaspace       used 60837K, committed 61056K, reserved 1114112K
  class space    used 6810K, committed 6912K, reserved 1048576K
}
Event: 9.886 GC heap before
{Heap before GC invocations=25 (full 0):
 garbage-first heap   total 143360K, used 112384K [0x000000008a800000, 0x0000000100000000)
  region size 1024K, 47 young (48128K), 4 survivors (4096K)
 Metaspace       used 64663K, committed 64960K, reserved 1114112K
  class space    used 7135K, committed 7296K, reserved 1048576K
}
Event: 9.900 GC heap after
{Heap after GC invocations=26 (full 0):
 garbage-first heap   total 143360K, used 74619K [0x000000008a800000, 0x0000000100000000)
  region size 1024K, 6 young (6144K), 6 survivors (6144K)
 Metaspace       used 64663K, committed 64960K, reserved 1114112K
  class space    used 7135K, committed 7296K, reserved 1048576K
}
Event: 10.427 GC heap before
{Heap before GC invocations=26 (full 0):
 garbage-first heap   total 143360K, used 118651K [0x000000008a800000, 0x0000000100000000)
  region size 1024K, 49 young (50176K), 6 survivors (6144K)
 Metaspace       used 64887K, committed 65216K, reserved 1114112K
  class space    used 7135K, committed 7296K, reserved 1048576K
}
Event: 10.451 GC heap after
{Heap after GC invocations=27 (full 0):
 garbage-first heap   total 143360K, used 81598K [0x000000008a800000, 0x0000000100000000)
  region size 1024K, 7 young (7168K), 7 survivors (7168K)
 Metaspace       used 64887K, committed 65216K, reserved 1114112K
  class space    used 7135K, committed 7296K, reserved 1048576K
}
Event: 10.828 GC heap before
{Heap before GC invocations=28 (full 0):
 garbage-first heap   total 143360K, used 122558K [0x000000008a800000, 0x0000000100000000)
  region size 1024K, 47 young (48128K), 7 survivors (7168K)
 Metaspace       used 66012K, committed 66304K, reserved 1114112K
  class space    used 7250K, committed 7360K, reserved 1048576K
}
Event: 10.851 GC heap after
{Heap after GC invocations=29 (full 0):
 garbage-first heap   total 143360K, used 88210K [0x000000008a800000, 0x0000000100000000)
  region size 1024K, 6 young (6144K), 6 survivors (6144K)
 Metaspace       used 66012K, committed 66304K, reserved 1114112K
  class space    used 7250K, committed 7360K, reserved 1048576K
}
Event: 12.079 GC heap before
{Heap before GC invocations=29 (full 0):
 garbage-first heap   total 143360K, used 124050K [0x000000008a800000, 0x0000000100000000)
  region size 1024K, 42 young (43008K), 6 survivors (6144K)
 Metaspace       used 72060K, committed 72384K, reserved 1114112K
  class space    used 7766K, committed 7872K, reserved 1048576K
}
Event: 12.096 GC heap after
{Heap after GC invocations=30 (full 0):
 garbage-first heap   total 143360K, used 92979K [0x000000008a800000, 0x0000000100000000)
  region size 1024K, 6 young (6144K), 6 survivors (6144K)
 Metaspace       used 72060K, committed 72384K, reserved 1114112K
  class space    used 7766K, committed 7872K, reserved 1048576K
}
Event: 12.333 GC heap before
{Heap before GC invocations=30 (full 0):
 garbage-first heap   total 143360K, used 126771K [0x000000008a800000, 0x0000000100000000)
  region size 1024K, 39 young (39936K), 6 survivors (6144K)
 Metaspace       used 72289K, committed 72640K, reserved 1114112K
  class space    used 7773K, committed 7936K, reserved 1048576K
}
Event: 12.354 GC heap after
{Heap after GC invocations=31 (full 0):
 garbage-first heap   total 143360K, used 100238K [0x000000008a800000, 0x0000000100000000)
  region size 1024K, 5 young (5120K), 5 survivors (5120K)
 Metaspace       used 72289K, committed 72640K, reserved 1114112K
  class space    used 7773K, committed 7936K, reserved 1048576K
}
Event: 12.576 GC heap before
{Heap before GC invocations=32 (full 0):
 garbage-first heap   total 167936K, used 127886K [0x000000008a800000, 0x0000000100000000)
  region size 1024K, 32 young (32768K), 5 survivors (5120K)
 Metaspace       used 72315K, committed 72640K, reserved 1114112K
  class space    used 7776K, committed 7936K, reserved 1048576K
}
Event: 12.598 GC heap after
{Heap after GC invocations=33 (full 0):
 garbage-first heap   total 167936K, used 107486K [0x000000008a800000, 0x0000000100000000)
  region size 1024K, 4 young (4096K), 4 survivors (4096K)
 Metaspace       used 72315K, committed 72640K, reserved 1114112K
  class space    used 7776K, committed 7936K, reserved 1048576K
}
Event: 12.840 GC heap before
{Heap before GC invocations=33 (full 0):
 garbage-first heap   total 167936K, used 146398K [0x000000008a800000, 0x0000000100000000)
  region size 1024K, 42 young (43008K), 4 survivors (4096K)
 Metaspace       used 72493K, committed 72832K, reserved 1114112K
  class space    used 7793K, committed 7936K, reserved 1048576K
}

Dll operation events (3 events):
Event: 0.011 Loaded shared library C:\Program Files\Android\Android Studio1\jbr\bin\java.dll
Event: 0.018 Loaded shared library C:\Program Files\Android\Android Studio1\jbr\bin\zip.dll
Event: 1.515 Loaded shared library C:\Program Files\Android\Android Studio1\jbr\bin\verify.dll

Deoptimization events (20 events):
Event: 12.453 Thread 0x000001df864b40b0 Uncommon trap: trap_request=0xffffffde fr.pc=0x000001df93941964 relative=0x0000000000000124
Event: 12.453 Thread 0x000001df864b40b0 Uncommon trap: reason=class_check action=maybe_recompile pc=0x000001df93941964 method=org.jetbrains.kotlin.types.model.TypeSystemContext.asCapturedTypeUnwrappingDnn(Lorg/jetbrains/kotlin/types/model/RigidTypeMarker;)Lorg/jetbrains/kotlin/types/model/Captu
Event: 12.453 Thread 0x000001df864b40b0 DEOPT PACKING pc=0x000001df93941964 sp=0x00000016aa4fce50
Event: 12.453 Thread 0x000001df864b40b0 DEOPT UNPACKING pc=0x000001df92e943a2 sp=0x00000016aa4fcde0 mode 2
Event: 12.453 Thread 0x000001df864b40b0 Uncommon trap: trap_request=0xffffffde fr.pc=0x000001df93b76f88 relative=0x00000000000009e8
Event: 12.453 Thread 0x000001df864b40b0 Uncommon trap: reason=class_check action=maybe_recompile pc=0x000001df93b76f88 method=org.jetbrains.kotlin.types.model.TypeSystemContext.lowerBoundIfFlexible(Lorg/jetbrains/kotlin/types/model/KotlinTypeMarker;)Lorg/jetbrains/kotlin/types/model/RigidTypeMa
Event: 12.453 Thread 0x000001df864b40b0 DEOPT PACKING pc=0x000001df93b76f88 sp=0x00000016aa4fcf80
Event: 12.453 Thread 0x000001df864b40b0 DEOPT UNPACKING pc=0x000001df92e943a2 sp=0x00000016aa4fcf68 mode 2
Event: 12.453 Thread 0x000001df864b40b0 Uncommon trap: trap_request=0xffffffde fr.pc=0x000001df93941964 relative=0x0000000000000124
Event: 12.453 Thread 0x000001df864b40b0 Uncommon trap: reason=class_check action=maybe_recompile pc=0x000001df93941964 method=org.jetbrains.kotlin.types.model.TypeSystemContext.asCapturedTypeUnwrappingDnn(Lorg/jetbrains/kotlin/types/model/RigidTypeMarker;)Lorg/jetbrains/kotlin/types/model/Captu
Event: 12.453 Thread 0x000001df864b40b0 DEOPT PACKING pc=0x000001df93941964 sp=0x00000016aa4fc8e0
Event: 12.453 Thread 0x000001df864b40b0 DEOPT UNPACKING pc=0x000001df92e943a2 sp=0x00000016aa4fc870 mode 2
Event: 12.787 Thread 0x000001df864b40b0 Uncommon trap: trap_request=0xffffff66 fr.pc=0x000001df93b99cd8 relative=0x0000000000007318
Event: 12.788 Thread 0x000001df864b40b0 Uncommon trap: reason=speculate_class_check action=maybe_recompile pc=0x000001df93b99cd8 method=org.jetbrains.kotlin.fir.backend.Fir2IrClassifierStorage.getIrClass(Lorg/jetbrains/kotlin/fir/declarations/FirClass;)Lorg/jetbrains/kotlin/ir/declarations/IrCl
Event: 12.788 Thread 0x000001df864b40b0 DEOPT PACKING pc=0x000001df93b99cd8 sp=0x00000016aa4fd490
Event: 12.788 Thread 0x000001df864b40b0 DEOPT UNPACKING pc=0x000001df92e943a2 sp=0x00000016aa4fd240 mode 2
Event: 12.817 Thread 0x000001df864b40b0 Uncommon trap: trap_request=0xffffff66 fr.pc=0x000001df93b99cd8 relative=0x0000000000007318
Event: 12.817 Thread 0x000001df864b40b0 Uncommon trap: reason=speculate_class_check action=maybe_recompile pc=0x000001df93b99cd8 method=org.jetbrains.kotlin.fir.backend.Fir2IrClassifierStorage.getIrClass(Lorg/jetbrains/kotlin/fir/declarations/FirClass;)Lorg/jetbrains/kotlin/ir/declarations/IrCl
Event: 12.817 Thread 0x000001df864b40b0 DEOPT PACKING pc=0x000001df93b99cd8 sp=0x00000016aa4fd870
Event: 12.817 Thread 0x000001df864b40b0 DEOPT UNPACKING pc=0x000001df92e943a2 sp=0x00000016aa4fd620 mode 2

Classes loaded (20 events):
Event: 8.225 Loading class java/text/MessageFormat
Event: 8.226 Loading class java/text/Format
Event: 8.227 Loading class java/text/Format done
Event: 8.227 Loading class java/text/MessageFormat done
Event: 8.227 Loading class java/util/Locale$Category
Event: 8.228 Loading class java/util/Locale$Category done
Event: 8.293 Loading class java/text/ChoiceFormat
Event: 8.294 Loading class java/text/NumberFormat
Event: 8.294 Loading class java/text/NumberFormat done
Event: 8.294 Loading class java/text/ChoiceFormat done
Event: 8.419 Loading class java/util/EnumMap$EntrySet
Event: 8.420 Loading class java/util/EnumMap$EntrySet done
Event: 8.420 Loading class java/util/EnumMap$EntryIterator
Event: 8.420 Loading class java/util/EnumMap$EnumMapIterator
Event: 8.420 Loading class java/util/EnumMap$EnumMapIterator done
Event: 8.420 Loading class java/util/EnumMap$EntryIterator done
Event: 8.420 Loading class java/util/EnumMap$EntryIterator$Entry
Event: 8.420 Loading class java/util/EnumMap$EntryIterator$Entry done
Event: 9.550 Loading class java/security/CodeSigner
Event: 9.551 Loading class java/security/CodeSigner done

Classes unloaded (0 events):
No events

Classes redefined (0 events):
No events

Internal exceptions (20 events):
Event: 4.203 Thread 0x000001df864b40b0 Exception <a 'java/lang/NoSuchMethodError'{0x000000008dfe1780}: 'java.lang.Object java.lang.invoke.DirectMethodHandle$Holder.newInvokeSpecial(java.lang.Object, java.lang.Object, java.lang.Object, java.lang.Object, int, java.lang.Object, java.lang.Object)'> (0x000000008dfe1780) 
thrown [s\src\hotspot\share\interpreter\linkResolver.cpp, line 784]
Event: 4.204 Thread 0x000001df864b40b0 Exception <a 'java/lang/NoSuchMethodError'{0x000000008dfefee0}: 'java.lang.Object java.lang.invoke.Invokers$Holder.linkToTargetMethod(java.lang.Object, java.lang.Object, java.lang.Object, int, java.lang.Object, java.lang.Object, java.lang.Object)'> (0x000000008dfefee0) 
thrown [s\src\hotspot\share\interpreter\linkResolver.cpp, line 784]
Event: 4.360 Thread 0x000001df864b40b0 Exception <a 'java/lang/NoSuchMethodError'{0x0000000091d16b28}: 'java.lang.Object java.lang.invoke.DirectMethodHandle$Holder.newInvokeSpecial(java.lang.Object, java.lang.Object, java.lang.Object, java.lang.Object, java.lang.Object, java.lang.Object, java.lang.Object, java.lang.Object, java.lang.Object)'> (0x0000000091d16b28) 
thrown [s\src\hotspot\share\interpreter\linkResolver.cpp, line 784]
Event: 4.558 Thread 0x000001df864b40b0 Exception <a 'java/lang/NoSuchMethodError'{0x000000008e850440}: 'java.lang.Object java.lang.invoke.DirectMethodHandle$Holder.invokeSpecial(java.lang.Object, java.lang.Object, int, java.lang.Object, java.lang.Object)'> (0x000000008e850440) 
thrown [s\src\hotspot\share\interpreter\linkResolver.cpp, line 784]
Event: 4.669 Thread 0x000001df864b40b0 Exception <a 'java/lang/NoSuchMethodError'{0x000000008e5b9610}: 'java.lang.Object java.lang.invoke.DirectMethodHandle$Holder.invokeStatic(java.lang.Object, java.lang.Object, java.lang.Object, int, java.lang.Object, java.lang.Object)'> (0x000000008e5b9610) 
thrown [s\src\hotspot\share\interpreter\linkResolver.cpp, line 784]
Event: 5.025 Thread 0x000001df864b40b0 Exception <a 'java/lang/NoSuchMethodError'{0x00000000930ec7a8}: 'java.lang.Object java.lang.invoke.DirectMethodHandle$Holder.invokeStatic(java.lang.Object, int, java.lang.Object, java.lang.Object)'> (0x00000000930ec7a8) 
thrown [s\src\hotspot\share\interpreter\linkResolver.cpp, line 784]
Event: 5.182 Thread 0x000001df864b40b0 Exception <a 'java/lang/NoSuchMethodError'{0x0000000092a6eb98}: 'java.lang.Object java.lang.invoke.DirectMethodHandle$Holder.newInvokeSpecial(java.lang.Object, java.lang.Object, java.lang.Object, java.lang.Object, java.lang.Object, int)'> (0x0000000092a6eb98) 
thrown [s\src\hotspot\share\interpreter\linkResolver.cpp, line 784]
Event: 5.182 Thread 0x000001df864b40b0 Exception <a 'java/lang/NoSuchMethodError'{0x0000000092a732d0}: 'java.lang.Object java.lang.invoke.DirectMethodHandle$Holder.invokeSpecial(java.lang.Object, java.lang.Object, java.lang.Object, java.lang.Object, java.lang.Object, java.lang.Object, int)'> (0x0000000092a732d0) 
thrown [s\src\hotspot\share\interpreter\linkResolver.cpp, line 784]
Event: 5.183 Thread 0x000001df864b40b0 Exception <a 'java/lang/NoSuchMethodError'{0x0000000092a773b8}: 'java.lang.Object java.lang.invoke.Invokers$Holder.linkToTargetMethod(java.lang.Object, java.lang.Object, java.lang.Object, java.lang.Object, int, java.lang.Object)'> (0x0000000092a773b8) 
thrown [s\src\hotspot\share\interpreter\linkResolver.cpp, line 784]
Event: 8.364 Thread 0x000001df864b40b0 Exception <a 'java/lang/NoSuchMethodError'{0x0000000092b3beb8}: 'java.lang.Object java.lang.invoke.DirectMethodHandle$Holder.invokeStatic(java.lang.Object, int, int, java.lang.Object)'> (0x0000000092b3beb8) 
thrown [s\src\hotspot\share\interpreter\linkResolver.cpp, line 784]
Event: 8.364 Thread 0x000001df864b40b0 Exception <a 'java/lang/NoSuchMethodError'{0x0000000092b3f828}: 'java.lang.Object java.lang.invoke.DirectMethodHandle$Holder.invokeStaticInit(java.lang.Object, int, int, java.lang.Object)'> (0x0000000092b3f828) 
thrown [s\src\hotspot\share\interpreter\linkResolver.cpp, line 784]
Event: 8.371 Thread 0x000001df864b40b0 Implicit null exception at 0x000001df93698ada to 0x000001df93698bd8
Event: 8.442 Thread 0x000001df864b40b0 Implicit null exception at 0x000001df93839d63 to 0x000001df93839f40
Event: 9.545 Thread 0x000001df864b40b0 Exception <a 'java/lang/NoSuchMethodError'{0x0000000091eefbe8}: 'java.lang.Object java.lang.invoke.DirectMethodHandle$Holder.invokeSpecial(java.lang.Object, java.lang.Object, java.lang.Object, int, java.lang.Object, java.lang.Object, java.lang.Object)'> (0x0000000091eefbe8) 
thrown [s\src\hotspot\share\interpreter\linkResolver.cpp, line 784]
Event: 9.545 Thread 0x000001df864b40b0 Exception <a 'java/lang/NoSuchMethodError'{0x0000000091ef3260}: 'java.lang.Object java.lang.invoke.Invokers$Holder.linkToTargetMethod(java.lang.Object, int, java.lang.Object, java.lang.Object, java.lang.Object, java.lang.Object)'> (0x0000000091ef3260) 
thrown [s\src\hotspot\share\interpreter\linkResolver.cpp, line 784]
Event: 10.875 Thread 0x000001df864b40b0 Implicit null exception at 0x000001df935c6da0 to 0x000001df935c7340
Event: 10.878 Thread 0x000001df864b40b0 Implicit null exception at 0x000001df935c9a20 to 0x000001df935c9fbc
Event: 11.147 Thread 0x000001df864b40b0 Exception <a 'java/lang/NoSuchMethodError'{0x0000000092354b60}: 'java.lang.Object java.lang.invoke.DirectMethodHandle$Holder.newInvokeSpecial(java.lang.Object, java.lang.Object, java.lang.Object, java.lang.Object, java.lang.Object, java.lang.Object, java.lang.Object, java.lang.Object, int)'> (0x0000000092354b60) 
thrown [s\src\hotspot\share\interpreter\linkResolver.cpp, line 784]
Event: 11.147 Thread 0x000001df864b40b0 Exception <a 'java/lang/NoSuchMethodError'{0x00000000923598a0}: 'java.lang.Object java.lang.invoke.DirectMethodHandle$Holder.invokeSpecial(java.lang.Object, java.lang.Object, java.lang.Object, java.lang.Object, java.lang.Object, java.lang.Object, java.lang.Object, java.lang.Object, java.lang.Object, int)'> (0x00000000923598a0) 
thrown [s\src\hotspot\share\interpreter\linkResolver.cpp, line 784]
Event: 11.742 Thread 0x000001df864b40b0 Exception <a 'java/lang/NoSuchMethodError'{0x0000000091c45988}: 'java.lang.Object java.lang.invoke.DirectMethodHandle$Holder.invokeStatic(java.lang.Object, java.lang.Object, int, int)'> (0x0000000091c45988) 
thrown [s\src\hotspot\share\interpreter\linkResolver.cpp, line 784]

ZGC Phase Switch (0 events):
No events

VM Operations (20 events):
Event: 12.282 Executing VM operation: HandshakeAllThreads (Deoptimize) done
Event: 12.293 Executing VM operation: ICBufferFull
Event: 12.293 Executing VM operation: ICBufferFull done
Event: 12.332 Executing VM operation: G1CollectForAllocation (G1 Evacuation Pause)
Event: 12.354 Executing VM operation: G1CollectForAllocation (G1 Evacuation Pause) done
Event: 12.414 Executing VM operation: G1PauseRemark
Event: 12.449 Executing VM operation: G1PauseRemark done
Event: 12.449 Executing VM operation: HandshakeAllThreads (Deoptimize)
Event: 12.449 Executing VM operation: HandshakeAllThreads (Deoptimize) done
Event: 12.485 Executing VM operation: G1PauseCleanup
Event: 12.485 Executing VM operation: G1PauseCleanup done
Event: 12.575 Executing VM operation: G1CollectForAllocation (G1 Evacuation Pause)
Event: 12.598 Executing VM operation: G1CollectForAllocation (G1 Evacuation Pause) done
Event: 12.828 Executing VM operation: HandshakeAllThreads (Deoptimize)
Event: 12.828 Executing VM operation: HandshakeAllThreads (Deoptimize) done
Event: 12.832 Executing VM operation: HandshakeAllThreads (Deoptimize)
Event: 12.832 Executing VM operation: HandshakeAllThreads (Deoptimize) done
Event: 12.838 Executing VM operation: HandshakeAllThreads (Deoptimize)
Event: 12.839 Executing VM operation: HandshakeAllThreads (Deoptimize) done
Event: 12.840 Executing VM operation: G1CollectForAllocation (G1 Evacuation Pause)

Memory protections (0 events):
No events

Nmethod flushes (20 events):
Event: 12.447 Thread 0x000001dfa06f6d10 flushing  nmethod 0x000001df8d432990
Event: 12.447 Thread 0x000001dfa06f6d10 flushing  nmethod 0x000001df8d459510
Event: 12.447 Thread 0x000001dfa06f6d10 flushing  nmethod 0x000001df8d45cd90
Event: 12.447 Thread 0x000001dfa06f6d10 flushing  nmethod 0x000001df8d45f110
Event: 12.447 Thread 0x000001dfa06f6d10 flushing  nmethod 0x000001df8d461a90
Event: 12.447 Thread 0x000001dfa06f6d10 flushing  nmethod 0x000001df8d472210
Event: 12.447 Thread 0x000001dfa06f6d10 flushing  nmethod 0x000001df8d477490
Event: 12.447 Thread 0x000001dfa06f6d10 flushing  nmethod 0x000001df8d4a7f10
Event: 12.447 Thread 0x000001dfa06f6d10 flushing  nmethod 0x000001df8d51ff10
Event: 12.447 Thread 0x000001dfa06f6d10 flushing  nmethod 0x000001df8d640990
Event: 12.447 Thread 0x000001dfa06f6d10 flushing  nmethod 0x000001df8d645e90
Event: 12.447 Thread 0x000001dfa06f6d10 flushing  nmethod 0x000001df8d6e4e10
Event: 12.447 Thread 0x000001dfa06f6d10 flushing  nmethod 0x000001df8d6e5b10
Event: 12.447 Thread 0x000001dfa06f6d10 flushing  nmethod 0x000001df8d7f1f90
Event: 12.447 Thread 0x000001dfa06f6d10 flushing  nmethod 0x000001df8d7f7690
Event: 12.447 Thread 0x000001dfa06f6d10 flushing  nmethod 0x000001df8d97eb90
Event: 12.447 Thread 0x000001dfa06f6d10 flushing  nmethod 0x000001df8d996c90
Event: 12.447 Thread 0x000001dfa06f6d10 flushing  nmethod 0x000001df8d99ab90
Event: 12.447 Thread 0x000001dfa06f6d10 flushing  nmethod 0x000001df8da01610
Event: 12.447 Thread 0x000001dfa06f6d10 flushing  nmethod 0x000001df8da79c90

Events (20 events):
Event: 0.139 Thread 0x000001dfa08e0050 Thread added: 0x000001dfa0af4df0
Event: 0.151 Loaded shared library C:\Program Files\Android\Android Studio1\jbr\bin\zip.dll
Event: 0.202 Loaded shared library C:\Program Files\Android\Android Studio1\jbr\bin\jimage.dll
Event: 0.288 Thread 0x000001dfa0af4df0 Thread exited: 0x000001dfa0af4df0
Event: 0.308 Thread 0x000001dfa08e3500 Thread added: 0x000001dfa518baa0
Event: 0.311 Thread 0x000001dfa518baa0 Thread added: 0x000001dfa51800b0
Event: 0.414 Loaded shared library C:\Program Files\Android\Android Studio1\jbr\bin\management.dll
Event: 0.420 Loaded shared library C:\Program Files\Android\Android Studio1\jbr\bin\management_ext.dll
Event: 0.470 Thread 0x000001dfa518baa0 Thread added: 0x000001dfa549e510
Event: 0.488 Thread 0x000001dfa51800b0 Thread exited: 0x000001dfa51800b0
Event: 0.781 Thread 0x000001dfa0af0ff0 Thread exited: 0x000001dfa0af0ff0
Event: 1.295 Thread 0x000001dfa08e3500 Thread added: 0x000001dfa627f010
Event: 1.376 Thread 0x000001dfa518baa0 Thread added: 0x000001dfa5e365a0
Event: 1.995 Thread 0x000001dfa5e365a0 Thread exited: 0x000001dfa5e365a0
Event: 2.198 Thread 0x000001dfa08e0050 Thread added: 0x000001dfa5e34390
Event: 2.442 Thread 0x000001dfa5e34390 Thread exited: 0x000001dfa5e34390
Event: 2.706 Thread 0x000001dfa09d69b0 Thread added: 0x000001dfa5e34a60
Event: 6.548 Thread 0x000001dfa5e34a60 Thread exited: 0x000001dfa5e34a60
Event: 10.038 Thread 0x000001dfa627f010 Thread added: 0x000001dfab216250
Event: 11.250 Thread 0x000001dfab216250 Thread exited: 0x000001dfab216250


Dynamic libraries:
0x00007ff727a40000 - 0x00007ff727a4a000 	C:\Program Files\Android\Android Studio1\jbr\bin\java.exe
0x00007ffa2d240000 - 0x00007ffa2d4a7000 	C:\WINDOWS\SYSTEM32\ntdll.dll
0x00007ffa2bc20000 - 0x00007ffa2bce9000 	C:\WINDOWS\System32\KERNEL32.DLL
0x00007ffa29c70000 - 0x00007ffa2a067000 	C:\WINDOWS\System32\KERNELBASE.dll
0x00007ffa2abd0000 - 0x00007ffa2ad1b000 	C:\WINDOWS\System32\ucrtbase.dll
0x00007ffa27480000 - 0x00007ffa2749b000 	C:\Program Files\Android\Android Studio1\jbr\bin\VCRUNTIME140.dll
0x00007ffa220e0000 - 0x00007ffa220f8000 	C:\Program Files\Android\Android Studio1\jbr\bin\jli.dll
0x00007ffa2cef0000 - 0x00007ffa2d0b6000 	C:\WINDOWS\System32\USER32.dll
0x00007ffa14970000 - 0x00007ffa14c02000 	C:\WINDOWS\WinSxS\amd64_microsoft.windows.common-controls_6595b64144ccf1df_6.0.26100.8457_none_3e0b2faee331e92d\COMCTL32.dll
0x00007ffa2a070000 - 0x00007ffa2a097000 	C:\WINDOWS\System32\win32u.dll
0x00007ffa2bb70000 - 0x00007ffa2bc19000 	C:\WINDOWS\System32\msvcrt.dll
0x00007ffa2b7a0000 - 0x00007ffa2b7cb000 	C:\WINDOWS\System32\GDI32.dll
0x00007ffa2add0000 - 0x00007ffa2aefc000 	C:\WINDOWS\System32\gdi32full.dll
0x00007ffa2a2b0000 - 0x00007ffa2a353000 	C:\WINDOWS\System32\msvcp_win.dll
0x00007ffa2c210000 - 0x00007ffa2c242000 	C:\WINDOWS\System32\IMM32.DLL
0x00007ffa27350000 - 0x00007ffa2735c000 	C:\Program Files\Android\Android Studio1\jbr\bin\vcruntime140_1.dll
0x00007ff9f0330000 - 0x00007ff9f03bd000 	C:\Program Files\Android\Android Studio1\jbr\bin\msvcp140.dll
0x00007ff9bad80000 - 0x00007ff9bba16000 	C:\Program Files\Android\Android Studio1\jbr\bin\server\jvm.dll
0x00007ffa2b1a0000 - 0x00007ffa2b256000 	C:\WINDOWS\System32\ADVAPI32.dll
0x00007ffa2bac0000 - 0x00007ffa2bb67000 	C:\WINDOWS\System32\sechost.dll
0x00007ffa2b5b0000 - 0x00007ffa2b6c8000 	C:\WINDOWS\System32\RPCRT4.dll
0x00007ffa2cd60000 - 0x00007ffa2cde0000 	C:\WINDOWS\System32\WS2_32.dll
0x00007ffa29ad0000 - 0x00007ffa29b2e000 	C:\WINDOWS\SYSTEM32\POWRPROF.dll
0x00007ffa21890000 - 0x00007ffa218c6000 	C:\WINDOWS\SYSTEM32\WINMM.dll
0x00007ffa218d0000 - 0x00007ffa218db000 	C:\WINDOWS\SYSTEM32\VERSION.dll
0x00007ffa29ab0000 - 0x00007ffa29ac4000 	C:\WINDOWS\SYSTEM32\UMPDC.dll
0x00007ffa28a00000 - 0x00007ffa28a1b000 	C:\WINDOWS\SYSTEM32\kernel.appcore.dll
0x00007ffa26f60000 - 0x00007ffa26f6a000 	C:\Program Files\Android\Android Studio1\jbr\bin\jimage.dll
0x00007ffa1afc0000 - 0x00007ffa1b202000 	C:\WINDOWS\SYSTEM32\DBGHELP.DLL
0x00007ffa2c9d0000 - 0x00007ffa2cd53000 	C:\WINDOWS\System32\combase.dll
0x00007ffa2b880000 - 0x00007ffa2b959000 	C:\WINDOWS\System32\OLEAUT32.dll
0x00007ffa24340000 - 0x00007ffa2437b000 	C:\WINDOWS\SYSTEM32\dbgcore.DLL
0x00007ffa2ad20000 - 0x00007ffa2adc8000 	C:\WINDOWS\System32\bcryptPrimitives.dll
0x00007ffa24870000 - 0x00007ffa24890000 	C:\Program Files\Android\Android Studio1\jbr\bin\java.dll
0x00007ffa24850000 - 0x00007ffa24868000 	C:\Program Files\Android\Android Studio1\jbr\bin\zip.dll
0x00007ffa2c250000 - 0x00007ffa2c9be000 	C:\WINDOWS\System32\SHELL32.dll
0x00007ffa2a360000 - 0x00007ffa2abcc000 	C:\WINDOWS\System32\windows.storage.dll
0x00007ffa2b9c0000 - 0x00007ffa2bab6000 	C:\WINDOWS\System32\SHCORE.dll
0x00007ffa2d190000 - 0x00007ffa2d1f6000 	C:\WINDOWS\System32\shlwapi.dll
0x00007ffa29b90000 - 0x00007ffa29bb9000 	C:\WINDOWS\SYSTEM32\profapi.dll
0x00007ffa24ad0000 - 0x00007ffa24ae0000 	C:\Program Files\Android\Android Studio1\jbr\bin\net.dll
0x00007ffa22200000 - 0x00007ffa22329000 	C:\WINDOWS\SYSTEM32\WINHTTP.dll
0x00007ffa28f70000 - 0x00007ffa28fdc000 	C:\WINDOWS\system32\mswsock.dll
0x00007ffa22870000 - 0x00007ffa22886000 	C:\Program Files\Android\Android Studio1\jbr\bin\nio.dll
0x00007ffa24990000 - 0x00007ffa24999000 	C:\Program Files\Android\Android Studio1\jbr\bin\management.dll
0x00007ffa24700000 - 0x00007ffa2470b000 	C:\Program Files\Android\Android Studio1\jbr\bin\management_ext.dll
0x00007ffa2b260000 - 0x00007ffa2b268000 	C:\WINDOWS\System32\PSAPI.DLL
0x00007ffa27530000 - 0x00007ffa27540000 	C:\Program Files\Android\Android Studio1\jbr\bin\verify.dll

JVMTI agents: none

dbghelp: loaded successfully - version: 4.0.5 - missing functions: none
symbol engine: initialized successfully - sym options: 0x614 - pdb path: .;C:\Program Files\Android\Android Studio1\jbr\bin;C:\WINDOWS\SYSTEM32;C:\WINDOWS\WinSxS\amd64_microsoft.windows.common-controls_6595b64144ccf1df_6.0.26100.8457_none_3e0b2faee331e92d;C:\Program Files\Android\Android Studio1\jbr\bin\server

VM Arguments:
java_command: org.jetbrains.kotlin.cli.jvm.K2JVMCompiler @D:\EcoCycleConnect\app\build\20260521_13441247702983033522.compiler.options
java_class_path (initial): C:\Users\dasun\.gradle\caches\modules-2\files-2.1\org.jetbrains.kotlin\kotlin-compiler-embeddable\2.2.10\6882d39ef03b18879c1a5d2a83c2212361bed5fe\kotlin-compiler-embeddable-2.2.10.jar;C:\Users\dasun\.gradle\caches\modules-2\files-2.1\org.jetbrains.kotlin\kotlin-stdlib\2.2.10\30de6faa127a4a012db8e71bf1b9c0a99b1402b2\kotlin-stdlib-2.2.10.jar;C:\Users\dasun\.gradle\caches\modules-2\files-2.1\org.jetbrains.kotlin\kotlin-script-runtime\2.2.10\712f9bc08f378c13a4a00f0bbb28c76e59183e83\kotlin-script-runtime-2.2.10.jar;C:\Users\dasun\.gradle\caches\modules-2\files-2.1\org.jetbrains.kotlin\kotlin-reflect\1.6.10\1cbe9c92c12a94eea200d23c2bbaedaf3daf5132\kotlin-reflect-1.6.10.jar;C:\Users\dasun\.gradle\caches\modules-2\files-2.1\org.jetbrains.kotlin\kotlin-daemon-embeddable\2.2.10\212fd3c2c6e4e5d0f4db3c4191233e2b622380cc\kotlin-daemon-embeddable-2.2.10.jar;C:\Users\dasun\.gradle\caches\modules-2\files-2.1\org.jetbrains.kotlinx\kotlinx-coroutines-core-jvm\1.8.0\ac1dc37a30a93150b704022f8d895ee1bd3a36b3\kotlinx-coroutines-core-jvm-1.8.0.jar;C:\Users\dasun\.gradle\caches\modules-2\files-2.1\org.jetbrains\annotations\13.0\919f0dfe192fb4e063e7dacadee7f8bb9a2672a9\annotations-13.0.jar
Launcher Type: SUN_STANDARD

[Global flags]
     intx CICompilerCount                          = 12                                        {product} {ergonomic}
     uint ConcGCThreads                            = 3                                         {product} {ergonomic}
     uint G1ConcRefinementThreads                  = 13                                        {product} {ergonomic}
   size_t G1HeapRegionSize                         = 1048576                                   {product} {ergonomic}
    uintx GCDrainStackTargetSize                   = 64                                        {product} {ergonomic}
   size_t InitialHeapSize                          = 123731968                                 {product} {ergonomic}
   size_t MarkStackSize                            = 4194304                                   {product} {ergonomic}
   size_t MaxHeapSize                              = 1971322880                                {product} {ergonomic}
   size_t MaxNewSize                               = 1182793728                                {product} {ergonomic}
   size_t MinHeapDeltaBytes                        = 1048576                                   {product} {ergonomic}
   size_t MinHeapSize                              = 8388608                                   {product} {ergonomic}
    uintx NonNMethodCodeHeapSize                   = 7602480                                {pd product} {ergonomic}
    uintx NonProfiledCodeHeapSize                  = 122027880                              {pd product} {ergonomic}
    uintx ProfiledCodeHeapSize                     = 122027880                              {pd product} {ergonomic}
    uintx ReservedCodeCacheSize                    = 251658240                              {pd product} {ergonomic}
     bool SegmentedCodeCache                       = true                                      {product} {ergonomic}
   size_t SoftMaxHeapSize                          = 1971322880                             {manageable} {ergonomic}
     bool UseCompressedOops                        = true                           {product lp64_product} {ergonomic}
     bool UseG1GC                                  = true                                      {product} {ergonomic}
     bool UseLargePagesIndividualAllocation        = false                                  {pd product} {ergonomic}

Logging:
Log output configuration:
 #0: stdout all=warning uptime,level,tags foldmultilines=false
 #1: stderr all=off uptime,level,tags foldmultilines=false

Release file:
JAVA_VERSION="21.0.9" 
MODULES="java.base java.compiler java.datatransfer java.xml java.prefs java.desktop java.instrument java.logging java.management java.security.sasl java.naming java.rmi java.management.rmi java.net.http java.scripting java.security.jgss java.transaction.xa java.sql java.sql.rowset java.xml.crypto java.se java.smartcardio jdk.accessibility jdk.internal.jvmstat jdk.attach jdk.charsets jdk.internal.opt jdk.zipfs jdk.compiler jdk.crypto.ec jdk.crypto.cryptoki jdk.dynalink jdk.hotspot.agent jdk.httpserver jdk.internal.ed jdk.internal.le jdk.internal.vm.ci jdk.jartool jdk.javadoc jdk.jcmd jdk.jdeps jdk.jdwp.agent jdk.jdi jdk.jfr jdk.jlink jdk.jsobject jdk.localedata jdk.management jdk.management.agent jdk.management.jfr jdk.naming.dns jdk.naming.rmi jdk.net jdk.sctp jdk.security.auth jdk.security.jgss jdk.unsupported jdk.unsupported.desktop jdk.xml.dom" 
IMPLEMENTOR="JetBrains s.r.o." 
JAVA_RUNTIME_VERSION="21.0.9+-14787801-b1163.94" 
LIBC="default" 
OS_ARCH="x86_64" 
OS_NAME="Windows" 
SOURCE=".:git:0c757ddc9f2f" 

Environment Variables:
PATH=C:\Program Files\Common Files\Oracle\Java\javapath;C:\Program Files (x86)\NVIDIA Corporation\PhysX\Common;C:\Program Files\OpenLogic\jdk-11.0.23.9-hotspot\bin;C:\WINDOWS\system32;C:\WINDOWS;C:\WINDOWS\System32\Wbem;C:\WINDOWS\System32\WindowsPowerShell\v1.0\;C:\WINDOWS\System32\OpenSSH\;C:\Program Files\Git\cmd;D:\dev\flutter\bin;C:\Program Files (x86)\Windows Kits\10\Windows Performance Toolkit\;C:\Program Files\Microsoft SQL Server\150\Tools\Binn\;C:\Program Files\Microsoft SQL Server\Client SDK\ODBC\170\Tools\Binn\;C:\Program Files\dotnet\;C:\Program Files (x86)\Microsoft SQL Server\160\Tools\Binn\;C:\Program Files\Microsoft SQL Server\160\Tools\Binn\;C:\Program Files\Microsoft SQL Server\160\DTS\Binn\;C:\Program Files (x86)\Microsoft SQL Server\160\DTS\Binn\;c:\Users\dasun\AppData\Local\Programs\cursor\resources\app\bin;C:\WINDOWS\system32;C:\WINDOWS;C:\WINDOWS\System32\Wbem;C:\WINDOWS\System32\WindowsPowerShell\v1.0\;C:\WINDOWS\System32\OpenSSH\;C:\Users\dasun\AppData\Local\nvm;C:\nvm4w\nodejs;C:\Program Files\Docker\Docker\resources\bin;C:\Program Files\GitHub CLI\;C:\Users\dasun\AppData\Local\Programs\Python\Python313\Scripts\;C:\Users\dasun\AppData\Local\Programs\Python\Python313\;C:\Users\dasun\AppData\Local\Programs\Python\Launcher\;C:\Users\dasun\AppData\Local\Microsoft\WindowsApps;C:\Users\dasun\AppData\Roaming\npm;C:\Program Files\OpenLogic\jdk-11.0.23.9-hotspot\bin;D:\dev\flutter\bin;C:\Users\dasun\.dotnet\tools;C:\Users\dasun\AppData\Local\Microsoft\WinGet\Packages\Schniz.fnm_Microsoft.Winget.Source_8wekyb3d8bbwe;C:\Users\dasun\AppData\Local\Programs\Microsoft VS Code\bin;C:\Users\dasun\AppData\Local\GitHubDesktop\bin;C:\Users\dasun\AppData\Local\Programs\Antigravity\bin;C:\Users\dasun\AppData\Local\nvm;C:\nvm4w\nodejs
USERNAME=dasun
OS=Windows_NT
PROCESSOR_IDENTIFIER=AMD64 Family 23 Model 104 Stepping 1, AuthenticAMD
TMP=C:\Users\dasun\AppData\Local\Temp
TEMP=C:\Users\dasun\AppData\Local\Temp




Periodic native trim disabled

JNI global refs:
JNI global refs: 20, weak refs: 60

JNI global refs memory usage: 835, weak refs: 833

Process memory usage:
Resident Set Size: 421120K (5% of 7694920K total physical memory with 608912K free physical memory)

OOME stack traces (most recent first):
Classloader memory used:
Loader jdk.internal.loader.ClassLoaders$AppClassLoader                                 : 60187K
Loader bootstrap                                                                       : 11906K
Loader jdk.internal.jrtfs.JrtFileSystemProvider$JrtFsLoader                            : 332K
Loader jdk.internal.loader.ClassLoaders$PlatformClassLoader                            : 67872B

Classes loaded by more than one classloader:
Class jdk.internal.jimage.BasicImageReader                                            : loaded 2 times (x 95B)
Class jdk.internal.jimage.decompressor.StringSharingDecompressorFactory               : loaded 2 times (x 74B)
Class jdk.internal.jrtfs.JrtFileSystemProvider                                        : loaded 2 times (x 101B)
Class jdk.internal.jimage.ImageLocation                                               : loaded 2 times (x 90B)
Class jdk.internal.jimage.ImageBufferCache$1                                          : loaded 2 times (x 83B)
Class jdk.internal.jimage.ImageBufferCache$2                                          : loaded 2 times (x 91B)
Class jdk.internal.jimage.ImageHeader                                                 : loaded 2 times (x 71B)
Class jdk.internal.jimage.decompressor.ResourceDecompressor                           : loaded 2 times (x 70B)
Class jdk.internal.jimage.ImageStringsReader                                          : loaded 2 times (x 80B)
Class jdk.internal.jimage.ImageReader                                                 : loaded 2 times (x 75B)
Class jdk.internal.jimage.ImageReader$SharedImageReader                               : loaded 2 times (x 95B)
Class jdk.internal.jimage.decompressor.ResourceDecompressorFactory                    : loaded 2 times (x 74B)
Class jdk.internal.jimage.ImageReader$Node                                            : loaded 2 times (x 84B)
Class jdk.internal.jimage.BasicImageReader$1                                          : loaded 2 times (x 77B)
Class jdk.internal.jimage.decompressor.Decompressor                                   : loaded 2 times (x 72B)
Class jdk.internal.jimage.ImageBufferCache                                            : loaded 2 times (x 71B)
Class jdk.internal.jrtfs.JrtPath                                                      : loaded 2 times (x 118B)
Class jdk.internal.jimage.decompressor.ResourceDecompressorRepository                 : loaded 2 times (x 71B)
Class jdk.internal.jimage.ImageReader$Directory                                       : loaded 2 times (x 84B)
Class jdk.internal.jimage.decompressor.ZipDecompressorFactory                         : loaded 2 times (x 74B)
Class jdk.internal.jimage.decompressor.ZipDecompressor                                : loaded 2 times (x 75B)
Class jdk.internal.jimage.ImageStrings                                                : loaded 2 times (x 70B)
Class jdk.internal.jrtfs.JrtFileSystem                                                : loaded 2 times (x 102B)
Class jdk.internal.jimage.decompressor.CompressedResourceHeader                       : loaded 2 times (x 71B)
Class jdk.internal.jimage.decompressor.ResourceDecompressor$StringsProvider           : loaded 2 times (x 70B)

---------------  S Y S T E M  ---------------

OS:
 Windows 11 , 64 bit Build 26100 (10.0.26100.8328)
OS uptime: 3 days 5:01 hours
Hyper-V role detected

CPU: total 16 (initial active 16) (16 cores per cpu, 2 threads per core) family 23 model 104 stepping 1 microcode 0x8608108, cx8, cmov, fxsr, ht, mmx, 3dnowpref, sse, sse2, sse3, ssse3, sse4a, sse4.1, sse4.2, popcnt, lzcnt, tsc, tscinvbit, avx, avx2, aes, clmul, bmi1, bmi2, adx, sha, fma, vzeroupper, clflush, clflushopt, hv, rdtscp, rdpid, f16c
Processor Information for the first 16 processors :
  Max Mhz: 1801, Current Mhz: 1801, Mhz Limit: 1801

Memory: 4k page, system-wide physical 7514M (594M free)
TotalPageFile size 19562M (AvailPageFile size 98M)
current process WorkingSet (physical memory assigned to process): 411M, peak: 414M
current process commit charge ("private bytes"): 451M, peak: 584M

vm_info: OpenJDK 64-Bit Server VM (21.0.9+-14787801-b1163.94) for windows-amd64 JRE (21.0.9+-14787801-b1163.94), built on 2026-01-27T21:15:44Z by "builder" with MS VC++ 16.10 / 16.11 (VS2019)

END.
