#
# There is insufficient memory for the Java Runtime Environment to continue.
# Native memory allocation (malloc) failed to allocate 799856 bytes. Error detail: Chunk::new
# Possible reasons:
#   The system is out of physical RAM or swap space
#   This process is running with CompressedOops enabled, and the Java Heap may be blocking the growth of the native heap
# Possible solutions:
#   Reduce memory load on the system
#   Increase physical memory or swap space
#   Check if swap backing store is full
#   Decrease Java heap size (-Xmx/-Xms)
#   Decrease number of Java threads
#   Decrease Java thread stack sizes (-Xss)
#   Set larger code cache with -XX:ReservedCodeCacheSize=
#   JVM is running with Unscaled Compressed Oops mode in which the Java heap is
#     placed in the first 4GB address space. The Java Heap base address is the
#     maximum limit for the native heap growth. Please use -XX:HeapBaseMinAddress
#     to set the Java Heap base and to place the Java Heap above 4GB virtual address.
# This output file may be truncated or incomplete.
#
#  Out of Memory Error (arena.cpp:168), pid=35568, tid=36788
#
# JRE version: OpenJDK Runtime Environment (21.0.9) (build 21.0.9+-14787801-b1163.94)
# Java VM: OpenJDK 64-Bit Server VM (21.0.9+-14787801-b1163.94, mixed mode, tiered, compressed oops, compressed class ptrs, g1 gc, windows-amd64)
# No core dump will be written. Minidumps are not enabled by default on client versions of Windows
#

---------------  S U M M A R Y ------------

Command Line: --add-opens=java.base/java.lang=ALL-UNNAMED --add-opens=java.base/java.lang.invoke=ALL-UNNAMED --add-opens=java.base/java.util=ALL-UNNAMED --add-opens=java.prefs/java.util.prefs=ALL-UNNAMED --add-exports=jdk.compiler/com.sun.tools.javac.api=ALL-UNNAMED --add-exports=jdk.compiler/com.sun.tools.javac.util=ALL-UNNAMED --add-opens=java.base/java.util=ALL-UNNAMED --add-opens=java.prefs/java.util.prefs=ALL-UNNAMED --add-opens=java.base/java.nio.charset=ALL-UNNAMED --add-opens=java.base/java.net=ALL-UNNAMED --add-opens=java.base/java.util.concurrent=ALL-UNNAMED --add-opens=java.base/java.util.concurrent.atomic=ALL-UNNAMED --add-opens=java.xml/javax.xml.namespace=ALL-UNNAMED --add-opens=java.base/java.time=ALL-UNNAMED -Xmx2048m -Dfile.encoding=UTF-8 -Duser.country=GB -Duser.language=en -Duser.variant -javaagent:C:\Users\dasun\.gradle\wrapper\dists\gradle-9.3.1-bin\23ovyewtku6u96viwx3xl3oks\gradle-9.3.1\lib\agents\gradle-instrumentation-agent-9.3.1.jar org.gradle.launcher.daemon.bootstrap.GradleDaemon 9.3.1

Host: AMD Ryzen 7 5700U with Radeon Graphics         , 16 cores, 7G,  Windows 11 , 64 bit Build 26100 (10.0.26100.8328)
Time: Wed May 13 00:14:06 2026 Sri Lanka Standard Time elapsed time: 14.882590 seconds (0d 0h 0m 14s)

---------------  T H R E A D  ---------------

Current thread (0x0000016b590eb520):  JavaThread "C2 CompilerThread0" daemon [_thread_in_native, id=36788, stack(0x0000003345900000,0x0000003345a00000) (1024K)]


Current CompileTask:
C2:14882 6920       4       org.objectweb.asm.MethodWriter::computeAllFrames (510 bytes)

Stack: [0x0000003345900000,0x0000003345a00000]
Native frames: (J=compiled Java code, j=interpreted, Vv=VM code, C=native code)
V  [jvm.dll+0x6d6c99]
V  [jvm.dll+0x866b83]
V  [jvm.dll+0x8691ae]
V  [jvm.dll+0x869893]
V  [jvm.dll+0x280776]
V  [jvm.dll+0xc07cd]
V  [jvm.dll+0xc0d03]
V  [jvm.dll+0x3b9831]
V  [jvm.dll+0x3856a7]
V  [jvm.dll+0x384b1a]
V  [jvm.dll+0x249462]
V  [jvm.dll+0x248a31]
V  [jvm.dll+0x1c7344]
V  [jvm.dll+0x2581ae]
V  [jvm.dll+0x2566f6]
V  [jvm.dll+0x3f48a6]
V  [jvm.dll+0x80f118]
V  [jvm.dll+0x6d54ed]
C  [ucrtbase.dll+0x37b0]
C  [KERNEL32.DLL+0x2e957]
C  [ntdll.dll+0x427c]


---------------  P R O C E S S  ---------------

Threads class SMR info:
_java_thread_list=0x0000016b5efda950, length=74, elements={
0x0000016b3a808050, 0x0000016b59093db0, 0x0000016b590d0fe0, 0x0000016b590d1a40,
0x0000016b590e48c0, 0x0000016b590e7d70, 0x0000016b590e69c0, 0x0000016b590e5ca0,
0x0000016b590eb520, 0x0000016b590ed6a0, 0x0000016b590e76e0, 0x0000016b590e6330,
0x0000016b590e7050, 0x0000016b590e8400, 0x0000016b5b9e0910, 0x0000016b5b9dfbf0,
0x0000016b5b9df560, 0x0000016b5b9e0280, 0x0000016b5b9e0fa0, 0x0000016b5b9e1630,
0x0000016b5b9e1cc0, 0x0000016b5b9e2350, 0x0000016b5b9deed0, 0x0000016b5b9e3070,
0x0000016b5b9e3d90, 0x0000016b5b9e5140, 0x0000016b5b9e3700, 0x0000016b5b9e4ab0,
0x0000016b5b9e57d0, 0x0000016b5b9e64f0, 0x0000016b5daaf9e0, 0x0000016b5daad910,
0x0000016b5daae630, 0x0000016b5daaf350, 0x0000016b5daacbf0, 0x0000016b5daadfa0,
0x0000016b5daaecc0, 0x0000016b59566b40, 0x0000016b595671d0, 0x0000016b59567860,
0x0000016b59567ef0, 0x0000016b59568580, 0x0000016b59568c10, 0x0000016b59565e20,
0x0000016b595664b0, 0x0000016b59565790, 0x0000016b5956c720, 0x0000016b59569930,
0x0000016b5956ba00, 0x0000016b5956a650, 0x0000016b5956c090, 0x0000016b59569fc0,
0x0000016b595692a0, 0x0000016b5956cdb0, 0x0000016b5956ace0, 0x0000016b5956b370,
0x0000016b599d3e70, 0x0000016b599d5220, 0x0000016b599d58b0, 0x0000016b599d5f40,
0x0000016b599d6c60, 0x0000016b599d72f0, 0x0000016b599d4b90, 0x0000016b599d65d0,
0x0000016b599d7980, 0x0000016b599d4500, 0x0000016b599d8d30, 0x0000016b599d9a50,
0x0000016b599d86a0, 0x0000016b599da0e0, 0x0000016b599da770, 0x0000016b599db490,
0x0000016b599dae00, 0x0000016b5a7f0490
}

Java Threads: ( => current thread )
  0x0000016b3a808050 JavaThread "main"                              [_thread_blocked, id=30752, stack(0x0000003344a00000,0x0000003344b00000) (1024K)]
  0x0000016b59093db0 JavaThread "Common-Cleaner"             daemon [_thread_blocked, id=36164, stack(0x0000003345200000,0x0000003345300000) (1024K)]
  0x0000016b590d0fe0 JavaThread "Reference Handler"          daemon [_thread_blocked, id=35396, stack(0x0000003345300000,0x0000003345400000) (1024K)]
  0x0000016b590d1a40 JavaThread "Finalizer"                  daemon [_thread_blocked, id=25892, stack(0x0000003345400000,0x0000003345500000) (1024K)]
  0x0000016b590e48c0 JavaThread "Signal Dispatcher"          daemon [_thread_blocked, id=34008, stack(0x0000003345500000,0x0000003345600000) (1024K)]
  0x0000016b590e7d70 JavaThread "Attach Listener"            daemon [_thread_blocked, id=29540, stack(0x0000003345600000,0x0000003345700000) (1024K)]
  0x0000016b590e69c0 JavaThread "Service Thread"             daemon [_thread_blocked, id=36348, stack(0x0000003345700000,0x0000003345800000) (1024K)]
  0x0000016b590e5ca0 JavaThread "Monitor Deflation Thread"   daemon [_thread_blocked, id=5924, stack(0x0000003345800000,0x0000003345900000) (1024K)]
=>0x0000016b590eb520 JavaThread "C2 CompilerThread0"         daemon [_thread_in_native, id=36788, stack(0x0000003345900000,0x0000003345a00000) (1024K)]
  0x0000016b590ed6a0 JavaThread "C1 CompilerThread0"         daemon [_thread_blocked, id=15068, stack(0x0000003345a00000,0x0000003345b00000) (1024K)]
  0x0000016b590e76e0 JavaThread "Notification Thread"        daemon [_thread_blocked, id=18252, stack(0x0000003345d00000,0x0000003345e00000) (1024K)]
  0x0000016b590e6330 JavaThread "Daemon health stats"               [_thread_blocked, id=37840, stack(0x0000003346600000,0x0000003346700000) (1024K)]
  0x0000016b590e7050 JavaThread "Incoming local TCP Connector on port 63752"        [_thread_in_native, id=36064, stack(0x0000003346700000,0x0000003346800000) (1024K)]
  0x0000016b590e8400 JavaThread "Daemon periodic checks"            [_thread_blocked, id=20464, stack(0x0000003346800000,0x0000003346900000) (1024K)]
  0x0000016b5b9e0910 JavaThread "Daemon"                            [_thread_blocked, id=15060, stack(0x0000003346900000,0x0000003346a00000) (1024K)]
  0x0000016b5b9dfbf0 JavaThread "Handler for socket connection from /127.0.0.1:63752 to /127.0.0.1:63753"        [_thread_in_native, id=31248, stack(0x0000003346a00000,0x0000003346b00000) (1024K)]
  0x0000016b5b9df560 JavaThread "Cancel handler"                    [_thread_blocked, id=34896, stack(0x0000003346b00000,0x0000003346c00000) (1024K)]
  0x0000016b5b9e0280 JavaThread "Daemon worker"                     [_thread_in_vm, id=36056, stack(0x0000003346c00000,0x0000003346d00000) (1024K)]
  0x0000016b5b9e0fa0 JavaThread "Asynchronous log dispatcher for DefaultDaemonConnection: socket connection from /127.0.0.1:63752 to /127.0.0.1:63753"        [_thread_blocked, id=15740, stack(0x0000003347500000,0x0000003347600000) (1024K)]
  0x0000016b5b9e1630 JavaThread "Stdin handler"                     [_thread_blocked, id=35872, stack(0x0000003347600000,0x0000003347700000) (1024K)]
  0x0000016b5b9e1cc0 JavaThread "Daemon client event forwarder"        [_thread_blocked, id=36620, stack(0x0000003347700000,0x0000003347800000) (1024K)]
  0x0000016b5b9e2350 JavaThread "Cache worker for journal cache (C:\Users\dasun\.gradle\caches\journal-1)"        [_thread_blocked, id=25928, stack(0x0000003345e00000,0x0000003345f00000) (1024K)]
  0x0000016b5b9deed0 JavaThread "File lock request listener"        [_thread_in_native, id=24596, stack(0x0000003347800000,0x0000003347900000) (1024K)]
  0x0000016b5b9e3070 JavaThread "Cache worker for file hash cache (C:\Users\dasun\.gradle\caches\9.3.1\fileHashes)"        [_thread_blocked, id=31188, stack(0x0000003347a00000,0x0000003347b00000) (1024K)]
  0x0000016b5b9e3d90 JavaThread "Cache worker for file hash cache (D:\EcoCycleConnect\.gradle\9.3.1\fileHashes)"        [_thread_blocked, id=35332, stack(0x0000003347b00000,0x0000003347c00000) (1024K)]
  0x0000016b5b9e5140 JavaThread "Cache worker for Build Output Cleanup Cache (D:\EcoCycleConnect\.gradle\buildOutputCleanup)"        [_thread_blocked, id=9604, stack(0x0000003347c00000,0x0000003347d00000) (1024K)]
  0x0000016b5b9e3700 JavaThread "File watcher server"        daemon [_thread_in_native, id=11220, stack(0x0000003347d00000,0x0000003347e00000) (1024K)]
  0x0000016b5b9e4ab0 JavaThread "File watcher consumer"      daemon [_thread_blocked, id=34888, stack(0x0000003347e00000,0x0000003347f00000) (1024K)]
  0x0000016b5b9e57d0 JavaThread "Cache worker for checksums cache (D:\EcoCycleConnect\.gradle\9.3.1\checksums)"        [_thread_blocked, id=16276, stack(0x0000003347f00000,0x0000003348000000) (1024K)]
  0x0000016b5b9e64f0 JavaThread "Cache worker for file content cache (C:\Users\dasun\.gradle\caches\9.3.1\fileContent)"        [_thread_blocked, id=18112, stack(0x0000003348000000,0x0000003348100000) (1024K)]
  0x0000016b5daaf9e0 JavaThread "Cache worker for cache directory md-supplier (C:\Users\dasun\.gradle\caches\9.3.1\md-supplier)"        [_thread_blocked, id=35972, stack(0x0000003348100000,0x0000003348200000) (1024K)]
  0x0000016b5daad910 JavaThread "Cache worker for cache directory md-rule (C:\Users\dasun\.gradle\caches\9.3.1\md-rule)"        [_thread_blocked, id=36236, stack(0x0000003348200000,0x0000003348300000) (1024K)]
  0x0000016b5daae630 JavaThread "jar transforms"                    [_thread_blocked, id=4116, stack(0x0000003348300000,0x0000003348400000) (1024K)]
  0x0000016b5daaf350 JavaThread "jar transforms Thread 2"           [_thread_blocked, id=7072, stack(0x0000003348400000,0x0000003348500000) (1024K)]
  0x0000016b5daacbf0 JavaThread "jar transforms Thread 3"           [_thread_blocked, id=5656, stack(0x0000003348500000,0x0000003348600000) (1024K)]
  0x0000016b5daadfa0 JavaThread "Unconstrained build operations"        [_thread_blocked, id=19900, stack(0x0000003348600000,0x0000003348700000) (1024K)]
  0x0000016b5daaecc0 JavaThread "Unconstrained build operations Thread 2"        [_thread_blocked, id=22264, stack(0x0000003348700000,0x0000003348800000) (1024K)]
  0x0000016b59566b40 JavaThread "Unconstrained build operations Thread 3"        [_thread_blocked, id=7084, stack(0x0000003348800000,0x0000003348900000) (1024K)]
  0x0000016b595671d0 JavaThread "Unconstrained build operations Thread 4"        [_thread_blocked, id=35368, stack(0x0000003348900000,0x0000003348a00000) (1024K)]
  0x0000016b59567860 JavaThread "Unconstrained build operations Thread 5"        [_thread_blocked, id=35144, stack(0x0000003348a00000,0x0000003348b00000) (1024K)]
  0x0000016b59567ef0 JavaThread "Unconstrained build operations Thread 6"        [_thread_blocked, id=36012, stack(0x0000003348b00000,0x0000003348c00000) (1024K)]
  0x0000016b59568580 JavaThread "Unconstrained build operations Thread 7"        [_thread_blocked, id=34024, stack(0x0000003348c00000,0x0000003348d00000) (1024K)]
  0x0000016b59568c10 JavaThread "Unconstrained build operations Thread 8"        [_thread_blocked, id=4576, stack(0x0000003348d00000,0x0000003348e00000) (1024K)]
  0x0000016b59565e20 JavaThread "Unconstrained build operations Thread 9"        [_thread_blocked, id=13452, stack(0x0000003348e00000,0x0000003348f00000) (1024K)]
  0x0000016b595664b0 JavaThread "Unconstrained build operations Thread 10"        [_thread_blocked, id=35644, stack(0x0000003348f00000,0x0000003349000000) (1024K)]
  0x0000016b59565790 JavaThread "Unconstrained build operations Thread 11"        [_thread_blocked, id=37040, stack(0x0000003349000000,0x0000003349100000) (1024K)]
  0x0000016b5956c720 JavaThread "Unconstrained build operations Thread 12"        [_thread_blocked, id=35880, stack(0x0000003349100000,0x0000003349200000) (1024K)]
  0x0000016b59569930 JavaThread "Unconstrained build operations Thread 13"        [_thread_blocked, id=15520, stack(0x0000003349200000,0x0000003349300000) (1024K)]
  0x0000016b5956ba00 JavaThread "Unconstrained build operations Thread 14"        [_thread_blocked, id=6532, stack(0x0000003349300000,0x0000003349400000) (1024K)]
  0x0000016b5956a650 JavaThread "Unconstrained build operations Thread 15"        [_thread_blocked, id=36440, stack(0x0000003349400000,0x0000003349500000) (1024K)]
  0x0000016b5956c090 JavaThread "Unconstrained build operations Thread 16"        [_thread_blocked, id=36616, stack(0x0000003349500000,0x0000003349600000) (1024K)]
  0x0000016b59569fc0 JavaThread "Unconstrained build operations Thread 17"        [_thread_blocked, id=14812, stack(0x0000003349600000,0x0000003349700000) (1024K)]
  0x0000016b595692a0 JavaThread "Unconstrained build operations Thread 18"        [_thread_blocked, id=15776, stack(0x0000003349700000,0x0000003349800000) (1024K)]
  0x0000016b5956cdb0 JavaThread "Unconstrained build operations Thread 19"        [_thread_blocked, id=34456, stack(0x0000003349800000,0x0000003349900000) (1024K)]
  0x0000016b5956ace0 JavaThread "Unconstrained build operations Thread 20"        [_thread_blocked, id=36460, stack(0x0000003349900000,0x0000003349a00000) (1024K)]
  0x0000016b5956b370 JavaThread "jar transforms Thread 4"           [_thread_blocked, id=34884, stack(0x0000003349a00000,0x0000003349b00000) (1024K)]
  0x0000016b599d3e70 JavaThread "jar transforms Thread 5"           [_thread_blocked, id=9004, stack(0x0000003349b00000,0x0000003349c00000) (1024K)]
  0x0000016b599d5220 JavaThread "Unconstrained build operations Thread 21"        [_thread_blocked, id=35272, stack(0x0000003349c00000,0x0000003349d00000) (1024K)]
  0x0000016b599d58b0 JavaThread "Unconstrained build operations Thread 22"        [_thread_blocked, id=36424, stack(0x0000003349d00000,0x0000003349e00000) (1024K)]
  0x0000016b599d5f40 JavaThread "Unconstrained build operations Thread 23"        [_thread_blocked, id=22552, stack(0x0000003349e00000,0x0000003349f00000) (1024K)]
  0x0000016b599d6c60 JavaThread "Unconstrained build operations Thread 24"        [_thread_blocked, id=34232, stack(0x0000003349f00000,0x000000334a000000) (1024K)]
  0x0000016b599d72f0 JavaThread "Unconstrained build operations Thread 25"        [_thread_blocked, id=36548, stack(0x000000334a000000,0x000000334a100000) (1024K)]
  0x0000016b599d4b90 JavaThread "Unconstrained build operations Thread 26"        [_thread_blocked, id=35824, stack(0x000000334a100000,0x000000334a200000) (1024K)]
  0x0000016b599d65d0 JavaThread "Unconstrained build operations Thread 27"        [_thread_blocked, id=30616, stack(0x000000334a200000,0x000000334a300000) (1024K)]
  0x0000016b599d7980 JavaThread "Unconstrained build operations Thread 28"        [_thread_blocked, id=37080, stack(0x000000334a300000,0x000000334a400000) (1024K)]
  0x0000016b599d4500 JavaThread "Unconstrained build operations Thread 29"        [_thread_blocked, id=36456, stack(0x000000334a400000,0x000000334a500000) (1024K)]
  0x0000016b599d8d30 JavaThread "Unconstrained build operations Thread 30"        [_thread_blocked, id=36228, stack(0x000000334a500000,0x000000334a600000) (1024K)]
  0x0000016b599d9a50 JavaThread "jar transforms Thread 6"           [_thread_blocked, id=37096, stack(0x000000334a600000,0x000000334a700000) (1024K)]
  0x0000016b599d86a0 JavaThread "jar transforms Thread 7"           [_thread_blocked, id=7428, stack(0x000000334a700000,0x000000334a800000) (1024K)]
  0x0000016b599da0e0 JavaThread "jar transforms Thread 8"           [_thread_blocked, id=37496, stack(0x000000334a800000,0x000000334a900000) (1024K)]
  0x0000016b599da770 JavaThread "Unconstrained build operations Thread 31"        [_thread_blocked, id=32648, stack(0x000000334a900000,0x000000334aa00000) (1024K)]
  0x0000016b599db490 JavaThread "Unconstrained build operations Thread 32"        [_thread_blocked, id=12868, stack(0x000000334aa00000,0x000000334ab00000) (1024K)]
  0x0000016b599dae00 JavaThread "Unconstrained build operations Thread 33"        [_thread_blocked, id=37084, stack(0x000000334ab00000,0x000000334ac00000) (1024K)]
  0x0000016b5a7f0490 JavaThread "C2 CompilerThread1"         daemon [_thread_in_native, id=9488, stack(0x0000003346100000,0x0000003346200000) (1024K)]
Total: 74

Other Threads:
  0x0000016b54dcdf70 VMThread "VM Thread"                           [id=35440, stack(0x0000003345100000,0x0000003345200000) (1024K)]
  0x0000016b54d608f0 WatcherThread "VM Periodic Task Thread"        [id=25276, stack(0x0000003345000000,0x0000003345100000) (1024K)]
  0x0000016b3cba7110 WorkerThread "GC Thread#0"                     [id=37384, stack(0x0000003344b00000,0x0000003344c00000) (1024K)]
  0x0000016b597aeba0 WorkerThread "GC Thread#1"                     [id=37048, stack(0x0000003345f00000,0x0000003346000000) (1024K)]
  0x0000016b59a51d80 WorkerThread "GC Thread#2"                     [id=4100, stack(0x0000003346000000,0x0000003346100000) (1024K)]
  0x0000016b5a140670 WorkerThread "GC Thread#3"                     [id=37804, stack(0x0000003346200000,0x0000003346300000) (1024K)]
  0x0000016b5a140a10 WorkerThread "GC Thread#4"                     [id=36340, stack(0x0000003346300000,0x0000003346400000) (1024K)]
  0x0000016b5b2ad2c0 WorkerThread "GC Thread#5"                     [id=36324, stack(0x0000003346400000,0x0000003346500000) (1024K)]
  0x0000016b5aacfd30 WorkerThread "GC Thread#6"                     [id=28188, stack(0x0000003346500000,0x0000003346600000) (1024K)]
  0x0000016b5ba39900 WorkerThread "GC Thread#7"                     [id=31100, stack(0x0000003346d00000,0x0000003346e00000) (1024K)]
  0x0000016b5b937f00 WorkerThread "GC Thread#8"                     [id=32568, stack(0x0000003346e00000,0x0000003346f00000) (1024K)]
  0x0000016b5ba30aa0 WorkerThread "GC Thread#9"                     [id=32444, stack(0x0000003346f00000,0x0000003347000000) (1024K)]
  0x0000016b5ba31920 WorkerThread "GC Thread#10"                    [id=34840, stack(0x0000003347000000,0x0000003347100000) (1024K)]
  0x0000016b5ba30700 WorkerThread "GC Thread#11"                    [id=37328, stack(0x0000003347100000,0x0000003347200000) (1024K)]
  0x0000016b5ba30e40 WorkerThread "GC Thread#12"                    [id=35864, stack(0x0000003347200000,0x0000003347300000) (1024K)]
  0x0000016b3cbb9010 ConcurrentGCThread "G1 Main Marker"            [id=35372, stack(0x0000003344c00000,0x0000003344d00000) (1024K)]
  0x0000016b3cbba860 WorkerThread "G1 Conc#0"                       [id=37200, stack(0x0000003344d00000,0x0000003344e00000) (1024K)]
  0x0000016b5ba31cc0 WorkerThread "G1 Conc#1"                       [id=22900, stack(0x0000003347300000,0x0000003347400000) (1024K)]
  0x0000016b5ba32060 WorkerThread "G1 Conc#2"                       [id=36172, stack(0x0000003347400000,0x0000003347500000) (1024K)]
  0x0000016b54c2d5c0 ConcurrentGCThread "G1 Refine#0"               [id=36624, stack(0x0000003344e00000,0x0000003344f00000) (1024K)]
  0x0000016b54c2edf0 ConcurrentGCThread "G1 Service"                [id=15616, stack(0x0000003344f00000,0x0000003345000000) (1024K)]
Total: 21

Threads with active compile tasks:
C2 CompilerThread0  17918 6920       4       org.objectweb.asm.MethodWriter::computeAllFrames (510 bytes)
C2 CompilerThread1  17918 6893   !   4       sun.reflect.annotation.AnnotationParser::parseAnnotations (37 bytes)
Total: 2

VM state: not at safepoint (normal execution)

VM Mutex/Monitor currently owned by a thread: None

Heap address: 0x0000000080000000, size: 2048 MB, Compressed Oops mode: 32-bit

CDS archive(s) not mapped
Compressed class space mapped at: 0x0000000100000000-0x0000000140000000, reserved size: 1073741824
Narrow klass base: 0x0000000000000000, Narrow klass shift: 3, Narrow klass range: 0x140000000

GC Precious Log:
 CardTable entry size: 512
 Card Set container configuration: InlinePtr #cards 5 size 8 Array Of Cards #cards 12 size 40 Howl #buckets 4 coarsen threshold 1843 Howl Bitmap #cards 512 size 80 coarsen threshold 460 Card regions per heap region 1 cards per card region 2048
 CPUs: 16 total, 16 available
 Memory: 7514M
 Large Page Support: Disabled
 NUMA Support: Disabled
 Compressed Oops: Enabled (32-bit)
 Heap Region Size: 1M
 Heap Min Capacity: 8M
 Heap Initial Capacity: 118M
 Heap Max Capacity: 2G
 Pre-touch: Disabled
 Parallel Workers: 13
 Concurrent Workers: 3
 Concurrent Refinement Workers: 13
 Periodic GC: Disabled

Heap:
 garbage-first heap   total 110592K, used 57718K [0x0000000080000000, 0x0000000100000000)
  region size 1024K, 14 young (14336K), 4 survivors (4096K)
 Metaspace       used 66879K, committed 68736K, reserved 1114112K
  class space    used 9565K, committed 10432K, reserved 1048576K

Heap Regions: E=young(eden), S=young(survivor), O=old, HS=humongous(starts), HC=humongous(continues), CS=collection set, F=free, TAMS=top-at-mark-start, PB=parsable bottom
|   0|0x0000000080000000, 0x0000000080100000, 0x0000000080100000|100%|HS|  |TAMS 0x0000000080000000| PB 0x0000000080000000| Complete 
|   1|0x0000000080100000, 0x0000000080200000, 0x0000000080200000|100%|HC|  |TAMS 0x0000000080100000| PB 0x0000000080100000| Complete 
|   2|0x0000000080200000, 0x0000000080300000, 0x0000000080300000|100%|HC|  |TAMS 0x0000000080200000| PB 0x0000000080200000| Complete 
|   3|0x0000000080300000, 0x0000000080400000, 0x0000000080400000|100%|HC|  |TAMS 0x0000000080300000| PB 0x0000000080300000| Complete 
|   4|0x0000000080400000, 0x0000000080500000, 0x0000000080500000|100%| O|  |TAMS 0x0000000080400000| PB 0x0000000080400000| Untracked 
|   5|0x0000000080500000, 0x0000000080600000, 0x0000000080600000|100%| O|  |TAMS 0x0000000080500000| PB 0x0000000080500000| Untracked 
|   6|0x0000000080600000, 0x0000000080700000, 0x0000000080700000|100%| O|  |TAMS 0x0000000080600000| PB 0x0000000080600000| Untracked 
|   7|0x0000000080700000, 0x0000000080800000, 0x0000000080800000|100%|HS|  |TAMS 0x0000000080700000| PB 0x0000000080700000| Complete 
|   8|0x0000000080800000, 0x0000000080900000, 0x0000000080900000|100%| O|  |TAMS 0x0000000080800000| PB 0x0000000080800000| Untracked 
|   9|0x0000000080900000, 0x0000000080a00000, 0x0000000080a00000|100%| O|  |TAMS 0x0000000080900000| PB 0x0000000080900000| Untracked 
|  10|0x0000000080a00000, 0x0000000080b00000, 0x0000000080b00000|100%| O|  |TAMS 0x0000000080a00000| PB 0x0000000080a00000| Untracked 
|  11|0x0000000080b00000, 0x0000000080c00000, 0x0000000080c00000|100%| O|  |TAMS 0x0000000080b00000| PB 0x0000000080b00000| Untracked 
|  12|0x0000000080c00000, 0x0000000080d00000, 0x0000000080d00000|100%| O|  |TAMS 0x0000000080c00000| PB 0x0000000080c00000| Untracked 
|  13|0x0000000080d00000, 0x0000000080e00000, 0x0000000080e00000|100%| O|  |TAMS 0x0000000080d00000| PB 0x0000000080d00000| Untracked 
|  14|0x0000000080e00000, 0x0000000080f00000, 0x0000000080f00000|100%| O|  |TAMS 0x0000000080e00000| PB 0x0000000080e00000| Untracked 
|  15|0x0000000080f00000, 0x0000000081000000, 0x0000000081000000|100%| O|  |TAMS 0x0000000080f00000| PB 0x0000000080f00000| Untracked 
|  16|0x0000000081000000, 0x0000000081100000, 0x0000000081100000|100%| O|  |TAMS 0x0000000081000000| PB 0x0000000081000000| Untracked 
|  17|0x0000000081100000, 0x0000000081200000, 0x0000000081200000|100%| O|  |TAMS 0x0000000081100000| PB 0x0000000081100000| Untracked 
|  18|0x0000000081200000, 0x0000000081300000, 0x0000000081300000|100%| O|  |TAMS 0x0000000081200000| PB 0x0000000081200000| Untracked 
|  19|0x0000000081300000, 0x0000000081400000, 0x0000000081400000|100%| O|  |TAMS 0x0000000081300000| PB 0x0000000081300000| Untracked 
|  20|0x0000000081400000, 0x0000000081500000, 0x0000000081500000|100%| O|  |TAMS 0x0000000081400000| PB 0x0000000081400000| Untracked 
|  21|0x0000000081500000, 0x0000000081600000, 0x0000000081600000|100%| O|  |TAMS 0x0000000081500000| PB 0x0000000081500000| Untracked 
|  22|0x0000000081600000, 0x0000000081700000, 0x0000000081700000|100%| O|  |TAMS 0x0000000081600000| PB 0x0000000081600000| Untracked 
|  23|0x0000000081700000, 0x0000000081800000, 0x0000000081800000|100%| O|  |TAMS 0x0000000081700000| PB 0x0000000081700000| Untracked 
|  24|0x0000000081800000, 0x0000000081900000, 0x0000000081900000|100%| O|  |TAMS 0x0000000081800000| PB 0x0000000081800000| Untracked 
|  25|0x0000000081900000, 0x0000000081a00000, 0x0000000081a00000|100%| O|  |TAMS 0x0000000081900000| PB 0x0000000081900000| Untracked 
|  26|0x0000000081a00000, 0x0000000081b00000, 0x0000000081b00000|100%| O|  |TAMS 0x0000000081a00000| PB 0x0000000081a00000| Untracked 
|  27|0x0000000081b00000, 0x0000000081c00000, 0x0000000081c00000|100%| O|  |TAMS 0x0000000081b00000| PB 0x0000000081b00000| Untracked 
|  28|0x0000000081c00000, 0x0000000081d00000, 0x0000000081d00000|100%| O|  |TAMS 0x0000000081c00000| PB 0x0000000081c00000| Untracked 
|  29|0x0000000081d00000, 0x0000000081e00000, 0x0000000081e00000|100%| O|  |TAMS 0x0000000081d00000| PB 0x0000000081d00000| Untracked 
|  30|0x0000000081e00000, 0x0000000081f00000, 0x0000000081f00000|100%| O|  |TAMS 0x0000000081e00000| PB 0x0000000081e00000| Untracked 
|  31|0x0000000081f00000, 0x0000000082000000, 0x0000000082000000|100%| O|  |TAMS 0x0000000081f00000| PB 0x0000000081f00000| Untracked 
|  32|0x0000000082000000, 0x0000000082100000, 0x0000000082100000|100%| O|  |TAMS 0x0000000082000000| PB 0x0000000082000000| Untracked 
|  33|0x0000000082100000, 0x0000000082200000, 0x0000000082200000|100%| O|  |TAMS 0x0000000082100000| PB 0x0000000082100000| Untracked 
|  34|0x0000000082200000, 0x0000000082300000, 0x0000000082300000|100%|HS|  |TAMS 0x0000000082200000| PB 0x0000000082200000| Complete 
|  35|0x0000000082300000, 0x0000000082400000, 0x0000000082400000|100%|HC|  |TAMS 0x0000000082300000| PB 0x0000000082300000| Complete 
|  36|0x0000000082400000, 0x0000000082500000, 0x0000000082500000|100%| O|  |TAMS 0x0000000082400000| PB 0x0000000082400000| Untracked 
|  37|0x0000000082500000, 0x0000000082600000, 0x0000000082600000|100%| O|  |TAMS 0x0000000082500000| PB 0x0000000082500000| Untracked 
|  38|0x0000000082600000, 0x0000000082700000, 0x0000000082700000|100%| O|Cm|TAMS 0x0000000082600000| PB 0x0000000082600000| Complete 
|  39|0x0000000082700000, 0x0000000082800000, 0x0000000082800000|100%| O|  |TAMS 0x0000000082700000| PB 0x0000000082700000| Untracked 
|  40|0x0000000082800000, 0x0000000082800000, 0x0000000082900000|  0%| F|  |TAMS 0x0000000082800000| PB 0x0000000082800000| Untracked 
|  41|0x0000000082900000, 0x0000000082900000, 0x0000000082a00000|  0%| F|  |TAMS 0x0000000082900000| PB 0x0000000082900000| Untracked 
|  42|0x0000000082a00000, 0x0000000082b00000, 0x0000000082b00000|100%| O|  |TAMS 0x0000000082a00000| PB 0x0000000082a00000| Untracked 
|  43|0x0000000082b00000, 0x0000000082c00000, 0x0000000082c00000|100%| O|  |TAMS 0x0000000082b00000| PB 0x0000000082b00000| Untracked 
|  44|0x0000000082c00000, 0x0000000082d00000, 0x0000000082d00000|100%| O|  |TAMS 0x0000000082c00000| PB 0x0000000082c00000| Untracked 
|  45|0x0000000082d00000, 0x0000000082d61890, 0x0000000082e00000| 38%| O|  |TAMS 0x0000000082d00000| PB 0x0000000082d00000| Untracked 
|  46|0x0000000082e00000, 0x0000000082e00000, 0x0000000082f00000|  0%| F|  |TAMS 0x0000000082e00000| PB 0x0000000082e00000| Untracked 
|  47|0x0000000082f00000, 0x0000000082f00000, 0x0000000083000000|  0%| F|  |TAMS 0x0000000082f00000| PB 0x0000000082f00000| Untracked 
|  48|0x0000000083000000, 0x0000000083000000, 0x0000000083100000|  0%| F|  |TAMS 0x0000000083000000| PB 0x0000000083000000| Untracked 
|  49|0x0000000083100000, 0x0000000083100000, 0x0000000083200000|  0%| F|  |TAMS 0x0000000083100000| PB 0x0000000083100000| Untracked 
|  50|0x0000000083200000, 0x00000000832fc008, 0x0000000083300000| 98%| S|CS|TAMS 0x0000000083200000| PB 0x0000000083200000| Complete 
|  51|0x0000000083300000, 0x0000000083400000, 0x0000000083400000|100%| S|CS|TAMS 0x0000000083300000| PB 0x0000000083300000| Complete 
|  52|0x0000000083400000, 0x0000000083500000, 0x0000000083500000|100%| S|CS|TAMS 0x0000000083400000| PB 0x0000000083400000| Complete 
|  53|0x0000000083500000, 0x0000000083600000, 0x0000000083600000|100%| S|CS|TAMS 0x0000000083500000| PB 0x0000000083500000| Complete 
|  54|0x0000000083600000, 0x0000000083600000, 0x0000000083700000|  0%| F|  |TAMS 0x0000000083600000| PB 0x0000000083600000| Untracked 
|  55|0x0000000083700000, 0x0000000083700000, 0x0000000083800000|  0%| F|  |TAMS 0x0000000083700000| PB 0x0000000083700000| Untracked 
|  56|0x0000000083800000, 0x0000000083800000, 0x0000000083900000|  0%| F|  |TAMS 0x0000000083800000| PB 0x0000000083800000| Untracked 
|  57|0x0000000083900000, 0x0000000083900000, 0x0000000083a00000|  0%| F|  |TAMS 0x0000000083900000| PB 0x0000000083900000| Untracked 
|  58|0x0000000083a00000, 0x0000000083a00000, 0x0000000083b00000|  0%| F|  |TAMS 0x0000000083a00000| PB 0x0000000083a00000| Untracked 
|  59|0x0000000083b00000, 0x0000000083b00000, 0x0000000083c00000|  0%| F|  |TAMS 0x0000000083b00000| PB 0x0000000083b00000| Untracked 
|  60|0x0000000083c00000, 0x0000000083c00000, 0x0000000083d00000|  0%| F|  |TAMS 0x0000000083c00000| PB 0x0000000083c00000| Untracked 
|  61|0x0000000083d00000, 0x0000000083d00000, 0x0000000083e00000|  0%| F|  |TAMS 0x0000000083d00000| PB 0x0000000083d00000| Untracked 
|  62|0x0000000083e00000, 0x0000000083e00000, 0x0000000083f00000|  0%| F|  |TAMS 0x0000000083e00000| PB 0x0000000083e00000| Untracked 
|  63|0x0000000083f00000, 0x0000000083f00000, 0x0000000084000000|  0%| F|  |TAMS 0x0000000083f00000| PB 0x0000000083f00000| Untracked 
|  64|0x0000000084000000, 0x0000000084000000, 0x0000000084100000|  0%| F|  |TAMS 0x0000000084000000| PB 0x0000000084000000| Untracked 
|  65|0x0000000084100000, 0x0000000084100000, 0x0000000084200000|  0%| F|  |TAMS 0x0000000084100000| PB 0x0000000084100000| Untracked 
|  66|0x0000000084200000, 0x0000000084200000, 0x0000000084300000|  0%| F|  |TAMS 0x0000000084200000| PB 0x0000000084200000| Untracked 
|  67|0x0000000084300000, 0x0000000084300000, 0x0000000084400000|  0%| F|  |TAMS 0x0000000084300000| PB 0x0000000084300000| Untracked 
|  68|0x0000000084400000, 0x0000000084400000, 0x0000000084500000|  0%| F|  |TAMS 0x0000000084400000| PB 0x0000000084400000| Untracked 
|  69|0x0000000084500000, 0x0000000084500000, 0x0000000084600000|  0%| F|  |TAMS 0x0000000084500000| PB 0x0000000084500000| Untracked 
|  70|0x0000000084600000, 0x0000000084600000, 0x0000000084700000|  0%| F|  |TAMS 0x0000000084600000| PB 0x0000000084600000| Untracked 
|  71|0x0000000084700000, 0x0000000084700000, 0x0000000084800000|  0%| F|  |TAMS 0x0000000084700000| PB 0x0000000084700000| Untracked 
|  72|0x0000000084800000, 0x0000000084800000, 0x0000000084900000|  0%| F|  |TAMS 0x0000000084800000| PB 0x0000000084800000| Untracked 
|  73|0x0000000084900000, 0x0000000084900000, 0x0000000084a00000|  0%| F|  |TAMS 0x0000000084900000| PB 0x0000000084900000| Untracked 
|  74|0x0000000084a00000, 0x0000000084a00000, 0x0000000084b00000|  0%| F|  |TAMS 0x0000000084a00000| PB 0x0000000084a00000| Untracked 
|  75|0x0000000084b00000, 0x0000000084b00000, 0x0000000084c00000|  0%| F|  |TAMS 0x0000000084b00000| PB 0x0000000084b00000| Untracked 
|  76|0x0000000084c00000, 0x0000000084c00000, 0x0000000084d00000|  0%| F|  |TAMS 0x0000000084c00000| PB 0x0000000084c00000| Untracked 
|  77|0x0000000084d00000, 0x0000000084d00000, 0x0000000084e00000|  0%| F|  |TAMS 0x0000000084d00000| PB 0x0000000084d00000| Untracked 
|  78|0x0000000084e00000, 0x0000000084e00000, 0x0000000084f00000|  0%| F|  |TAMS 0x0000000084e00000| PB 0x0000000084e00000| Untracked 
|  79|0x0000000084f00000, 0x0000000084f00000, 0x0000000085000000|  0%| F|  |TAMS 0x0000000084f00000| PB 0x0000000084f00000| Untracked 
|  80|0x0000000085000000, 0x0000000085000000, 0x0000000085100000|  0%| F|  |TAMS 0x0000000085000000| PB 0x0000000085000000| Untracked 
|  81|0x0000000085100000, 0x0000000085100000, 0x0000000085200000|  0%| F|  |TAMS 0x0000000085100000| PB 0x0000000085100000| Untracked 
|  82|0x0000000085200000, 0x0000000085200000, 0x0000000085300000|  0%| F|  |TAMS 0x0000000085200000| PB 0x0000000085200000| Untracked 
|  83|0x0000000085300000, 0x0000000085300000, 0x0000000085400000|  0%| F|  |TAMS 0x0000000085300000| PB 0x0000000085300000| Untracked 
|  84|0x0000000085400000, 0x0000000085400000, 0x0000000085500000|  0%| F|  |TAMS 0x0000000085400000| PB 0x0000000085400000| Untracked 
|  85|0x0000000085500000, 0x0000000085500000, 0x0000000085600000|  0%| F|  |TAMS 0x0000000085500000| PB 0x0000000085500000| Untracked 
|  86|0x0000000085600000, 0x0000000085600000, 0x0000000085700000|  0%| F|  |TAMS 0x0000000085600000| PB 0x0000000085600000| Untracked 
|  87|0x0000000085700000, 0x0000000085700000, 0x0000000085800000|  0%| F|  |TAMS 0x0000000085700000| PB 0x0000000085700000| Untracked 
|  88|0x0000000085800000, 0x0000000085800000, 0x0000000085900000|  0%| F|  |TAMS 0x0000000085800000| PB 0x0000000085800000| Untracked 
|  89|0x0000000085900000, 0x0000000085900000, 0x0000000085a00000|  0%| F|  |TAMS 0x0000000085900000| PB 0x0000000085900000| Untracked 
|  90|0x0000000085a00000, 0x0000000085a00000, 0x0000000085b00000|  0%| F|  |TAMS 0x0000000085a00000| PB 0x0000000085a00000| Untracked 
|  91|0x0000000085b00000, 0x0000000085b00000, 0x0000000085c00000|  0%| F|  |TAMS 0x0000000085b00000| PB 0x0000000085b00000| Untracked 
|  92|0x0000000085c00000, 0x0000000085c00000, 0x0000000085d00000|  0%| F|  |TAMS 0x0000000085c00000| PB 0x0000000085c00000| Untracked 
|  93|0x0000000085d00000, 0x0000000085d00000, 0x0000000085e00000|  0%| F|  |TAMS 0x0000000085d00000| PB 0x0000000085d00000| Untracked 
|  94|0x0000000085e00000, 0x0000000085e00000, 0x0000000085f00000|  0%| F|  |TAMS 0x0000000085e00000| PB 0x0000000085e00000| Untracked 
|  95|0x0000000085f00000, 0x0000000085f00000, 0x0000000086000000|  0%| F|  |TAMS 0x0000000085f00000| PB 0x0000000085f00000| Untracked 
|  96|0x0000000086000000, 0x0000000086000000, 0x0000000086100000|  0%| F|  |TAMS 0x0000000086000000| PB 0x0000000086000000| Untracked 
|  97|0x0000000086100000, 0x0000000086180000, 0x0000000086200000| 50%| E|  |TAMS 0x0000000086100000| PB 0x0000000086100000| Complete 
|  98|0x0000000086200000, 0x0000000086300000, 0x0000000086300000|100%| E|CS|TAMS 0x0000000086200000| PB 0x0000000086200000| Complete 
|  99|0x0000000086300000, 0x0000000086400000, 0x0000000086400000|100%| E|CS|TAMS 0x0000000086300000| PB 0x0000000086300000| Complete 
| 100|0x0000000086400000, 0x0000000086500000, 0x0000000086500000|100%| E|CS|TAMS 0x0000000086400000| PB 0x0000000086400000| Complete 
| 101|0x0000000086500000, 0x0000000086600000, 0x0000000086600000|100%| E|CS|TAMS 0x0000000086500000| PB 0x0000000086500000| Complete 
| 102|0x0000000086600000, 0x0000000086700000, 0x0000000086700000|100%| E|CS|TAMS 0x0000000086600000| PB 0x0000000086600000| Complete 
| 103|0x0000000086700000, 0x0000000086800000, 0x0000000086800000|100%| E|CS|TAMS 0x0000000086700000| PB 0x0000000086700000| Complete 
| 104|0x0000000086800000, 0x0000000086900000, 0x0000000086900000|100%| E|CS|TAMS 0x0000000086800000| PB 0x0000000086800000| Complete 
| 105|0x0000000086900000, 0x0000000086a00000, 0x0000000086a00000|100%| E|CS|TAMS 0x0000000086900000| PB 0x0000000086900000| Complete 
| 106|0x0000000086a00000, 0x0000000086b00000, 0x0000000086b00000|100%| E|CS|TAMS 0x0000000086a00000| PB 0x0000000086a00000| Complete 
| 117|0x0000000087500000, 0x0000000087600000, 0x0000000087600000|100%| E|CS|TAMS 0x0000000087500000| PB 0x0000000087500000| Complete 

Card table byte_map: [0x0000016b4f930000,0x0000016b4fd30000] _byte_map_base: 0x0000016b4f530000

Marking Bits: (CMBitMap*) 0x0000016b3cba8730
 Bits: [0x0000016b4fd30000, 0x0000016b51d30000)

Polling page: 0x0000016b3a7a0000

Metaspace:

Usage:
  Non-class:     55.98 MB used.
      Class:      9.34 MB used.
       Both:     65.33 MB used.

Virtual space:
  Non-class space:       64.00 MB reserved,      56.94 MB ( 89%) committed,  1 nodes.
      Class space:        1.00 GB reserved,      10.19 MB ( <1%) committed,  1 nodes.
             Both:        1.06 GB reserved,      67.12 MB (  6%) committed. 

Chunk freelists:
   Non-Class:  6.52 MB
       Class:  5.84 MB
        Both:  12.36 MB

MaxMetaspaceSize: unlimited
CompressedClassSpaceSize: 1.00 GB
Initial GC threshold: 21.00 MB
Current GC threshold: 99.00 MB
CDS: off
 - commit_granule_bytes: 65536.
 - commit_granule_words: 8192.
 - virtual_space_node_default_size: 8388608.
 - enlarge_chunks_in_place: 1.
 - use_allocation_guard: 0.


Internal statistics:

num_allocs_failed_limit: 12.
num_arena_births: 3466.
num_arena_deaths: 0.
num_vsnodes_births: 2.
num_vsnodes_deaths: 0.
num_space_committed: 1074.
num_space_uncommitted: 0.
num_chunks_returned_to_freelist: 12.
num_chunks_taken_from_freelist: 6311.
num_chunk_merges: 9.
num_chunk_splits: 4086.
num_chunks_enlarged: 2485.
num_inconsistent_stats: 0.

CodeHeap 'non-profiled nmethods': size=119168Kb used=3766Kb max_used=3766Kb free=115401Kb
 bounds [0x0000016b47850000, 0x0000016b47c00000, 0x0000016b4ecb0000]
CodeHeap 'profiled nmethods': size=119104Kb used=12181Kb max_used=12181Kb free=106922Kb
 bounds [0x0000016b3fcb0000, 0x0000016b408a0000, 0x0000016b47100000]
CodeHeap 'non-nmethods': size=7488Kb used=1895Kb max_used=3608Kb free=5593Kb
 bounds [0x0000016b47100000, 0x0000016b47490000, 0x0000016b47850000]
CodeCache: size=245760Kb, used=17842Kb, max_used=19555Kb, free=227916Kb
 total_blobs=7039, nmethods=6254, adapters=689, full_count=0
Compilation: enabled, stopped_count=0, restarted_count=0

Compilation events (20 events):
Event: 11.795 Thread 0x0000016b54d61dd0 nmethod 6913 0x0000016b4087bb90 code [0x0000016b4087c0c0, 0x0000016b4087eb78]
Event: 11.795 Thread 0x0000016b54d61dd0 6919       3       org.gradle.internal.instantiation.generator.AsmBackedClassGenerator$ClassBuilderImpl$$Lambda/0x00000001002e9d48::<init> (50 bytes)
Event: 11.796 Thread 0x0000016b54d61dd0 nmethod 6919 0x0000016b4087fa10 code [0x0000016b4087fbc0, 0x0000016b4087ff70]
Event: 11.796 Thread 0x0000016b590eb520 nmethod 6916 0x0000016b47bfcf90 code [0x0000016b47bfd120, 0x0000016b47bfd258]
Event: 11.796 Thread 0x0000016b590eb520 6920       4       org.objectweb.asm.MethodWriter::computeAllFrames (510 bytes)
Event: 11.796 Thread 0x0000016b592db4f0 6921       3       org.objectweb.asm.Type::equals (147 bytes)
Event: 11.797 Thread 0x0000016b54d61dd0 6922       3       org.objectweb.asm.ClassWriter::toByteArray (1535 bytes)
Event: 11.798 Thread 0x0000016b592db4f0 nmethod 6921 0x0000016b40880090 code [0x0000016b40880340, 0x0000016b408812a8]
Event: 11.802 Thread 0x0000016b54d61dd0 nmethod 6922 0x0000016b40881810 code [0x0000016b40882180, 0x0000016b40885f90]
Event: 11.810 Thread 0x0000016b54d61dd0 6923       3       java.lang.invoke.InfoFromMemberName::getDeclaringClass (8 bytes)
Event: 11.811 Thread 0x0000016b54d61dd0 nmethod 6923 0x0000016b40887f90 code [0x0000016b40888120, 0x0000016b40888250]
Event: 11.835 Thread 0x0000016b54d61dd0 6924 % !   3       java.util.concurrent.ConcurrentHashMap::transfer @ 372 (849 bytes)
Event: 11.839 Thread 0x0000016b54d61dd0 nmethod 6924% 0x0000016b40888310 code [0x0000016b408887a0, 0x0000016b4088b310]
Event: 14.366 Thread 0x0000016b592db4f0 6925       3       java.util.HashMap::values (25 bytes)
Event: 14.366 Thread 0x0000016b590ed6a0 6926       3       javax.management.ObjectName::construct (1135 bytes)
Event: 14.366 Thread 0x0000016b592db4f0 nmethod 6925 0x0000016b4088cc10 code [0x0000016b4088cde0, 0x0000016b4088d148]
Event: 14.366 Thread 0x0000016b592db4f0 6927       3       java.util.Collections::eq (22 bytes)
Event: 14.366 Thread 0x0000016b54d61dd0 6928       3       java.util.Collections$SingletonSet::contains (9 bytes)
Event: 14.366 Thread 0x0000016b592db4f0 nmethod 6927 0x0000016b4088d290 code [0x0000016b4088d440, 0x0000016b4088d688]
Event: 14.366 Thread 0x0000016b54d61dd0 nmethod 6928 0x0000016b4088d790 code [0x0000016b4088d940, 0x0000016b4088dc10]

GC Heap History (20 events):
Event: 4.241 GC heap before
{Heap before GC invocations=6 (full 0):
 garbage-first heap   total 75776K, used 73978K [0x0000000080000000, 0x0000000100000000)
  region size 1024K, 53 young (54272K), 3 survivors (3072K)
 Metaspace       used 30065K, committed 30528K, reserved 1114112K
  class space    used 3744K, committed 3968K, reserved 1048576K
}
Event: 4.248 GC heap after
{Heap after GC invocations=7 (full 0):
 garbage-first heap   total 98304K, used 23892K [0x0000000080000000, 0x0000000100000000)
  region size 1024K, 6 young (6144K), 6 survivors (6144K)
 Metaspace       used 30065K, committed 30528K, reserved 1114112K
  class space    used 3744K, committed 3968K, reserved 1048576K
}
Event: 5.067 GC heap before
{Heap before GC invocations=7 (full 0):
 garbage-first heap   total 98304K, used 61780K [0x0000000080000000, 0x0000000100000000)
  region size 1024K, 44 young (45056K), 6 survivors (6144K)
 Metaspace       used 35342K, committed 35968K, reserved 1114112K
  class space    used 4616K, committed 4928K, reserved 1048576K
}
Event: 5.076 GC heap after
{Heap after GC invocations=8 (full 0):
 garbage-first heap   total 98304K, used 26319K [0x0000000080000000, 0x0000000100000000)
  region size 1024K, 6 young (6144K), 6 survivors (6144K)
 Metaspace       used 35342K, committed 35968K, reserved 1114112K
  class space    used 4616K, committed 4928K, reserved 1048576K
}
Event: 5.100 GC heap before
{Heap before GC invocations=8 (full 0):
 garbage-first heap   total 98304K, used 27343K [0x0000000080000000, 0x0000000100000000)
  region size 1024K, 8 young (8192K), 6 survivors (6144K)
 Metaspace       used 35568K, committed 36288K, reserved 1114112K
  class space    used 4653K, committed 4992K, reserved 1048576K
}
Event: 5.105 GC heap after
{Heap after GC invocations=9 (full 0):
 garbage-first heap   total 98304K, used 26755K [0x0000000080000000, 0x0000000100000000)
  region size 1024K, 3 young (3072K), 3 survivors (3072K)
 Metaspace       used 35568K, committed 36288K, reserved 1114112K
  class space    used 4653K, committed 4992K, reserved 1048576K
}
Event: 5.926 GC heap before
{Heap before GC invocations=10 (full 0):
 garbage-first heap   total 92160K, used 82051K [0x0000000080000000, 0x0000000100000000)
  region size 1024K, 57 young (58368K), 3 survivors (3072K)
 Metaspace       used 42515K, committed 43712K, reserved 1114112K
  class space    used 5893K, committed 6464K, reserved 1048576K
}
Event: 5.934 GC heap after
{Heap after GC invocations=11 (full 0):
 garbage-first heap   total 92160K, used 29427K [0x0000000080000000, 0x0000000100000000)
  region size 1024K, 6 young (6144K), 6 survivors (6144K)
 Metaspace       used 42515K, committed 43712K, reserved 1114112K
  class space    used 5893K, committed 6464K, reserved 1048576K
}
Event: 6.835 GC heap before
{Heap before GC invocations=11 (full 0):
 garbage-first heap   total 92160K, used 77555K [0x0000000080000000, 0x0000000100000000)
  region size 1024K, 54 young (55296K), 6 survivors (6144K)
 Metaspace       used 50224K, committed 51584K, reserved 1114112K
  class space    used 6945K, committed 7616K, reserved 1048576K
}
Event: 6.847 GC heap after
{Heap after GC invocations=12 (full 0):
 garbage-first heap   total 92160K, used 33983K [0x0000000080000000, 0x0000000100000000)
  region size 1024K, 7 young (7168K), 7 survivors (7168K)
 Metaspace       used 50224K, committed 51584K, reserved 1114112K
  class space    used 6945K, committed 7616K, reserved 1048576K
}
Event: 7.561 GC heap before
{Heap before GC invocations=12 (full 0):
 garbage-first heap   total 92160K, used 79039K [0x0000000080000000, 0x0000000100000000)
  region size 1024K, 51 young (52224K), 7 survivors (7168K)
 Metaspace       used 55193K, committed 56704K, reserved 1114112K
  class space    used 7794K, committed 8512K, reserved 1048576K
}
Event: 7.573 GC heap after
{Heap after GC invocations=13 (full 0):
 garbage-first heap   total 92160K, used 38447K [0x0000000080000000, 0x0000000100000000)
  region size 1024K, 4 young (4096K), 4 survivors (4096K)
 Metaspace       used 55193K, committed 56704K, reserved 1114112K
  class space    used 7794K, committed 8512K, reserved 1048576K
}
Event: 8.137 GC heap before
{Heap before GC invocations=13 (full 0):
 garbage-first heap   total 92160K, used 81455K [0x0000000080000000, 0x0000000100000000)
  region size 1024K, 45 young (46080K), 4 survivors (4096K)
 Metaspace       used 56790K, committed 58496K, reserved 1114112K
  class space    used 8010K, committed 8832K, reserved 1048576K
}
Event: 8.144 GC heap after
{Heap after GC invocations=14 (full 0):
 garbage-first heap   total 92160K, used 44473K [0x0000000080000000, 0x0000000100000000)
  region size 1024K, 5 young (5120K), 5 survivors (5120K)
 Metaspace       used 56790K, committed 58496K, reserved 1114112K
  class space    used 8010K, committed 8832K, reserved 1048576K
}
Event: 8.476 GC heap before
{Heap before GC invocations=14 (full 0):
 garbage-first heap   total 92160K, used 80313K [0x0000000080000000, 0x0000000100000000)
  region size 1024K, 40 young (40960K), 5 survivors (5120K)
 Metaspace       used 58728K, committed 60480K, reserved 1114112K
  class space    used 8323K, committed 9152K, reserved 1048576K
}
Event: 8.482 GC heap after
{Heap after GC invocations=15 (full 0):
 garbage-first heap   total 110592K, used 45851K [0x0000000080000000, 0x0000000100000000)
  region size 1024K, 2 young (2048K), 2 survivors (2048K)
 Metaspace       used 58728K, committed 60480K, reserved 1114112K
  class space    used 8323K, committed 9152K, reserved 1048576K
}
Event: 8.503 GC heap before
{Heap before GC invocations=15 (full 0):
 garbage-first heap   total 110592K, used 46875K [0x0000000080000000, 0x0000000100000000)
  region size 1024K, 4 young (4096K), 2 survivors (2048K)
 Metaspace       used 58931K, committed 60608K, reserved 1114112K
  class space    used 8361K, committed 9152K, reserved 1048576K
}
Event: 8.506 GC heap after
{Heap after GC invocations=16 (full 0):
 garbage-first heap   total 110592K, used 45755K [0x0000000080000000, 0x0000000100000000)
  region size 1024K, 2 young (2048K), 2 survivors (2048K)
 Metaspace       used 58931K, committed 60608K, reserved 1114112K
  class space    used 8361K, committed 9152K, reserved 1048576K
}
Event: 11.636 GC heap before
{Heap before GC invocations=17 (full 0):
 garbage-first heap   total 110592K, used 99003K [0x0000000080000000, 0x0000000100000000)
  region size 1024K, 54 young (55296K), 2 survivors (2048K)
 Metaspace       used 65735K, committed 67456K, reserved 1114112K
  class space    used 9369K, committed 10176K, reserved 1048576K
}
Event: 11.643 GC heap after
{Heap after GC invocations=18 (full 0):
 garbage-first heap   total 110592K, used 48502K [0x0000000080000000, 0x0000000100000000)
  region size 1024K, 4 young (4096K), 4 survivors (4096K)
 Metaspace       used 65735K, committed 67456K, reserved 1114112K
  class space    used 9369K, committed 10176K, reserved 1048576K
}

Dll operation events (3 events):
Event: 0.009 Loaded shared library C:\Program Files\Android\Android Studio1\jbr\bin\java.dll
Event: 0.014 Loaded shared library C:\Program Files\Android\Android Studio1\jbr\bin\zip.dll
Event: 0.931 Loaded shared library C:\Program Files\Android\Android Studio1\jbr\bin\verify.dll

Deoptimization events (20 events):
Event: 11.453 Thread 0x0000016b5b9e0280 DEOPT PACKING pc=0x0000016b47be5bb8 sp=0x0000003346cfaee0
Event: 11.453 Thread 0x0000016b5b9e0280 DEOPT UNPACKING pc=0x0000016b471543a2 sp=0x0000003346cfadf8 mode 2
Event: 11.632 Thread 0x0000016b5b9e0280 Uncommon trap: trap_request=0xffffff45 fr.pc=0x0000016b47bdd210 relative=0x0000000000001af0
Event: 11.632 Thread 0x0000016b5b9e0280 Uncommon trap: reason=unstable_if action=reinterpret pc=0x0000016b47bdd210 method=java.util.HashMap.getNode(Ljava/lang/Object;)Ljava/util/HashMap$Node; @ 85 c2
Event: 11.632 Thread 0x0000016b5b9e0280 DEOPT PACKING pc=0x0000016b47bdd210 sp=0x0000003346cf8e00
Event: 11.632 Thread 0x0000016b5b9e0280 DEOPT UNPACKING pc=0x0000016b471543a2 sp=0x0000003346cf8ce8 mode 2
Event: 11.632 Thread 0x0000016b5b9e0280 Uncommon trap: trap_request=0xffffff45 fr.pc=0x0000016b478a9820 relative=0x0000000000000980
Event: 11.632 Thread 0x0000016b5b9e0280 Uncommon trap: reason=unstable_if action=reinterpret pc=0x0000016b478a9820 method=java.util.HashMap.resize()[Ljava/util/HashMap$Node; @ 203 c2
Event: 11.632 Thread 0x0000016b5b9e0280 DEOPT PACKING pc=0x0000016b478a9820 sp=0x0000003346cf8c40
Event: 11.632 Thread 0x0000016b5b9e0280 DEOPT UNPACKING pc=0x0000016b471543a2 sp=0x0000003346cf8bd0 mode 2
Event: 11.632 Thread 0x0000016b5b9e0280 Uncommon trap: trap_request=0xffffff45 fr.pc=0x0000016b478e26d0 relative=0x0000000000000290
Event: 11.632 Thread 0x0000016b5b9e0280 Uncommon trap: reason=unstable_if action=reinterpret pc=0x0000016b478e26d0 method=java.util.HashMap.getNode(Ljava/lang/Object;)Ljava/util/HashMap$Node; @ 85 c2
Event: 11.632 Thread 0x0000016b5b9e0280 DEOPT PACKING pc=0x0000016b478e26d0 sp=0x0000003346cf8dd0
Event: 11.632 Thread 0x0000016b5b9e0280 DEOPT UNPACKING pc=0x0000016b471543a2 sp=0x0000003346cf8ce0 mode 2
Event: 11.632 Thread 0x0000016b5b9e0280 Uncommon trap: trap_request=0xffffff45 fr.pc=0x0000016b478cea78 relative=0x0000000000000238
Event: 11.632 Thread 0x0000016b5b9e0280 Uncommon trap: reason=unstable_if action=reinterpret pc=0x0000016b478cea78 method=java.util.HashMap.getNode(Ljava/lang/Object;)Ljava/util/HashMap$Node; @ 85 c2
Event: 11.632 Thread 0x0000016b5b9e0280 DEOPT PACKING pc=0x0000016b478cea78 sp=0x0000003346cf8d60
Event: 11.632 Thread 0x0000016b5b9e0280 DEOPT UNPACKING pc=0x0000016b471543a2 sp=0x0000003346cf8ce0 mode 2
Event: 11.835 Thread 0x0000016b5b9e0280 DEOPT PACKING pc=0x0000016b4066bb01 sp=0x0000003346cf96c0
Event: 11.835 Thread 0x0000016b5b9e0280 DEOPT UNPACKING pc=0x0000016b47154b42 sp=0x0000003346cf8bd0 mode 0

Classes loaded (20 events):
Event: 10.211 Loading class sun/nio/fs/AbstractAclFileAttributeView done
Event: 10.211 Loading class sun/nio/fs/WindowsAclFileAttributeView done
Event: 10.211 Loading class sun/nio/fs/WindowsSecurity
Event: 10.211 Loading class sun/nio/fs/WindowsSecurity done
Event: 10.211 Loading class sun/nio/fs/WindowsFileStore
Event: 10.212 Loading class java/nio/file/FileStore
Event: 10.212 Loading class java/nio/file/FileStore done
Event: 10.212 Loading class sun/nio/fs/WindowsFileStore done
Event: 11.318 Loading class java/nio/channels/Channels$ReadableByteChannelImpl
Event: 11.319 Loading class java/nio/channels/Channels$ReadableByteChannelImpl done
Event: 11.339 Loading class java/util/EmptyStackException
Event: 11.339 Loading class java/util/EmptyStackException done
Event: 11.347 Loading class java/io/InvalidClassException
Event: 11.347 Loading class java/io/InvalidClassException done
Event: 11.486 Loading class java/util/Comparators$NaturalOrderComparator
Event: 11.486 Loading class java/util/Comparators$NaturalOrderComparator done
Event: 12.825 Loading class java/util/concurrent/LinkedBlockingDeque$Itr
Event: 12.857 Loading class java/util/concurrent/LinkedBlockingDeque$AbstractItr
Event: 12.857 Loading class java/util/concurrent/LinkedBlockingDeque$AbstractItr done
Event: 12.857 Loading class java/util/concurrent/LinkedBlockingDeque$Itr done

Classes unloaded (0 events):
No events

Classes redefined (0 events):
No events

Internal exceptions (20 events):
Event: 8.633 Thread 0x0000016b5b9e0280 Exception <a 'sun/nio/fs/WindowsException'{0x000000008661e748}> (0x000000008661e748) 
thrown [s\src\hotspot\share\prims\jni.cpp, line 537]
Event: 8.643 Thread 0x0000016b5b9e0280 Exception <a 'sun/nio/fs/WindowsException'{0x00000000866547a0}> (0x00000000866547a0) 
thrown [s\src\hotspot\share\prims\jni.cpp, line 537]
Event: 8.655 Thread 0x0000016b5b9e0280 Exception <a 'sun/nio/fs/WindowsException'{0x000000008668aee8}> (0x000000008668aee8) 
thrown [s\src\hotspot\share\prims\jni.cpp, line 537]
Event: 8.666 Thread 0x0000016b5b9e0280 Exception <a 'sun/nio/fs/WindowsException'{0x00000000866ec820}> (0x00000000866ec820) 
thrown [s\src\hotspot\share\prims\jni.cpp, line 537]
Event: 8.682 Thread 0x0000016b5b9e0280 Exception <a 'sun/nio/fs/WindowsException'{0x00000000865291f0}> (0x00000000865291f0) 
thrown [s\src\hotspot\share\prims\jni.cpp, line 537]
Event: 8.697 Thread 0x0000016b5b9e0280 Exception <a 'sun/nio/fs/WindowsException'{0x00000000865631d8}> (0x00000000865631d8) 
thrown [s\src\hotspot\share\prims\jni.cpp, line 537]
Event: 10.158 Thread 0x0000016b5b9e0280 Exception <a 'sun/nio/fs/WindowsException'{0x000000008483cbd0}> (0x000000008483cbd0) 
thrown [s\src\hotspot\share\prims\jni.cpp, line 537]
Event: 10.171 Thread 0x0000016b5b9e0280 Exception <a 'sun/nio/fs/WindowsException'{0x00000000848e1fb0}> (0x00000000848e1fb0) 
thrown [s\src\hotspot\share\prims\jni.cpp, line 537]
Event: 10.182 Thread 0x0000016b5b9e0280 Exception <a 'sun/nio/fs/WindowsException'{0x00000000848faae0}> (0x00000000848faae0) 
thrown [s\src\hotspot\share\prims\jni.cpp, line 537]
Event: 11.302 Thread 0x0000016b5b9e0280 Exception <a 'sun/nio/fs/WindowsException'{0x00000000844e9598}> (0x00000000844e9598) 
thrown [s\src\hotspot\share\prims\jni.cpp, line 537]
Event: 11.302 Thread 0x0000016b5b9e0280 Exception <a 'sun/nio/fs/WindowsException'{0x00000000844eac60}> (0x00000000844eac60) 
thrown [s\src\hotspot\share\prims\jni.cpp, line 537]
Event: 11.303 Thread 0x0000016b5b9e0280 Exception <a 'sun/nio/fs/WindowsException'{0x00000000844f32f0}> (0x00000000844f32f0) 
thrown [s\src\hotspot\share\prims\jni.cpp, line 537]
Event: 11.479 Thread 0x0000016b5b9e0280 Exception <a 'java/lang/NoSuchMethodError'{0x0000000083c6bb70}: 'void java.lang.invoke.DirectMethodHandle$Holder.invokeStatic(java.lang.Object, java.lang.Object, java.lang.Object, java.lang.Object, java.lang.Object, java.lang.Object, java.lang.Object)'> (0x0000000083c6bb70) 
thrown [s\src\hotspot\share\interpreter\linkResolver.cpp, line 784]
Event: 11.492 Thread 0x0000016b5b9e0280 Exception <a 'sun/nio/fs/WindowsException'{0x0000000083cdda00}> (0x0000000083cdda00) 
thrown [s\src\hotspot\share\prims\jni.cpp, line 537]
Event: 11.520 Thread 0x0000016b5b9e0280 Exception <a 'sun/nio/fs/WindowsException'{0x0000000083b90f38}> (0x0000000083b90f38) 
thrown [s\src\hotspot\share\prims\jni.cpp, line 537]
Event: 11.673 Thread 0x0000016b5b9e0280 Exception <a 'java/lang/NoSuchMethodError'{0x0000000086a181e0}: 'java.lang.Object java.lang.invoke.Invokers$Holder.invoker(java.lang.Object, java.lang.Object, java.lang.Object, java.lang.Object, java.lang.Object)'> (0x0000000086a181e0) 
thrown [s\src\hotspot\share\interpreter\linkResolver.cpp, line 784]
Event: 11.785 Thread 0x0000016b5b9e0280 Exception <a 'sun/nio/fs/WindowsException'{0x00000000866b8008}> (0x00000000866b8008) 
thrown [s\src\hotspot\share\prims\jni.cpp, line 537]
Event: 11.812 Thread 0x0000016b5b9e0280 Exception <a 'sun/nio/fs/WindowsException'{0x000000008644a6a8}> (0x000000008644a6a8) 
thrown [s\src\hotspot\share\prims\jni.cpp, line 537]
Event: 12.861 Thread 0x0000016b590e8400 Exception <a 'sun/nio/fs/WindowsException'{0x00000000863ae610}> (0x00000000863ae610) 
thrown [s\src\hotspot\share\prims\jni.cpp, line 537]
Event: 12.866 Thread 0x0000016b590e8400 Exception <a 'sun/nio/fs/WindowsException'{0x0000000086232560}> (0x0000000086232560) 
thrown [s\src\hotspot\share\prims\jni.cpp, line 537]

ZGC Phase Switch (0 events):
No events

VM Operations (20 events):
Event: 8.476 Executing VM operation: G1CollectForAllocation (G1 Evacuation Pause)
Event: 8.482 Executing VM operation: G1CollectForAllocation (G1 Evacuation Pause) done
Event: 8.503 Executing VM operation: CollectForMetadataAllocation (Metadata GC Threshold)
Event: 8.506 Executing VM operation: CollectForMetadataAllocation (Metadata GC Threshold) done
Event: 8.526 Executing VM operation: G1PauseRemark
Event: 8.529 Executing VM operation: G1PauseRemark done
Event: 8.532 Executing VM operation: HandshakeAllThreads (Deoptimize)
Event: 8.532 Executing VM operation: HandshakeAllThreads (Deoptimize) done
Event: 8.539 Executing VM operation: G1PauseCleanup
Event: 8.539 Executing VM operation: G1PauseCleanup done
Event: 9.548 Executing VM operation: Cleanup
Event: 10.016 Executing VM operation: Cleanup done
Event: 11.030 Executing VM operation: Cleanup
Event: 11.250 Executing VM operation: Cleanup done
Event: 11.636 Executing VM operation: G1CollectForAllocation (G1 Evacuation Pause)
Event: 11.643 Executing VM operation: G1CollectForAllocation (G1 Evacuation Pause) done
Event: 12.653 Executing VM operation: Cleanup
Event: 12.653 Executing VM operation: Cleanup done
Event: 13.667 Executing VM operation: Cleanup
Event: 13.667 Executing VM operation: Cleanup done

Memory protections (0 events):
No events

Nmethod flushes (20 events):
Event: 8.528 Thread 0x0000016b54dcdf70 flushing  nmethod 0x0000016b3fec1e10
Event: 8.528 Thread 0x0000016b54dcdf70 flushing  nmethod 0x0000016b3fec2690
Event: 8.528 Thread 0x0000016b54dcdf70 flushing  nmethod 0x0000016b3fec3990
Event: 8.528 Thread 0x0000016b54dcdf70 flushing  nmethod 0x0000016b3fec8110
Event: 8.528 Thread 0x0000016b54dcdf70 flushing  nmethod 0x0000016b3ff03c10
Event: 8.528 Thread 0x0000016b54dcdf70 flushing  nmethod 0x0000016b3ff07210
Event: 8.528 Thread 0x0000016b54dcdf70 flushing  nmethod 0x0000016b3ff09490
Event: 8.528 Thread 0x0000016b54dcdf70 flushing  nmethod 0x0000016b4007e790
Event: 8.528 Thread 0x0000016b54dcdf70 flushing  nmethod 0x0000016b4011f710
Event: 8.528 Thread 0x0000016b54dcdf70 flushing  nmethod 0x0000016b401a6190
Event: 8.528 Thread 0x0000016b54dcdf70 flushing  nmethod 0x0000016b401a6510
Event: 8.528 Thread 0x0000016b54dcdf70 flushing  nmethod 0x0000016b401aa090
Event: 8.528 Thread 0x0000016b54dcdf70 flushing  nmethod 0x0000016b401b3010
Event: 8.528 Thread 0x0000016b54dcdf70 flushing  nmethod 0x0000016b401b4510
Event: 8.528 Thread 0x0000016b54dcdf70 flushing  nmethod 0x0000016b478e3210
Event: 8.528 Thread 0x0000016b54dcdf70 flushing  nmethod 0x0000016b47a1a890
Event: 8.528 Thread 0x0000016b54dcdf70 flushing  nmethod 0x0000016b3fe9ad10
Event: 8.528 Thread 0x0000016b54dcdf70 flushing  nmethod 0x0000016b3ff32a10
Event: 8.528 Thread 0x0000016b54dcdf70 flushing  nmethod 0x0000016b40045d10
Event: 8.528 Thread 0x0000016b54dcdf70 flushing  nmethod 0x0000016b402a7410

Events (20 events):
Event: 7.846 Thread 0x0000016b5b9e0280 Thread added: 0x0000016b599d3e70
Event: 7.893 Thread 0x0000016b5b9e0280 Thread added: 0x0000016b599d5220
Event: 7.893 Thread 0x0000016b5b9e0280 Thread added: 0x0000016b599d58b0
Event: 7.894 Thread 0x0000016b5b9e0280 Thread added: 0x0000016b599d5f40
Event: 7.894 Thread 0x0000016b5b9e0280 Thread added: 0x0000016b599d6c60
Event: 7.895 Thread 0x0000016b5b9e0280 Thread added: 0x0000016b599d72f0
Event: 7.896 Thread 0x0000016b5b9e0280 Thread added: 0x0000016b599d4b90
Event: 7.897 Thread 0x0000016b5b9e0280 Thread added: 0x0000016b599d65d0
Event: 7.898 Thread 0x0000016b5b9e0280 Thread added: 0x0000016b599d7980
Event: 7.898 Thread 0x0000016b5b9e0280 Thread added: 0x0000016b599d4500
Event: 7.899 Thread 0x0000016b5b9e0280 Thread added: 0x0000016b599d8d30
Event: 7.917 Thread 0x0000016b5b9e0280 Thread added: 0x0000016b599d9a50
Event: 7.949 Thread 0x0000016b5b9e0280 Thread added: 0x0000016b599d86a0
Event: 7.964 Thread 0x0000016b5b9e0280 Thread added: 0x0000016b599da0e0
Event: 8.576 Thread 0x0000016b5b9e0280 Thread added: 0x0000016b599da770
Event: 8.606 Thread 0x0000016b5b9e0280 Thread added: 0x0000016b599db490
Event: 8.629 Thread 0x0000016b5b9e0280 Thread added: 0x0000016b599dae00
Event: 9.361 Thread 0x0000016b5b754f80 Thread exited: 0x0000016b5b754f80
Event: 10.031 Thread 0x0000016b59f21cc0 Thread exited: 0x0000016b59f21cc0
Event: 11.532 Thread 0x0000016b54d61dd0 Thread added: 0x0000016b5a7f0490


Dynamic libraries:
0x00007ff79e6b0000 - 0x00007ff79e6ba000 	C:\Program Files\Android\Android Studio1\jbr\bin\java.exe
0x00007ff80b220000 - 0x00007ff80b487000 	C:\WINDOWS\SYSTEM32\ntdll.dll
0x00007ff808fa0000 - 0x00007ff809069000 	C:\WINDOWS\System32\KERNEL32.DLL
0x00007ff808ba0000 - 0x00007ff808f97000 	C:\WINDOWS\System32\KERNELBASE.dll
0x00007ff807dc0000 - 0x00007ff807f0b000 	C:\WINDOWS\System32\ucrtbase.dll
0x00007fffffdd0000 - 0x00007fffffdeb000 	C:\Program Files\Android\Android Studio1\jbr\bin\VCRUNTIME140.dll
0x00007fff84940000 - 0x00007fff84958000 	C:\Program Files\Android\Android Studio1\jbr\bin\jli.dll
0x00007ff80b000000 - 0x00007ff80b1c6000 	C:\WINDOWS\System32\USER32.dll
0x00007ffff3a80000 - 0x00007ffff3d12000 	C:\WINDOWS\WinSxS\amd64_microsoft.windows.common-controls_6595b64144ccf1df_6.0.26100.8328_none_3e08182ce334b678\COMCTL32.dll
0x00007ff807d00000 - 0x00007ff807d27000 	C:\WINDOWS\System32\win32u.dll
0x00007ff80a6c0000 - 0x00007ff80a769000 	C:\WINDOWS\System32\msvcrt.dll
0x00007ff80af00000 - 0x00007ff80af2b000 	C:\WINDOWS\System32\GDI32.dll
0x00007ff808a70000 - 0x00007ff808b9c000 	C:\WINDOWS\System32\gdi32full.dll
0x00007ff8089c0000 - 0x00007ff808a63000 	C:\WINDOWS\System32\msvcp_win.dll
0x00007ff80af30000 - 0x00007ff80af62000 	C:\WINDOWS\System32\IMM32.DLL
0x00007ff805560000 - 0x00007ff80556c000 	C:\Program Files\Android\Android Studio1\jbr\bin\vcruntime140_1.dll
0x00007fffba480000 - 0x00007fffba50d000 	C:\Program Files\Android\Android Studio1\jbr\bin\msvcp140.dll
0x00007fff7e600000 - 0x00007fff7f296000 	C:\Program Files\Android\Android Studio1\jbr\bin\server\jvm.dll
0x00007ff80a600000 - 0x00007ff80a6b6000 	C:\WINDOWS\System32\ADVAPI32.dll
0x00007ff80a9c0000 - 0x00007ff80aa67000 	C:\WINDOWS\System32\sechost.dll
0x00007ff809c10000 - 0x00007ff809d28000 	C:\WINDOWS\System32\RPCRT4.dll
0x00007ff80af70000 - 0x00007ff80aff0000 	C:\WINDOWS\System32\WS2_32.dll
0x00007ffffff60000 - 0x00007ffffff96000 	C:\WINDOWS\SYSTEM32\WINMM.dll
0x00007ff807900000 - 0x00007ff80795e000 	C:\WINDOWS\SYSTEM32\POWRPROF.dll
0x00007ff800010000 - 0x00007ff80001b000 	C:\WINDOWS\SYSTEM32\VERSION.dll
0x00007ff8078e0000 - 0x00007ff8078f4000 	C:\WINDOWS\SYSTEM32\UMPDC.dll
0x00007ff8069e0000 - 0x00007ff8069fb000 	C:\WINDOWS\SYSTEM32\kernel.appcore.dll
0x00007fffffdc0000 - 0x00007fffffdca000 	C:\Program Files\Android\Android Studio1\jbr\bin\jimage.dll
0x00007ffffa040000 - 0x00007ffffa282000 	C:\WINDOWS\SYSTEM32\DBGHELP.DLL
0x00007ff80aac0000 - 0x00007ff80ae43000 	C:\WINDOWS\System32\combase.dll
0x00007ff80a770000 - 0x00007ff80a849000 	C:\WINDOWS\System32\OLEAUT32.dll
0x00007fffecc20000 - 0x00007fffecc5b000 	C:\WINDOWS\SYSTEM32\dbgcore.DLL
0x00007ff807c50000 - 0x00007ff807cf8000 	C:\WINDOWS\System32\bcryptPrimitives.dll
0x00007ff8055b0000 - 0x00007ff8055be000 	C:\Program Files\Android\Android Studio1\jbr\bin\instrument.dll
0x00007ffffcfc0000 - 0x00007ffffcfe0000 	C:\Program Files\Android\Android Studio1\jbr\bin\java.dll
0x00007ffff37c0000 - 0x00007ffff37d8000 	C:\Program Files\Android\Android Studio1\jbr\bin\zip.dll
0x00007ff8092e0000 - 0x00007ff809a4e000 	C:\WINDOWS\System32\SHELL32.dll
0x00007ff807fd0000 - 0x00007ff80883c000 	C:\WINDOWS\System32\windows.storage.dll
0x00007ff80a850000 - 0x00007ff80a946000 	C:\WINDOWS\System32\SHCORE.dll
0x00007ff80a950000 - 0x00007ff80a9b6000 	C:\WINDOWS\System32\shlwapi.dll
0x00007ff807b70000 - 0x00007ff807b99000 	C:\WINDOWS\SYSTEM32\profapi.dll
0x00007ffff55a0000 - 0x00007ffff55b0000 	C:\Program Files\Android\Android Studio1\jbr\bin\net.dll
0x00007ff801920000 - 0x00007ff801a49000 	C:\WINDOWS\SYSTEM32\WINHTTP.dll
0x00007ff806f50000 - 0x00007ff806fbc000 	C:\WINDOWS\system32\mswsock.dll
0x00007fffe3e40000 - 0x00007fffe3e56000 	C:\Program Files\Android\Android Studio1\jbr\bin\nio.dll
0x00007fffde530000 - 0x00007fffde540000 	C:\Program Files\Android\Android Studio1\jbr\bin\verify.dll
0x00007fffa09e0000 - 0x00007fffa0a07000 	C:\Users\dasun\.gradle\native\660c5614fbf4a5f2a75b1949f50a0caf5cd603558e7d8a26e50b933a0cfb79d1\windows-amd64\native-platform.dll
0x00007fffe0560000 - 0x00007fffe05d7000 	C:\Users\dasun\.gradle\native\0.2.8\x86_64-windows-gnu\gradle-fileevents.dll
0x00007ffff2ac0000 - 0x00007ffff2ac9000 	C:\Program Files\Android\Android Studio1\jbr\bin\management.dll
0x00007fffe3e90000 - 0x00007fffe3e9b000 	C:\Program Files\Android\Android Studio1\jbr\bin\management_ext.dll
0x00007ff809a70000 - 0x00007ff809a78000 	C:\WINDOWS\System32\PSAPI.DLL
0x00007ff806420000 - 0x00007ff806452000 	C:\WINDOWS\SYSTEM32\IPHLPAPI.DLL
0x00007ff809070000 - 0x00007ff80907a000 	C:\WINDOWS\System32\NSI.dll
0x00007ffff37b0000 - 0x00007ffff37b9000 	C:\Program Files\Android\Android Studio1\jbr\bin\extnet.dll
0x00007ff807240000 - 0x00007ff80725b000 	C:\WINDOWS\SYSTEM32\CRYPTSP.dll
0x00007ff806940000 - 0x00007ff806979000 	C:\WINDOWS\system32\rsaenh.dll
0x00007ff807000000 - 0x00007ff807033000 	C:\WINDOWS\SYSTEM32\USERENV.dll
0x00007ff807b40000 - 0x00007ff807b6a000 	C:\WINDOWS\SYSTEM32\bcrypt.dll
0x00007ff807230000 - 0x00007ff80723c000 	C:\WINDOWS\SYSTEM32\CRYPTBASE.dll
0x00007fffc3d30000 - 0x00007fffc3d38000 	C:\WINDOWS\system32\wshunix.dll

JVMTI agents:
C:\Users\dasun\.gradle\wrapper\dists\gradle-9.3.1-bin\23ovyewtku6u96viwx3xl3oks\gradle-9.3.1\lib\agents\gradle-instrumentation-agent-9.3.1.jar path:C:\Program Files\Android\Android Studio1\jbr\bin\instrument.dll, loaded, initialized, instrumentlib options:none

dbghelp: loaded successfully - version: 4.0.5 - missing functions: none
symbol engine: initialized successfully - sym options: 0x614 - pdb path: .;C:\Program Files\Android\Android Studio1\jbr\bin;C:\WINDOWS\SYSTEM32;C:\WINDOWS\WinSxS\amd64_microsoft.windows.common-controls_6595b64144ccf1df_6.0.26100.8328_none_3e08182ce334b678;C:\Program Files\Android\Android Studio1\jbr\bin\server;C:\Users\dasun\.gradle\native\660c5614fbf4a5f2a75b1949f50a0caf5cd603558e7d8a26e50b933a0cfb79d1\windows-amd64;C:\Users\dasun\.gradle\native\0.2.8\x86_64-windows-gnu

VM Arguments:
jvm_args: --add-opens=java.base/java.lang=ALL-UNNAMED --add-opens=java.base/java.lang.invoke=ALL-UNNAMED --add-opens=java.base/java.util=ALL-UNNAMED --add-opens=java.prefs/java.util.prefs=ALL-UNNAMED --add-exports=jdk.compiler/com.sun.tools.javac.api=ALL-UNNAMED --add-exports=jdk.compiler/com.sun.tools.javac.util=ALL-UNNAMED --add-opens=java.base/java.util=ALL-UNNAMED --add-opens=java.prefs/java.util.prefs=ALL-UNNAMED --add-opens=java.base/java.nio.charset=ALL-UNNAMED --add-opens=java.base/java.net=ALL-UNNAMED --add-opens=java.base/java.util.concurrent=ALL-UNNAMED --add-opens=java.base/java.util.concurrent.atomic=ALL-UNNAMED --add-opens=java.xml/javax.xml.namespace=ALL-UNNAMED --add-opens=java.base/java.time=ALL-UNNAMED -Xmx2048m -Dfile.encoding=UTF-8 -Duser.country=GB -Duser.language=en -Duser.variant -javaagent:C:\Users\dasun\.gradle\wrapper\dists\gradle-9.3.1-bin\23ovyewtku6u96viwx3xl3oks\gradle-9.3.1\lib\agents\gradle-instrumentation-agent-9.3.1.jar 
java_command: org.gradle.launcher.daemon.bootstrap.GradleDaemon 9.3.1
java_class_path (initial): C:\Users\dasun\.gradle\wrapper\dists\gradle-9.3.1-bin\23ovyewtku6u96viwx3xl3oks\gradle-9.3.1\lib\gradle-daemon-main-9.3.1.jar
Launcher Type: SUN_STANDARD

[Global flags]
     intx CICompilerCount                          = 12                                        {product} {ergonomic}
     uint ConcGCThreads                            = 3                                         {product} {ergonomic}
     uint G1ConcRefinementThreads                  = 13                                        {product} {ergonomic}
   size_t G1HeapRegionSize                         = 1048576                                   {product} {ergonomic}
    uintx GCDrainStackTargetSize                   = 64                                        {product} {ergonomic}
   size_t InitialHeapSize                          = 123731968                                 {product} {ergonomic}
   size_t MarkStackSize                            = 4194304                                   {product} {ergonomic}
   size_t MaxHeapSize                              = 2147483648                                {product} {command line}
   size_t MaxNewSize                               = 1287651328                                {product} {ergonomic}
   size_t MinHeapDeltaBytes                        = 1048576                                   {product} {ergonomic}
   size_t MinHeapSize                              = 8388608                                   {product} {ergonomic}
    uintx NonNMethodCodeHeapSize                   = 7602480                                {pd product} {ergonomic}
    uintx NonProfiledCodeHeapSize                  = 122027880                              {pd product} {ergonomic}
    uintx ProfiledCodeHeapSize                     = 122027880                              {pd product} {ergonomic}
    uintx ReservedCodeCacheSize                    = 251658240                              {pd product} {ergonomic}
     bool SegmentedCodeCache                       = true                                      {product} {ergonomic}
   size_t SoftMaxHeapSize                          = 2147483648                             {manageable} {ergonomic}
     bool UseCompressedOops                        = true                           {product lp64_product} {ergonomic}
     bool UseG1GC                                  = true                                      {product} {ergonomic}
     bool UseLargePagesIndividualAllocation        = false                                  {pd product} {ergonomic}

Logging:
Log output configuration:
 #0: stdout all=warning uptime,level,tags foldmultilines=false
 #1: stderr all=off uptime,level,tags foldmultilines=false

Release file:
JAVA_VERSION="21.0.9" 
MODULES="java.base java.compiler java.datatransfer java.xml java.prefs java.desktop java.instrument java.logging java.management java.security.sasl java.naming java.rmi java.management.rmi java.net.http java.scripting java.security.jgss java.transaction.xa java.sql java.sql.rowset java.xml.crypto java.se java.smartcardio jdk.accessibility jdk.internal.jvmstat jdk.attach jdk.charsets jdk.internal.opt jdk.zipfs jdk.compiler jdk.crypto.ec jdk.crypto.cryptoki jdk.dynalink jdk.hotspot.agent jdk.httpserver jdk.internal.ed jdk.internal.le jdk.internal.vm.ci jdk.jartool jdk.javadoc jdk.jcmd jdk.jdeps jdk.jdwp.agent jdk.jdi jdk.jfr jdk.jlink jdk.jsobject jdk.localedata jdk.management jdk.management.agent jdk.management.jfr jdk.naming.dns jdk.naming.rmi jdk.net jdk.sctp jdk.security.auth jdk.security.jgss jdk.unsupported jdk.unsupported.desktop jdk.xml.dom" 
IMPLEMENTOR="JetBrains s.r.o." 
JAVA_RUNTIME_VERSION="21.0.9+-14787801-b1163.94" 
LIBC="default" 
OS_ARCH="x86_64" 
OS_NAME="Windows" 
SOURCE=".:git:0c757ddc9f2f" 

Environment Variables:
PATH=C:\Program Files\Common Files\Oracle\Java\javapath;C:\Program Files (x86)\NVIDIA Corporation\PhysX\Common;C:\Program Files\OpenLogic\jdk-11.0.23.9-hotspot\bin;C:\WINDOWS\system32;C:\WINDOWS;C:\WINDOWS\System32\Wbem;C:\WINDOWS\System32\WindowsPowerShell\v1.0\;C:\WINDOWS\System32\OpenSSH\;C:\Program Files\Git\cmd;D:\dev\flutter\bin;C:\Program Files (x86)\Windows Kits\10\Windows Performance Toolkit\;C:\Program Files\Microsoft SQL Server\150\Tools\Binn\;C:\Program Files\Microsoft SQL Server\Client SDK\ODBC\170\Tools\Binn\;C:\Program Files\dotnet\;C:\Program Files (x86)\Microsoft SQL Server\160\Tools\Binn\;C:\Program Files\Microsoft SQL Server\160\Tools\Binn\;C:\Program Files\Microsoft SQL Server\160\DTS\Binn\;C:\Program Files (x86)\Microsoft SQL Server\160\DTS\Binn\;c:\Users\dasun\AppData\Local\Programs\cursor\resources\app\bin;C:\WINDOWS\system32;C:\WINDOWS;C:\WINDOWS\System32\Wbem;C:\WINDOWS\System32\WindowsPowerShell\v1.0\;C:\WINDOWS\System32\OpenSSH\;C:\Users\dasun\AppData\Local\nvm;C:\nvm4w\nodejs;C:\Program Files\Docker\Docker\resources\bin;C:\Program Files\GitHub CLI\;C:\Users\dasun\AppData\Local\Programs\Python\Python313\Scripts\;C:\Users\dasun\AppData\Local\Programs\Python\Python313\;C:\Users\dasun\AppData\Local\Programs\Python\Launcher\;C:\Users\dasun\AppData\Local\Microsoft\WindowsApps;C:\Users\dasun\AppData\Roaming\npm;C:\Program Files\OpenLogic\jdk-11.0.23.9-hotspot\bin;D:\dev\flutter\bin;C:\Users\dasun\.dotnet\tools;C:\Users\dasun\AppData\Local\Microsoft\WinGet\Packages\Schniz.fnm_Microsoft.Winget.Source_8wekyb3d8bbwe;C:\Users\dasun\AppData\Local\Programs\Microsoft VS Code\bin;C:\Users\dasun\AppData\Local\GitHubDesktop\bin;C:\Users\dasun\AppData\Local\Programs\Antigravity\bin;C:\Users\dasun\AppData\Local\nvm;C:\nvm4w\nodejs
USERNAME=dasun
OS=Windows_NT
PROCESSOR_IDENTIFIER=AMD64 Family 23 Model 104 Stepping 1, AuthenticAMD
TMP=C:\Users\dasun\AppData\Local\Temp
TEMP=C:\Users\dasun\AppData\Local\Temp




Periodic native trim disabled

JNI global refs:
JNI global refs: 34, weak refs: 0

JNI global refs memory usage: 835, weak refs: 201

Process memory usage:
Resident Set Size: 285216K (3% of 7694920K total physical memory with 464860K free physical memory)

OOME stack traces (most recent first):
Classloader memory used:
Loader org.gradle.internal.classloader.VisitableURLClassLoader                         : 35424K
Loader bootstrap                                                                       : 22051K
Loader org.gradle.initialization.MixInLegacyTypesClassLoader                           : 8890K
Loader jdk.internal.loader.ClassLoaders$AppClassLoader                                 : 229K
Loader jdk.internal.loader.ClassLoaders$PlatformClassLoader                            : 145K
Loader org.gradle.groovy.scripts.internal.DefaultScriptCompilationHandler$ScriptClassLoader: 105K
Loader org.gradle.internal.classloader.VisitableURLClassLoader$InstrumentingVisitableURLClassLoader: 59752B
Loader org.gradle.internal.classloader.VisitableURLClassLoader                         : 34016B
Loader jdk.internal.reflect.DelegatingClassLoader                                      : 10608B

Classes loaded by more than one classloader:
Class org.gradle.internal.classloader.FilteringClassLoader                            : loaded 2 times (x 105B)
Class org.gradle.internal.classloader.ClassLoaderHierarchy                            : loaded 2 times (x 70B)
Class org.gradle.api.internal.classpath.ManifestUtil                                  : loaded 2 times (x 71B)
Class org.gradle.internal.classloader.DefaultClassLoaderFactory                       : loaded 2 times (x 82B)
Class org.gradle.internal.classloader.ClassLoaderVisitor                              : loaded 2 times (x 76B)
Class org.gradle.api.internal.classpath.EffectiveClassPath                            : loaded 2 times (x 90B)
Class org.gradle.api.internal.DefaultClassPathProvider                                : loaded 2 times (x 76B)
Class [Lorg.gradle.api.internal.ClassPathProvider;                                    : loaded 2 times (x 69B)
Class org.gradle.api.internal.ClassPathProvider                                       : loaded 2 times (x 70B)
Class org.gradle.internal.service.UnknownServiceException                             : loaded 2 times (x 83B)
Class ijJvmDebugger1_3fgixnx5hl6y326d3mq1aqs2s$_run_closure1                          : loaded 2 times (x 139B)
Class org.gradle.internal.classpath.TransformedClassPath                              : loaded 2 times (x 96B)
Class org.gradle.internal.classloader.InstrumentingClassLoader                        : loaded 2 times (x 70B)
Class org.gradle.internal.service.ServiceLocator                                      : loaded 2 times (x 70B)
Class ijKotlinCoroutineJvmDebugInit1_esovh0iv1dx0vlgpe4p6ut3ug                        : loaded 2 times (x 171B)
Class ijJvmDebugger1_3fgixnx5hl6y326d3mq1aqs2s$_run_closure1$_closure2                : loaded 2 times (x 140B)
Class ijJvmDebugger1_3fgixnx5hl6y326d3mq1aqs2s                                        : loaded 2 times (x 171B)
Class org.gradle.internal.classloader.ClasspathUtil$1                                 : loaded 2 times (x 76B)
Class org.gradle.api.internal.classpath.DefaultModuleRegistry$DefaultModule           : loaded 2 times (x 86B)
Class org.gradle.api.internal.classpath.Module                                        : loaded 2 times (x 70B)
Class org.gradle.api.internal.classpath.UnknownModuleException                        : loaded 2 times (x 82B)
Class org.gradle.api.internal.DefaultClassPathRegistry                                : loaded 2 times (x 76B)
Class org.gradle.api.internal.ClassPathRegistry                                       : loaded 2 times (x 70B)
Class org.gradle.internal.classpath.DefaultClassPath$ImmutableUniqueList              : loaded 2 times (x 199B)
Class Settings_gradle$1                                                               : loaded 2 times (x 74B)
Class Program                                                                         : loaded 2 times (x 72B)
Class org.gradle.internal.classpath.ClassPath                                         : loaded 2 times (x 70B)
Class org.gradle.api.internal.classpath.ModuleRegistry                                : loaded 2 times (x 70B)
Class org.gradle.internal.installation.GradleInstallation$1                           : loaded 2 times (x 75B)
Class org.gradle.api.internal.classpath.DefaultModuleRegistry                         : loaded 2 times (x 86B)
Class org.gradle.internal.service.ServiceLookupException                              : loaded 2 times (x 82B)
Class ijKotlinCoroutineJvmDebugInit1_esovh0iv1dx0vlgpe4p6ut3ug$_run_closure1$_closure2: loaded 2 times (x 139B)
Class org.gradle.internal.classloader.ClassLoaderFactory                              : loaded 2 times (x 70B)
Class org.gradle.internal.service.CachingServiceLocator                               : loaded 2 times (x 82B)
Class ijKotlinCoroutineJvmDebugInit1_esovh0iv1dx0vlgpe4p6ut3ug$_run_closure1          : loaded 2 times (x 139B)
Class org.gradle.internal.classloader.ClasspathUtil                                   : loaded 2 times (x 71B)
Class org.gradle.api.specs.Spec                                                       : loaded 2 times (x 70B)
Class org.gradle.internal.classloader.VisitableURLClassLoader$InstrumentingVisitableURLClassLoader: loaded 2 times (x 123B)
Class org.gradle.internal.classloader.VisitableURLClassLoader$Spec                    : loaded 2 times (x 74B)
Class org.gradle.internal.classpath.DefaultClassPath                                  : loaded 2 times (x 90B)
Class org.gradle.internal.classloader.ClassLoaderSpec                                 : loaded 2 times (x 71B)
Class Settings_gradle$1$1                                                             : loaded 2 times (x 74B)
Class org.gradle.internal.classloader.VisitableURLClassLoader                         : loaded 2 times (x 117B)
Class Settings_gradle                                                                 : loaded 2 times (x 124B)
Class org.gradle.internal.Cast                                                        : loaded 2 times (x 71B)
Class org.gradle.api.Action                                                           : loaded 2 times (x 70B)
Class org.gradle.internal.classpath.DefaultClassPath$ImmutableUniqueList$Builder      : loaded 2 times (x 75B)
Class org.gradle.api.GradleException                                                  : loaded 2 times (x 82B)
Class org.gradle.internal.IoActions                                                   : loaded 2 times (x 71B)
Class org.gradle.internal.classloader.SystemClassLoaderSpec                           : loaded 2 times (x 71B)
Class org.gradle.api.internal.classpath.GlobalCacheRootsProvider                      : loaded 2 times (x 70B)
Class org.gradle.internal.installation.CurrentGradleInstallationLocator               : loaded 2 times (x 71B)
Class org.gradle.internal.service.DefaultServiceLocator                               : loaded 2 times (x 83B)
Class org.gradle.internal.installation.CurrentGradleInstallation                      : loaded 2 times (x 73B)
Class org.gradle.util.internal.GUtil                                                  : loaded 2 times (x 71B)
Class org.gradle.internal.installation.GradleInstallation                             : loaded 2 times (x 75B)

---------------  S Y S T E M  ---------------

OS:
 Windows 11 , 64 bit Build 26100 (10.0.26100.8328)
OS uptime: 6 days 15:48 hours
Hyper-V role detected

CPU: total 16 (initial active 16) (16 cores per cpu, 2 threads per core) family 23 model 104 stepping 1 microcode 0x8608108, cx8, cmov, fxsr, ht, mmx, 3dnowpref, sse, sse2, sse3, ssse3, sse4a, sse4.1, sse4.2, popcnt, lzcnt, tsc, tscinvbit, avx, avx2, aes, clmul, bmi1, bmi2, adx, sha, fma, vzeroupper, clflush, clflushopt, hv, rdtscp, rdpid, f16c
Processor Information for the first 16 processors :
  Max Mhz: 1801, Current Mhz: 1801, Mhz Limit: 1801

Memory: 4k page, system-wide physical 7514M (456M free)
TotalPageFile size 19562M (AvailPageFile size 33M)
current process WorkingSet (physical memory assigned to process): 279M, peak: 313M
current process commit charge ("private bytes"): 357M, peak: 361M

vm_info: OpenJDK 64-Bit Server VM (21.0.9+-14787801-b1163.94) for windows-amd64 JRE (21.0.9+-14787801-b1163.94), built on 2026-01-27T21:15:44Z by "builder" with MS VC++ 16.10 / 16.11 (VS2019)

END.
