#
# There is insufficient memory for the Java Runtime Environment to continue.
# Native memory allocation (mmap) failed to map 100663296 bytes. Error detail: G1 virtual space
# Possible reasons:
#   The system is out of physical RAM or swap space
#   This process is running with CompressedOops enabled, and the Java Heap may be blocking the growth of the native heap
# Possible solutions:
#   Reduce memory load on the system
#   Increase physical memory or swap space
#   Check if swap backing store is full
#   Decrease Java heap size (-Xmx/-Xms)
#   Decrease number of Java threads
#   Decrease Java thread stack sizes (-Xss)
#   Set larger code cache with -XX:ReservedCodeCacheSize=
#   JVM is running with Unscaled Compressed Oops mode in which the Java heap is
#     placed in the first 4GB address space. The Java Heap base address is the
#     maximum limit for the native heap growth. Please use -XX:HeapBaseMinAddress
#     to set the Java Heap base and to place the Java Heap above 4GB virtual address.
# This output file may be truncated or incomplete.
#
#  Out of Memory Error (os_windows.cpp:3925), pid=23852, tid=9152
#
# JRE version: OpenJDK Runtime Environment (21.0.9) (build 21.0.9+-14787801-b1163.94)
# Java VM: OpenJDK 64-Bit Server VM (21.0.9+-14787801-b1163.94, mixed mode, tiered, compressed oops, compressed class ptrs, g1 gc, windows-amd64)
# No core dump will be written. Minidumps are not enabled by default on client versions of Windows
#

---------------  S U M M A R Y ------------

Command Line: org.jetbrains.kotlin.cli.jvm.K2JVMCompiler @D:\EcoCycleConnect\app\build\20260521_13497614246727697698.compiler.options

Host: AMD Ryzen 7 5700U with Radeon Graphics         , 16 cores, 7G,  Windows 11 , 64 bit Build 26100 (10.0.26100.8328)
Time: Thu May 21 22:49:05 2026 Sri Lanka Standard Time elapsed time: 18.312566 seconds (0d 0h 0m 18s)

---------------  T H R E A D  ---------------

Current thread (0x000001db51a1de00):  VMThread "VM Thread"          [id=9152, stack(0x0000005388000000,0x0000005388100000) (1024K)]

Stack: [0x0000005388000000,0x0000005388100000]
Native frames: (J=compiled Java code, j=interpreted, Vv=VM code, C=native code)
V  [jvm.dll+0x6d6c99]
V  [jvm.dll+0x866b83]
V  [jvm.dll+0x8691ae]
V  [jvm.dll+0x869893]
V  [jvm.dll+0x280776]
V  [jvm.dll+0x6d3555]
V  [jvm.dll+0x6c6bea]
V  [jvm.dll+0x3587fb]
V  [jvm.dll+0x360476]
V  [jvm.dll+0x3b2646]
V  [jvm.dll+0x3b2918]
V  [jvm.dll+0x32af0c]
V  [jvm.dll+0x32af97]
V  [jvm.dll+0x370e7c]
V  [jvm.dll+0x36f62e]
V  [jvm.dll+0x32a661]
V  [jvm.dll+0x36ed30]
V  [jvm.dll+0x86f618]
V  [jvm.dll+0x870994]
V  [jvm.dll+0x870ed0]
V  [jvm.dll+0x871163]
V  [jvm.dll+0x80f118]
V  [jvm.dll+0x6d54ed]
C  [ucrtbase.dll+0x37b0]
C  [KERNEL32.DLL+0x2e957]
C  [ntdll.dll+0x427c]

VM_Operation (0x00000053879fcb90): G1CollectForAllocation, mode: safepoint, requested by thread 0x000001db3a759910


---------------  P R O C E S S  ---------------

Threads class SMR info:
_java_thread_list=0x000001db62e182d0, length=15, elements={
0x000001db3a759910, 0x000001db5277e810, 0x000001db527b8340, 0x000001db527b8da0,
0x000001db527bab50, 0x000001db527db210, 0x000001db527bb950, 0x000001db527bc3b0,
0x000001db527bf5d0, 0x000001db527dbfa0, 0x000001db519dfc80, 0x000001db52978cd0,
0x000001db57194ad0, 0x000001db5718e7c0, 0x000001db5bc887d0
}

Java Threads: ( => current thread )
  0x000001db3a759910 JavaThread "main"                              [_thread_blocked, id=25304, stack(0x0000005387900000,0x0000005387a00000) (1024K)]
  0x000001db5277e810 JavaThread "Common-Cleaner"             daemon [_thread_blocked, id=29372, stack(0x0000005388100000,0x0000005388200000) (1024K)]
  0x000001db527b8340 JavaThread "Reference Handler"          daemon [_thread_blocked, id=15416, stack(0x0000005388200000,0x0000005388300000) (1024K)]
  0x000001db527b8da0 JavaThread "Finalizer"                  daemon [_thread_blocked, id=14216, stack(0x0000005388300000,0x0000005388400000) (1024K)]
  0x000001db527bab50 JavaThread "Signal Dispatcher"          daemon [_thread_blocked, id=25200, stack(0x0000005388400000,0x0000005388500000) (1024K)]
  0x000001db527db210 JavaThread "Attach Listener"            daemon [_thread_blocked, id=27408, stack(0x0000005388500000,0x0000005388600000) (1024K)]
  0x000001db527bb950 JavaThread "Service Thread"             daemon [_thread_blocked, id=21616, stack(0x0000005388600000,0x0000005388700000) (1024K)]
  0x000001db527bc3b0 JavaThread "Monitor Deflation Thread"   daemon [_thread_blocked, id=27976, stack(0x0000005388700000,0x0000005388800000) (1024K)]
  0x000001db527bf5d0 JavaThread "C2 CompilerThread0"         daemon [_thread_blocked, id=26040, stack(0x0000005388800000,0x0000005388900000) (1024K)]
  0x000001db527dbfa0 JavaThread "C1 CompilerThread0"         daemon [_thread_blocked, id=28796, stack(0x0000005388900000,0x0000005388a00000) (1024K)]
  0x000001db519dfc80 JavaThread "C1 CompilerThread1"         daemon [_thread_blocked, id=11880, stack(0x0000005388a00000,0x0000005388b00000) (1024K)]
  0x000001db52978cd0 JavaThread "Notification Thread"        daemon [_thread_blocked, id=16012, stack(0x0000005388b00000,0x0000005388c00000) (1024K)]
  0x000001db57194ad0 JavaThread "C1 CompilerThread2"         daemon [_thread_blocked, id=14648, stack(0x0000005388d00000,0x0000005388e00000) (1024K)]
  0x000001db5718e7c0 JavaThread "C1 CompilerThread3"         daemon [_thread_blocked, id=7796, stack(0x0000005388e00000,0x0000005388f00000) (1024K)]
  0x000001db5bc887d0 JavaThread "C2 CompilerThread1"         daemon [_thread_blocked, id=4572, stack(0x0000005389700000,0x0000005389800000) (1024K)]
Total: 15

Other Threads:
=>0x000001db51a1de00 VMThread "VM Thread"                           [id=9152, stack(0x0000005388000000,0x0000005388100000) (1024K)]
  0x000001db519df3f0 WatcherThread "VM Periodic Task Thread"        [id=16620, stack(0x0000005387f00000,0x0000005388000000) (1024K)]
  0x000001db3a7ab1d0 WorkerThread "GC Thread#0"                     [id=12932, stack(0x0000005387a00000,0x0000005387b00000) (1024K)]
  0x000001db57609f90 WorkerThread "GC Thread#1"                     [id=16256, stack(0x0000005388c00000,0x0000005388d00000) (1024K)]
  0x000001db57647580 WorkerThread "GC Thread#2"                     [id=23716, stack(0x0000005388f00000,0x0000005389000000) (1024K)]
  0x000001db57648140 WorkerThread "GC Thread#3"                     [id=12116, stack(0x0000005389000000,0x0000005389100000) (1024K)]
  0x000001db576484e0 WorkerThread "GC Thread#4"                     [id=3256, stack(0x0000005389100000,0x0000005389200000) (1024K)]
  0x000001db57648880 WorkerThread "GC Thread#5"                     [id=28956, stack(0x0000005389200000,0x0000005389300000) (1024K)]
  0x000001db5776a9d0 WorkerThread "GC Thread#6"                     [id=3420, stack(0x0000005389300000,0x0000005389400000) (1024K)]
  0x000001db5776bbf0 WorkerThread "GC Thread#7"                     [id=19248, stack(0x0000005389400000,0x0000005389500000) (1024K)]
  0x000001db57bd3490 WorkerThread "GC Thread#8"                     [id=28296, stack(0x0000005389b00000,0x0000005389c00000) (1024K)]
  0x000001db57bd5530 WorkerThread "GC Thread#9"                     [id=8340, stack(0x0000005389c00000,0x0000005389d00000) (1024K)]
  0x000001db57bd2d50 WorkerThread "GC Thread#10"                    [id=14284, stack(0x0000005389d00000,0x0000005389e00000) (1024K)]
  0x000001db57bd4df0 WorkerThread "GC Thread#11"                    [id=15884, stack(0x0000005389900000,0x0000005389a00000) (1024K)]
  0x000001db57bd3bd0 WorkerThread "GC Thread#12"                    [id=27904, stack(0x0000005389a00000,0x0000005389b00000) (1024K)]
  0x000001db3a7d8030 ConcurrentGCThread "G1 Main Marker"            [id=29316, stack(0x0000005387b00000,0x0000005387c00000) (1024K)]
  0x000001db3a7d9340 WorkerThread "G1 Conc#0"                       [id=29008, stack(0x0000005387c00000,0x0000005387d00000) (1024K)]
  0x000001db5776bf90 WorkerThread "G1 Conc#1"                       [id=28068, stack(0x0000005389500000,0x0000005389600000) (1024K)]
  0x000001db5776c330 WorkerThread "G1 Conc#2"                       [id=2004, stack(0x0000005389600000,0x0000005389700000) (1024K)]
  0x000001db518b0030 ConcurrentGCThread "G1 Refine#0"               [id=19620, stack(0x0000005387d00000,0x0000005387e00000) (1024K)]
  0x000001db518b0850 ConcurrentGCThread "G1 Service"                [id=11304, stack(0x0000005387e00000,0x0000005387f00000) (1024K)]
Total: 21

Threads with active compile tasks:
C2 CompilerThread0  18328 11993       4       org.jetbrains.kotlin.ir.declarations.lazy.SynchronizedLazyVar::getValue (11 bytes)
C1 CompilerThread0  18328 12213       3       org.jetbrains.kotlin.ir.overrides.IrFakeOverrideBuilder::buildFakeOverridesForClassImpl (976 bytes)
C2 CompilerThread1  18328 11522       4       org.jetbrains.kotlin.fir.backend.Fir2IrTypeConverter::toIrType (1744 bytes)
Total: 3

VM state: at safepoint (normal execution)

VM Mutex/Monitor currently owned by a thread:  ([mutex/lock_event])
[0x00007ff9bb938690] Threads_lock - owner thread: 0x000001db51a1de00
[0x00007ff9bb938790] Heap_lock - owner thread: 0x000001db3a759910

Heap address: 0x000000008a800000, size: 1880 MB, Compressed Oops mode: 32-bit

CDS archive(s) not mapped
Compressed class space mapped at: 0x0000000100000000-0x0000000140000000, reserved size: 1073741824
Narrow klass base: 0x0000000000000000, Narrow klass shift: 3, Narrow klass range: 0x140000000

GC Precious Log:
 CardTable entry size: 512
 Card Set container configuration: InlinePtr #cards 5 size 8 Array Of Cards #cards 12 size 40 Howl #buckets 4 coarsen threshold 1843 Howl Bitmap #cards 512 size 80 coarsen threshold 460 Card regions per heap region 1 cards per card region 2048
 CPUs: 16 total, 16 available
 Memory: 7514M
 Large Page Support: Disabled
 NUMA Support: Disabled
 Compressed Oops: Enabled (32-bit)
 Heap Region Size: 1M
 Heap Min Capacity: 8M
 Heap Initial Capacity: 118M
 Heap Max Capacity: 1880M
 Pre-touch: Disabled
 Parallel Workers: 13
 Concurrent Workers: 3
 Concurrent Refinement Workers: 13
 Periodic GC: Disabled

Heap:
 garbage-first heap   total 158720K, used 110592K [0x000000008a800000, 0x0000000100000000)
  region size 1024K, 6 young (6144K), 6 survivors (6144K)
 Metaspace       used 72341K, committed 72704K, reserved 1114112K
  class space    used 7776K, committed 7936K, reserved 1048576K

Heap Regions: E=young(eden), S=young(survivor), O=old, HS=humongous(starts), HC=humongous(continues), CS=collection set, F=free, TAMS=top-at-mark-start, PB=parsable bottom
|   0|0x000000008a800000, 0x000000008a900000, 0x000000008a900000|100%|HS|  |TAMS 0x000000008a800000| PB 0x000000008a800000| Complete 
|   1|0x000000008a900000, 0x000000008aa00000, 0x000000008aa00000|100%|HC|  |TAMS 0x000000008a900000| PB 0x000000008a900000| Complete 
|   2|0x000000008aa00000, 0x000000008ab00000, 0x000000008ab00000|100%|HC|  |TAMS 0x000000008aa00000| PB 0x000000008aa00000| Complete 
|   3|0x000000008ab00000, 0x000000008ac00000, 0x000000008ac00000|100%| O|  |TAMS 0x000000008ab00000| PB 0x000000008ab00000| Untracked 
|   4|0x000000008ac00000, 0x000000008ad00000, 0x000000008ad00000|100%| O|  |TAMS 0x000000008ac00000| PB 0x000000008ac00000| Untracked 
|   5|0x000000008ad00000, 0x000000008ae00000, 0x000000008ae00000|100%| O|  |TAMS 0x000000008ad00000| PB 0x000000008ad00000| Untracked 
|   6|0x000000008ae00000, 0x000000008af00000, 0x000000008af00000|100%| O|  |TAMS 0x000000008ae00000| PB 0x000000008ae00000| Untracked 
|   7|0x000000008af00000, 0x000000008b000000, 0x000000008b000000|100%| O|  |TAMS 0x000000008af00000| PB 0x000000008af00000| Untracked 
|   8|0x000000008b000000, 0x000000008b100000, 0x000000008b100000|100%| O|  |TAMS 0x000000008b000000| PB 0x000000008b000000| Untracked 
|   9|0x000000008b100000, 0x000000008b200000, 0x000000008b200000|100%| O|  |TAMS 0x000000008b100000| PB 0x000000008b100000| Untracked 
|  10|0x000000008b200000, 0x000000008b300000, 0x000000008b300000|100%| O|  |TAMS 0x000000008b200000| PB 0x000000008b200000| Untracked 
|  11|0x000000008b300000, 0x000000008b400000, 0x000000008b400000|100%| O|  |TAMS 0x000000008b300000| PB 0x000000008b300000| Untracked 
|  12|0x000000008b400000, 0x000000008b500000, 0x000000008b500000|100%| O|  |TAMS 0x000000008b400000| PB 0x000000008b400000| Untracked 
|  13|0x000000008b500000, 0x000000008b600000, 0x000000008b600000|100%| O|  |TAMS 0x000000008b500000| PB 0x000000008b500000| Untracked 
|  14|0x000000008b600000, 0x000000008b700000, 0x000000008b700000|100%| O|  |TAMS 0x000000008b600000| PB 0x000000008b600000| Untracked 
|  15|0x000000008b700000, 0x000000008b800000, 0x000000008b800000|100%| O|  |TAMS 0x000000008b700000| PB 0x000000008b700000| Untracked 
|  16|0x000000008b800000, 0x000000008b900000, 0x000000008b900000|100%| O|  |TAMS 0x000000008b800000| PB 0x000000008b800000| Untracked 
|  17|0x000000008b900000, 0x000000008ba00000, 0x000000008ba00000|100%| O|  |TAMS 0x000000008b900000| PB 0x000000008b900000| Untracked 
|  18|0x000000008ba00000, 0x000000008bb00000, 0x000000008bb00000|100%| O|  |TAMS 0x000000008ba00000| PB 0x000000008ba00000| Untracked 
|  19|0x000000008bb00000, 0x000000008bc00000, 0x000000008bc00000|100%| O|  |TAMS 0x000000008bb00000| PB 0x000000008bb00000| Untracked 
|  20|0x000000008bc00000, 0x000000008bd00000, 0x000000008bd00000|100%| O|  |TAMS 0x000000008bc00000| PB 0x000000008bc00000| Untracked 
|  21|0x000000008bd00000, 0x000000008be00000, 0x000000008be00000|100%| O|  |TAMS 0x000000008bd00000| PB 0x000000008bd00000| Untracked 
|  22|0x000000008be00000, 0x000000008bf00000, 0x000000008bf00000|100%| O|  |TAMS 0x000000008be00000| PB 0x000000008be00000| Untracked 
|  23|0x000000008bf00000, 0x000000008c000000, 0x000000008c000000|100%| O|  |TAMS 0x000000008bf00000| PB 0x000000008bf00000| Untracked 
|  24|0x000000008c000000, 0x000000008c100000, 0x000000008c100000|100%| O|  |TAMS 0x000000008c000000| PB 0x000000008c000000| Untracked 
|  25|0x000000008c100000, 0x000000008c200000, 0x000000008c200000|100%| O|  |TAMS 0x000000008c100000| PB 0x000000008c100000| Untracked 
|  26|0x000000008c200000, 0x000000008c300000, 0x000000008c300000|100%| O|  |TAMS 0x000000008c200000| PB 0x000000008c200000| Untracked 
|  27|0x000000008c300000, 0x000000008c400000, 0x000000008c400000|100%|HS|  |TAMS 0x000000008c300000| PB 0x000000008c300000| Complete 
|  28|0x000000008c400000, 0x000000008c500000, 0x000000008c500000|100%| O|  |TAMS 0x000000008c400000| PB 0x000000008c400000| Untracked 
|  29|0x000000008c500000, 0x000000008c600000, 0x000000008c600000|100%| O|  |TAMS 0x000000008c500000| PB 0x000000008c500000| Untracked 
|  30|0x000000008c600000, 0x000000008c700000, 0x000000008c700000|100%| O|  |TAMS 0x000000008c600000| PB 0x000000008c600000| Untracked 
|  31|0x000000008c700000, 0x000000008c800000, 0x000000008c800000|100%| O|  |TAMS 0x000000008c700000| PB 0x000000008c700000| Untracked 
|  32|0x000000008c800000, 0x000000008c900000, 0x000000008c900000|100%| O|  |TAMS 0x000000008c800000| PB 0x000000008c800000| Untracked 
|  33|0x000000008c900000, 0x000000008ca00000, 0x000000008ca00000|100%| O|  |TAMS 0x000000008c900000| PB 0x000000008c900000| Untracked 
|  34|0x000000008ca00000, 0x000000008cb00000, 0x000000008cb00000|100%| O|  |TAMS 0x000000008ca00000| PB 0x000000008ca00000| Untracked 
|  35|0x000000008cb00000, 0x000000008cc00000, 0x000000008cc00000|100%| O|  |TAMS 0x000000008cb00000| PB 0x000000008cb00000| Untracked 
|  36|0x000000008cc00000, 0x000000008cd00000, 0x000000008cd00000|100%| O|  |TAMS 0x000000008cc00000| PB 0x000000008cc00000| Untracked 
|  37|0x000000008cd00000, 0x000000008ce00000, 0x000000008ce00000|100%| O|  |TAMS 0x000000008cd00000| PB 0x000000008cd00000| Untracked 
|  38|0x000000008ce00000, 0x000000008cf00000, 0x000000008cf00000|100%| O|  |TAMS 0x000000008ce00000| PB 0x000000008ce00000| Untracked 
|  39|0x000000008cf00000, 0x000000008d000000, 0x000000008d000000|100%| O|  |TAMS 0x000000008cf00000| PB 0x000000008cf00000| Untracked 
|  40|0x000000008d000000, 0x000000008d100000, 0x000000008d100000|100%| O|  |TAMS 0x000000008d000000| PB 0x000000008d000000| Untracked 
|  41|0x000000008d100000, 0x000000008d200000, 0x000000008d200000|100%| O|  |TAMS 0x000000008d100000| PB 0x000000008d100000| Untracked 
|  42|0x000000008d200000, 0x000000008d300000, 0x000000008d300000|100%| O|  |TAMS 0x000000008d200000| PB 0x000000008d200000| Untracked 
|  43|0x000000008d300000, 0x000000008d400000, 0x000000008d400000|100%| O|  |TAMS 0x000000008d300000| PB 0x000000008d300000| Untracked 
|  44|0x000000008d400000, 0x000000008d500000, 0x000000008d500000|100%| O|  |TAMS 0x000000008d400000| PB 0x000000008d400000| Untracked 
|  45|0x000000008d500000, 0x000000008d600000, 0x000000008d600000|100%| O|  |TAMS 0x000000008d500000| PB 0x000000008d500000| Untracked 
|  46|0x000000008d600000, 0x000000008d700000, 0x000000008d700000|100%| O|  |TAMS 0x000000008d600000| PB 0x000000008d600000| Untracked 
|  47|0x000000008d700000, 0x000000008d800000, 0x000000008d800000|100%| O|  |TAMS 0x000000008d700000| PB 0x000000008d700000| Untracked 
|  48|0x000000008d800000, 0x000000008d900000, 0x000000008d900000|100%| O|  |TAMS 0x000000008d800000| PB 0x000000008d800000| Untracked 
|  49|0x000000008d900000, 0x000000008da00000, 0x000000008da00000|100%| O|  |TAMS 0x000000008d900000| PB 0x000000008d900000| Untracked 
|  50|0x000000008da00000, 0x000000008db00000, 0x000000008db00000|100%| O|  |TAMS 0x000000008da00000| PB 0x000000008da00000| Untracked 
|  51|0x000000008db00000, 0x000000008dc00000, 0x000000008dc00000|100%| O|  |TAMS 0x000000008db00000| PB 0x000000008db00000| Untracked 
|  52|0x000000008dc00000, 0x000000008dd00000, 0x000000008dd00000|100%| O|  |TAMS 0x000000008dc00000| PB 0x000000008dc00000| Untracked 
|  53|0x000000008dd00000, 0x000000008de00000, 0x000000008de00000|100%| O|  |TAMS 0x000000008dd00000| PB 0x000000008dd00000| Untracked 
|  54|0x000000008de00000, 0x000000008df00000, 0x000000008df00000|100%| O|  |TAMS 0x000000008de00000| PB 0x000000008de00000| Untracked 
|  55|0x000000008df00000, 0x000000008e000000, 0x000000008e000000|100%| O|  |TAMS 0x000000008df00000| PB 0x000000008df00000| Untracked 
|  56|0x000000008e000000, 0x000000008e100000, 0x000000008e100000|100%| O|  |TAMS 0x000000008e000000| PB 0x000000008e000000| Untracked 
|  57|0x000000008e100000, 0x000000008e200000, 0x000000008e200000|100%| O|  |TAMS 0x000000008e100000| PB 0x000000008e100000| Untracked 
|  58|0x000000008e200000, 0x000000008e300000, 0x000000008e300000|100%| O|  |TAMS 0x000000008e200000| PB 0x000000008e200000| Untracked 
|  59|0x000000008e300000, 0x000000008e400000, 0x000000008e400000|100%| O|  |TAMS 0x000000008e300000| PB 0x000000008e300000| Untracked 
|  60|0x000000008e400000, 0x000000008e500000, 0x000000008e500000|100%| O|  |TAMS 0x000000008e400000| PB 0x000000008e400000| Untracked 
|  61|0x000000008e500000, 0x000000008e600000, 0x000000008e600000|100%| O|  |TAMS 0x000000008e500000| PB 0x000000008e500000| Untracked 
|  62|0x000000008e600000, 0x000000008e700000, 0x000000008e700000|100%| O|  |TAMS 0x000000008e600000| PB 0x000000008e600000| Untracked 
|  63|0x000000008e700000, 0x000000008e800000, 0x000000008e800000|100%| O|  |TAMS 0x000000008e700000| PB 0x000000008e700000| Untracked 
|  64|0x000000008e800000, 0x000000008e900000, 0x000000008e900000|100%| O|  |TAMS 0x000000008e800000| PB 0x000000008e800000| Untracked 
|  65|0x000000008e900000, 0x000000008ea00000, 0x000000008ea00000|100%| O|  |TAMS 0x000000008e900000| PB 0x000000008e900000| Untracked 
|  66|0x000000008ea00000, 0x000000008eb00000, 0x000000008eb00000|100%| O|  |TAMS 0x000000008ea00000| PB 0x000000008ea00000| Untracked 
|  67|0x000000008eb00000, 0x000000008ec00000, 0x000000008ec00000|100%| O|  |TAMS 0x000000008eb00000| PB 0x000000008eb00000| Untracked 
|  68|0x000000008ec00000, 0x000000008ed00000, 0x000000008ed00000|100%| O|  |TAMS 0x000000008ec00000| PB 0x000000008ec00000| Untracked 
|  69|0x000000008ed00000, 0x000000008ee00000, 0x000000008ee00000|100%| O|  |TAMS 0x000000008ed00000| PB 0x000000008ed00000| Untracked 
|  70|0x000000008ee00000, 0x000000008ef00000, 0x000000008ef00000|100%| O|  |TAMS 0x000000008ee00000| PB 0x000000008ee00000| Untracked 
|  71|0x000000008ef00000, 0x000000008f000000, 0x000000008f000000|100%| O|  |TAMS 0x000000008ef00000| PB 0x000000008ef00000| Untracked 
|  72|0x000000008f000000, 0x000000008f100000, 0x000000008f100000|100%| O|  |TAMS 0x000000008f000000| PB 0x000000008f000000| Untracked 
|  73|0x000000008f100000, 0x000000008f200000, 0x000000008f200000|100%| O|  |TAMS 0x000000008f100000| PB 0x000000008f100000| Untracked 
|  74|0x000000008f200000, 0x000000008f300000, 0x000000008f300000|100%| O|  |TAMS 0x000000008f200000| PB 0x000000008f200000| Untracked 
|  75|0x000000008f300000, 0x000000008f400000, 0x000000008f400000|100%| O|  |TAMS 0x000000008f300000| PB 0x000000008f300000| Untracked 
|  76|0x000000008f400000, 0x000000008f500000, 0x000000008f500000|100%| O|  |TAMS 0x000000008f400000| PB 0x000000008f400000| Untracked 
|  77|0x000000008f500000, 0x000000008f500000, 0x000000008f600000|  0%| F|  |TAMS 0x000000008f500000| PB 0x000000008f500000| Untracked 
|  78|0x000000008f600000, 0x000000008f700000, 0x000000008f700000|100%| O|  |TAMS 0x000000008f600000| PB 0x000000008f600000| Untracked 
|  79|0x000000008f700000, 0x000000008f800000, 0x000000008f800000|100%| O|  |TAMS 0x000000008f700000| PB 0x000000008f700000| Untracked 
|  80|0x000000008f800000, 0x000000008f900000, 0x000000008f900000|100%| O|  |TAMS 0x000000008f800000| PB 0x000000008f800000| Untracked 
|  81|0x000000008f900000, 0x000000008fa00000, 0x000000008fa00000|100%| O|  |TAMS 0x000000008f900000| PB 0x000000008f900000| Untracked 
|  82|0x000000008fa00000, 0x000000008fb00000, 0x000000008fb00000|100%| O|  |TAMS 0x000000008fa00000| PB 0x000000008fa00000| Untracked 
|  83|0x000000008fb00000, 0x000000008fb00000, 0x000000008fc00000|  0%| F|  |TAMS 0x000000008fb00000| PB 0x000000008fb00000| Untracked 
|  84|0x000000008fc00000, 0x000000008fd00000, 0x000000008fd00000|100%| O|  |TAMS 0x000000008fc00000| PB 0x000000008fc00000| Untracked 
|  85|0x000000008fd00000, 0x000000008fe00000, 0x000000008fe00000|100%| O|  |TAMS 0x000000008fd00000| PB 0x000000008fd00000| Untracked 
|  86|0x000000008fe00000, 0x000000008ff00000, 0x000000008ff00000|100%| O|  |TAMS 0x000000008fe00000| PB 0x000000008fe00000| Untracked 
|  87|0x000000008ff00000, 0x0000000090000000, 0x0000000090000000|100%| O|  |TAMS 0x000000008ff00000| PB 0x000000008ff00000| Untracked 
|  88|0x0000000090000000, 0x0000000090100000, 0x0000000090100000|100%| O|  |TAMS 0x0000000090000000| PB 0x0000000090000000| Untracked 
|  89|0x0000000090100000, 0x0000000090200000, 0x0000000090200000|100%| O|  |TAMS 0x0000000090100000| PB 0x0000000090100000| Untracked 
|  90|0x0000000090200000, 0x0000000090300000, 0x0000000090300000|100%| O|  |TAMS 0x0000000090200000| PB 0x0000000090200000| Untracked 
|  91|0x0000000090300000, 0x0000000090400000, 0x0000000090400000|100%| O|  |TAMS 0x0000000090300000| PB 0x0000000090300000| Untracked 
|  92|0x0000000090400000, 0x0000000090500000, 0x0000000090500000|100%| O|  |TAMS 0x0000000090400000| PB 0x0000000090400000| Untracked 
|  93|0x0000000090500000, 0x0000000090600000, 0x0000000090600000|100%| O|  |TAMS 0x0000000090500000| PB 0x0000000090500000| Untracked 
|  94|0x0000000090600000, 0x0000000090700000, 0x0000000090700000|100%| O|  |TAMS 0x0000000090600000| PB 0x0000000090600000| Untracked 
|  95|0x0000000090700000, 0x0000000090800000, 0x0000000090800000|100%| O|  |TAMS 0x0000000090700000| PB 0x0000000090700000| Untracked 
|  96|0x0000000090800000, 0x0000000090900000, 0x0000000090900000|100%| O|  |TAMS 0x0000000090800000| PB 0x0000000090800000| Untracked 
|  97|0x0000000090900000, 0x0000000090a00000, 0x0000000090a00000|100%| O|  |TAMS 0x0000000090900000| PB 0x0000000090900000| Untracked 
|  98|0x0000000090a00000, 0x0000000090b00000, 0x0000000090b00000|100%| O|  |TAMS 0x0000000090a00000| PB 0x0000000090a00000| Untracked 
|  99|0x0000000090b00000, 0x0000000090c00000, 0x0000000090c00000|100%| O|  |TAMS 0x0000000090b00000| PB 0x0000000090b00000| Untracked 
| 100|0x0000000090c00000, 0x0000000090d00000, 0x0000000090d00000|100%| O|  |TAMS 0x0000000090c00000| PB 0x0000000090c00000| Untracked 
| 101|0x0000000090d00000, 0x0000000090e00000, 0x0000000090e00000|100%| O|  |TAMS 0x0000000090d00000| PB 0x0000000090d00000| Untracked 
| 102|0x0000000090e00000, 0x0000000090f00000, 0x0000000090f00000|100%| O|  |TAMS 0x0000000090e00000| PB 0x0000000090e00000| Untracked 
| 103|0x0000000090f00000, 0x0000000091000000, 0x0000000091000000|100%| O|  |TAMS 0x0000000090f00000| PB 0x0000000090f00000| Untracked 
| 104|0x0000000091000000, 0x0000000091000000, 0x0000000091100000|  0%| F|  |TAMS 0x0000000091000000| PB 0x0000000091000000| Untracked 
| 105|0x0000000091100000, 0x0000000091100000, 0x0000000091200000|  0%| F|  |TAMS 0x0000000091100000| PB 0x0000000091100000| Untracked 
| 106|0x0000000091200000, 0x0000000091200000, 0x0000000091300000|  0%| F|  |TAMS 0x0000000091200000| PB 0x0000000091200000| Untracked 
| 107|0x0000000091300000, 0x0000000091300000, 0x0000000091400000|  0%| F|  |TAMS 0x0000000091300000| PB 0x0000000091300000| Untracked 
| 108|0x0000000091400000, 0x0000000091500000, 0x0000000091500000|100%| S|CS|TAMS 0x0000000091400000| PB 0x0000000091400000| Complete 
| 109|0x0000000091500000, 0x0000000091600000, 0x0000000091600000|100%| S|CS|TAMS 0x0000000091500000| PB 0x0000000091500000| Complete 
| 110|0x0000000091600000, 0x0000000091700000, 0x0000000091700000|100%| S|CS|TAMS 0x0000000091600000| PB 0x0000000091600000| Complete 
| 111|0x0000000091700000, 0x0000000091800000, 0x0000000091800000|100%| S|CS|TAMS 0x0000000091700000| PB 0x0000000091700000| Complete 
| 112|0x0000000091800000, 0x0000000091900000, 0x0000000091900000|100%| S|CS|TAMS 0x0000000091800000| PB 0x0000000091800000| Complete 
| 113|0x0000000091900000, 0x0000000091a00000, 0x0000000091a00000|100%| S|CS|TAMS 0x0000000091900000| PB 0x0000000091900000| Complete 
| 114|0x0000000091a00000, 0x0000000091a00000, 0x0000000091b00000|  0%| F|  |TAMS 0x0000000091a00000| PB 0x0000000091a00000| Untracked 
| 115|0x0000000091b00000, 0x0000000091b00000, 0x0000000091c00000|  0%| F|  |TAMS 0x0000000091b00000| PB 0x0000000091b00000| Untracked 
| 116|0x0000000091c00000, 0x0000000091c00000, 0x0000000091d00000|  0%| F|  |TAMS 0x0000000091c00000| PB 0x0000000091c00000| Untracked 
| 117|0x0000000091d00000, 0x0000000091d00000, 0x0000000091e00000|  0%| F|  |TAMS 0x0000000091d00000| PB 0x0000000091d00000| Untracked 
| 118|0x0000000091e00000, 0x0000000091e00000, 0x0000000091f00000|  0%| F|  |TAMS 0x0000000091e00000| PB 0x0000000091e00000| Untracked 
| 119|0x0000000091f00000, 0x0000000091f00000, 0x0000000092000000|  0%| F|  |TAMS 0x0000000091f00000| PB 0x0000000091f00000| Untracked 
| 120|0x0000000092000000, 0x0000000092000000, 0x0000000092100000|  0%| F|  |TAMS 0x0000000092000000| PB 0x0000000092000000| Untracked 
| 121|0x0000000092100000, 0x0000000092100000, 0x0000000092200000|  0%| F|  |TAMS 0x0000000092100000| PB 0x0000000092100000| Untracked 
| 122|0x0000000092200000, 0x0000000092200000, 0x0000000092300000|  0%| F|  |TAMS 0x0000000092200000| PB 0x0000000092200000| Untracked 
| 123|0x0000000092300000, 0x0000000092300000, 0x0000000092400000|  0%| F|  |TAMS 0x0000000092300000| PB 0x0000000092300000| Untracked 
| 124|0x0000000092400000, 0x0000000092400000, 0x0000000092500000|  0%| F|  |TAMS 0x0000000092400000| PB 0x0000000092400000| Untracked 
| 125|0x0000000092500000, 0x0000000092500000, 0x0000000092600000|  0%| F|  |TAMS 0x0000000092500000| PB 0x0000000092500000| Untracked 
| 126|0x0000000092600000, 0x0000000092600000, 0x0000000092700000|  0%| F|  |TAMS 0x0000000092600000| PB 0x0000000092600000| Untracked 
| 127|0x0000000092700000, 0x0000000092700000, 0x0000000092800000|  0%| F|  |TAMS 0x0000000092700000| PB 0x0000000092700000| Untracked 
| 128|0x0000000092800000, 0x0000000092800000, 0x0000000092900000|  0%| F|  |TAMS 0x0000000092800000| PB 0x0000000092800000| Untracked 
| 129|0x0000000092900000, 0x0000000092900000, 0x0000000092a00000|  0%| F|  |TAMS 0x0000000092900000| PB 0x0000000092900000| Untracked 
| 130|0x0000000092a00000, 0x0000000092a00000, 0x0000000092b00000|  0%| F|  |TAMS 0x0000000092a00000| PB 0x0000000092a00000| Untracked 
| 131|0x0000000092b00000, 0x0000000092b00000, 0x0000000092c00000|  0%| F|  |TAMS 0x0000000092b00000| PB 0x0000000092b00000| Untracked 
| 132|0x0000000092c00000, 0x0000000092c00000, 0x0000000092d00000|  0%| F|  |TAMS 0x0000000092c00000| PB 0x0000000092c00000| Untracked 
| 133|0x0000000092d00000, 0x0000000092d00000, 0x0000000092e00000|  0%| F|  |TAMS 0x0000000092d00000| PB 0x0000000092d00000| Untracked 
| 134|0x0000000092e00000, 0x0000000092e00000, 0x0000000092f00000|  0%| F|  |TAMS 0x0000000092e00000| PB 0x0000000092e00000| Untracked 
| 135|0x0000000092f00000, 0x0000000092f00000, 0x0000000093000000|  0%| F|  |TAMS 0x0000000092f00000| PB 0x0000000092f00000| Untracked 
| 136|0x0000000093000000, 0x0000000093000000, 0x0000000093100000|  0%| F|  |TAMS 0x0000000093000000| PB 0x0000000093000000| Untracked 
| 137|0x0000000093100000, 0x0000000093100000, 0x0000000093200000|  0%| F|  |TAMS 0x0000000093100000| PB 0x0000000093100000| Untracked 
| 138|0x0000000093200000, 0x0000000093200000, 0x0000000093300000|  0%| F|  |TAMS 0x0000000093200000| PB 0x0000000093200000| Untracked 
| 139|0x0000000093300000, 0x0000000093300000, 0x0000000093400000|  0%| F|  |TAMS 0x0000000093300000| PB 0x0000000093300000| Untracked 
| 140|0x0000000093400000, 0x0000000093400000, 0x0000000093500000|  0%| F|  |TAMS 0x0000000093400000| PB 0x0000000093400000| Untracked 
| 141|0x0000000093500000, 0x0000000093500000, 0x0000000093600000|  0%| F|  |TAMS 0x0000000093500000| PB 0x0000000093500000| Untracked 
| 142|0x0000000093600000, 0x0000000093600000, 0x0000000093700000|  0%| F|  |TAMS 0x0000000093600000| PB 0x0000000093600000| Untracked 
| 143|0x0000000093700000, 0x0000000093700000, 0x0000000093800000|  0%| F|  |TAMS 0x0000000093700000| PB 0x0000000093700000| Untracked 
| 144|0x0000000093800000, 0x0000000093800000, 0x0000000093900000|  0%| F|  |TAMS 0x0000000093800000| PB 0x0000000093800000| Untracked 
| 145|0x0000000093900000, 0x0000000093900000, 0x0000000093a00000|  0%| F|  |TAMS 0x0000000093900000| PB 0x0000000093900000| Untracked 
| 146|0x0000000093a00000, 0x0000000093a00000, 0x0000000093b00000|  0%| F|  |TAMS 0x0000000093a00000| PB 0x0000000093a00000| Untracked 
| 147|0x0000000093b00000, 0x0000000093b00000, 0x0000000093c00000|  0%| F|  |TAMS 0x0000000093b00000| PB 0x0000000093b00000| Untracked 
| 148|0x0000000093c00000, 0x0000000093c00000, 0x0000000093d00000|  0%| F|  |TAMS 0x0000000093c00000| PB 0x0000000093c00000| Untracked 
| 149|0x0000000093d00000, 0x0000000093d00000, 0x0000000093e00000|  0%| F|  |TAMS 0x0000000093d00000| PB 0x0000000093d00000| Untracked 
| 150|0x0000000093e00000, 0x0000000093e00000, 0x0000000093f00000|  0%| F|  |TAMS 0x0000000093e00000| PB 0x0000000093e00000| Untracked 
| 151|0x0000000093f00000, 0x0000000093f00000, 0x0000000094000000|  0%| F|  |TAMS 0x0000000093f00000| PB 0x0000000093f00000| Untracked 
| 152|0x0000000094000000, 0x0000000094000000, 0x0000000094100000|  0%| F|  |TAMS 0x0000000094000000| PB 0x0000000094000000| Untracked 
| 153|0x0000000094100000, 0x0000000094100000, 0x0000000094200000|  0%| F|  |TAMS 0x0000000094100000| PB 0x0000000094100000| Untracked 
|1879|0x00000000fff00000, 0x00000000fff00000, 0x0000000100000000|  0%| F|  |TAMS 0x00000000fff00000| PB 0x00000000fff00000| Untracked 

Card table byte_map: [0x000001db4d4f0000,0x000001db4d8a0000] _byte_map_base: 0x000001db4d09c000

Marking Bits: (CMBitMap*) 0x000001db3a7ab8d0
 Bits: [0x000001db4d8a0000, 0x000001db4f600000)

Polling page: 0x000001db38810000

Metaspace:

Usage:
  Non-class:     63.05 MB used.
      Class:      7.59 MB used.
       Both:     70.65 MB used.

Virtual space:
  Non-class space:       64.00 MB reserved,      63.25 MB ( 99%) committed,  1 nodes.
      Class space:        1.00 GB reserved,       7.75 MB ( <1%) committed,  1 nodes.
             Both:        1.06 GB reserved,      71.00 MB (  7%) committed. 

Chunk freelists:
   Non-Class:  96.00 KB
       Class:  8.30 MB
        Both:  8.39 MB

MaxMetaspaceSize: unlimited
CompressedClassSpaceSize: 1.00 GB
Initial GC threshold: 21.00 MB
Current GC threshold: 117.94 MB
CDS: off
 - commit_granule_bytes: 65536.
 - commit_granule_words: 8192.
 - virtual_space_node_default_size: 8388608.
 - enlarge_chunks_in_place: 1.
 - use_allocation_guard: 0.


Internal statistics:

num_allocs_failed_limit: 6.
num_arena_births: 294.
num_arena_deaths: 0.
num_vsnodes_births: 2.
num_vsnodes_deaths: 0.
num_space_committed: 1134.
num_space_uncommitted: 0.
num_chunks_returned_to_freelist: 6.
num_chunks_taken_from_freelist: 2448.
num_chunk_merges: 6.
num_chunk_splits: 2081.
num_chunks_enlarged: 1905.
num_inconsistent_stats: 0.

CodeHeap 'non-profiled nmethods': size=119168Kb used=6265Kb max_used=6652Kb free=112902Kb
 bounds [0x000001db45460000, 0x000001db45ae0000, 0x000001db4c8c0000]
CodeHeap 'profiled nmethods': size=119104Kb used=37036Kb max_used=40660Kb free=82067Kb
 bounds [0x000001db3d8c0000, 0x000001db40080000, 0x000001db44d10000]
CodeHeap 'non-nmethods': size=7488Kb used=3393Kb max_used=3412Kb free=4094Kb
 bounds [0x000001db44d10000, 0x000001db45070000, 0x000001db45460000]
CodeCache: size=245760Kb, used=46694Kb, max_used=50724Kb, free=199063Kb
 total_blobs=11297, nmethods=10495, adapters=698, full_count=0
Compilation: enabled, stopped_count=0, restarted_count=0

Compilation events (20 events):
Event: 17.254 Thread 0x000001db57194ad0 12206       2       org.jetbrains.kotlin.ir.declarations.IrPropertyWithLateBinding::<init> (5 bytes)
Event: 17.254 Thread 0x000001db57194ad0 nmethod 12206 0x000001db3ea3fc90 code [0x000001db3ea3fe20, 0x000001db3ea3ff28]
Event: 17.254 Thread 0x000001db57194ad0 12207       2       org.jetbrains.kotlin.ir.declarations.impl.IrPropertyWithLateBindingImpl::setAnnotations (12 bytes)
Event: 17.254 Thread 0x000001db527bf5d0 nmethod 11962 0x000001db45686e10 code [0x000001db45686fc0, 0x000001db456871a0]
Event: 17.255 Thread 0x000001db527bf5d0 11993       4       org.jetbrains.kotlin.ir.declarations.lazy.SynchronizedLazyVar::getValue (11 bytes)
Event: 17.255 Thread 0x000001db57194ad0 nmethod 12207 0x000001db3f4ff090 code [0x000001db3f4ff280, 0x000001db3f4ff5a0]
Event: 17.255 Thread 0x000001db57194ad0 12208       2       org.jetbrains.kotlin.fir.lazy.Fir2IrLazyProperty::getName (8 bytes)
Event: 17.255 Thread 0x000001db519dfc80 nmethod 12203 0x000001db3eb87c10 code [0x000001db3eb87e40, 0x000001db3eb883b0]
Event: 17.255 Thread 0x000001db519dfc80 12209       2       org.jetbrains.kotlin.fir.lazy.Fir2IrLazyProperty::getModality (24 bytes)
Event: 17.255 Thread 0x000001db57194ad0 nmethod 12208 0x000001db3ebabe90 code [0x000001db3ebac040, 0x000001db3ebac178]
Event: 17.255 Thread 0x000001db57194ad0 12210       2       org.jetbrains.kotlin.fir.lazy.Fir2IrLazyProperty::isVar (8 bytes)
Event: 17.255 Thread 0x000001db527dbfa0 nmethod 12204 0x000001db3e689f10 code [0x000001db3e68a1c0, 0x000001db3e68a9f8]
Event: 17.255 Thread 0x000001db5718e7c0 nmethod 12205 0x000001db3df20f10 code [0x000001db3df21220, 0x000001db3df21e48]
Event: 17.255 Thread 0x000001db527dbfa0 12211       2       org.jetbrains.kotlin.fir.lazy.Fir2IrLazyProperty::isConst (20 bytes)
Event: 17.255 Thread 0x000001db5718e7c0 12212       2       org.jetbrains.kotlin.fir.lazy.Fir2IrLazyProperty::isLateinit (20 bytes)
Event: 17.255 Thread 0x000001db57194ad0 nmethod 12210 0x000001db3ecbdd10 code [0x000001db3ecbdec0, 0x000001db3ecbdff8]
Event: 17.256 Thread 0x000001db5718e7c0 nmethod 12212 0x000001db3d96f810 code [0x000001db3d96f9c0, 0x000001db3d96fb60]
Event: 17.256 Thread 0x000001db527dbfa0 nmethod 12211 0x000001db3d981f10 code [0x000001db3d9820c0, 0x000001db3d982260]
Event: 17.256 Thread 0x000001db519dfc80 nmethod 12209 0x000001db3f4fe890 code [0x000001db3f4fea80, 0x000001db3f4fed68]
Event: 17.256 Thread 0x000001db527dbfa0 12213       3       org.jetbrains.kotlin.ir.overrides.IrFakeOverrideBuilder::buildFakeOverridesForClassImpl (976 bytes)

GC Heap History (20 events):
Event: 7.606 GC heap after
{Heap after GC invocations=23 (full 0):
 garbage-first heap   total 71680K, used 49971K [0x000000008a800000, 0x0000000100000000)
  region size 1024K, 3 young (3072K), 3 survivors (3072K)
 Metaspace       used 56384K, committed 56640K, reserved 1114112K
  class space    used 6541K, committed 6656K, reserved 1048576K
}
Event: 7.893 GC heap before
{Heap before GC invocations=23 (full 0):
 garbage-first heap   total 71680K, used 62259K [0x000000008a800000, 0x0000000100000000)
  region size 1024K, 15 young (15360K), 3 survivors (3072K)
 Metaspace       used 56719K, committed 56960K, reserved 1114112K
  class space    used 6575K, committed 6656K, reserved 1048576K
}
Event: 7.909 GC heap after
{Heap after GC invocations=24 (full 0):
 garbage-first heap   total 135168K, used 53248K [0x000000008a800000, 0x0000000100000000)
  region size 1024K, 2 young (2048K), 2 survivors (2048K)
 Metaspace       used 56719K, committed 56960K, reserved 1114112K
  class space    used 6575K, committed 6656K, reserved 1048576K
}
Event: 10.614 GC heap before
{Heap before GC invocations=25 (full 0):
 garbage-first heap   total 135168K, used 106496K [0x000000008a800000, 0x0000000100000000)
  region size 1024K, 54 young (55296K), 2 survivors (2048K)
 Metaspace       used 59601K, committed 59904K, reserved 1114112K
  class space    used 6721K, committed 6848K, reserved 1048576K
}
Event: 10.638 GC heap after
{Heap after GC invocations=26 (full 0):
 garbage-first heap   total 135168K, used 63004K [0x000000008a800000, 0x0000000100000000)
  region size 1024K, 7 young (7168K), 7 survivors (7168K)
 Metaspace       used 59601K, committed 59904K, reserved 1114112K
  class space    used 6721K, committed 6848K, reserved 1048576K
}
Event: 12.490 GC heap before
{Heap before GC invocations=26 (full 0):
 garbage-first heap   total 135168K, used 102940K [0x000000008a800000, 0x0000000100000000)
  region size 1024K, 46 young (47104K), 7 survivors (7168K)
 Metaspace       used 60889K, committed 61120K, reserved 1114112K
  class space    used 6816K, committed 6912K, reserved 1048576K
}
Event: 12.511 GC heap after
{Heap after GC invocations=27 (full 0):
 garbage-first heap   total 135168K, used 67346K [0x000000008a800000, 0x0000000100000000)
  region size 1024K, 4 young (4096K), 4 survivors (4096K)
 Metaspace       used 60889K, committed 61120K, reserved 1114112K
  class space    used 6816K, committed 6912K, reserved 1048576K
}
Event: 14.541 GC heap before
{Heap before GC invocations=27 (full 0):
 garbage-first heap   total 135168K, used 108306K [0x000000008a800000, 0x0000000100000000)
  region size 1024K, 44 young (45056K), 4 survivors (4096K)
 Metaspace       used 64659K, committed 64960K, reserved 1114112K
  class space    used 7135K, committed 7296K, reserved 1048576K
}
Event: 14.556 GC heap after
{Heap after GC invocations=28 (full 0):
 garbage-first heap   total 135168K, used 72916K [0x000000008a800000, 0x0000000100000000)
  region size 1024K, 6 young (6144K), 6 survivors (6144K)
 Metaspace       used 64659K, committed 64960K, reserved 1114112K
  class space    used 7135K, committed 7296K, reserved 1048576K
}
Event: 15.061 GC heap before
{Heap before GC invocations=28 (full 0):
 garbage-first heap   total 135168K, used 112852K [0x000000008a800000, 0x0000000100000000)
  region size 1024K, 45 young (46080K), 6 survivors (6144K)
 Metaspace       used 64875K, committed 65216K, reserved 1114112K
  class space    used 7136K, committed 7296K, reserved 1048576K
}
Event: 15.084 GC heap after
{Heap after GC invocations=29 (full 0):
 garbage-first heap   total 135168K, used 79138K [0x000000008a800000, 0x0000000100000000)
  region size 1024K, 6 young (6144K), 6 survivors (6144K)
 Metaspace       used 64875K, committed 65216K, reserved 1114112K
  class space    used 7136K, committed 7296K, reserved 1048576K
}
Event: 15.306 GC heap before
{Heap before GC invocations=30 (full 0):
 garbage-first heap   total 135168K, used 116002K [0x000000008a800000, 0x0000000100000000)
  region size 1024K, 42 young (43008K), 6 survivors (6144K)
 Metaspace       used 64903K, committed 65216K, reserved 1114112K
  class space    used 7137K, committed 7296K, reserved 1048576K
}
Event: 15.320 GC heap after
{Heap after GC invocations=31 (full 0):
 garbage-first heap   total 135168K, used 85192K [0x000000008a800000, 0x0000000100000000)
  region size 1024K, 6 young (6144K), 6 survivors (6144K)
 Metaspace       used 64903K, committed 65216K, reserved 1114112K
  class space    used 7137K, committed 7296K, reserved 1048576K
}
Event: 16.294 GC heap before
{Heap before GC invocations=31 (full 0):
 garbage-first heap   total 135168K, used 118984K [0x000000008a800000, 0x0000000100000000)
  region size 1024K, 39 young (39936K), 6 survivors (6144K)
 Metaspace       used 70592K, committed 70976K, reserved 1114112K
  class space    used 7641K, committed 7808K, reserved 1048576K
}
Event: 16.307 GC heap after
{Heap after GC invocations=32 (full 0):
 garbage-first heap   total 135168K, used 88411K [0x000000008a800000, 0x0000000100000000)
  region size 1024K, 5 young (5120K), 5 survivors (5120K)
 Metaspace       used 70592K, committed 70976K, reserved 1114112K
  class space    used 7641K, committed 7808K, reserved 1048576K
}
Event: 16.730 GC heap before
{Heap before GC invocations=32 (full 0):
 garbage-first heap   total 135168K, used 120155K [0x000000008a800000, 0x0000000100000000)
  region size 1024K, 36 young (36864K), 5 survivors (5120K)
 Metaspace       used 72101K, committed 72448K, reserved 1114112K
  class space    used 7767K, committed 7936K, reserved 1048576K
}
Event: 16.750 GC heap after
{Heap after GC invocations=33 (full 0):
 garbage-first heap   total 135168K, used 95232K [0x000000008a800000, 0x0000000100000000)
  region size 1024K, 5 young (5120K), 5 survivors (5120K)
 Metaspace       used 72101K, committed 72448K, reserved 1114112K
  class space    used 7767K, committed 7936K, reserved 1048576K
}
Event: 17.042 GC heap before
{Heap before GC invocations=34 (full 0):
 garbage-first heap   total 158720K, used 120832K [0x000000008a800000, 0x0000000100000000)
  region size 1024K, 30 young (30720K), 5 survivors (5120K)
 Metaspace       used 72305K, committed 72640K, reserved 1114112K
  class space    used 7775K, committed 7936K, reserved 1048576K
}
Event: 17.060 GC heap after
{Heap after GC invocations=35 (full 0):
 garbage-first heap   total 158720K, used 101376K [0x000000008a800000, 0x0000000100000000)
  region size 1024K, 4 young (4096K), 4 survivors (4096K)
 Metaspace       used 72305K, committed 72640K, reserved 1114112K
  class space    used 7775K, committed 7936K, reserved 1048576K
}
Event: 17.257 GC heap before
{Heap before GC invocations=35 (full 0):
 garbage-first heap   total 158720K, used 139264K [0x000000008a800000, 0x0000000100000000)
  region size 1024K, 41 young (41984K), 4 survivors (4096K)
 Metaspace       used 72341K, committed 72704K, reserved 1114112K
  class space    used 7776K, committed 7936K, reserved 1048576K
}

Dll operation events (3 events):
Event: 0.012 Loaded shared library C:\Program Files\Android\Android Studio1\jbr\bin\java.dll
Event: 0.018 Loaded shared library C:\Program Files\Android\Android Studio1\jbr\bin\zip.dll
Event: 1.993 Loaded shared library C:\Program Files\Android\Android Studio1\jbr\bin\verify.dll

Deoptimization events (20 events):
Event: 17.032 Thread 0x000001db3a759910 Uncommon trap: trap_request=0xffffffde fr.pc=0x000001db45841d64 relative=0x0000000000000124
Event: 17.033 Thread 0x000001db3a759910 Uncommon trap: reason=class_check action=maybe_recompile pc=0x000001db45841d64 method=org.jetbrains.kotlin.types.model.TypeSystemContext.asCapturedTypeUnwrappingDnn(Lorg/jetbrains/kotlin/types/model/RigidTypeMarker;)Lorg/jetbrains/kotlin/types/model/Captu
Event: 17.033 Thread 0x000001db3a759910 DEOPT PACKING pc=0x000001db45841d64 sp=0x00000053879fcf30
Event: 17.033 Thread 0x000001db3a759910 DEOPT UNPACKING pc=0x000001db44d643a2 sp=0x00000053879fcec0 mode 2
Event: 17.033 Thread 0x000001db3a759910 Uncommon trap: trap_request=0xffffffde fr.pc=0x000001db45842234 relative=0x0000000000000114
Event: 17.033 Thread 0x000001db3a759910 Uncommon trap: reason=class_check action=maybe_recompile pc=0x000001db45842234 method=org.jetbrains.kotlin.types.model.TypeSystemContext.originalIfDefinitelyNotNullable(Lorg/jetbrains/kotlin/types/model/RigidTypeMarker;)Lorg/jetbrains/kotlin/types/model/S
Event: 17.033 Thread 0x000001db3a759910 DEOPT PACKING pc=0x000001db45842234 sp=0x00000053879fceb0
Event: 17.033 Thread 0x000001db3a759910 DEOPT UNPACKING pc=0x000001db44d643a2 sp=0x00000053879fce58 mode 2
Event: 17.033 Thread 0x000001db3a759910 Uncommon trap: trap_request=0xffffffde fr.pc=0x000001db45ad6504 relative=0x00000000000009e4
Event: 17.033 Thread 0x000001db3a759910 Uncommon trap: reason=class_check action=maybe_recompile pc=0x000001db45ad6504 method=org.jetbrains.kotlin.types.model.TypeSystemContext.lowerBoundIfFlexible(Lorg/jetbrains/kotlin/types/model/KotlinTypeMarker;)Lorg/jetbrains/kotlin/types/model/RigidTypeMa
Event: 17.033 Thread 0x000001db3a759910 DEOPT PACKING pc=0x000001db45ad6504 sp=0x00000053879fd060
Event: 17.033 Thread 0x000001db3a759910 DEOPT UNPACKING pc=0x000001db44d643a2 sp=0x00000053879fd048 mode 2
Event: 17.033 Thread 0x000001db3a759910 Uncommon trap: trap_request=0xffffffde fr.pc=0x000001db45841d64 relative=0x0000000000000124
Event: 17.033 Thread 0x000001db3a759910 Uncommon trap: reason=class_check action=maybe_recompile pc=0x000001db45841d64 method=org.jetbrains.kotlin.types.model.TypeSystemContext.asCapturedTypeUnwrappingDnn(Lorg/jetbrains/kotlin/types/model/RigidTypeMarker;)Lorg/jetbrains/kotlin/types/model/Captu
Event: 17.033 Thread 0x000001db3a759910 DEOPT PACKING pc=0x000001db45841d64 sp=0x00000053879fc9c0
Event: 17.033 Thread 0x000001db3a759910 DEOPT UNPACKING pc=0x000001db44d643a2 sp=0x00000053879fc950 mode 2
Event: 17.033 Thread 0x000001db3a759910 Uncommon trap: trap_request=0xffffffde fr.pc=0x000001db45842234 relative=0x0000000000000114
Event: 17.033 Thread 0x000001db3a759910 Uncommon trap: reason=class_check action=maybe_recompile pc=0x000001db45842234 method=org.jetbrains.kotlin.types.model.TypeSystemContext.originalIfDefinitelyNotNullable(Lorg/jetbrains/kotlin/types/model/RigidTypeMarker;)Lorg/jetbrains/kotlin/types/model/S
Event: 17.033 Thread 0x000001db3a759910 DEOPT PACKING pc=0x000001db45842234 sp=0x00000053879fc940
Event: 17.033 Thread 0x000001db3a759910 DEOPT UNPACKING pc=0x000001db44d643a2 sp=0x00000053879fc8e8 mode 2

Classes loaded (20 events):
Event: 12.600 Loading class java/text/MessageFormat
Event: 12.601 Loading class java/text/Format
Event: 12.601 Loading class java/text/Format done
Event: 12.601 Loading class java/text/MessageFormat done
Event: 12.601 Loading class java/util/Locale$Category
Event: 12.602 Loading class java/util/Locale$Category done
Event: 12.658 Loading class java/text/ChoiceFormat
Event: 12.659 Loading class java/text/NumberFormat
Event: 12.659 Loading class java/text/NumberFormat done
Event: 12.659 Loading class java/text/ChoiceFormat done
Event: 12.784 Loading class java/util/EnumMap$EntrySet
Event: 12.784 Loading class java/util/EnumMap$EntrySet done
Event: 12.785 Loading class java/util/EnumMap$EntryIterator
Event: 12.785 Loading class java/util/EnumMap$EnumMapIterator
Event: 12.785 Loading class java/util/EnumMap$EnumMapIterator done
Event: 12.785 Loading class java/util/EnumMap$EntryIterator done
Event: 12.785 Loading class java/util/EnumMap$EntryIterator$Entry
Event: 12.785 Loading class java/util/EnumMap$EntryIterator$Entry done
Event: 14.016 Loading class java/security/CodeSigner
Event: 14.016 Loading class java/security/CodeSigner done

Classes unloaded (0 events):
No events

Classes redefined (0 events):
No events

Internal exceptions (20 events):
Event: 6.659 Thread 0x000001db3a759910 Exception <a 'java/lang/NoSuchMethodError'{0x000000008dff0c70}: 'java.lang.Object java.lang.invoke.DirectMethodHandle$Holder.newInvokeSpecial(java.lang.Object, java.lang.Object, java.lang.Object, java.lang.Object, int, java.lang.Object, java.lang.Object)'> (0x000000008dff0c70) 
thrown [s\src\hotspot\share\interpreter\linkResolver.cpp, line 784]
Event: 6.660 Thread 0x000001db3a759910 Exception <a 'java/lang/NoSuchMethodError'{0x000000008dff9338}: 'java.lang.Object java.lang.invoke.Invokers$Holder.linkToTargetMethod(java.lang.Object, java.lang.Object, java.lang.Object, int, java.lang.Object, java.lang.Object, java.lang.Object)'> (0x000000008dff9338) 
thrown [s\src\hotspot\share\interpreter\linkResolver.cpp, line 784]
Event: 6.933 Thread 0x000001db3a759910 Exception <a 'java/lang/NoSuchMethodError'{0x000000009031b888}: 'java.lang.Object java.lang.invoke.DirectMethodHandle$Holder.newInvokeSpecial(java.lang.Object, java.lang.Object, java.lang.Object, java.lang.Object, java.lang.Object, java.lang.Object, java.lang.Object, java.lang.Object, java.lang.Object)'> (0x000000009031b888) 
thrown [s\src\hotspot\share\interpreter\linkResolver.cpp, line 784]
Event: 7.276 Thread 0x000001db3a759910 Exception <a 'java/lang/NoSuchMethodError'{0x000000008e84ea78}: 'java.lang.Object java.lang.invoke.DirectMethodHandle$Holder.invokeSpecial(java.lang.Object, java.lang.Object, int, java.lang.Object, java.lang.Object)'> (0x000000008e84ea78) 
thrown [s\src\hotspot\share\interpreter\linkResolver.cpp, line 784]
Event: 7.482 Thread 0x000001db3a759910 Exception <a 'java/lang/NoSuchMethodError'{0x000000008e5b50f0}: 'java.lang.Object java.lang.invoke.DirectMethodHandle$Holder.invokeStatic(java.lang.Object, java.lang.Object, java.lang.Object, int, java.lang.Object, java.lang.Object)'> (0x000000008e5b50f0) 
thrown [s\src\hotspot\share\interpreter\linkResolver.cpp, line 784]
Event: 8.083 Thread 0x000001db3a759910 Exception <a 'java/lang/NoSuchMethodError'{0x00000000929e34b0}: 'java.lang.Object java.lang.invoke.DirectMethodHandle$Holder.invokeStatic(java.lang.Object, int, java.lang.Object, java.lang.Object)'> (0x00000000929e34b0) 
thrown [s\src\hotspot\share\interpreter\linkResolver.cpp, line 784]
Event: 8.373 Thread 0x000001db3a759910 Exception <a 'java/lang/NoSuchMethodError'{0x0000000092360e20}: 'java.lang.Object java.lang.invoke.DirectMethodHandle$Holder.newInvokeSpecial(java.lang.Object, java.lang.Object, java.lang.Object, java.lang.Object, java.lang.Object, int)'> (0x0000000092360e20) 
thrown [s\src\hotspot\share\interpreter\linkResolver.cpp, line 784]
Event: 8.373 Thread 0x000001db3a759910 Exception <a 'java/lang/NoSuchMethodError'{0x0000000092365558}: 'java.lang.Object java.lang.invoke.DirectMethodHandle$Holder.invokeSpecial(java.lang.Object, java.lang.Object, java.lang.Object, java.lang.Object, java.lang.Object, java.lang.Object, int)'> (0x0000000092365558) 
thrown [s\src\hotspot\share\interpreter\linkResolver.cpp, line 784]
Event: 8.374 Thread 0x000001db3a759910 Exception <a 'java/lang/NoSuchMethodError'{0x0000000092369640}: 'java.lang.Object java.lang.invoke.Invokers$Holder.linkToTargetMethod(java.lang.Object, java.lang.Object, java.lang.Object, java.lang.Object, int, java.lang.Object)'> (0x0000000092369640) 
thrown [s\src\hotspot\share\interpreter\linkResolver.cpp, line 784]
Event: 12.729 Thread 0x000001db3a759910 Exception <a 'java/lang/NoSuchMethodError'{0x0000000092403db0}: 'java.lang.Object java.lang.invoke.DirectMethodHandle$Holder.invokeStatic(java.lang.Object, int, int, java.lang.Object)'> (0x0000000092403db0) 
thrown [s\src\hotspot\share\interpreter\linkResolver.cpp, line 784]
Event: 12.730 Thread 0x000001db3a759910 Exception <a 'java/lang/NoSuchMethodError'{0x0000000092407720}: 'java.lang.Object java.lang.invoke.DirectMethodHandle$Holder.invokeStaticInit(java.lang.Object, int, int, java.lang.Object)'> (0x0000000092407720) 
thrown [s\src\hotspot\share\interpreter\linkResolver.cpp, line 784]
Event: 12.734 Thread 0x000001db3a759910 Implicit null exception at 0x000001db45569cda to 0x000001db45569dd8
Event: 12.810 Thread 0x000001db3a759910 Implicit null exception at 0x000001db454befe3 to 0x000001db454bf1c0
Event: 14.013 Thread 0x000001db3a759910 Exception <a 'java/lang/NoSuchMethodError'{0x00000000917bb0d8}: 'java.lang.Object java.lang.invoke.DirectMethodHandle$Holder.invokeSpecial(java.lang.Object, java.lang.Object, java.lang.Object, int, java.lang.Object, java.lang.Object, java.lang.Object)'> (0x00000000917bb0d8) 
thrown [s\src\hotspot\share\interpreter\linkResolver.cpp, line 784]
Event: 14.014 Thread 0x000001db3a759910 Exception <a 'java/lang/NoSuchMethodError'{0x00000000917be750}: 'java.lang.Object java.lang.invoke.Invokers$Holder.linkToTargetMethod(java.lang.Object, int, java.lang.Object, java.lang.Object, java.lang.Object, java.lang.Object)'> (0x00000000917be750) 
thrown [s\src\hotspot\share\interpreter\linkResolver.cpp, line 784]
Event: 15.511 Thread 0x000001db3a759910 Implicit null exception at 0x000001db4549a120 to 0x000001db4549a6c0
Event: 15.514 Thread 0x000001db3a759910 Implicit null exception at 0x000001db454974a0 to 0x000001db45497a3c
Event: 15.783 Thread 0x000001db3a759910 Exception <a 'java/lang/NoSuchMethodError'{0x00000000913d2288}: 'java.lang.Object java.lang.invoke.DirectMethodHandle$Holder.newInvokeSpecial(java.lang.Object, java.lang.Object, java.lang.Object, java.lang.Object, java.lang.Object, java.lang.Object, java.lang.Object, java.lang.Object, int)'> (0x00000000913d2288) 
thrown [s\src\hotspot\share\interpreter\linkResolver.cpp, line 784]
Event: 15.783 Thread 0x000001db3a759910 Exception <a 'java/lang/NoSuchMethodError'{0x00000000913d6f80}: 'java.lang.Object java.lang.invoke.DirectMethodHandle$Holder.invokeSpecial(java.lang.Object, java.lang.Object, java.lang.Object, java.lang.Object, java.lang.Object, java.lang.Object, java.lang.Object, java.lang.Object, java.lang.Object, int)'> (0x00000000913d6f80) 
thrown [s\src\hotspot\share\interpreter\linkResolver.cpp, line 784]
Event: 16.249 Thread 0x000001db3a759910 Exception <a 'java/lang/NoSuchMethodError'{0x0000000090cbdd48}: 'java.lang.Object java.lang.invoke.DirectMethodHandle$Holder.invokeStatic(java.lang.Object, java.lang.Object, int, int)'> (0x0000000090cbdd48) 
thrown [s\src\hotspot\share\interpreter\linkResolver.cpp, line 784]

ZGC Phase Switch (0 events):
No events

VM Operations (20 events):
Event: 16.307 Executing VM operation: G1CollectForAllocation (G1 Evacuation Pause) done
Event: 16.386 Executing VM operation: HandshakeAllThreads (Deoptimize)
Event: 16.386 Executing VM operation: HandshakeAllThreads (Deoptimize) done
Event: 16.692 Executing VM operation: ICBufferFull
Event: 16.692 Executing VM operation: ICBufferFull done
Event: 16.730 Executing VM operation: G1CollectForAllocation (G1 Evacuation Pause)
Event: 16.750 Executing VM operation: G1CollectForAllocation (G1 Evacuation Pause) done
Event: 16.820 Executing VM operation: G1PauseRemark
Event: 16.839 Executing VM operation: G1PauseRemark done
Event: 16.882 Executing VM operation: G1PauseCleanup
Event: 16.882 Executing VM operation: G1PauseCleanup done
Event: 16.920 Executing VM operation: HandshakeAllThreads (Deoptimize)
Event: 16.920 Executing VM operation: HandshakeAllThreads (Deoptimize) done
Event: 16.993 Executing VM operation: ICBufferFull
Event: 16.993 Executing VM operation: ICBufferFull done
Event: 17.030 Executing VM operation: HandshakeAllThreads (Deoptimize)
Event: 17.030 Executing VM operation: HandshakeAllThreads (Deoptimize) done
Event: 17.042 Executing VM operation: G1CollectForAllocation (G1 Evacuation Pause)
Event: 17.061 Executing VM operation: G1CollectForAllocation (G1 Evacuation Pause) done
Event: 17.257 Executing VM operation: G1CollectForAllocation (G1 Evacuation Pause)

Memory protections (0 events):
No events

Nmethod flushes (20 events):
Event: 16.837 Thread 0x000001db51a1de00 flushing  nmethod 0x000001db3f2a7090
Event: 16.837 Thread 0x000001db51a1de00 flushing  nmethod 0x000001db3f2a7b90
Event: 16.837 Thread 0x000001db51a1de00 flushing  nmethod 0x000001db3f2e0410
Event: 16.837 Thread 0x000001db51a1de00 flushing  nmethod 0x000001db3f2e0890
Event: 16.837 Thread 0x000001db51a1de00 flushing  nmethod 0x000001db3f2e0d10
Event: 16.837 Thread 0x000001db51a1de00 flushing  nmethod 0x000001db3f2e8210
Event: 16.837 Thread 0x000001db51a1de00 flushing  nmethod 0x000001db3f2eb590
Event: 16.837 Thread 0x000001db51a1de00 flushing  nmethod 0x000001db3f2ed310
Event: 16.837 Thread 0x000001db51a1de00 flushing  nmethod 0x000001db3f2efc90
Event: 16.837 Thread 0x000001db51a1de00 flushing  nmethod 0x000001db3f314990
Event: 16.837 Thread 0x000001db51a1de00 flushing  nmethod 0x000001db3f31c990
Event: 16.837 Thread 0x000001db51a1de00 flushing  nmethod 0x000001db3f327a90
Event: 16.837 Thread 0x000001db51a1de00 flushing  nmethod 0x000001db3f35ad90
Event: 16.837 Thread 0x000001db51a1de00 flushing  nmethod 0x000001db3f360e90
Event: 16.837 Thread 0x000001db51a1de00 flushing  nmethod 0x000001db3f3d8c10
Event: 16.837 Thread 0x000001db51a1de00 flushing  nmethod 0x000001db3f47c590
Event: 16.837 Thread 0x000001db51a1de00 flushing  nmethod 0x000001db3f5baa10
Event: 16.837 Thread 0x000001db51a1de00 flushing  nmethod 0x000001db3f5bb910
Event: 16.837 Thread 0x000001db51a1de00 flushing  nmethod 0x000001db3f701f90
Event: 16.837 Thread 0x000001db51a1de00 flushing  nmethod 0x000001db3f93c810

Events (20 events):
Event: 0.331 Thread 0x000001db527bf5d0 Thread added: 0x000001db57186810
Event: 0.511 Loaded shared library C:\Program Files\Android\Android Studio1\jbr\bin\management.dll
Event: 0.523 Loaded shared library C:\Program Files\Android\Android Studio1\jbr\bin\management_ext.dll
Event: 0.608 Thread 0x000001db57186810 Thread exited: 0x000001db57186810
Event: 0.608 Thread 0x000001db52a3e3e0 Thread exited: 0x000001db52a3e3e0
Event: 1.774 Thread 0x000001db57194ad0 Thread added: 0x000001db586b55c0
Event: 1.787 Thread 0x000001db527bf5d0 Thread added: 0x000001db5801f0f0
Event: 1.787 Thread 0x000001db527bf5d0 Thread added: 0x000001db5801f7a0
Event: 1.787 Thread 0x000001db527bf5d0 Thread added: 0x000001db5801fe50
Event: 2.597 Thread 0x000001db5801fe50 Thread exited: 0x000001db5801fe50
Event: 2.787 Thread 0x000001db5801f7a0 Thread exited: 0x000001db5801f7a0
Event: 3.480 Thread 0x000001db5801f0f0 Thread exited: 0x000001db5801f0f0
Event: 3.585 Thread 0x000001db586b55c0 Thread exited: 0x000001db586b55c0
Event: 3.873 Thread 0x000001db57194ad0 Thread added: 0x000001db5bc887d0
Event: 3.903 Thread 0x000001db527dbfa0 Thread added: 0x000001db5bc87430
Event: 3.997 Thread 0x000001db5718e7c0 Thread added: 0x000001db5b94e2d0
Event: 4.907 Thread 0x000001db5b94e2d0 Thread exited: 0x000001db5b94e2d0
Event: 5.488 Thread 0x000001db57194ad0 Thread added: 0x000001db5b94f070
Event: 8.071 Thread 0x000001db5b94f070 Thread exited: 0x000001db5b94f070
Event: 15.816 Thread 0x000001db5bc87430 Thread exited: 0x000001db5bc87430


Dynamic libraries:
0x00007ff727a40000 - 0x00007ff727a4a000 	C:\Program Files\Android\Android Studio1\jbr\bin\java.exe
0x00007ffa2d240000 - 0x00007ffa2d4a7000 	C:\WINDOWS\SYSTEM32\ntdll.dll
0x00007ffa2bc20000 - 0x00007ffa2bce9000 	C:\WINDOWS\System32\KERNEL32.DLL
0x00007ffa29c70000 - 0x00007ffa2a067000 	C:\WINDOWS\System32\KERNELBASE.dll
0x00007ffa2abd0000 - 0x00007ffa2ad1b000 	C:\WINDOWS\System32\ucrtbase.dll
0x00007ffa27480000 - 0x00007ffa2749b000 	C:\Program Files\Android\Android Studio1\jbr\bin\VCRUNTIME140.dll
0x00007ffa220e0000 - 0x00007ffa220f8000 	C:\Program Files\Android\Android Studio1\jbr\bin\jli.dll
0x00007ffa2cef0000 - 0x00007ffa2d0b6000 	C:\WINDOWS\System32\USER32.dll
0x00007ffa14970000 - 0x00007ffa14c02000 	C:\WINDOWS\WinSxS\amd64_microsoft.windows.common-controls_6595b64144ccf1df_6.0.26100.8457_none_3e0b2faee331e92d\COMCTL32.dll
0x00007ffa2a070000 - 0x00007ffa2a097000 	C:\WINDOWS\System32\win32u.dll
0x00007ffa2bb70000 - 0x00007ffa2bc19000 	C:\WINDOWS\System32\msvcrt.dll
0x00007ffa2b7a0000 - 0x00007ffa2b7cb000 	C:\WINDOWS\System32\GDI32.dll
0x00007ffa2add0000 - 0x00007ffa2aefc000 	C:\WINDOWS\System32\gdi32full.dll
0x00007ffa2a2b0000 - 0x00007ffa2a353000 	C:\WINDOWS\System32\msvcp_win.dll
0x00007ffa2c210000 - 0x00007ffa2c242000 	C:\WINDOWS\System32\IMM32.DLL
0x00007ffa27350000 - 0x00007ffa2735c000 	C:\Program Files\Android\Android Studio1\jbr\bin\vcruntime140_1.dll
0x00007ff9f0330000 - 0x00007ff9f03bd000 	C:\Program Files\Android\Android Studio1\jbr\bin\msvcp140.dll
0x00007ff9bad80000 - 0x00007ff9bba16000 	C:\Program Files\Android\Android Studio1\jbr\bin\server\jvm.dll
0x00007ffa2b1a0000 - 0x00007ffa2b256000 	C:\WINDOWS\System32\ADVAPI32.dll
0x00007ffa2bac0000 - 0x00007ffa2bb67000 	C:\WINDOWS\System32\sechost.dll
0x00007ffa2b5b0000 - 0x00007ffa2b6c8000 	C:\WINDOWS\System32\RPCRT4.dll
0x00007ffa2cd60000 - 0x00007ffa2cde0000 	C:\WINDOWS\System32\WS2_32.dll
0x00007ffa29ad0000 - 0x00007ffa29b2e000 	C:\WINDOWS\SYSTEM32\POWRPROF.dll
0x00007ffa21890000 - 0x00007ffa218c6000 	C:\WINDOWS\SYSTEM32\WINMM.dll
0x00007ffa218d0000 - 0x00007ffa218db000 	C:\WINDOWS\SYSTEM32\VERSION.dll
0x00007ffa29ab0000 - 0x00007ffa29ac4000 	C:\WINDOWS\SYSTEM32\UMPDC.dll
0x00007ffa28a00000 - 0x00007ffa28a1b000 	C:\WINDOWS\SYSTEM32\kernel.appcore.dll
0x00007ffa26f60000 - 0x00007ffa26f6a000 	C:\Program Files\Android\Android Studio1\jbr\bin\jimage.dll
0x00007ffa1afc0000 - 0x00007ffa1b202000 	C:\WINDOWS\SYSTEM32\DBGHELP.DLL
0x00007ffa2c9d0000 - 0x00007ffa2cd53000 	C:\WINDOWS\System32\combase.dll
0x00007ffa2b880000 - 0x00007ffa2b959000 	C:\WINDOWS\System32\OLEAUT32.dll
0x00007ffa24340000 - 0x00007ffa2437b000 	C:\WINDOWS\SYSTEM32\dbgcore.DLL
0x00007ffa2ad20000 - 0x00007ffa2adc8000 	C:\WINDOWS\System32\bcryptPrimitives.dll
0x00007ffa24870000 - 0x00007ffa24890000 	C:\Program Files\Android\Android Studio1\jbr\bin\java.dll
0x00007ffa24850000 - 0x00007ffa24868000 	C:\Program Files\Android\Android Studio1\jbr\bin\zip.dll
0x00007ffa2c250000 - 0x00007ffa2c9be000 	C:\WINDOWS\System32\SHELL32.dll
0x00007ffa2a360000 - 0x00007ffa2abcc000 	C:\WINDOWS\System32\windows.storage.dll
0x00007ffa2b9c0000 - 0x00007ffa2bab6000 	C:\WINDOWS\System32\SHCORE.dll
0x00007ffa2d190000 - 0x00007ffa2d1f6000 	C:\WINDOWS\System32\shlwapi.dll
0x00007ffa29b90000 - 0x00007ffa29bb9000 	C:\WINDOWS\SYSTEM32\profapi.dll
0x00007ffa24ad0000 - 0x00007ffa24ae0000 	C:\Program Files\Android\Android Studio1\jbr\bin\net.dll
0x00007ffa22200000 - 0x00007ffa22329000 	C:\WINDOWS\SYSTEM32\WINHTTP.dll
0x00007ffa28f70000 - 0x00007ffa28fdc000 	C:\WINDOWS\system32\mswsock.dll
0x00007ffa22870000 - 0x00007ffa22886000 	C:\Program Files\Android\Android Studio1\jbr\bin\nio.dll
0x00007ffa24990000 - 0x00007ffa24999000 	C:\Program Files\Android\Android Studio1\jbr\bin\management.dll
0x00007ffa24700000 - 0x00007ffa2470b000 	C:\Program Files\Android\Android Studio1\jbr\bin\management_ext.dll
0x00007ffa2b260000 - 0x00007ffa2b268000 	C:\WINDOWS\System32\PSAPI.DLL
0x00007ffa27530000 - 0x00007ffa27540000 	C:\Program Files\Android\Android Studio1\jbr\bin\verify.dll

JVMTI agents: none

dbghelp: loaded successfully - version: 4.0.5 - missing functions: none
symbol engine: initialized successfully - sym options: 0x614 - pdb path: .;C:\Program Files\Android\Android Studio1\jbr\bin;C:\WINDOWS\SYSTEM32;C:\WINDOWS\WinSxS\amd64_microsoft.windows.common-controls_6595b64144ccf1df_6.0.26100.8457_none_3e0b2faee331e92d;C:\Program Files\Android\Android Studio1\jbr\bin\server

VM Arguments:
java_command: org.jetbrains.kotlin.cli.jvm.K2JVMCompiler @D:\EcoCycleConnect\app\build\20260521_13497614246727697698.compiler.options
java_class_path (initial): C:\Users\dasun\.gradle\caches\modules-2\files-2.1\org.jetbrains.kotlin\kotlin-compiler-embeddable\2.2.10\6882d39ef03b18879c1a5d2a83c2212361bed5fe\kotlin-compiler-embeddable-2.2.10.jar;C:\Users\dasun\.gradle\caches\modules-2\files-2.1\org.jetbrains.kotlin\kotlin-stdlib\2.2.10\30de6faa127a4a012db8e71bf1b9c0a99b1402b2\kotlin-stdlib-2.2.10.jar;C:\Users\dasun\.gradle\caches\modules-2\files-2.1\org.jetbrains.kotlin\kotlin-script-runtime\2.2.10\712f9bc08f378c13a4a00f0bbb28c76e59183e83\kotlin-script-runtime-2.2.10.jar;C:\Users\dasun\.gradle\caches\modules-2\files-2.1\org.jetbrains.kotlin\kotlin-reflect\1.6.10\1cbe9c92c12a94eea200d23c2bbaedaf3daf5132\kotlin-reflect-1.6.10.jar;C:\Users\dasun\.gradle\caches\modules-2\files-2.1\org.jetbrains.kotlin\kotlin-daemon-embeddable\2.2.10\212fd3c2c6e4e5d0f4db3c4191233e2b622380cc\kotlin-daemon-embeddable-2.2.10.jar;C:\Users\dasun\.gradle\caches\modules-2\files-2.1\org.jetbrains.kotlinx\kotlinx-coroutines-core-jvm\1.8.0\ac1dc37a30a93150b704022f8d895ee1bd3a36b3\kotlinx-coroutines-core-jvm-1.8.0.jar;C:\Users\dasun\.gradle\caches\modules-2\files-2.1\org.jetbrains\annotations\13.0\919f0dfe192fb4e063e7dacadee7f8bb9a2672a9\annotations-13.0.jar
Launcher Type: SUN_STANDARD

[Global flags]
     intx CICompilerCount                          = 12                                        {product} {ergonomic}
     uint ConcGCThreads                            = 3                                         {product} {ergonomic}
     uint G1ConcRefinementThreads                  = 13                                        {product} {ergonomic}
   size_t G1HeapRegionSize                         = 1048576                                   {product} {ergonomic}
    uintx GCDrainStackTargetSize                   = 64                                        {product} {ergonomic}
   size_t InitialHeapSize                          = 123731968                                 {product} {ergonomic}
   size_t MarkStackSize                            = 4194304                                   {product} {ergonomic}
   size_t MaxHeapSize                              = 1971322880                                {product} {ergonomic}
   size_t MaxNewSize                               = 1182793728                                {product} {ergonomic}
   size_t MinHeapDeltaBytes                        = 1048576                                   {product} {ergonomic}
   size_t MinHeapSize                              = 8388608                                   {product} {ergonomic}
    uintx NonNMethodCodeHeapSize                   = 7602480                                {pd product} {ergonomic}
    uintx NonProfiledCodeHeapSize                  = 122027880                              {pd product} {ergonomic}
    uintx ProfiledCodeHeapSize                     = 122027880                              {pd product} {ergonomic}
    uintx ReservedCodeCacheSize                    = 251658240                              {pd product} {ergonomic}
     bool SegmentedCodeCache                       = true                                      {product} {ergonomic}
   size_t SoftMaxHeapSize                          = 1971322880                             {manageable} {ergonomic}
     bool UseCompressedOops                        = true                           {product lp64_product} {ergonomic}
     bool UseG1GC                                  = true                                      {product} {ergonomic}
     bool UseLargePagesIndividualAllocation        = false                                  {pd product} {ergonomic}

Logging:
Log output configuration:
 #0: stdout all=warning uptime,level,tags foldmultilines=false
 #1: stderr all=off uptime,level,tags foldmultilines=false

Release file:
JAVA_VERSION="21.0.9" 
MODULES="java.base java.compiler java.datatransfer java.xml java.prefs java.desktop java.instrument java.logging java.management java.security.sasl java.naming java.rmi java.management.rmi java.net.http java.scripting java.security.jgss java.transaction.xa java.sql java.sql.rowset java.xml.crypto java.se java.smartcardio jdk.accessibility jdk.internal.jvmstat jdk.attach jdk.charsets jdk.internal.opt jdk.zipfs jdk.compiler jdk.crypto.ec jdk.crypto.cryptoki jdk.dynalink jdk.hotspot.agent jdk.httpserver jdk.internal.ed jdk.internal.le jdk.internal.vm.ci jdk.jartool jdk.javadoc jdk.jcmd jdk.jdeps jdk.jdwp.agent jdk.jdi jdk.jfr jdk.jlink jdk.jsobject jdk.localedata jdk.management jdk.management.agent jdk.management.jfr jdk.naming.dns jdk.naming.rmi jdk.net jdk.sctp jdk.security.auth jdk.security.jgss jdk.unsupported jdk.unsupported.desktop jdk.xml.dom" 
IMPLEMENTOR="JetBrains s.r.o." 
JAVA_RUNTIME_VERSION="21.0.9+-14787801-b1163.94" 
LIBC="default" 
OS_ARCH="x86_64" 
OS_NAME="Windows" 
SOURCE=".:git:0c757ddc9f2f" 

Environment Variables:
PATH=C:\Program Files\Common Files\Oracle\Java\javapath;C:\Program Files (x86)\NVIDIA Corporation\PhysX\Common;C:\Program Files\OpenLogic\jdk-11.0.23.9-hotspot\bin;C:\WINDOWS\system32;C:\WINDOWS;C:\WINDOWS\System32\Wbem;C:\WINDOWS\System32\WindowsPowerShell\v1.0\;C:\WINDOWS\System32\OpenSSH\;C:\Program Files\Git\cmd;D:\dev\flutter\bin;C:\Program Files (x86)\Windows Kits\10\Windows Performance Toolkit\;C:\Program Files\Microsoft SQL Server\150\Tools\Binn\;C:\Program Files\Microsoft SQL Server\Client SDK\ODBC\170\Tools\Binn\;C:\Program Files\dotnet\;C:\Program Files (x86)\Microsoft SQL Server\160\Tools\Binn\;C:\Program Files\Microsoft SQL Server\160\Tools\Binn\;C:\Program Files\Microsoft SQL Server\160\DTS\Binn\;C:\Program Files (x86)\Microsoft SQL Server\160\DTS\Binn\;c:\Users\dasun\AppData\Local\Programs\cursor\resources\app\bin;C:\WINDOWS\system32;C:\WINDOWS;C:\WINDOWS\System32\Wbem;C:\WINDOWS\System32\WindowsPowerShell\v1.0\;C:\WINDOWS\System32\OpenSSH\;C:\Users\dasun\AppData\Local\nvm;C:\nvm4w\nodejs;C:\Program Files\Docker\Docker\resources\bin;C:\Program Files\GitHub CLI\;C:\Users\dasun\AppData\Local\Programs\Python\Python313\Scripts\;C:\Users\dasun\AppData\Local\Programs\Python\Python313\;C:\Users\dasun\AppData\Local\Programs\Python\Launcher\;C:\Users\dasun\AppData\Local\Microsoft\WindowsApps;C:\Users\dasun\AppData\Roaming\npm;C:\Program Files\OpenLogic\jdk-11.0.23.9-hotspot\bin;D:\dev\flutter\bin;C:\Users\dasun\.dotnet\tools;C:\Users\dasun\AppData\Local\Microsoft\WinGet\Packages\Schniz.fnm_Microsoft.Winget.Source_8wekyb3d8bbwe;C:\Users\dasun\AppData\Local\Programs\Microsoft VS Code\bin;C:\Users\dasun\AppData\Local\GitHubDesktop\bin;C:\Users\dasun\AppData\Local\Programs\Antigravity\bin;C:\Users\dasun\AppData\Local\nvm;C:\nvm4w\nodejs
USERNAME=dasun
OS=Windows_NT
PROCESSOR_IDENTIFIER=AMD64 Family 23 Model 104 Stepping 1, AuthenticAMD
TMP=C:\Users\dasun\AppData\Local\Temp
TEMP=C:\Users\dasun\AppData\Local\Temp




Periodic native trim disabled

JNI global refs:
JNI global refs: 21, weak refs: 59

JNI global refs memory usage: 835, weak refs: 1465

Process memory usage:
Resident Set Size: 408592K (5% of 7694920K total physical memory with 522748K free physical memory)

OOME stack traces (most recent first):
Classloader memory used:
Loader jdk.internal.loader.ClassLoaders$AppClassLoader                                 : 60052K
Loader bootstrap                                                                       : 11889K
Loader jdk.internal.jrtfs.JrtFileSystemProvider$JrtFsLoader                            : 333K
Loader jdk.internal.loader.ClassLoaders$PlatformClassLoader                            : 67872B

Classes loaded by more than one classloader:
Class jdk.internal.jimage.BasicImageReader                                            : loaded 2 times (x 95B)
Class jdk.internal.jimage.decompressor.StringSharingDecompressorFactory               : loaded 2 times (x 74B)
Class jdk.internal.jrtfs.JrtFileSystemProvider                                        : loaded 2 times (x 101B)
Class jdk.internal.jimage.ImageLocation                                               : loaded 2 times (x 90B)
Class jdk.internal.jimage.ImageBufferCache$1                                          : loaded 2 times (x 83B)
Class jdk.internal.jimage.ImageBufferCache$2                                          : loaded 2 times (x 91B)
Class jdk.internal.jimage.ImageHeader                                                 : loaded 2 times (x 71B)
Class jdk.internal.jimage.decompressor.ResourceDecompressor                           : loaded 2 times (x 70B)
Class jdk.internal.jimage.ImageStringsReader                                          : loaded 2 times (x 80B)
Class jdk.internal.jimage.ImageReader                                                 : loaded 2 times (x 75B)
Class jdk.internal.jimage.ImageReader$SharedImageReader                               : loaded 2 times (x 95B)
Class jdk.internal.jimage.decompressor.ResourceDecompressorFactory                    : loaded 2 times (x 74B)
Class jdk.internal.jimage.ImageReader$Node                                            : loaded 2 times (x 84B)
Class jdk.internal.jimage.BasicImageReader$1                                          : loaded 2 times (x 77B)
Class jdk.internal.jimage.decompressor.Decompressor                                   : loaded 2 times (x 72B)
Class jdk.internal.jimage.ImageBufferCache                                            : loaded 2 times (x 71B)
Class jdk.internal.jrtfs.JrtPath                                                      : loaded 2 times (x 118B)
Class jdk.internal.jimage.decompressor.ResourceDecompressorRepository                 : loaded 2 times (x 71B)
Class jdk.internal.jimage.ImageReader$Directory                                       : loaded 2 times (x 84B)
Class jdk.internal.jimage.decompressor.ZipDecompressorFactory                         : loaded 2 times (x 74B)
Class jdk.internal.jimage.decompressor.ZipDecompressor                                : loaded 2 times (x 75B)
Class jdk.internal.jimage.ImageStrings                                                : loaded 2 times (x 70B)
Class jdk.internal.jrtfs.JrtFileSystem                                                : loaded 2 times (x 102B)
Class jdk.internal.jimage.decompressor.CompressedResourceHeader                       : loaded 2 times (x 71B)
Class jdk.internal.jimage.decompressor.ResourceDecompressor$StringsProvider           : loaded 2 times (x 70B)

---------------  S Y S T E M  ---------------

OS:
 Windows 11 , 64 bit Build 26100 (10.0.26100.8328)
OS uptime: 3 days 5:03 hours
Hyper-V role detected

CPU: total 16 (initial active 16) (16 cores per cpu, 2 threads per core) family 23 model 104 stepping 1 microcode 0x8608108, cx8, cmov, fxsr, ht, mmx, 3dnowpref, sse, sse2, sse3, ssse3, sse4a, sse4.1, sse4.2, popcnt, lzcnt, tsc, tscinvbit, avx, avx2, aes, clmul, bmi1, bmi2, adx, sha, fma, vzeroupper, clflush, clflushopt, hv, rdtscp, rdpid, f16c
Processor Information for the first 16 processors :
  Max Mhz: 1801, Current Mhz: 1801, Mhz Limit: 1801

Memory: 4k page, system-wide physical 7514M (510M free)
TotalPageFile size 19562M (AvailPageFile size 24M)
current process WorkingSet (physical memory assigned to process): 399M, peak: 401M
current process commit charge ("private bytes"): 438M, peak: 535M

vm_info: OpenJDK 64-Bit Server VM (21.0.9+-14787801-b1163.94) for windows-amd64 JRE (21.0.9+-14787801-b1163.94), built on 2026-01-27T21:15:44Z by "builder" with MS VC++ 16.10 / 16.11 (VS2019)

END.
