#
# There is insufficient memory for the Java Runtime Environment to continue.
# Native memory allocation (malloc) failed to allocate 878256 bytes. Error detail: Chunk::new
# Possible reasons:
#   The system is out of physical RAM or swap space
#   This process is running with CompressedOops enabled, and the Java Heap may be blocking the growth of the native heap
# Possible solutions:
#   Reduce memory load on the system
#   Increase physical memory or swap space
#   Check if swap backing store is full
#   Decrease Java heap size (-Xmx/-Xms)
#   Decrease number of Java threads
#   Decrease Java thread stack sizes (-Xss)
#   Set larger code cache with -XX:ReservedCodeCacheSize=
#   JVM is running with Unscaled Compressed Oops mode in which the Java heap is
#     placed in the first 4GB address space. The Java Heap base address is the
#     maximum limit for the native heap growth. Please use -XX:HeapBaseMinAddress
#     to set the Java Heap base and to place the Java Heap above 4GB virtual address.
# This output file may be truncated or incomplete.
#
#  Out of Memory Error (arena.cpp:168), pid=27456, tid=7708
#
# JRE version: OpenJDK Runtime Environment (21.0.9) (build 21.0.9+-14787801-b1163.94)
# Java VM: OpenJDK 64-Bit Server VM (21.0.9+-14787801-b1163.94, mixed mode, tiered, compressed oops, compressed class ptrs, g1 gc, windows-amd64)
# No core dump will be written. Minidumps are not enabled by default on client versions of Windows
#

---------------  S U M M A R Y ------------

Command Line: --add-opens=java.base/java.lang=ALL-UNNAMED --add-opens=java.base/java.lang.invoke=ALL-UNNAMED --add-opens=java.base/java.util=ALL-UNNAMED --add-opens=java.prefs/java.util.prefs=ALL-UNNAMED --add-exports=jdk.compiler/com.sun.tools.javac.api=ALL-UNNAMED --add-exports=jdk.compiler/com.sun.tools.javac.util=ALL-UNNAMED --add-opens=java.base/java.util=ALL-UNNAMED --add-opens=java.prefs/java.util.prefs=ALL-UNNAMED --add-opens=java.base/java.nio.charset=ALL-UNNAMED --add-opens=java.base/java.net=ALL-UNNAMED --add-opens=java.base/java.util.concurrent=ALL-UNNAMED --add-opens=java.base/java.util.concurrent.atomic=ALL-UNNAMED --add-opens=java.xml/javax.xml.namespace=ALL-UNNAMED --add-opens=java.base/java.time=ALL-UNNAMED -Xmx2048m -Dfile.encoding=UTF-8 -Duser.country=GB -Duser.language=en -Duser.variant -javaagent:C:\Users\dasun\.gradle\wrapper\dists\gradle-9.3.1-bin\23ovyewtku6u96viwx3xl3oks\gradle-9.3.1\lib\agents\gradle-instrumentation-agent-9.3.1.jar org.gradle.launcher.daemon.bootstrap.GradleDaemon 9.3.1

Host: AMD Ryzen 7 5700U with Radeon Graphics         , 16 cores, 7G,  Windows 11 , 64 bit Build 26100 (10.0.26100.8328)
Time: Fri May 22 22:24:54 2026 Sri Lanka Standard Time elapsed time: 32.617072 seconds (0d 0h 0m 32s)

---------------  T H R E A D  ---------------

Current thread (0x000002137d0b8da0):  JavaThread "C2 CompilerThread0" daemon [_thread_in_native, id=7708, stack(0x000000edf9700000,0x000000edf9800000) (1024K)]


Current CompileTask:
C2:32618 7548   !   4       java.net.URLClassLoader$1::run (81 bytes)

Stack: [0x000000edf9700000,0x000000edf9800000]
Native frames: (J=compiled Java code, j=interpreted, Vv=VM code, C=native code)
V  [jvm.dll+0x6d6c99]
V  [jvm.dll+0x866b83]
V  [jvm.dll+0x8691ae]
V  [jvm.dll+0x869893]
V  [jvm.dll+0x280776]
V  [jvm.dll+0xc07cd]
V  [jvm.dll+0xc0d03]
V  [jvm.dll+0x2f5a10]
V  [jvm.dll+0x5ff9a9]
V  [jvm.dll+0x252572]
V  [jvm.dll+0x25292f]
V  [jvm.dll+0x24b0d5]
V  [jvm.dll+0x24892e]
V  [jvm.dll+0x1c7344]
V  [jvm.dll+0x2581ae]
V  [jvm.dll+0x2566f6]
V  [jvm.dll+0x3f48a6]
V  [jvm.dll+0x80f118]
V  [jvm.dll+0x6d54ed]
C  [ucrtbase.dll+0x37b0]
C  [KERNEL32.DLL+0x2e957]
C  [ntdll.dll+0x427c]


---------------  P R O C E S S  ---------------

Threads class SMR info:
_java_thread_list=0x0000021310fe3250, length=82, elements={
0x000002136d5b9f20, 0x000002137d067120, 0x000002137d097890, 0x000002137d0b4fe0,
0x000002137d0d4c70, 0x000002137d0d52e0, 0x000002137d0d5950, 0x000002137d0b6720,
0x000002137d0b8da0, 0x000002137d0b9660, 0x000002137d2932e0, 0x000002137d2ac890,
0x000002137d425700, 0x000002137fac3a00, 0x000002137fc77da0, 0x000002137fa61310,
0x000002137fc2cc90, 0x000002130f03eaf0, 0x000002130f017560, 0x000002137fc11640,
0x000002137fc0fc00, 0x000002137fc10290, 0x000002137fc10920, 0x000002137fc0f570,
0x000002137fc10fb0, 0x000002137fc0e1c0, 0x000002137fc0e850, 0x000002130fc59b30,
0x000002130fc594a0, 0x000002130fc5a1c0, 0x000002130fc57a60, 0x000002130fc56d40,
0x000002130fc5aee0, 0x000002130fc58780, 0x000002130fc5a850, 0x000002130fc5b570,
0x000002130fc580f0, 0x000002130fc5bc00, 0x000002130fc58e10, 0x000002130fc5dcd0,
0x000002130fc5c920, 0x000002130fc5c290, 0x000002130fc5cfb0, 0x000002130fc5d640,
0x000002130fafa820, 0x000002130faf8de0, 0x000002130fafa190, 0x000002130fafaeb0,
0x000002130faf9470, 0x000002130fafbbd0, 0x000002130fafcf80, 0x000002130fafb540,
0x000002130fafc260, 0x000002130faf9b00, 0x000002130fafdca0, 0x000002130fafe9c0,
0x000002130faffd70, 0x000002130fafd610, 0x000002130faff050, 0x000002130faff6e0,
0x000002130fb00400, 0x000002130fafe330, 0x0000021310c4ebe0, 0x0000021310c4ff90,
0x0000021310c4f270, 0x0000021310c4dec0, 0x0000021310c50cb0, 0x0000021310c50620,
0x0000021310c51340, 0x0000021310c4f900, 0x0000021310c519d0, 0x0000021310c4e550,
0x0000021310c53410, 0x0000021310c526f0, 0x0000021310c52d80, 0x0000021310c53aa0,
0x0000021310c547c0, 0x0000021310c54130, 0x0000021310c554e0, 0x0000021310c52060,
0x000002130f349710, 0x000002130fa5e080
}

Java Threads: ( => current thread )
  0x000002136d5b9f20 JavaThread "main"                              [_thread_blocked, id=1780, stack(0x000000edf8800000,0x000000edf8900000) (1024K)]
  0x000002137d067120 JavaThread "Common-Cleaner"             daemon [_thread_blocked, id=22404, stack(0x000000edf9000000,0x000000edf9100000) (1024K)]
  0x000002137d097890 JavaThread "Reference Handler"          daemon [_thread_blocked, id=22916, stack(0x000000edf9100000,0x000000edf9200000) (1024K)]
  0x000002137d0b4fe0 JavaThread "Finalizer"                  daemon [_thread_blocked, id=18780, stack(0x000000edf9200000,0x000000edf9300000) (1024K)]
  0x000002137d0d4c70 JavaThread "Signal Dispatcher"          daemon [_thread_blocked, id=29128, stack(0x000000edf9300000,0x000000edf9400000) (1024K)]
  0x000002137d0d52e0 JavaThread "Attach Listener"            daemon [_thread_blocked, id=28668, stack(0x000000edf9400000,0x000000edf9500000) (1024K)]
  0x000002137d0d5950 JavaThread "Service Thread"             daemon [_thread_blocked, id=21048, stack(0x000000edf9500000,0x000000edf9600000) (1024K)]
  0x000002137d0b6720 JavaThread "Monitor Deflation Thread"   daemon [_thread_blocked, id=22400, stack(0x000000edf9600000,0x000000edf9700000) (1024K)]
=>0x000002137d0b8da0 JavaThread "C2 CompilerThread0"         daemon [_thread_in_native, id=7708, stack(0x000000edf9700000,0x000000edf9800000) (1024K)]
  0x000002137d0b9660 JavaThread "C1 CompilerThread0"         daemon [_thread_blocked, id=17236, stack(0x000000edf9800000,0x000000edf9900000) (1024K)]
  0x000002137d2932e0 JavaThread "C1 CompilerThread1"         daemon [_thread_blocked, id=10924, stack(0x000000edf9900000,0x000000edf9a00000) (1024K)]
  0x000002137d2ac890 JavaThread "C1 CompilerThread2"         daemon [_thread_blocked, id=1744, stack(0x000000edf9a00000,0x000000edf9b00000) (1024K)]
  0x000002137d425700 JavaThread "Notification Thread"        daemon [_thread_blocked, id=23604, stack(0x000000edf9b00000,0x000000edf9c00000) (1024K)]
  0x000002137fac3a00 JavaThread "Daemon health stats"               [_thread_blocked, id=27552, stack(0x000000edfa200000,0x000000edfa300000) (1024K)]
  0x000002137fc77da0 JavaThread "Incoming local TCP Connector on port 60601"        [_thread_in_native, id=20208, stack(0x000000edfa300000,0x000000edfa400000) (1024K)]
  0x000002137fa61310 JavaThread "Daemon periodic checks"            [_thread_blocked, id=6180, stack(0x000000edfa400000,0x000000edfa500000) (1024K)]
  0x000002137fc2cc90 JavaThread "Daemon"                            [_thread_blocked, id=26412, stack(0x000000edfa500000,0x000000edfa600000) (1024K)]
  0x000002130f03eaf0 JavaThread "Handler for socket connection from /127.0.0.1:60601 to /127.0.0.1:60602"        [_thread_in_native, id=10880, stack(0x000000edfa600000,0x000000edfa700000) (1024K)]
  0x000002130f017560 JavaThread "Cancel handler"                    [_thread_blocked, id=15292, stack(0x000000edfaf00000,0x000000edfb000000) (1024K)]
  0x000002137fc11640 JavaThread "Daemon worker"                     [_thread_in_Java, id=6248, stack(0x000000edfb000000,0x000000edfb100000) (1024K)]
  0x000002137fc0fc00 JavaThread "Asynchronous log dispatcher for DefaultDaemonConnection: socket connection from /127.0.0.1:60601 to /127.0.0.1:60602"        [_thread_blocked, id=13700, stack(0x000000edfb100000,0x000000edfb200000) (1024K)]
  0x000002137fc10290 JavaThread "Stdin handler"                     [_thread_blocked, id=14388, stack(0x000000edfb200000,0x000000edfb300000) (1024K)]
  0x000002137fc10920 JavaThread "Daemon client event forwarder"        [_thread_blocked, id=26236, stack(0x000000edfb300000,0x000000edfb400000) (1024K)]
  0x000002137fc0f570 JavaThread "Cache worker for journal cache (C:\Users\dasun\.gradle\caches\journal-1)"        [_thread_blocked, id=21148, stack(0x000000edfb400000,0x000000edfb500000) (1024K)]
  0x000002137fc10fb0 JavaThread "File lock request listener"        [_thread_in_native, id=24840, stack(0x000000edfb500000,0x000000edfb600000) (1024K)]
  0x000002137fc0e1c0 JavaThread "Cache worker for file hash cache (C:\Users\dasun\.gradle\caches\9.3.1\fileHashes)"        [_thread_blocked, id=26088, stack(0x000000edfb600000,0x000000edfb700000) (1024K)]
  0x000002137fc0e850 JavaThread "File lock release action executor"        [_thread_blocked, id=15220, stack(0x000000edfb700000,0x000000edfb800000) (1024K)]
  0x000002130fc59b30 JavaThread "Cache worker for file hash cache (D:\EcoCycleConnect\.gradle\9.3.1\fileHashes)"        [_thread_blocked, id=14728, stack(0x000000edfb800000,0x000000edfb900000) (1024K)]
  0x000002130fc594a0 JavaThread "Cache worker for Build Output Cleanup Cache (D:\EcoCycleConnect\.gradle\buildOutputCleanup)"        [_thread_blocked, id=14220, stack(0x000000edfb900000,0x000000edfba00000) (1024K)]
  0x000002130fc5a1c0 JavaThread "File watcher server"        daemon [_thread_in_native, id=17900, stack(0x000000edfba00000,0x000000edfbb00000) (1024K)]
  0x000002130fc57a60 JavaThread "File watcher consumer"      daemon [_thread_blocked, id=11304, stack(0x000000edfbb00000,0x000000edfbc00000) (1024K)]
  0x000002130fc56d40 JavaThread "jar transforms"                    [_thread_blocked, id=8008, stack(0x000000edfbc00000,0x000000edfbd00000) (1024K)]
  0x000002130fc5aee0 JavaThread "jar transforms Thread 2"           [_thread_blocked, id=8868, stack(0x000000edfbd00000,0x000000edfbe00000) (1024K)]
  0x000002130fc58780 JavaThread "jar transforms Thread 3"           [_thread_blocked, id=10332, stack(0x000000edfbe00000,0x000000edfbf00000) (1024K)]
  0x000002130fc5a850 JavaThread "jar transforms Thread 4"           [_thread_blocked, id=20856, stack(0x000000edfbf00000,0x000000edfc000000) (1024K)]
  0x000002130fc5b570 JavaThread "jar transforms Thread 5"           [_thread_blocked, id=17088, stack(0x000000edfc000000,0x000000edfc100000) (1024K)]
  0x000002130fc580f0 JavaThread "jar transforms Thread 6"           [_thread_blocked, id=2864, stack(0x000000edfc100000,0x000000edfc200000) (1024K)]
  0x000002130fc5bc00 JavaThread "jar transforms Thread 7"           [_thread_blocked, id=14292, stack(0x000000edfc200000,0x000000edfc300000) (1024K)]
  0x000002130fc58e10 JavaThread "jar transforms Thread 8"           [_thread_blocked, id=10644, stack(0x000000edfc300000,0x000000edfc400000) (1024K)]
  0x000002130fc5dcd0 JavaThread "jar transforms Thread 9"           [_thread_blocked, id=11272, stack(0x000000edfc400000,0x000000edfc500000) (1024K)]
  0x000002130fc5c920 JavaThread "jar transforms Thread 10"          [_thread_blocked, id=21112, stack(0x000000edfc500000,0x000000edfc600000) (1024K)]
  0x000002130fc5c290 JavaThread "jar transforms Thread 11"          [_thread_blocked, id=26928, stack(0x000000edfc600000,0x000000edfc700000) (1024K)]
  0x000002130fc5cfb0 JavaThread "jar transforms Thread 12"          [_thread_blocked, id=25688, stack(0x000000edfc700000,0x000000edfc800000) (1024K)]
  0x000002130fc5d640 JavaThread "jar transforms Thread 13"          [_thread_blocked, id=9648, stack(0x000000edfc800000,0x000000edfc900000) (1024K)]
  0x000002130fafa820 JavaThread "jar transforms Thread 14"          [_thread_blocked, id=5816, stack(0x000000edfc900000,0x000000edfca00000) (1024K)]
  0x000002130faf8de0 JavaThread "jar transforms Thread 15"          [_thread_blocked, id=27372, stack(0x000000edfca00000,0x000000edfcb00000) (1024K)]
  0x000002130fafa190 JavaThread "jar transforms Thread 16"          [_thread_blocked, id=25704, stack(0x000000edfcb00000,0x000000edfcc00000) (1024K)]
  0x000002130fafaeb0 JavaThread "Cache worker for checksums cache (D:\EcoCycleConnect\.gradle\9.3.1\checksums)"        [_thread_blocked, id=23880, stack(0x000000edfcc00000,0x000000edfcd00000) (1024K)]
  0x000002130faf9470 JavaThread "Cache worker for file content cache (C:\Users\dasun\.gradle\caches\9.3.1\fileContent)"        [_thread_blocked, id=11268, stack(0x000000edfcd00000,0x000000edfce00000) (1024K)]
  0x000002130fafbbd0 JavaThread "Cache worker for cache directory md-supplier (C:\Users\dasun\.gradle\caches\9.3.1\md-supplier)"        [_thread_blocked, id=19936, stack(0x000000edfce00000,0x000000edfcf00000) (1024K)]
  0x000002130fafcf80 JavaThread "Cache worker for cache directory md-rule (C:\Users\dasun\.gradle\caches\9.3.1\md-rule)"        [_thread_blocked, id=26844, stack(0x000000edfcf00000,0x000000edfd000000) (1024K)]
  0x000002130fafb540 JavaThread "Unconstrained build operations"        [_thread_blocked, id=23852, stack(0x000000edfd000000,0x000000edfd100000) (1024K)]
  0x000002130fafc260 JavaThread "Unconstrained build operations Thread 2"        [_thread_blocked, id=7908, stack(0x000000edfd100000,0x000000edfd200000) (1024K)]
  0x000002130faf9b00 JavaThread "Unconstrained build operations Thread 3"        [_thread_blocked, id=27252, stack(0x000000edfd200000,0x000000edfd300000) (1024K)]
  0x000002130fafdca0 JavaThread "Unconstrained build operations Thread 4"        [_thread_blocked, id=24788, stack(0x000000edfd300000,0x000000edfd400000) (1024K)]
  0x000002130fafe9c0 JavaThread "Unconstrained build operations Thread 5"        [_thread_blocked, id=25676, stack(0x000000edfd500000,0x000000edfd600000) (1024K)]
  0x000002130faffd70 JavaThread "Unconstrained build operations Thread 6"        [_thread_blocked, id=21452, stack(0x000000edfd600000,0x000000edfd700000) (1024K)]
  0x000002130fafd610 JavaThread "Unconstrained build operations Thread 7"        [_thread_blocked, id=28188, stack(0x000000edfd700000,0x000000edfd800000) (1024K)]
  0x000002130faff050 JavaThread "Unconstrained build operations Thread 8"        [_thread_blocked, id=28116, stack(0x000000edfd800000,0x000000edfd900000) (1024K)]
  0x000002130faff6e0 JavaThread "Unconstrained build operations Thread 9"        [_thread_blocked, id=8824, stack(0x000000edfd900000,0x000000edfda00000) (1024K)]
  0x000002130fb00400 JavaThread "Unconstrained build operations Thread 10"        [_thread_blocked, id=26736, stack(0x000000edfda00000,0x000000edfdb00000) (1024K)]
  0x000002130fafe330 JavaThread "Unconstrained build operations Thread 11"        [_thread_blocked, id=20616, stack(0x000000edfdb00000,0x000000edfdc00000) (1024K)]
  0x0000021310c4ebe0 JavaThread "Unconstrained build operations Thread 12"        [_thread_blocked, id=9836, stack(0x000000edfdc00000,0x000000edfdd00000) (1024K)]
  0x0000021310c4ff90 JavaThread "Unconstrained build operations Thread 13"        [_thread_blocked, id=14792, stack(0x000000edfdd00000,0x000000edfde00000) (1024K)]
  0x0000021310c4f270 JavaThread "Unconstrained build operations Thread 14"        [_thread_blocked, id=24912, stack(0x000000edfde00000,0x000000edfdf00000) (1024K)]
  0x0000021310c4dec0 JavaThread "Unconstrained build operations Thread 15"        [_thread_blocked, id=1536, stack(0x000000edfdf00000,0x000000edfe000000) (1024K)]
  0x0000021310c50cb0 JavaThread "Unconstrained build operations Thread 16"        [_thread_blocked, id=12480, stack(0x000000edfe000000,0x000000edfe100000) (1024K)]
  0x0000021310c50620 JavaThread "Unconstrained build operations Thread 17"        [_thread_blocked, id=3028, stack(0x000000edfe100000,0x000000edfe200000) (1024K)]
  0x0000021310c51340 JavaThread "Unconstrained build operations Thread 18"        [_thread_blocked, id=3504, stack(0x000000edfe200000,0x000000edfe300000) (1024K)]
  0x0000021310c4f900 JavaThread "Unconstrained build operations Thread 19"        [_thread_blocked, id=25504, stack(0x000000edfe300000,0x000000edfe400000) (1024K)]
  0x0000021310c519d0 JavaThread "Unconstrained build operations Thread 20"        [_thread_blocked, id=14056, stack(0x000000edfe400000,0x000000edfe500000) (1024K)]
  0x0000021310c4e550 JavaThread "Unconstrained build operations Thread 21"        [_thread_blocked, id=6768, stack(0x000000edfe500000,0x000000edfe600000) (1024K)]
  0x0000021310c53410 JavaThread "Unconstrained build operations Thread 22"        [_thread_blocked, id=13608, stack(0x000000edfe600000,0x000000edfe700000) (1024K)]
  0x0000021310c526f0 JavaThread "Unconstrained build operations Thread 23"        [_thread_blocked, id=5916, stack(0x000000edfe700000,0x000000edfe800000) (1024K)]
  0x0000021310c52d80 JavaThread "Unconstrained build operations Thread 24"        [_thread_blocked, id=19144, stack(0x000000edfe800000,0x000000edfe900000) (1024K)]
  0x0000021310c53aa0 JavaThread "Unconstrained build operations Thread 25"        [_thread_blocked, id=4684, stack(0x000000edfe900000,0x000000edfea00000) (1024K)]
  0x0000021310c547c0 JavaThread "Unconstrained build operations Thread 26"        [_thread_blocked, id=29352, stack(0x000000edfea00000,0x000000edfeb00000) (1024K)]
  0x0000021310c54130 JavaThread "Unconstrained build operations Thread 27"        [_thread_blocked, id=20368, stack(0x000000edfeb00000,0x000000edfec00000) (1024K)]
  0x0000021310c554e0 JavaThread "Unconstrained build operations Thread 28"        [_thread_blocked, id=26700, stack(0x000000edfec00000,0x000000edfed00000) (1024K)]
  0x0000021310c52060 JavaThread "Unconstrained build operations Thread 29"        [_thread_blocked, id=10496, stack(0x000000edfed00000,0x000000edfee00000) (1024K)]
  0x000002130f349710 JavaThread "Unconstrained build operations Thread 30"        [_thread_blocked, id=29684, stack(0x000000edfee00000,0x000000edfef00000) (1024K)]
  0x000002130fa5e080 JavaThread "C2 CompilerThread1"         daemon [_thread_in_native, id=23004, stack(0x000000edfd400000,0x000000edfd500000) (1024K)]
Total: 82

Other Threads:
  0x0000021378bfeb90 VMThread "VM Thread"                           [id=23868, stack(0x000000edf8f00000,0x000000edf9000000) (1024K)]
  0x0000021378ba88e0 WatcherThread "VM Periodic Task Thread"        [id=24404, stack(0x000000edf8e00000,0x000000edf8f00000) (1024K)]
  0x000002136f9c8390 WorkerThread "GC Thread#0"                     [id=14672, stack(0x000000edf8900000,0x000000edf8a00000) (1024K)]
  0x000002137d6c4010 WorkerThread "GC Thread#1"                     [id=3524, stack(0x000000edf9c00000,0x000000edf9d00000) (1024K)]
  0x000002137d999ba0 WorkerThread "GC Thread#2"                     [id=8836, stack(0x000000edf9d00000,0x000000edf9e00000) (1024K)]
  0x000002137dff4350 WorkerThread "GC Thread#3"                     [id=23052, stack(0x000000edf9e00000,0x000000edf9f00000) (1024K)]
  0x000002137e06b050 WorkerThread "GC Thread#4"                     [id=17324, stack(0x000000edf9f00000,0x000000edfa000000) (1024K)]
  0x000002137fa0c320 WorkerThread "GC Thread#5"                     [id=29560, stack(0x000000edfa000000,0x000000edfa100000) (1024K)]
  0x000002137fa0c6c0 WorkerThread "GC Thread#6"                     [id=14676, stack(0x000000edfa100000,0x000000edfa200000) (1024K)]
  0x000002137fc9a550 WorkerThread "GC Thread#7"                     [id=4596, stack(0x000000edfa700000,0x000000edfa800000) (1024K)]
  0x000002137fc99a70 WorkerThread "GC Thread#8"                     [id=13588, stack(0x000000edfa800000,0x000000edfa900000) (1024K)]
  0x000002137fc99e10 WorkerThread "GC Thread#9"                     [id=14208, stack(0x000000edfa900000,0x000000edfaa00000) (1024K)]
  0x000002137fc9a1b0 WorkerThread "GC Thread#10"                    [id=22644, stack(0x000000edfaa00000,0x000000edfab00000) (1024K)]
  0x000002137fc9a8f0 WorkerThread "GC Thread#11"                    [id=28332, stack(0x000000edfab00000,0x000000edfac00000) (1024K)]
  0x000002137fc9ac90 WorkerThread "GC Thread#12"                    [id=14092, stack(0x000000edfac00000,0x000000edfad00000) (1024K)]
  0x000002136f9d9280 ConcurrentGCThread "G1 Main Marker"            [id=17644, stack(0x000000edf8a00000,0x000000edf8b00000) (1024K)]
  0x000002136f9daad0 WorkerThread "G1 Conc#0"                       [id=14320, stack(0x000000edf8b00000,0x000000edf8c00000) (1024K)]
  0x000002137fc9b030 WorkerThread "G1 Conc#1"                       [id=5548, stack(0x000000edfad00000,0x000000edfae00000) (1024K)]
  0x000002130f069900 WorkerThread "G1 Conc#2"                       [id=21348, stack(0x000000edfae00000,0x000000edfaf00000) (1024K)]
  0x0000021378a72740 ConcurrentGCThread "G1 Refine#0"               [id=24748, stack(0x000000edf8c00000,0x000000edf8d00000) (1024K)]
  0x0000021378a74070 ConcurrentGCThread "G1 Service"                [id=1880, stack(0x000000edf8d00000,0x000000edf8e00000) (1024K)]
Total: 21

Threads with active compile tasks:
C2 CompilerThread0  32658 7548   !   4       java.net.URLClassLoader$1::run (81 bytes)
C1 CompilerThread1  33671 7594       3       org.gradle.internal.snapshot.DirectorySnapshot::<init> (41 bytes)
C1 CompilerThread2  33671 7595       3       java.util.ComparableTimSort::reverseRange (32 bytes)
C2 CompilerThread1  33671 7579       4       org.objectweb.asm.MethodWriter::visitMethodInsn (191 bytes)
Total: 4

VM state: synchronizing (normal execution)

VM Mutex/Monitor currently owned by a thread:  ([mutex/lock_event])
[0x00007ff994358690] Threads_lock - owner thread: 0x0000021378bfeb90

Heap address: 0x0000000080000000, size: 2048 MB, Compressed Oops mode: 32-bit

CDS archive(s) not mapped
Compressed class space mapped at: 0x0000000100000000-0x0000000140000000, reserved size: 1073741824
Narrow klass base: 0x0000000000000000, Narrow klass shift: 3, Narrow klass range: 0x140000000

GC Precious Log:
 CardTable entry size: 512
 Card Set container configuration: InlinePtr #cards 5 size 8 Array Of Cards #cards 12 size 40 Howl #buckets 4 coarsen threshold 1843 Howl Bitmap #cards 512 size 80 coarsen threshold 460 Card regions per heap region 1 cards per card region 2048
 CPUs: 16 total, 16 available
 Memory: 7514M
 Large Page Support: Disabled
 NUMA Support: Disabled
 Compressed Oops: Enabled (32-bit)
 Heap Region Size: 1M
 Heap Min Capacity: 8M
 Heap Initial Capacity: 118M
 Heap Max Capacity: 2G
 Pre-touch: Disabled
 Parallel Workers: 13
 Concurrent Workers: 3
 Concurrent Refinement Workers: 13
 Periodic GC: Disabled

Heap:
 garbage-first heap   total 126976K, used 102488K [0x0000000080000000, 0x0000000100000000)
  region size 1024K, 31 young (31744K), 5 survivors (5120K)
 Metaspace       used 72559K, committed 74432K, reserved 1114112K
  class space    used 10411K, committed 11328K, reserved 1048576K

Heap Regions: E=young(eden), S=young(survivor), O=old, HS=humongous(starts), HC=humongous(continues), CS=collection set, F=free, TAMS=top-at-mark-start, PB=parsable bottom
|   0|0x0000000080000000, 0x0000000080100000, 0x0000000080100000|100%|HS|  |TAMS 0x0000000080000000| PB 0x0000000080000000| Complete 
|   1|0x0000000080100000, 0x0000000080200000, 0x0000000080200000|100%|HC|  |TAMS 0x0000000080100000| PB 0x0000000080100000| Complete 
|   2|0x0000000080200000, 0x0000000080300000, 0x0000000080300000|100%|HC|  |TAMS 0x0000000080200000| PB 0x0000000080200000| Complete 
|   3|0x0000000080300000, 0x0000000080400000, 0x0000000080400000|100%|HC|  |TAMS 0x0000000080300000| PB 0x0000000080300000| Complete 
|   4|0x0000000080400000, 0x0000000080500000, 0x0000000080500000|100%| O|  |TAMS 0x0000000080400000| PB 0x0000000080400000| Untracked 
|   5|0x0000000080500000, 0x0000000080600000, 0x0000000080600000|100%| O|  |TAMS 0x0000000080500000| PB 0x0000000080500000| Untracked 
|   6|0x0000000080600000, 0x0000000080700000, 0x0000000080700000|100%| O|  |TAMS 0x0000000080600000| PB 0x0000000080600000| Untracked 
|   7|0x0000000080700000, 0x0000000080800000, 0x0000000080800000|100%|HS|  |TAMS 0x0000000080700000| PB 0x0000000080700000| Complete 
|   8|0x0000000080800000, 0x0000000080900000, 0x0000000080900000|100%| O|  |TAMS 0x0000000080800000| PB 0x0000000080800000| Untracked 
|   9|0x0000000080900000, 0x0000000080a00000, 0x0000000080a00000|100%| O|  |TAMS 0x0000000080900000| PB 0x0000000080900000| Untracked 
|  10|0x0000000080a00000, 0x0000000080b00000, 0x0000000080b00000|100%| O|  |TAMS 0x0000000080a00000| PB 0x0000000080a00000| Untracked 
|  11|0x0000000080b00000, 0x0000000080c00000, 0x0000000080c00000|100%| O|  |TAMS 0x0000000080b00000| PB 0x0000000080b00000| Untracked 
|  12|0x0000000080c00000, 0x0000000080d00000, 0x0000000080d00000|100%| O|  |TAMS 0x0000000080c00000| PB 0x0000000080c00000| Untracked 
|  13|0x0000000080d00000, 0x0000000080e00000, 0x0000000080e00000|100%| O|  |TAMS 0x0000000080d00000| PB 0x0000000080d00000| Untracked 
|  14|0x0000000080e00000, 0x0000000080f00000, 0x0000000080f00000|100%| O|  |TAMS 0x0000000080e00000| PB 0x0000000080e00000| Untracked 
|  15|0x0000000080f00000, 0x0000000081000000, 0x0000000081000000|100%| O|  |TAMS 0x0000000080f00000| PB 0x0000000080f00000| Untracked 
|  16|0x0000000081000000, 0x0000000081100000, 0x0000000081100000|100%| O|  |TAMS 0x0000000081000000| PB 0x0000000081000000| Untracked 
|  17|0x0000000081100000, 0x0000000081200000, 0x0000000081200000|100%| O|  |TAMS 0x0000000081100000| PB 0x0000000081100000| Untracked 
|  18|0x0000000081200000, 0x0000000081300000, 0x0000000081300000|100%| O|  |TAMS 0x0000000081200000| PB 0x0000000081200000| Untracked 
|  19|0x0000000081300000, 0x0000000081400000, 0x0000000081400000|100%| O|  |TAMS 0x0000000081300000| PB 0x0000000081300000| Untracked 
|  20|0x0000000081400000, 0x0000000081500000, 0x0000000081500000|100%| O|  |TAMS 0x0000000081400000| PB 0x0000000081400000| Untracked 
|  21|0x0000000081500000, 0x0000000081600000, 0x0000000081600000|100%| O|  |TAMS 0x0000000081500000| PB 0x0000000081500000| Untracked 
|  22|0x0000000081600000, 0x0000000081700000, 0x0000000081700000|100%| O|  |TAMS 0x0000000081600000| PB 0x0000000081600000| Untracked 
|  23|0x0000000081700000, 0x0000000081800000, 0x0000000081800000|100%| O|  |TAMS 0x0000000081700000| PB 0x0000000081700000| Untracked 
|  24|0x0000000081800000, 0x0000000081900000, 0x0000000081900000|100%|HS|  |TAMS 0x0000000081800000| PB 0x0000000081800000| Complete 
|  25|0x0000000081900000, 0x0000000081a00000, 0x0000000081a00000|100%|HC|  |TAMS 0x0000000081900000| PB 0x0000000081900000| Complete 
|  26|0x0000000081a00000, 0x0000000081b00000, 0x0000000081b00000|100%|HC|  |TAMS 0x0000000081a00000| PB 0x0000000081a00000| Complete 
|  27|0x0000000081b00000, 0x0000000081c00000, 0x0000000081c00000|100%|HC|  |TAMS 0x0000000081b00000| PB 0x0000000081b00000| Complete 
|  28|0x0000000081c00000, 0x0000000081d00000, 0x0000000081d00000|100%|HC|  |TAMS 0x0000000081c00000| PB 0x0000000081c00000| Complete 
|  29|0x0000000081d00000, 0x0000000081e00000, 0x0000000081e00000|100%|HC|  |TAMS 0x0000000081d00000| PB 0x0000000081d00000| Complete 
|  30|0x0000000081e00000, 0x0000000081f00000, 0x0000000081f00000|100%|HS|  |TAMS 0x0000000081e00000| PB 0x0000000081e00000| Complete 
|  31|0x0000000081f00000, 0x0000000082000000, 0x0000000082000000|100%|HC|  |TAMS 0x0000000081f00000| PB 0x0000000081f00000| Complete 
|  32|0x0000000082000000, 0x0000000082100000, 0x0000000082100000|100%|HS|  |TAMS 0x0000000082000000| PB 0x0000000082000000| Complete 
|  33|0x0000000082100000, 0x0000000082200000, 0x0000000082200000|100%|HS|  |TAMS 0x0000000082100000| PB 0x0000000082100000| Complete 
|  34|0x0000000082200000, 0x0000000082300000, 0x0000000082300000|100%|HC|  |TAMS 0x0000000082200000| PB 0x0000000082200000| Complete 
|  35|0x0000000082300000, 0x0000000082400000, 0x0000000082400000|100%|HC|  |TAMS 0x0000000082300000| PB 0x0000000082300000| Complete 
|  36|0x0000000082400000, 0x0000000082500000, 0x0000000082500000|100%|HC|  |TAMS 0x0000000082400000| PB 0x0000000082400000| Complete 
|  37|0x0000000082500000, 0x0000000082600000, 0x0000000082600000|100%|HC|  |TAMS 0x0000000082500000| PB 0x0000000082500000| Complete 
|  38|0x0000000082600000, 0x0000000082700000, 0x0000000082700000|100%|HC|  |TAMS 0x0000000082600000| PB 0x0000000082600000| Complete 
|  39|0x0000000082700000, 0x0000000082800000, 0x0000000082800000|100%|HS|  |TAMS 0x0000000082700000| PB 0x0000000082700000| Complete 
|  40|0x0000000082800000, 0x0000000082900000, 0x0000000082900000|100%| O|  |TAMS 0x0000000082800000| PB 0x0000000082800000| Untracked 
|  41|0x0000000082900000, 0x0000000082a00000, 0x0000000082a00000|100%| O|  |TAMS 0x0000000082900000| PB 0x0000000082900000| Untracked 
|  42|0x0000000082a00000, 0x0000000082b00000, 0x0000000082b00000|100%| O|  |TAMS 0x0000000082a00000| PB 0x0000000082a00000| Untracked 
|  43|0x0000000082b00000, 0x0000000082c00000, 0x0000000082c00000|100%| O|  |TAMS 0x0000000082b00000| PB 0x0000000082b00000| Untracked 
|  44|0x0000000082c00000, 0x0000000082d00000, 0x0000000082d00000|100%| O|  |TAMS 0x0000000082c00000| PB 0x0000000082c00000| Untracked 
|  45|0x0000000082d00000, 0x0000000082e00000, 0x0000000082e00000|100%| O|  |TAMS 0x0000000082d00000| PB 0x0000000082d00000| Untracked 
|  46|0x0000000082e00000, 0x0000000082f00000, 0x0000000082f00000|100%| O|  |TAMS 0x0000000082e00000| PB 0x0000000082e00000| Untracked 
|  47|0x0000000082f00000, 0x0000000082f00000, 0x0000000083000000|  0%| F|  |TAMS 0x0000000082f00000| PB 0x0000000082f00000| Untracked 
|  48|0x0000000083000000, 0x0000000083100000, 0x0000000083100000|100%| O|  |TAMS 0x0000000083000000| PB 0x0000000083000000| Untracked 
|  49|0x0000000083100000, 0x0000000083200000, 0x0000000083200000|100%| O|  |TAMS 0x0000000083100000| PB 0x0000000083100000| Untracked 
|  50|0x0000000083200000, 0x0000000083300000, 0x0000000083300000|100%| O|  |TAMS 0x0000000083200000| PB 0x0000000083200000| Untracked 
|  51|0x0000000083300000, 0x0000000083400000, 0x0000000083400000|100%| O|  |TAMS 0x0000000083300000| PB 0x0000000083300000| Untracked 
|  52|0x0000000083400000, 0x0000000083500000, 0x0000000083500000|100%| O|Cm|TAMS 0x0000000083400000| PB 0x0000000083400000| Complete 
|  53|0x0000000083500000, 0x0000000083600000, 0x0000000083600000|100%|HS|  |TAMS 0x0000000083500000| PB 0x0000000083500000| Complete 
|  54|0x0000000083600000, 0x0000000083700000, 0x0000000083700000|100%|HC|  |TAMS 0x0000000083600000| PB 0x0000000083600000| Complete 
|  55|0x0000000083700000, 0x0000000083800000, 0x0000000083800000|100%| O|  |TAMS 0x0000000083700000| PB 0x0000000083700000| Untracked 
|  56|0x0000000083800000, 0x0000000083900000, 0x0000000083900000|100%| O|  |TAMS 0x0000000083800000| PB 0x0000000083800000| Untracked 
|  57|0x0000000083900000, 0x0000000083a00000, 0x0000000083a00000|100%| O|  |TAMS 0x0000000083900000| PB 0x0000000083900000| Untracked 
|  58|0x0000000083a00000, 0x0000000083b00000, 0x0000000083b00000|100%| O|  |TAMS 0x0000000083a00000| PB 0x0000000083a00000| Untracked 
|  59|0x0000000083b00000, 0x0000000083c00000, 0x0000000083c00000|100%| O|Cm|TAMS 0x0000000083b00000| PB 0x0000000083b00000| Complete 
|  60|0x0000000083c00000, 0x0000000083d00000, 0x0000000083d00000|100%| O|  |TAMS 0x0000000083c00000| PB 0x0000000083c00000| Untracked 
|  61|0x0000000083d00000, 0x0000000083e00000, 0x0000000083e00000|100%| O|  |TAMS 0x0000000083d00000| PB 0x0000000083d00000| Untracked 
|  62|0x0000000083e00000, 0x0000000083e00000, 0x0000000083f00000|  0%| F|  |TAMS 0x0000000083e00000| PB 0x0000000083e00000| Untracked 
|  63|0x0000000083f00000, 0x0000000083f00000, 0x0000000084000000|  0%| F|  |TAMS 0x0000000083f00000| PB 0x0000000083f00000| Untracked 
|  64|0x0000000084000000, 0x0000000084000000, 0x0000000084100000|  0%| F|  |TAMS 0x0000000084000000| PB 0x0000000084000000| Untracked 
|  65|0x0000000084100000, 0x0000000084100000, 0x0000000084200000|  0%| F|  |TAMS 0x0000000084100000| PB 0x0000000084100000| Untracked 
|  66|0x0000000084200000, 0x0000000084200000, 0x0000000084300000|  0%| F|  |TAMS 0x0000000084200000| PB 0x0000000084200000| Untracked 
|  67|0x0000000084300000, 0x00000000843d52f8, 0x0000000084400000| 83%| S|CS|TAMS 0x0000000084300000| PB 0x0000000084300000| Complete 
|  68|0x0000000084400000, 0x0000000084500000, 0x0000000084500000|100%| S|CS|TAMS 0x0000000084400000| PB 0x0000000084400000| Complete 
|  69|0x0000000084500000, 0x0000000084600000, 0x0000000084600000|100%| O|  |TAMS 0x0000000084500000| PB 0x0000000084500000| Untracked 
|  70|0x0000000084600000, 0x0000000084700000, 0x0000000084700000|100%| O|  |TAMS 0x0000000084600000| PB 0x0000000084600000| Untracked 
|  71|0x0000000084700000, 0x0000000084800000, 0x0000000084800000|100%| O|  |TAMS 0x0000000084700000| PB 0x0000000084700000| Untracked 
|  72|0x0000000084800000, 0x0000000084900000, 0x0000000084900000|100%| O|  |TAMS 0x0000000084800000| PB 0x0000000084800000| Untracked 
|  73|0x0000000084900000, 0x0000000084a00000, 0x0000000084a00000|100%| O|  |TAMS 0x0000000084900000| PB 0x0000000084900000| Untracked 
|  74|0x0000000084a00000, 0x0000000084a40d50, 0x0000000084b00000| 25%| O|  |TAMS 0x0000000084a00000| PB 0x0000000084a00000| Untracked 
|  75|0x0000000084b00000, 0x0000000084c00000, 0x0000000084c00000|100%|HS|  |TAMS 0x0000000084b00000| PB 0x0000000084b00000| Complete 
|  76|0x0000000084c00000, 0x0000000084d00000, 0x0000000084d00000|100%|HC|  |TAMS 0x0000000084c00000| PB 0x0000000084c00000| Complete 
|  77|0x0000000084d00000, 0x0000000084d00000, 0x0000000084e00000|  0%| F|  |TAMS 0x0000000084d00000| PB 0x0000000084d00000| Untracked 
|  78|0x0000000084e00000, 0x0000000084e00000, 0x0000000084f00000|  0%| F|  |TAMS 0x0000000084e00000| PB 0x0000000084e00000| Untracked 
|  79|0x0000000084f00000, 0x0000000084f00000, 0x0000000085000000|  0%| F|  |TAMS 0x0000000084f00000| PB 0x0000000084f00000| Untracked 
|  80|0x0000000085000000, 0x0000000085100000, 0x0000000085100000|100%| S|CS|TAMS 0x0000000085000000| PB 0x0000000085000000| Complete 
|  81|0x0000000085100000, 0x0000000085200000, 0x0000000085200000|100%| S|CS|TAMS 0x0000000085100000| PB 0x0000000085100000| Complete 
|  82|0x0000000085200000, 0x0000000085300000, 0x0000000085300000|100%| S|CS|TAMS 0x0000000085200000| PB 0x0000000085200000| Complete 
|  83|0x0000000085300000, 0x0000000085300000, 0x0000000085400000|  0%| F|  |TAMS 0x0000000085300000| PB 0x0000000085300000| Untracked 
|  84|0x0000000085400000, 0x0000000085400000, 0x0000000085500000|  0%| F|  |TAMS 0x0000000085400000| PB 0x0000000085400000| Untracked 
|  85|0x0000000085500000, 0x0000000085500000, 0x0000000085600000|  0%| F|  |TAMS 0x0000000085500000| PB 0x0000000085500000| Untracked 
|  86|0x0000000085600000, 0x0000000085600000, 0x0000000085700000|  0%| F|  |TAMS 0x0000000085600000| PB 0x0000000085600000| Untracked 
|  87|0x0000000085700000, 0x0000000085700000, 0x0000000085800000|  0%| F|  |TAMS 0x0000000085700000| PB 0x0000000085700000| Untracked 
|  88|0x0000000085800000, 0x0000000085800000, 0x0000000085900000|  0%| F|  |TAMS 0x0000000085800000| PB 0x0000000085800000| Untracked 
|  89|0x0000000085900000, 0x0000000085900000, 0x0000000085a00000|  0%| F|  |TAMS 0x0000000085900000| PB 0x0000000085900000| Untracked 
|  90|0x0000000085a00000, 0x0000000085a00000, 0x0000000085b00000|  0%| F|  |TAMS 0x0000000085a00000| PB 0x0000000085a00000| Untracked 
|  91|0x0000000085b00000, 0x0000000085b00000, 0x0000000085c00000|  0%| F|  |TAMS 0x0000000085b00000| PB 0x0000000085b00000| Untracked 
|  92|0x0000000085c00000, 0x0000000085c00000, 0x0000000085d00000|  0%| F|  |TAMS 0x0000000085c00000| PB 0x0000000085c00000| Untracked 
|  93|0x0000000085d00000, 0x0000000085d00000, 0x0000000085e00000|  0%| F|  |TAMS 0x0000000085d00000| PB 0x0000000085d00000| Untracked 
|  94|0x0000000085e00000, 0x0000000085e00000, 0x0000000085f00000|  0%| F|  |TAMS 0x0000000085e00000| PB 0x0000000085e00000| Untracked 
|  95|0x0000000085f00000, 0x0000000085f00000, 0x0000000086000000|  0%| F|  |TAMS 0x0000000085f00000| PB 0x0000000085f00000| Untracked 
|  96|0x0000000086000000, 0x000000008609f318, 0x0000000086100000| 62%| E|  |TAMS 0x0000000086000000| PB 0x0000000086000000| Complete 
|  97|0x0000000086100000, 0x0000000086200000, 0x0000000086200000|100%| E|CS|TAMS 0x0000000086100000| PB 0x0000000086100000| Complete 
|  98|0x0000000086200000, 0x0000000086300000, 0x0000000086300000|100%| E|CS|TAMS 0x0000000086200000| PB 0x0000000086200000| Complete 
|  99|0x0000000086300000, 0x0000000086400000, 0x0000000086400000|100%| E|CS|TAMS 0x0000000086300000| PB 0x0000000086300000| Complete 
| 100|0x0000000086400000, 0x0000000086500000, 0x0000000086500000|100%| E|CS|TAMS 0x0000000086400000| PB 0x0000000086400000| Complete 
| 101|0x0000000086500000, 0x0000000086600000, 0x0000000086600000|100%| E|CS|TAMS 0x0000000086500000| PB 0x0000000086500000| Complete 
| 102|0x0000000086600000, 0x0000000086700000, 0x0000000086700000|100%| E|CS|TAMS 0x0000000086600000| PB 0x0000000086600000| Complete 
| 103|0x0000000086700000, 0x0000000086800000, 0x0000000086800000|100%| E|CS|TAMS 0x0000000086700000| PB 0x0000000086700000| Complete 
| 104|0x0000000086800000, 0x0000000086900000, 0x0000000086900000|100%| E|CS|TAMS 0x0000000086800000| PB 0x0000000086800000| Complete 
| 105|0x0000000086900000, 0x0000000086a00000, 0x0000000086a00000|100%| E|CS|TAMS 0x0000000086900000| PB 0x0000000086900000| Complete 
| 106|0x0000000086a00000, 0x0000000086b00000, 0x0000000086b00000|100%| E|CS|TAMS 0x0000000086a00000| PB 0x0000000086a00000| Complete 
| 107|0x0000000086b00000, 0x0000000086c00000, 0x0000000086c00000|100%| E|CS|TAMS 0x0000000086b00000| PB 0x0000000086b00000| Complete 
| 108|0x0000000086c00000, 0x0000000086d00000, 0x0000000086d00000|100%| E|CS|TAMS 0x0000000086c00000| PB 0x0000000086c00000| Complete 
| 109|0x0000000086d00000, 0x0000000086e00000, 0x0000000086e00000|100%| E|CS|TAMS 0x0000000086d00000| PB 0x0000000086d00000| Complete 
| 110|0x0000000086e00000, 0x0000000086f00000, 0x0000000086f00000|100%| E|CS|TAMS 0x0000000086e00000| PB 0x0000000086e00000| Complete 
| 111|0x0000000086f00000, 0x0000000087000000, 0x0000000087000000|100%| E|CS|TAMS 0x0000000086f00000| PB 0x0000000086f00000| Complete 
| 112|0x0000000087000000, 0x0000000087100000, 0x0000000087100000|100%| E|CS|TAMS 0x0000000087000000| PB 0x0000000087000000| Complete 
| 113|0x0000000087100000, 0x0000000087200000, 0x0000000087200000|100%| E|CS|TAMS 0x0000000087100000| PB 0x0000000087100000| Complete 
| 114|0x0000000087200000, 0x0000000087300000, 0x0000000087300000|100%| E|CS|TAMS 0x0000000087200000| PB 0x0000000087200000| Complete 
| 115|0x0000000087300000, 0x0000000087400000, 0x0000000087400000|100%| E|CS|TAMS 0x0000000087300000| PB 0x0000000087300000| Complete 
| 116|0x0000000087400000, 0x0000000087500000, 0x0000000087500000|100%| E|CS|TAMS 0x0000000087400000| PB 0x0000000087400000| Complete 
| 117|0x0000000087500000, 0x0000000087600000, 0x0000000087600000|100%| E|CS|TAMS 0x0000000087500000| PB 0x0000000087500000| Complete 
| 118|0x0000000087600000, 0x0000000087700000, 0x0000000087700000|100%| E|CS|TAMS 0x0000000087600000| PB 0x0000000087600000| Complete 
| 119|0x0000000087700000, 0x0000000087800000, 0x0000000087800000|100%| E|CS|TAMS 0x0000000087700000| PB 0x0000000087700000| Complete 
| 120|0x0000000087800000, 0x0000000087900000, 0x0000000087900000|100%| E|CS|TAMS 0x0000000087800000| PB 0x0000000087800000| Complete 
| 121|0x0000000087900000, 0x0000000087a00000, 0x0000000087a00000|100%| E|CS|TAMS 0x0000000087900000| PB 0x0000000087900000| Complete 
|2046|0x00000000ffe00000, 0x00000000fff00000, 0x00000000fff00000|100%| O|  |TAMS 0x00000000ffe00000| PB 0x00000000ffe00000| Untracked 
|2047|0x00000000fff00000, 0x0000000100000000, 0x0000000100000000|100%| O|  |TAMS 0x00000000fff00000| PB 0x00000000fff00000| Untracked 

Card table byte_map: [0x0000021373750000,0x0000021373b50000] _byte_map_base: 0x0000021373350000

Marking Bits: (CMBitMap*) 0x000002136f9c89a0
 Bits: [0x0000021373b50000, 0x0000021375b50000)

Polling page: 0x000002136d570000

Metaspace:

Usage:
  Non-class:     60.69 MB used.
      Class:     10.17 MB used.
       Both:     70.86 MB used.

Virtual space:
  Non-class space:       64.00 MB reserved,      61.62 MB ( 96%) committed,  1 nodes.
      Class space:        1.00 GB reserved,      11.06 MB (  1%) committed,  1 nodes.
             Both:        1.06 GB reserved,      72.69 MB (  7%) committed. 

Chunk freelists:
   Non-Class:  1.45 MB
       Class:  4.90 MB
        Both:  6.35 MB

MaxMetaspaceSize: unlimited
CompressedClassSpaceSize: 1.00 GB
Initial GC threshold: 21.00 MB
Current GC threshold: 109.00 MB
CDS: off
 - commit_granule_bytes: 65536.
 - commit_granule_words: 8192.
 - virtual_space_node_default_size: 8388608.
 - enlarge_chunks_in_place: 1.
 - use_allocation_guard: 0.


Internal statistics:

num_allocs_failed_limit: 9.
num_arena_births: 3648.
num_arena_deaths: 0.
num_vsnodes_births: 2.
num_vsnodes_deaths: 0.
num_space_committed: 1163.
num_space_uncommitted: 0.
num_chunks_returned_to_freelist: 9.
num_chunks_taken_from_freelist: 6835.
num_chunk_merges: 6.
num_chunk_splits: 4384.
num_chunks_enlarged: 2611.
num_inconsistent_stats: 0.

CodeHeap 'non-profiled nmethods': size=119168Kb used=3574Kb max_used=3973Kb free=115594Kb
 bounds [0x0000021307ba0000, 0x0000021307f90000, 0x000002130f000000]
CodeHeap 'profiled nmethods': size=119104Kb used=12677Kb max_used=12740Kb free=106427Kb
 bounds [0x0000021300000000, 0x0000021300c80000, 0x0000021307450000]
CodeHeap 'non-nmethods': size=7488Kb used=3026Kb max_used=3047Kb free=4461Kb
 bounds [0x0000021307450000, 0x0000021307750000, 0x0000021307ba0000]
CodeCache: size=245760Kb, used=19277Kb, max_used=19760Kb, free=226482Kb
 total_blobs=7346, nmethods=6555, adapters=693, full_count=0
Compilation: enabled, stopped_count=0, restarted_count=0

Compilation events (20 events):
Event: 28.539 Thread 0x000002137d2ac890 7578       3       org.objectweb.asm.ClassReader::readConst (276 bytes)
Event: 28.539 Thread 0x000002137d0b9660 nmethod 7577 0x000002130025d590 code [0x000002130025d760, 0x000002130025d990]
Event: 28.542 Thread 0x000002137d2ac890 nmethod 7578 0x000002130025aa90 code [0x000002130025af20, 0x000002130025cb00]
Event: 28.555 Thread 0x000002137d2ac890 7582       3       org.gradle.internal.instantiation.generator.Jsr330ConstructorSelector::forType (32 bytes)
Event: 28.555 Thread 0x000002137d0b9660 7583       3       org.gradle.internal.instantiation.generator.Jsr330ConstructorSelector$$Lambda/0x0000000100311960::<init> (15 bytes)
Event: 28.556 Thread 0x000002137d0b9660 nmethod 7583 0x000002130025a610 code [0x000002130025a7c0, 0x000002130025a9e0]
Event: 28.556 Thread 0x000002137d2ac890 nmethod 7582 0x0000021300259690 code [0x00000213002598e0, 0x000002130025a298]
Event: 28.565 Thread 0x000002137d0b9660 7584       3       org.gradle.internal.ImmutableActionSet::empty (10 bytes)
Event: 28.565 Thread 0x000002137d0b9660 nmethod 7584 0x0000021300259290 code [0x0000021300259440, 0x0000021300259590]
Event: 28.573 Thread 0x000002130fa5e080 nmethod 7549 0x0000021307d35e10 code [0x0000021307d360a0, 0x0000021307d37b10]
Event: 28.574 Thread 0x000002130fa5e080 7564       4       org.gradle.internal.reflect.MethodSet$MethodKey::equals (89 bytes)
Event: 28.580 Thread 0x000002130fa5e080 nmethod 7564 0x0000021307d35610 code [0x0000021307d357c0, 0x0000021307d35b60]
Event: 28.580 Thread 0x000002130fa5e080 7574       4       org.objectweb.asm.SymbolTable::addConstantMethodref (24 bytes)
Event: 28.583 Thread 0x000002130fa5e080 nmethod 7574 0x0000021307d35310 code [0x0000021307d354a0, 0x0000021307d35570]
Event: 28.583 Thread 0x000002130fa5e080 7580       4       org.objectweb.asm.ClassReader::readUtf (44 bytes)
Event: 28.590 Thread 0x000002137d0b9660 7585       3       java.lang.invoke.MethodType::isGeneric (21 bytes)
Event: 28.591 Thread 0x000002137d0b9660 nmethod 7585 0x0000021300258b10 code [0x0000021300258ce0, 0x0000021300259000]
Event: 28.594 Thread 0x000002137d0b9660 7586       3       org.gradle.api.internal.provider.DefaultPropertyFactory::maybeAsWrapperType (18 bytes)
Event: 28.595 Thread 0x000002137d2ac890 7588       3       org.gradle.internal.instantiation.generator.Jsr330ConstructorSelector::vetoParameters (71 bytes)
Event: 28.595 Thread 0x000002137d2932e0 7587       3       org.gradle.internal.instantiation.generator.Jsr330ConstructorSelector::forParams (6 bytes)

GC Heap History (20 events):
Event: 9.065 GC heap before
{Heap before GC invocations=7 (full 0):
 garbage-first heap   total 81920K, used 60652K [0x0000000080000000, 0x0000000100000000)
  region size 1024K, 43 young (44032K), 6 survivors (6144K)
 Metaspace       used 35369K, committed 36096K, reserved 1114112K
  class space    used 4621K, committed 4992K, reserved 1048576K
}
Event: 9.076 GC heap after
{Heap after GC invocations=8 (full 0):
 garbage-first heap   total 81920K, used 25773K [0x0000000080000000, 0x0000000100000000)
  region size 1024K, 5 young (5120K), 5 survivors (5120K)
 Metaspace       used 35369K, committed 36096K, reserved 1114112K
  class space    used 4621K, committed 4992K, reserved 1048576K
}
Event: 9.180 GC heap before
{Heap before GC invocations=8 (full 0):
 garbage-first heap   total 81920K, used 28845K [0x0000000080000000, 0x0000000100000000)
  region size 1024K, 9 young (9216K), 5 survivors (5120K)
 Metaspace       used 35716K, committed 36416K, reserved 1114112K
  class space    used 4667K, committed 4992K, reserved 1048576K
}
Event: 9.189 GC heap after
{Heap after GC invocations=9 (full 0):
 garbage-first heap   total 81920K, used 26558K [0x0000000080000000, 0x0000000100000000)
  region size 1024K, 3 young (3072K), 3 survivors (3072K)
 Metaspace       used 35716K, committed 36416K, reserved 1114112K
  class space    used 4667K, committed 4992K, reserved 1048576K
}
Event: 12.935 GC heap before
{Heap before GC invocations=10 (full 0):
 garbage-first heap   total 83968K, used 81854K [0x0000000080000000, 0x0000000100000000)
  region size 1024K, 41 young (41984K), 3 survivors (3072K)
 Metaspace       used 39745K, committed 40704K, reserved 1114112K
  class space    used 5404K, committed 5888K, reserved 1048576K
}
Event: 12.947 GC heap after
{Heap after GC invocations=11 (full 0):
 garbage-first heap   total 125952K, used 50064K [0x0000000080000000, 0x0000000100000000)
  region size 1024K, 6 young (6144K), 6 survivors (6144K)
 Metaspace       used 39745K, committed 40704K, reserved 1114112K
  class space    used 5404K, committed 5888K, reserved 1048576K
}
Event: 16.656 GC heap before
{Heap before GC invocations=11 (full 0):
 garbage-first heap   total 125952K, used 109456K [0x0000000080000000, 0x0000000100000000)
  region size 1024K, 63 young (64512K), 6 survivors (6144K)
 Metaspace       used 46567K, committed 47808K, reserved 1114112K
  class space    used 6557K, committed 7168K, reserved 1048576K
}
Event: 16.667 GC heap after
{Heap after GC invocations=12 (full 0):
 garbage-first heap   total 125952K, used 55403K [0x0000000080000000, 0x0000000100000000)
  region size 1024K, 8 young (8192K), 8 survivors (8192K)
 Metaspace       used 46567K, committed 47808K, reserved 1114112K
  class space    used 6557K, committed 7168K, reserved 1048576K
}
Event: 19.553 GC heap before
{Heap before GC invocations=12 (full 0):
 garbage-first heap   total 125952K, used 109675K [0x0000000080000000, 0x0000000100000000)
  region size 1024K, 62 young (63488K), 8 survivors (8192K)
 Metaspace       used 54237K, committed 55744K, reserved 1114112K
  class space    used 7594K, committed 8320K, reserved 1048576K
}
Event: 19.568 GC heap after
{Heap after GC invocations=13 (full 0):
 garbage-first heap   total 125952K, used 61168K [0x0000000080000000, 0x0000000100000000)
  region size 1024K, 6 young (6144K), 6 survivors (6144K)
 Metaspace       used 54237K, committed 55744K, reserved 1114112K
  class space    used 7594K, committed 8320K, reserved 1048576K
}
Event: 21.705 GC heap before
{Heap before GC invocations=13 (full 0):
 garbage-first heap   total 125952K, used 90864K [0x0000000080000000, 0x0000000100000000)
  region size 1024K, 36 young (36864K), 6 survivors (6144K)
 Metaspace       used 57309K, committed 58816K, reserved 1114112K
  class space    used 8118K, committed 8832K, reserved 1048576K
}
Event: 21.717 GC heap after
{Heap after GC invocations=14 (full 0):
 garbage-first heap   total 125952K, used 64543K [0x0000000080000000, 0x0000000100000000)
  region size 1024K, 4 young (4096K), 4 survivors (4096K)
 Metaspace       used 57309K, committed 58816K, reserved 1114112K
  class space    used 8118K, committed 8832K, reserved 1048576K
}
Event: 23.562 GC heap before
{Heap before GC invocations=15 (full 0):
 garbage-first heap   total 125952K, used 113695K [0x0000000080000000, 0x0000000100000000)
  region size 1024K, 50 young (51200K), 4 survivors (4096K)
 Metaspace       used 59289K, committed 61056K, reserved 1114112K
  class space    used 8355K, committed 9216K, reserved 1048576K
}
Event: 23.573 GC heap after
{Heap after GC invocations=16 (full 0):
 garbage-first heap   total 125952K, used 72459K [0x0000000080000000, 0x0000000100000000)
  region size 1024K, 7 young (7168K), 7 survivors (7168K)
 Metaspace       used 59289K, committed 61056K, reserved 1114112K
  class space    used 8355K, committed 9216K, reserved 1048576K
}
Event: 24.081 GC heap before
{Heap before GC invocations=16 (full 0):
 garbage-first heap   total 125952K, used 112395K [0x0000000080000000, 0x0000000100000000)
  region size 1024K, 46 young (47104K), 7 survivors (7168K)
 Metaspace       used 60197K, committed 62016K, reserved 1114112K
  class space    used 8522K, committed 9408K, reserved 1048576K
}
Event: 24.090 GC heap after
{Heap after GC invocations=17 (full 0):
 garbage-first heap   total 125952K, used 73464K [0x0000000080000000, 0x0000000100000000)
  region size 1024K, 2 young (2048K), 2 survivors (2048K)
 Metaspace       used 60197K, committed 62016K, reserved 1114112K
  class space    used 8522K, committed 9408K, reserved 1048576K
}
Event: 25.894 GC heap before
{Heap before GC invocations=17 (full 0):
 garbage-first heap   total 125952K, used 113400K [0x0000000080000000, 0x0000000100000000)
  region size 1024K, 41 young (41984K), 2 survivors (2048K)
 Metaspace       used 64976K, committed 66816K, reserved 1114112K
  class space    used 9196K, committed 10048K, reserved 1048576K
}
Event: 25.900 GC heap after
{Heap after GC invocations=18 (full 0):
 garbage-first heap   total 125952K, used 74701K [0x0000000080000000, 0x0000000100000000)
  region size 1024K, 3 young (3072K), 3 survivors (3072K)
 Metaspace       used 64976K, committed 66816K, reserved 1114112K
  class space    used 9196K, committed 10048K, reserved 1048576K
}
Event: 27.578 GC heap before
{Heap before GC invocations=19 (full 0):
 garbage-first heap   total 126976K, used 114637K [0x0000000080000000, 0x0000000100000000)
  region size 1024K, 42 young (43008K), 3 survivors (3072K)
 Metaspace       used 69876K, committed 71744K, reserved 1114112K
  class space    used 9981K, committed 10880K, reserved 1048576K
}
Event: 27.586 GC heap after
{Heap after GC invocations=20 (full 0):
 garbage-first heap   total 126976K, used 76888K [0x0000000080000000, 0x0000000100000000)
  region size 1024K, 5 young (5120K), 5 survivors (5120K)
 Metaspace       used 69876K, committed 71744K, reserved 1114112K
  class space    used 9981K, committed 10880K, reserved 1048576K
}

Dll operation events (3 events):
Event: 0.025 Loaded shared library C:\Program Files\Android\Android Studio1\jbr\bin\java.dll
Event: 0.034 Loaded shared library C:\Program Files\Android\Android Studio1\jbr\bin\zip.dll
Event: 1.412 Loaded shared library C:\Program Files\Android\Android Studio1\jbr\bin\verify.dll

Deoptimization events (20 events):
Event: 28.252 Thread 0x000002137fc11640 Uncommon trap: trap_request=0xffffffde fr.pc=0x0000021307f2353c relative=0x0000000000004afc
Event: 28.252 Thread 0x000002137fc11640 Uncommon trap: reason=class_check action=maybe_recompile pc=0x0000021307f2353c method=java.net.URLClassLoader.defineClass(Ljava/lang/String;Ljdk/internal/loader/Resource;)Ljava/lang/Class; @ 34 c2
Event: 28.252 Thread 0x000002137fc11640 DEOPT PACKING pc=0x0000021307f2353c sp=0x000000edfb0f6400
Event: 28.252 Thread 0x000002137fc11640 DEOPT UNPACKING pc=0x00000213074a43a2 sp=0x000000edfb0f63d0 mode 2
Event: 28.258 Thread 0x000002137fc11640 Uncommon trap: trap_request=0xffffffde fr.pc=0x0000021307f2353c relative=0x0000000000004afc
Event: 28.258 Thread 0x000002137fc11640 Uncommon trap: reason=class_check action=maybe_recompile pc=0x0000021307f2353c method=java.net.URLClassLoader.defineClass(Ljava/lang/String;Ljdk/internal/loader/Resource;)Ljava/lang/Class; @ 34 c2
Event: 28.258 Thread 0x000002137fc11640 DEOPT PACKING pc=0x0000021307f2353c sp=0x000000edfb0f6400
Event: 28.258 Thread 0x000002137fc11640 DEOPT UNPACKING pc=0x00000213074a43a2 sp=0x000000edfb0f63d0 mode 2
Event: 28.400 Thread 0x000002137fc11640 Uncommon trap: trap_request=0xffffff45 fr.pc=0x0000021307d7fb74 relative=0x0000000000000834
Event: 28.400 Thread 0x000002137fc11640 Uncommon trap: reason=unstable_if action=reinterpret pc=0x0000021307d7fb74 method=java.util.HashMap.putVal(ILjava/lang/Object;Ljava/lang/Object;ZZ)Ljava/lang/Object; @ 85 c2
Event: 28.400 Thread 0x000002137fc11640 DEOPT PACKING pc=0x0000021307d7fb74 sp=0x000000edfb0f6a90
Event: 28.400 Thread 0x000002137fc11640 DEOPT UNPACKING pc=0x00000213074a43a2 sp=0x000000edfb0f69c0 mode 2
Event: 28.413 Thread 0x000002137fc11640 Uncommon trap: trap_request=0xffffff45 fr.pc=0x0000021307de47d8 relative=0x00000000000003d8
Event: 28.413 Thread 0x000002137fc11640 Uncommon trap: reason=unstable_if action=reinterpret pc=0x0000021307de47d8 method=org.gradle.internal.reflect.PropertyAccessorType.isGetGetterName(Ljava/lang/String;)Z @ 14 c2
Event: 28.413 Thread 0x000002137fc11640 DEOPT PACKING pc=0x0000021307de47d8 sp=0x000000edfb0f6de0
Event: 28.413 Thread 0x000002137fc11640 DEOPT UNPACKING pc=0x00000213074a43a2 sp=0x000000edfb0f6d38 mode 2
Event: 28.438 Thread 0x000002137fc11640 Uncommon trap: trap_request=0xffffffde fr.pc=0x0000021307c68060 relative=0x00000000000001a0
Event: 28.438 Thread 0x000002137fc11640 Uncommon trap: reason=class_check action=maybe_recompile pc=0x0000021307c68060 method=java.util.stream.StreamOpFlag.fromCharacteristics(Ljava/util/Spliterator;)I @ 14 c2
Event: 28.438 Thread 0x000002137fc11640 DEOPT PACKING pc=0x0000021307c68060 sp=0x000000edfb0f7be0
Event: 28.438 Thread 0x000002137fc11640 DEOPT UNPACKING pc=0x00000213074a43a2 sp=0x000000edfb0f7ac8 mode 2

Classes loaded (20 events):
Event: 27.890 Loading class java/util/IdentityHashMap$EntryIterator
Event: 27.891 Loading class java/util/IdentityHashMap$IdentityHashMapIterator
Event: 27.891 Loading class java/util/IdentityHashMap$IdentityHashMapIterator done
Event: 27.891 Loading class java/util/IdentityHashMap$EntryIterator done
Event: 27.891 Loading class java/util/IdentityHashMap$EntryIterator$Entry
Event: 27.892 Loading class java/util/IdentityHashMap$EntryIterator$Entry done
Event: 28.054 Loading class java/lang/invoke/SerializedLambda$1
Event: 28.055 Loading class java/lang/invoke/SerializedLambda$1 done
Event: 28.125 Loading class org/xml/sax/Locator
Event: 28.126 Loading class org/xml/sax/Locator done
Event: 28.131 Loading class org/xml/sax/SAXParseException
Event: 28.131 Loading class org/xml/sax/SAXParseException done
Event: 28.133 Loading class org/xml/sax/Attributes
Event: 28.134 Loading class org/xml/sax/Attributes done
Event: 28.400 Loading class java/util/function/LongUnaryOperator
Event: 28.400 Loading class java/util/function/LongUnaryOperator done
Event: 28.437 Loading class java/util/TreeMap$KeySpliterator
Event: 28.438 Loading class java/util/TreeMap$TreeMapSpliterator
Event: 28.438 Loading class java/util/TreeMap$TreeMapSpliterator done
Event: 28.438 Loading class java/util/TreeMap$KeySpliterator done

Classes unloaded (0 events):
No events

Classes redefined (0 events):
No events

Internal exceptions (20 events):
Event: 26.917 Thread 0x000002137fc11640 Exception <a 'sun/nio/fs/WindowsException'{0x0000000086439fe0}> (0x0000000086439fe0) 
thrown [s\src\hotspot\share\prims\jni.cpp, line 537]
Event: 27.172 Thread 0x000002137fc11640 Exception <a 'java/lang/NoSuchMethodError'{0x0000000085efa448}: 'java.lang.Object java.lang.invoke.Invokers$Holder.invoker(java.lang.Object, java.lang.Object, java.lang.Object, java.lang.Object, java.lang.Object)'> (0x0000000085efa448) 
thrown [s\src\hotspot\share\interpreter\linkResolver.cpp, line 784]
Event: 27.323 Thread 0x000002137fc11640 Exception <a 'sun/nio/fs/WindowsException'{0x00000000859c7088}> (0x00000000859c7088) 
thrown [s\src\hotspot\share\prims\jni.cpp, line 537]
Event: 27.364 Thread 0x000002137fc11640 Exception <a 'sun/nio/fs/WindowsException'{0x00000000857596f0}> (0x00000000857596f0) 
thrown [s\src\hotspot\share\prims\jni.cpp, line 537]
Event: 27.876 Thread 0x000002137fc11640 Exception <a 'java/lang/NoSuchMethodError'{0x0000000087131c30}: 'void java.lang.invoke.DelegatingMethodHandle$Holder.reinvoke_L(java.lang.Object, java.lang.Object, int)'> (0x0000000087131c30) 
thrown [s\src\hotspot\share\interpreter\linkResolver.cpp, line 784]
Event: 27.877 Thread 0x000002137fc11640 Exception <a 'java/lang/NoSuchMethodError'{0x0000000087139478}: 'int java.lang.invoke.Invokers$Holder.invokeExact_MT(java.lang.Object, java.lang.Object, java.lang.Object)'> (0x0000000087139478) 
thrown [s\src\hotspot\share\interpreter\linkResolver.cpp, line 784]
Event: 27.881 Thread 0x000002137fc11640 Exception <a 'java/lang/NoSuchMethodError'{0x0000000087150518}: 'void java.lang.invoke.DelegatingMethodHandle$Holder.reinvoke_L(java.lang.Object, java.lang.Object, long)'> (0x0000000087150518) 
thrown [s\src\hotspot\share\interpreter\linkResolver.cpp, line 784]
Event: 27.881 Thread 0x000002137fc11640 Exception <a 'java/lang/NoSuchMethodError'{0x0000000087157cc8}: 'long java.lang.invoke.Invokers$Holder.invokeExact_MT(java.lang.Object, java.lang.Object, java.lang.Object)'> (0x0000000087157cc8) 
thrown [s\src\hotspot\share\interpreter\linkResolver.cpp, line 784]
Event: 28.007 Thread 0x000002137fc11640 Exception <a 'java/lang/NoSuchMethodError'{0x0000000086e473c8}: 'void java.lang.invoke.Invokers$Holder.invokeExact_MT(java.lang.Object, java.lang.Object, java.lang.Object, java.lang.Object)'> (0x0000000086e473c8) 
thrown [s\src\hotspot\share\interpreter\linkResolver.cpp, line 784]
Event: 28.030 Thread 0x000002137fc11640 Exception <a 'java/lang/ClassNotFoundException'{0x0000000086ecb398}: org/gradle/internal/serialize/codecs/core/ClosureCodec$BrokenScriptBeanInfo> (0x0000000086ecb398) 
thrown [s\src\hotspot\share\classfile\systemDictionary.cpp, line 312]
Event: 28.031 Thread 0x000002137fc11640 Exception <a 'java/lang/ClassNotFoundException'{0x0000000086edc088}: org/gradle/internal/serialize/codecs/core/ClosureCodec$BrokenScriptCustomizer> (0x0000000086edc088) 
thrown [s\src\hotspot\share\classfile\systemDictionary.cpp, line 312]
Event: 28.042 Thread 0x000002137fc11640 Exception <a 'java/lang/ClassNotFoundException'{0x0000000086d06a10}: org/gradle/api/invocation/GradleBeanInfo> (0x0000000086d06a10) 
thrown [s\src\hotspot\share\classfile\systemDictionary.cpp, line 312]
Event: 28.043 Thread 0x000002137fc11640 Exception <a 'java/lang/ClassNotFoundException'{0x0000000086d14530}: org/gradle/api/invocation/GradleCustomizer> (0x0000000086d14530) 
thrown [s\src\hotspot\share\classfile\systemDictionary.cpp, line 312]
Event: 28.049 Thread 0x000002137fc11640 Exception <a 'java/lang/NoSuchMethodError'{0x0000000086d37ab0}: 'void java.lang.invoke.Invokers$Holder.invokeExact_MT(java.lang.Object, java.lang.Object, int, java.lang.Object)'> (0x0000000086d37ab0) 
thrown [s\src\hotspot\share\interpreter\linkResolver.cpp, line 784]
Event: 28.059 Thread 0x000002137fc11640 Exception <a 'java/lang/NoSuchMethodError'{0x0000000086d58590}: 'void java.lang.invoke.Invokers$Holder.invokeExact_MT(java.lang.Object, java.lang.Object, long, java.lang.Object)'> (0x0000000086d58590) 
thrown [s\src\hotspot\share\interpreter\linkResolver.cpp, line 784]
Event: 28.095 Thread 0x000002137fc11640 Exception <a 'java/lang/ClassNotFoundException'{0x0000000086c7cbc8}: org/gradle/api/internal/project/DefaultProject_DecoratedBeanInfo> (0x0000000086c7cbc8) 
thrown [s\src\hotspot\share\classfile\systemDictionary.cpp, line 312]
Event: 28.096 Thread 0x000002137fc11640 Exception <a 'java/lang/ClassNotFoundException'{0x0000000086c8a920}: org/gradle/api/internal/project/DefaultProjectBeanInfo> (0x0000000086c8a920) 
thrown [s\src\hotspot\share\classfile\systemDictionary.cpp, line 312]
Event: 28.098 Thread 0x000002137fc11640 Exception <a 'java/lang/ClassNotFoundException'{0x0000000086c98828}: org/gradle/api/internal/project/DefaultProjectCustomizer> (0x0000000086c98828) 
thrown [s\src\hotspot\share\classfile\systemDictionary.cpp, line 312]
Event: 28.110 Thread 0x000002137fc11640 Exception <a 'java/lang/ClassNotFoundException'{0x0000000086b4d3b0}: org/gradle/api/internal/project/DefaultProject_DecoratedCustomizer> (0x0000000086b4d3b0) 
thrown [s\src\hotspot\share\classfile\systemDictionary.cpp, line 312]
Event: 28.401 Thread 0x000002137fc11640 Exception <a 'java/lang/NoSuchMethodError'{0x00000000866b5008}: 'long java.lang.invoke.DirectMethodHandle$Holder.invokeStatic(java.lang.Object, long)'> (0x00000000866b5008) 
thrown [s\src\hotspot\share\interpreter\linkResolver.cpp, line 784]

ZGC Phase Switch (0 events):
No events

VM Operations (20 events):
Event: 24.447 Executing VM operation: HandshakeAllThreads (Deoptimize) done
Event: 24.484 Executing VM operation: HandshakeAllThreads (Deoptimize)
Event: 24.484 Executing VM operation: HandshakeAllThreads (Deoptimize) done
Event: 24.680 Executing VM operation: HandshakeAllThreads (Deoptimize)
Event: 24.680 Executing VM operation: HandshakeAllThreads (Deoptimize) done
Event: 25.691 Executing VM operation: Cleanup
Event: 25.691 Executing VM operation: Cleanup done
Event: 25.894 Executing VM operation: G1CollectForAllocation (G1 Evacuation Pause)
Event: 25.900 Executing VM operation: G1CollectForAllocation (G1 Evacuation Pause) done
Event: 25.941 Executing VM operation: G1PauseRemark
Event: 25.949 Executing VM operation: G1PauseRemark done
Event: 25.962 Executing VM operation: G1PauseCleanup
Event: 25.962 Executing VM operation: G1PauseCleanup done
Event: 26.976 Executing VM operation: Cleanup
Event: 26.977 Executing VM operation: Cleanup done
Event: 27.578 Executing VM operation: G1CollectForAllocation (G1 Evacuation Pause)
Event: 27.586 Executing VM operation: G1CollectForAllocation (G1 Evacuation Pause) done
Event: 27.702 Executing VM operation: HandshakeAllThreads (Deoptimize)
Event: 27.702 Executing VM operation: HandshakeAllThreads (Deoptimize) done
Event: 28.706 Executing VM operation: Cleanup

Memory protections (0 events):
No events

Nmethod flushes (20 events):
Event: 25.947 Thread 0x0000021378bfeb90 flushing  nmethod 0x0000021300228a10
Event: 25.947 Thread 0x0000021378bfeb90 flushing  nmethod 0x0000021300298410
Event: 25.947 Thread 0x0000021378bfeb90 flushing  nmethod 0x000002130029a510
Event: 25.947 Thread 0x0000021378bfeb90 flushing  nmethod 0x000002130029ac90
Event: 25.947 Thread 0x0000021378bfeb90 flushing  nmethod 0x000002130029b090
Event: 25.947 Thread 0x0000021378bfeb90 flushing  nmethod 0x000002130029df90
Event: 25.947 Thread 0x0000021378bfeb90 flushing  nmethod 0x0000021300352590
Event: 25.947 Thread 0x0000021378bfeb90 flushing  nmethod 0x000002130045b590
Event: 25.947 Thread 0x0000021378bfeb90 flushing  nmethod 0x000002130045e010
Event: 25.947 Thread 0x0000021378bfeb90 flushing  nmethod 0x0000021300461310
Event: 25.947 Thread 0x0000021378bfeb90 flushing  nmethod 0x000002130057c790
Event: 25.947 Thread 0x0000021378bfeb90 flushing  nmethod 0x000002130057d390
Event: 25.947 Thread 0x0000021378bfeb90 flushing  nmethod 0x000002130057d690
Event: 25.947 Thread 0x0000021378bfeb90 flushing  nmethod 0x000002130057e490
Event: 25.947 Thread 0x0000021378bfeb90 flushing  nmethod 0x00000213006bec90
Event: 25.947 Thread 0x0000021378bfeb90 flushing  nmethod 0x00000213006c0410
Event: 25.947 Thread 0x0000021378bfeb90 flushing  nmethod 0x000002130074f390
Event: 25.947 Thread 0x0000021378bfeb90 flushing  nmethod 0x000002130074fd90
Event: 25.947 Thread 0x0000021378bfeb90 flushing  nmethod 0x0000021300753290
Event: 25.947 Thread 0x0000021378bfeb90 flushing  nmethod 0x0000021300838e10

Events (20 events):
Event: 22.092 Thread 0x000002137fc11640 Thread added: 0x0000021310c4dec0
Event: 22.163 Thread 0x000002137fc11640 Thread added: 0x0000021310c50cb0
Event: 22.165 Thread 0x000002137fc11640 Thread added: 0x0000021310c50620
Event: 22.168 Thread 0x000002137fc11640 Thread added: 0x0000021310c51340
Event: 22.170 Thread 0x000002137fc11640 Thread added: 0x0000021310c4f900
Event: 22.172 Thread 0x000002137fc11640 Thread added: 0x0000021310c519d0
Event: 22.174 Thread 0x000002137fc11640 Thread added: 0x0000021310c4e550
Event: 22.176 Thread 0x000002137fc11640 Thread added: 0x0000021310c53410
Event: 22.178 Thread 0x000002137fc11640 Thread added: 0x0000021310c526f0
Event: 22.180 Thread 0x000002137fc11640 Thread added: 0x0000021310c52d80
Event: 22.181 Thread 0x000002137fc11640 Thread added: 0x0000021310c53aa0
Event: 22.184 Thread 0x000002137fc11640 Thread added: 0x0000021310c547c0
Event: 22.185 Thread 0x000002137fc11640 Thread added: 0x0000021310c54130
Event: 23.070 Thread 0x00000213105d5ba0 Thread exited: 0x00000213105d5ba0
Event: 23.138 Thread 0x000002137d0b9660 Thread added: 0x000002137f31cec0
Event: 24.770 Thread 0x000002137fc11640 Thread added: 0x0000021310c554e0
Event: 24.813 Thread 0x000002137fc11640 Thread added: 0x0000021310c52060
Event: 24.871 Thread 0x000002137fc11640 Thread added: 0x000002130f349710
Event: 25.632 Thread 0x000002137f31cec0 Thread exited: 0x000002137f31cec0
Event: 28.517 Thread 0x000002137d2ac890 Thread added: 0x000002130fa5e080


Dynamic libraries:
0x00007ff669db0000 - 0x00007ff669dba000 	C:\Program Files\Android\Android Studio1\jbr\bin\java.exe
0x00007ffa2d240000 - 0x00007ffa2d4a7000 	C:\WINDOWS\SYSTEM32\ntdll.dll
0x00007ffa2bc20000 - 0x00007ffa2bce9000 	C:\WINDOWS\System32\KERNEL32.DLL
0x00007ffa29c70000 - 0x00007ffa2a067000 	C:\WINDOWS\System32\KERNELBASE.dll
0x00007ffa2abd0000 - 0x00007ffa2ad1b000 	C:\WINDOWS\System32\ucrtbase.dll
0x00007ffa26d90000 - 0x00007ffa26dab000 	C:\Program Files\Android\Android Studio1\jbr\bin\VCRUNTIME140.dll
0x00007ffa19800000 - 0x00007ffa19818000 	C:\Program Files\Android\Android Studio1\jbr\bin\jli.dll
0x00007ffa2cef0000 - 0x00007ffa2d0b6000 	C:\WINDOWS\System32\USER32.dll
0x00007ffa2a070000 - 0x00007ffa2a097000 	C:\WINDOWS\System32\win32u.dll
0x00007ffa14970000 - 0x00007ffa14c02000 	C:\WINDOWS\WinSxS\amd64_microsoft.windows.common-controls_6595b64144ccf1df_6.0.26100.8457_none_3e0b2faee331e92d\COMCTL32.dll
0x00007ffa2b7a0000 - 0x00007ffa2b7cb000 	C:\WINDOWS\System32\GDI32.dll
0x00007ffa2bb70000 - 0x00007ffa2bc19000 	C:\WINDOWS\System32\msvcrt.dll
0x00007ffa2add0000 - 0x00007ffa2aefc000 	C:\WINDOWS\System32\gdi32full.dll
0x00007ffa2a2b0000 - 0x00007ffa2a353000 	C:\WINDOWS\System32\msvcp_win.dll
0x00007ffa2c210000 - 0x00007ffa2c242000 	C:\WINDOWS\System32\IMM32.DLL
0x00007ffa27520000 - 0x00007ffa2752c000 	C:\Program Files\Android\Android Studio1\jbr\bin\vcruntime140_1.dll
0x00007ffa06970000 - 0x00007ffa069fd000 	C:\Program Files\Android\Android Studio1\jbr\bin\msvcp140.dll
0x00007ff9937a0000 - 0x00007ff994436000 	C:\Program Files\Android\Android Studio1\jbr\bin\server\jvm.dll
0x00007ffa2b1a0000 - 0x00007ffa2b256000 	C:\WINDOWS\System32\ADVAPI32.dll
0x00007ffa2bac0000 - 0x00007ffa2bb67000 	C:\WINDOWS\System32\sechost.dll
0x00007ffa2b5b0000 - 0x00007ffa2b6c8000 	C:\WINDOWS\System32\RPCRT4.dll
0x00007ffa2cd60000 - 0x00007ffa2cde0000 	C:\WINDOWS\System32\WS2_32.dll
0x00007ffa29ad0000 - 0x00007ffa29b2e000 	C:\WINDOWS\SYSTEM32\POWRPROF.dll
0x00007ffa218d0000 - 0x00007ffa218db000 	C:\WINDOWS\SYSTEM32\VERSION.dll
0x00007ffa21890000 - 0x00007ffa218c6000 	C:\WINDOWS\SYSTEM32\WINMM.dll
0x00007ffa29ab0000 - 0x00007ffa29ac4000 	C:\WINDOWS\SYSTEM32\UMPDC.dll
0x00007ffa28a00000 - 0x00007ffa28a1b000 	C:\WINDOWS\SYSTEM32\kernel.appcore.dll
0x00007ffa274e0000 - 0x00007ffa274ea000 	C:\Program Files\Android\Android Studio1\jbr\bin\jimage.dll
0x00007ffa1afc0000 - 0x00007ffa1b202000 	C:\WINDOWS\SYSTEM32\DBGHELP.DLL
0x00007ffa2c9d0000 - 0x00007ffa2cd53000 	C:\WINDOWS\System32\combase.dll
0x00007ffa2b880000 - 0x00007ffa2b959000 	C:\WINDOWS\System32\OLEAUT32.dll
0x00007ffa24340000 - 0x00007ffa2437b000 	C:\WINDOWS\SYSTEM32\dbgcore.DLL
0x00007ffa2ad20000 - 0x00007ffa2adc8000 	C:\WINDOWS\System32\bcryptPrimitives.dll
0x00007ffa24980000 - 0x00007ffa2498e000 	C:\Program Files\Android\Android Studio1\jbr\bin\instrument.dll
0x00007ffa26cf0000 - 0x00007ffa26d10000 	C:\Program Files\Android\Android Studio1\jbr\bin\java.dll
0x00007ffa24ae0000 - 0x00007ffa24af8000 	C:\Program Files\Android\Android Studio1\jbr\bin\zip.dll
0x00007ffa2c250000 - 0x00007ffa2c9be000 	C:\WINDOWS\System32\SHELL32.dll
0x00007ffa2a360000 - 0x00007ffa2abcc000 	C:\WINDOWS\System32\windows.storage.dll
0x00007ffa2b9c0000 - 0x00007ffa2bab6000 	C:\WINDOWS\System32\SHCORE.dll
0x00007ffa2d190000 - 0x00007ffa2d1f6000 	C:\WINDOWS\System32\shlwapi.dll
0x00007ffa29b90000 - 0x00007ffa29bb9000 	C:\WINDOWS\SYSTEM32\profapi.dll
0x00007ffa27460000 - 0x00007ffa27470000 	C:\Program Files\Android\Android Studio1\jbr\bin\net.dll
0x00007ffa22200000 - 0x00007ffa22329000 	C:\WINDOWS\SYSTEM32\WINHTTP.dll
0x00007ffa28f70000 - 0x00007ffa28fdc000 	C:\WINDOWS\system32\mswsock.dll
0x00007ffa24950000 - 0x00007ffa24966000 	C:\Program Files\Android\Android Studio1\jbr\bin\nio.dll
0x00007ffa246c0000 - 0x00007ffa246d0000 	C:\Program Files\Android\Android Studio1\jbr\bin\verify.dll
0x00007ffa1ca40000 - 0x00007ffa1ca67000 	C:\Users\dasun\.gradle\native\660c5614fbf4a5f2a75b1949f50a0caf5cd603558e7d8a26e50b933a0cfb79d1\windows-amd64\native-platform.dll
0x00007ffa23340000 - 0x00007ffa233b7000 	C:\Users\dasun\.gradle\native\0.2.8\x86_64-windows-gnu\gradle-fileevents.dll
0x00007ffa26db0000 - 0x00007ffa26db9000 	C:\Program Files\Android\Android Studio1\jbr\bin\management.dll
0x00007ffa246e0000 - 0x00007ffa246eb000 	C:\Program Files\Android\Android Studio1\jbr\bin\management_ext.dll
0x00007ffa2b260000 - 0x00007ffa2b268000 	C:\WINDOWS\System32\PSAPI.DLL
0x00007ffa28440000 - 0x00007ffa28472000 	C:\WINDOWS\SYSTEM32\IPHLPAPI.DLL
0x00007ffa2b400000 - 0x00007ffa2b40a000 	C:\WINDOWS\System32\NSI.dll
0x00007ffa26dc0000 - 0x00007ffa26dc9000 	C:\Program Files\Android\Android Studio1\jbr\bin\extnet.dll
0x00007ffa29260000 - 0x00007ffa2927b000 	C:\WINDOWS\SYSTEM32\CRYPTSP.dll
0x00007ffa28960000 - 0x00007ffa28999000 	C:\WINDOWS\system32\rsaenh.dll
0x00007ffa29020000 - 0x00007ffa29053000 	C:\WINDOWS\SYSTEM32\USERENV.dll
0x00007ffa29b60000 - 0x00007ffa29b8a000 	C:\WINDOWS\SYSTEM32\bcrypt.dll
0x00007ffa29250000 - 0x00007ffa2925c000 	C:\WINDOWS\SYSTEM32\CRYPTBASE.dll
0x00007ff9eade0000 - 0x00007ff9eade8000 	C:\WINDOWS\system32\wshunix.dll

JVMTI agents:
C:\Users\dasun\.gradle\wrapper\dists\gradle-9.3.1-bin\23ovyewtku6u96viwx3xl3oks\gradle-9.3.1\lib\agents\gradle-instrumentation-agent-9.3.1.jar path:C:\Program Files\Android\Android Studio1\jbr\bin\instrument.dll, loaded, initialized, instrumentlib options:none

dbghelp: loaded successfully - version: 4.0.5 - missing functions: none
symbol engine: initialized successfully - sym options: 0x614 - pdb path: .;C:\Program Files\Android\Android Studio1\jbr\bin;C:\WINDOWS\SYSTEM32;C:\WINDOWS\WinSxS\amd64_microsoft.windows.common-controls_6595b64144ccf1df_6.0.26100.8457_none_3e0b2faee331e92d;C:\Program Files\Android\Android Studio1\jbr\bin\server;C:\Users\dasun\.gradle\native\660c5614fbf4a5f2a75b1949f50a0caf5cd603558e7d8a26e50b933a0cfb79d1\windows-amd64;C:\Users\dasun\.gradle\native\0.2.8\x86_64-windows-gnu

VM Arguments:
jvm_args: --add-opens=java.base/java.lang=ALL-UNNAMED --add-opens=java.base/java.lang.invoke=ALL-UNNAMED --add-opens=java.base/java.util=ALL-UNNAMED --add-opens=java.prefs/java.util.prefs=ALL-UNNAMED --add-exports=jdk.compiler/com.sun.tools.javac.api=ALL-UNNAMED --add-exports=jdk.compiler/com.sun.tools.javac.util=ALL-UNNAMED --add-opens=java.base/java.util=ALL-UNNAMED --add-opens=java.prefs/java.util.prefs=ALL-UNNAMED --add-opens=java.base/java.nio.charset=ALL-UNNAMED --add-opens=java.base/java.net=ALL-UNNAMED --add-opens=java.base/java.util.concurrent=ALL-UNNAMED --add-opens=java.base/java.util.concurrent.atomic=ALL-UNNAMED --add-opens=java.xml/javax.xml.namespace=ALL-UNNAMED --add-opens=java.base/java.time=ALL-UNNAMED -Xmx2048m -Dfile.encoding=UTF-8 -Duser.country=GB -Duser.language=en -Duser.variant -javaagent:C:\Users\dasun\.gradle\wrapper\dists\gradle-9.3.1-bin\23ovyewtku6u96viwx3xl3oks\gradle-9.3.1\lib\agents\gradle-instrumentation-agent-9.3.1.jar 
java_command: org.gradle.launcher.daemon.bootstrap.GradleDaemon 9.3.1
java_class_path (initial): C:\Users\dasun\.gradle\wrapper\dists\gradle-9.3.1-bin\23ovyewtku6u96viwx3xl3oks\gradle-9.3.1\lib\gradle-daemon-main-9.3.1.jar
Launcher Type: SUN_STANDARD

[Global flags]
     intx CICompilerCount                          = 12                                        {product} {ergonomic}
     uint ConcGCThreads                            = 3                                         {product} {ergonomic}
     uint G1ConcRefinementThreads                  = 13                                        {product} {ergonomic}
   size_t G1HeapRegionSize                         = 1048576                                   {product} {ergonomic}
    uintx GCDrainStackTargetSize                   = 64                                        {product} {ergonomic}
   size_t InitialHeapSize                          = 123731968                                 {product} {ergonomic}
   size_t MarkStackSize                            = 4194304                                   {product} {ergonomic}
   size_t MaxHeapSize                              = 2147483648                                {product} {command line}
   size_t MaxNewSize                               = 1287651328                                {product} {ergonomic}
   size_t MinHeapDeltaBytes                        = 1048576                                   {product} {ergonomic}
   size_t MinHeapSize                              = 8388608                                   {product} {ergonomic}
    uintx NonNMethodCodeHeapSize                   = 7602480                                {pd product} {ergonomic}
    uintx NonProfiledCodeHeapSize                  = 122027880                              {pd product} {ergonomic}
    uintx ProfiledCodeHeapSize                     = 122027880                              {pd product} {ergonomic}
    uintx ReservedCodeCacheSize                    = 251658240                              {pd product} {ergonomic}
     bool SegmentedCodeCache                       = true                                      {product} {ergonomic}
   size_t SoftMaxHeapSize                          = 2147483648                             {manageable} {ergonomic}
     bool UseCompressedOops                        = true                           {product lp64_product} {ergonomic}
     bool UseG1GC                                  = true                                      {product} {ergonomic}
     bool UseLargePagesIndividualAllocation        = false                                  {pd product} {ergonomic}

Logging:
Log output configuration:
 #0: stdout all=warning uptime,level,tags foldmultilines=false
 #1: stderr all=off uptime,level,tags foldmultilines=false

Release file:
JAVA_VERSION="21.0.9" 
MODULES="java.base java.compiler java.datatransfer java.xml java.prefs java.desktop java.instrument java.logging java.management java.security.sasl java.naming java.rmi java.management.rmi java.net.http java.scripting java.security.jgss java.transaction.xa java.sql java.sql.rowset java.xml.crypto java.se java.smartcardio jdk.accessibility jdk.internal.jvmstat jdk.attach jdk.charsets jdk.internal.opt jdk.zipfs jdk.compiler jdk.crypto.ec jdk.crypto.cryptoki jdk.dynalink jdk.hotspot.agent jdk.httpserver jdk.internal.ed jdk.internal.le jdk.internal.vm.ci jdk.jartool jdk.javadoc jdk.jcmd jdk.jdeps jdk.jdwp.agent jdk.jdi jdk.jfr jdk.jlink jdk.jsobject jdk.localedata jdk.management jdk.management.agent jdk.management.jfr jdk.naming.dns jdk.naming.rmi jdk.net jdk.sctp jdk.security.auth jdk.security.jgss jdk.unsupported jdk.unsupported.desktop jdk.xml.dom" 
IMPLEMENTOR="JetBrains s.r.o." 
JAVA_RUNTIME_VERSION="21.0.9+-14787801-b1163.94" 
LIBC="default" 
OS_ARCH="x86_64" 
OS_NAME="Windows" 
SOURCE=".:git:0c757ddc9f2f" 

Environment Variables:
PATH=C:\Program Files\Common Files\Oracle\Java\javapath;C:\Program Files (x86)\NVIDIA Corporation\PhysX\Common;C:\Program Files\OpenLogic\jdk-11.0.23.9-hotspot\bin;C:\WINDOWS\system32;C:\WINDOWS;C:\WINDOWS\System32\Wbem;C:\WINDOWS\System32\WindowsPowerShell\v1.0\;C:\WINDOWS\System32\OpenSSH\;C:\Program Files\Git\cmd;D:\dev\flutter\bin;C:\Program Files (x86)\Windows Kits\10\Windows Performance Toolkit\;C:\Program Files\Microsoft SQL Server\150\Tools\Binn\;C:\Program Files\Microsoft SQL Server\Client SDK\ODBC\170\Tools\Binn\;C:\Program Files\dotnet\;C:\Program Files (x86)\Microsoft SQL Server\160\Tools\Binn\;C:\Program Files\Microsoft SQL Server\160\Tools\Binn\;C:\Program Files\Microsoft SQL Server\160\DTS\Binn\;C:\Program Files (x86)\Microsoft SQL Server\160\DTS\Binn\;c:\Users\dasun\AppData\Local\Programs\cursor\resources\app\bin;C:\WINDOWS\system32;C:\WINDOWS;C:\WINDOWS\System32\Wbem;C:\WINDOWS\System32\WindowsPowerShell\v1.0\;C:\WINDOWS\System32\OpenSSH\;C:\Users\dasun\AppData\Local\nvm;C:\nvm4w\nodejs;C:\Program Files\Docker\Docker\resources\bin;C:\Program Files\GitHub CLI\;C:\Users\dasun\AppData\Local\Programs\Python\Python313\Scripts\;C:\Users\dasun\AppData\Local\Programs\Python\Python313\;C:\Users\dasun\AppData\Local\Programs\Python\Launcher\;C:\Users\dasun\AppData\Local\Microsoft\WindowsApps;C:\Users\dasun\AppData\Roaming\npm;C:\Program Files\OpenLogic\jdk-11.0.23.9-hotspot\bin;D:\dev\flutter\bin;C:\Users\dasun\.dotnet\tools;C:\Users\dasun\AppData\Local\Microsoft\WinGet\Packages\Schniz.fnm_Microsoft.Winget.Source_8wekyb3d8bbwe;C:\Users\dasun\AppData\Local\Programs\Microsoft VS Code\bin;C:\Users\dasun\AppData\Local\GitHubDesktop\bin;C:\Users\dasun\AppData\Local\Programs\Antigravity\bin;C:\Users\dasun\AppData\Local\nvm;C:\nvm4w\nodejs
USERNAME=dasun
OS=Windows_NT
PROCESSOR_IDENTIFIER=AMD64 Family 23 Model 104 Stepping 1, AuthenticAMD
TMP=C:\Users\dasun\AppData\Local\Temp
TEMP=C:\Users\dasun\AppData\Local\Temp




Periodic native trim disabled

JNI global refs:
JNI global refs: 36, weak refs: 1

JNI global refs memory usage: 835, weak refs: 833

Process memory usage:
Resident Set Size: 265272K (3% of 7694920K total physical memory with 737192K free physical memory)

OOME stack traces (most recent first):
Classloader memory used:
Loader org.gradle.internal.classloader.VisitableURLClassLoader                         : 36731K
Loader bootstrap                                                                       : 22669K
Loader org.gradle.initialization.MixInLegacyTypesClassLoader                           : 10692K
Loader org.gradle.internal.classloader.VisitableURLClassLoader                         : 1012K
Loader org.gradle.internal.classloader.VisitableURLClassLoader$InstrumentingVisitableURLClassLoader: 738K
Loader jdk.internal.reflect.DelegatingClassLoader                                      : 247K
Loader jdk.internal.loader.ClassLoaders$AppClassLoader                                 : 229K
Loader jdk.internal.loader.ClassLoaders$PlatformClassLoader                            : 145K
Loader org.gradle.groovy.scripts.internal.DefaultScriptCompilationHandler$ScriptClassLoader: 93320B

Classes loaded by more than one classloader:
Class org.gradle.internal.IoActions                                                   : loaded 3 times (x 71B)
Class org.gradle.api.Action                                                           : loaded 3 times (x 70B)
Class org.gradle.internal.Cast                                                        : loaded 3 times (x 71B)
Class org.gradle.api.GradleException                                                  : loaded 3 times (x 82B)
Class com.google.common.collect.UnmodifiableListIterator                              : loaded 2 times (x 95B)
Class org.gradle.internal.operations.MultipleBuildOperationFailures                   : loaded 2 times (x 95B)
Class org.gradle.internal.classloader.DefaultClassLoaderFactory                       : loaded 2 times (x 82B)
Class ijInit1_8kwl1rrjxc6r5rjpgj89t98k3$_run_closure1                                 : loaded 2 times (x 140B)
Class kotlin.collections.AbstractList$Companion                                       : loaded 2 times (x 71B)
Class org.gradle.internal.classloader.ClassLoaderVisitor                              : loaded 2 times (x 76B)
Class org.gradle.api.internal.classpath.EffectiveClassPath                            : loaded 2 times (x 90B)
Class org.gradle.tooling.internal.gradle.DefaultProjectIdentifier                     : loaded 2 times (x 86B)
Class org.gradle.api.internal.DefaultClassPathProvider                                : loaded 2 times (x 76B)
Class [Lorg.gradle.api.internal.ClassPathProvider;                                    : loaded 2 times (x 69B)
Class org.gradle.api.internal.ClassPathProvider                                       : loaded 2 times (x 70B)
Class org.gradle.internal.service.UnknownServiceException                             : loaded 2 times (x 83B)
Class org.gradle.internal.classpath.TransformedClassPath                              : loaded 2 times (x 96B)
Class org.gradle.internal.classloader.InstrumentingClassLoader                        : loaded 2 times (x 70B)
Class com.google.common.collect.Iterators$ArrayItr                                    : loaded 2 times (x 97B)
Class kotlin.enums.EnumEntriesList                                                    : loaded 2 times (x 223B)
Class com.google.common.collect.UnmodifiableIterator                                  : loaded 2 times (x 80B)
Class org.gradle.internal.service.ServiceLocator                                      : loaded 2 times (x 70B)
Class com.intellij.gradle.toolingExtension.util.GradleVersionUtil                     : loaded 2 times (x 71B)
Class com.google.common.collect.Iterators$SingletonIterator                           : loaded 2 times (x 81B)
Class org.gradle.tooling.model.UnsupportedMethodException                             : loaded 2 times (x 82B)
Class com.google.common.collect.Iterators                                             : loaded 2 times (x 71B)
Class com.google.common.collect.Lists$StringAsImmutableList                           : loaded 2 times (x 207B)
Class org.gradle.internal.time.DefaultTimer                                           : loaded 2 times (x 80B)
Class org.gradle.internal.classloader.ClasspathUtil$1                                 : loaded 2 times (x 76B)
Class org.gradle.api.internal.classpath.DefaultModuleRegistry$DefaultModule           : loaded 2 times (x 86B)
Class com.google.common.collect.AbstractIterator                                      : loaded 2 times (x 82B)
Class com.google.common.collect.AbstractIndexedListIterator                           : loaded 2 times (x 96B)
Class org.gradle.internal.time.DefaultCountdownTimer                                  : loaded 2 times (x 88B)
Class org.gradle.tooling.internal.gradle.DefaultBuildIdentifier                       : loaded 2 times (x 79B)
Class org.gradle.api.internal.classpath.Module                                        : loaded 2 times (x 70B)
Class org.gradle.api.internal.classpath.UnknownModuleException                        : loaded 2 times (x 82B)
Class org.gradle.tooling.internal.gradle.GradleProjectIdentity                        : loaded 2 times (x 70B)
Class org.gradle.api.internal.DefaultClassPathRegistry                                : loaded 2 times (x 76B)
Class org.gradle.api.internal.ClassPathRegistry                                       : loaded 2 times (x 70B)
Class org.gradle.internal.classpath.DefaultClassPath$ImmutableUniqueList              : loaded 2 times (x 199B)
Class Settings_gradle$1                                                               : loaded 2 times (x 74B)
Class Program                                                                         : loaded 2 times (x 72B)
Class org.gradle.api.internal.classpath.ManifestUtil                                  : loaded 2 times (x 71B)
Class com.google.common.collect.Iterators$1                                           : loaded 2 times (x 81B)
Class org.gradle.tooling.model.Model                                                  : loaded 2 times (x 70B)
Class kotlin.UninitializedPropertyAccessException                                     : loaded 2 times (x 82B)
Class com.google.common.collect.Iterators$4                                           : loaded 2 times (x 82B)
Class org.gradle.api.internal.classpath.ModuleRegistry                                : loaded 2 times (x 70B)
Class org.gradle.internal.installation.GradleInstallation$1                           : loaded 2 times (x 75B)
Class com.google.common.collect.Iterators$5                                           : loaded 2 times (x 82B)
Class com.google.common.collect.ImmutableCollection                                   : loaded 2 times (x 125B)
Class org.gradle.api.internal.classpath.DefaultModuleRegistry                         : loaded 2 times (x 86B)
Class com.google.common.collect.Lists                                                 : loaded 2 times (x 71B)
Class com.google.common.collect.Iterators$9                                           : loaded 2 times (x 81B)
Class ijInit1_8kwl1rrjxc6r5rjpgj89t98k3                                               : loaded 2 times (x 171B)
Class org.gradle.internal.time.MonotonicClock                                         : loaded 2 times (x 77B)
Class org.gradle.internal.service.ServiceLookupException                              : loaded 2 times (x 82B)
Class org.gradle.internal.classloader.ClassLoaderFactory                              : loaded 2 times (x 70B)
Class org.gradle.internal.service.CachingServiceLocator                               : loaded 2 times (x 82B)
Class org.gradle.internal.time.TimeSource                                             : loaded 2 times (x 70B)
Class org.gradle.tooling.internal.gradle.GradleBuildIdentity                          : loaded 2 times (x 70B)
Class kotlin.enums.EnumEntries                                                        : loaded 2 times (x 70B)
Class org.gradle.internal.exceptions.ResolutionProvider                               : loaded 2 times (x 70B)
Class org.gradle.tooling.model.ProjectIdentifier                                      : loaded 2 times (x 70B)
Class org.gradle.internal.classloader.ClasspathUtil                                   : loaded 2 times (x 71B)
Class org.gradle.internal.time.TimeSource$1                                           : loaded 2 times (x 77B)
Class kotlin.jvm.internal.DefaultConstructorMarker                                    : loaded 2 times (x 71B)
Class org.gradle.api.specs.Spec                                                       : loaded 2 times (x 70B)
Class com.intellij.gradle.toolingExtension.impl.model.utilDummyModel.DummyModel       : loaded 2 times (x 70B)
Class org.gradle.internal.time.Clock                                                  : loaded 2 times (x 70B)
Class kotlin.collections.AbstractList                                                 : loaded 2 times (x 197B)
Class kotlin.collections.AbstractCollection                                           : loaded 2 times (x 117B)
Class org.gradle.internal.classloader.VisitableURLClassLoader$InstrumentingVisitableURLClassLoader: loaded 2 times (x 123B)
Class org.gradle.internal.classloader.VisitableURLClassLoader$Spec                    : loaded 2 times (x 74B)
Class org.gradle.internal.classpath.DefaultClassPath                                  : loaded 2 times (x 90B)
Class org.gradle.util.internal.DefaultGradleVersion                                   : loaded 2 times (x 82B)
Class org.gradle.internal.classloader.ClassLoaderSpec                                 : loaded 2 times (x 71B)
Class Settings_gradle$1$1                                                             : loaded 2 times (x 74B)
Class sync_studio_tooling12178_63aylsp1x8t98keq67ngev99c$_run_closure1                : loaded 2 times (x 139B)
Class org.gradle.internal.classloader.VisitableURLClassLoader                         : loaded 2 times (x 117B)
Class Settings_gradle                                                                 : loaded 2 times (x 124B)
Class org.gradle.internal.classloader.ClassLoaderHierarchy                            : loaded 2 times (x 70B)
Class org.gradle.internal.classloader.FilteringClassLoader                            : loaded 2 times (x 105B)
Class org.gradle.internal.classpath.DefaultClassPath$ImmutableUniqueList$Builder      : loaded 2 times (x 75B)
Class org.gradle.internal.classpath.ClassPath                                         : loaded 2 times (x 70B)
Class org.gradle.internal.exceptions.NonGradleCauseExceptionsHolder                   : loaded 2 times (x 70B)
Class kotlin.NotImplementedError                                                      : loaded 2 times (x 82B)
Class kotlin.enums.EnumEntriesKt                                                      : loaded 2 times (x 71B)
Class org.gradle.internal.classloader.SystemClassLoaderSpec                           : loaded 2 times (x 71B)
Class org.gradle.internal.exceptions.MultiCauseException                              : loaded 2 times (x 70B)
Class org.gradle.internal.time.CountdownTimer                                         : loaded 2 times (x 70B)
Class kotlin.jvm.internal.Intrinsics                                                  : loaded 2 times (x 71B)
Class org.gradle.tooling.model.ProjectModel                                           : loaded 2 times (x 70B)
Class kotlin.KotlinNullPointerException                                               : loaded 2 times (x 83B)
Class org.gradle.internal.exceptions.DefaultMultiCauseException                       : loaded 2 times (x 95B)
Class com.google.common.base.Preconditions                                            : loaded 2 times (x 71B)
Class com.google.common.collect.PeekingIterator                                       : loaded 2 times (x 70B)
Class org.gradle.internal.time.Time                                                   : loaded 2 times (x 71B)
Class org.gradle.api.internal.classpath.GlobalCacheRootsProvider                      : loaded 2 times (x 70B)
Class org.gradle.tooling.model.BuildIdentifier                                        : loaded 2 times (x 70B)
Class kotlin.NoWhenBranchMatchedException                                             : loaded 2 times (x 82B)
Class org.gradle.internal.time.Timer                                                  : loaded 2 times (x 70B)
Class kotlin.jvm.internal.markers.KMappedMarker                                       : loaded 2 times (x 70B)
Class org.gradle.internal.installation.CurrentGradleInstallationLocator               : loaded 2 times (x 71B)
Class com.google.common.collect.ImmutableList                                         : loaded 2 times (x 206B)
Class org.gradle.internal.service.DefaultServiceLocator                               : loaded 2 times (x 83B)
Class org.gradle.util.GradleVersion                                                   : loaded 2 times (x 81B)
Class org.gradle.internal.installation.CurrentGradleInstallation                      : loaded 2 times (x 73B)
Class org.gradle.util.internal.GUtil                                                  : loaded 2 times (x 71B)
Class sync_studio_tooling12178_63aylsp1x8t98keq67ngev99c                              : loaded 2 times (x 171B)
Class com.google.common.collect.Iterators$MergingIterator                             : loaded 2 times (x 81B)
Class org.gradle.internal.installation.GradleInstallation                             : loaded 2 times (x 75B)

---------------  S Y S T E M  ---------------

OS:
 Windows 11 , 64 bit Build 26100 (10.0.26100.8328)
OS uptime: 4 days 4:39 hours
Hyper-V role detected

CPU: total 16 (initial active 16) (16 cores per cpu, 2 threads per core) family 23 model 104 stepping 1 microcode 0x8608108, cx8, cmov, fxsr, ht, mmx, 3dnowpref, sse, sse2, sse3, ssse3, sse4a, sse4.1, sse4.2, popcnt, lzcnt, tsc, tscinvbit, avx, avx2, aes, clmul, bmi1, bmi2, adx, sha, fma, vzeroupper, clflush, clflushopt, hv, rdtscp, rdpid, f16c
Processor Information for the first 16 processors :
  Max Mhz: 1801, Current Mhz: 1801, Mhz Limit: 1801

Memory: 4k page, system-wide physical 7514M (719M free)
TotalPageFile size 19562M (AvailPageFile size 6M)
current process WorkingSet (physical memory assigned to process): 259M, peak: 287M
current process commit charge ("private bytes"): 373M, peak: 375M

vm_info: OpenJDK 64-Bit Server VM (21.0.9+-14787801-b1163.94) for windows-amd64 JRE (21.0.9+-14787801-b1163.94), built on 2026-01-27T21:15:44Z by "builder" with MS VC++ 16.10 / 16.11 (VS2019)

END.
